<?xml version="1.0" encoding="UTF-8" standalone="no"?>
<!DOCTYPE log SYSTEM "logger.dtd">
<log>
<record>
  <date>2017-10-11T12:27:44</date>
  <millis>1507714064696</millis>
  <sequence>0</sequence>
  <level>START</level>
  <class>com.kms.katalon.core.logging.KeywordLogger</class>
  <method>startSuite</method>
  <thread>1</thread>
  <message>Start Test Suite : Sign up</message>
  <nestedLevel>0</nestedLevel>
  <property name="name">Sign up</property>
  <property name="description">Sign up in order to request a meeting</property>
  <property name="id">Test Suites/Request Meeting/Sign up</property>
</record>
<record>
  <date>2017-10-11T12:27:44</date>
  <millis>1507714064737</millis>
  <sequence>1</sequence>
  <level>RUN_DATA</level>
  <class>com.kms.katalon.core.logging.KeywordLogger</class>
  <method>logMessage</method>
  <thread>1</thread>
  <message>Logging run data &amp;apos;hostName&amp;apos; with value &amp;apos;Gituto Nyawira - Gituto-PC&amp;apos;</message>
  <nestedLevel>0</nestedLevel>
  <property name="hostName">Gituto Nyawira - Gituto-PC</property>
</record>
<record>
  <date>2017-10-11T12:27:44</date>
  <millis>1507714064739</millis>
  <sequence>2</sequence>
  <level>RUN_DATA</level>
  <class>com.kms.katalon.core.logging.KeywordLogger</class>
  <method>logMessage</method>
  <thread>1</thread>
  <message>Logging run data &amp;apos;os&amp;apos; with value &amp;apos;Windows 10 64bit&amp;apos;</message>
  <nestedLevel>0</nestedLevel>
  <property name="os">Windows 10 64bit</property>
</record>
<record>
  <date>2017-10-11T12:27:44</date>
  <millis>1507714064740</millis>
  <sequence>3</sequence>
  <level>RUN_DATA</level>
  <class>com.kms.katalon.core.logging.KeywordLogger</class>
  <method>logMessage</method>
  <thread>1</thread>
  <message>Logging run data &amp;apos;hostAddress&amp;apos; with value &amp;apos;192.168.43.189&amp;apos;</message>
  <nestedLevel>0</nestedLevel>
  <property name="hostAddress">192.168.43.189</property>
</record>
<record>
  <date>2017-10-11T12:27:44</date>
  <millis>1507714064741</millis>
  <sequence>4</sequence>
  <level>RUN_DATA</level>
  <class>com.kms.katalon.core.logging.KeywordLogger</class>
  <method>logMessage</method>
  <thread>1</thread>
  <message>Logging run data &amp;apos;katalonVersion&amp;apos; with value &amp;apos;4.8.0.2&amp;apos;</message>
  <nestedLevel>0</nestedLevel>
  <property name="katalonVersion">4.8.0.2</property>
</record>
<record>
  <date>2017-10-11T12:27:45</date>
  <millis>1507714065456</millis>
  <sequence>5</sequence>
  <level>START</level>
  <class>com.kms.katalon.core.logging.KeywordLogger</class>
  <method>startTest</method>
  <thread>1</thread>
  <message>Start Test Case : Test Cases/Request A Meeting/Sign Up in Request Meeting</message>
  <nestedLevel>1</nestedLevel>
  <property name="name">Test Cases/Request A Meeting/Sign Up in Request Meeting</property>
  <property name="description">Sign Up in Request Meeting in Homepage</property>
  <property name="id">Test Cases/Request A Meeting/Sign Up in Request Meeting</property>
  <property name="source">C:\\Users\\Gituto Nyawira\\git\\VSMS-Test-AutomationTest Cases\\Request A Meeting\\Sign Up in Request Meeting.tc</property>
  <property name="isOptional">false</property>
</record>
<record>
  <date>2017-10-11T12:27:45</date>
  <millis>1507714065874</millis>
  <sequence>6</sequence>
  <level>INFO</level>
  <class>com.kms.katalon.core.logging.KeywordLogger</class>
  <method>logMessage</method>
  <thread>1</thread>
  <message>Evaluating variables for test case</message>
  <nestedLevel>1</nestedLevel>
</record>
<record>
  <date>2017-10-11T12:27:46</date>
  <millis>1507714066071</millis>
  <sequence>7</sequence>
  <level>INFO</level>
  <class>com.kms.katalon.core.logging.KeywordLogger</class>
  <method>logMessage</method>
  <thread>1</thread>
  <message>Variable &amp;apos;var_url&amp;apos; is set to https://sandbox.vsms.tezzasolutions.com/index</message>
  <nestedLevel>1</nestedLevel>
</record>
<record>
  <date>2017-10-11T12:27:46</date>
  <millis>1507714066074</millis>
  <sequence>8</sequence>
  <level>INFO</level>
  <class>com.kms.katalon.core.logging.KeywordLogger</class>
  <method>logMessage</method>
  <thread>1</thread>
  <message>Variable &amp;apos;title&amp;apos; is set to Mr</message>
  <nestedLevel>1</nestedLevel>
</record>
<record>
  <date>2017-10-11T12:27:46</date>
  <millis>1507714066077</millis>
  <sequence>9</sequence>
  <level>INFO</level>
  <class>com.kms.katalon.core.logging.KeywordLogger</class>
  <method>logMessage</method>
  <thread>1</thread>
  <message>Variable &amp;apos;var_firstName&amp;apos; is set to Samuel</message>
  <nestedLevel>1</nestedLevel>
</record>
<record>
  <date>2017-10-11T12:27:46</date>
  <millis>1507714066078</millis>
  <sequence>10</sequence>
  <level>INFO</level>
  <class>com.kms.katalon.core.logging.KeywordLogger</class>
  <method>logMessage</method>
  <thread>1</thread>
  <message>Variable &amp;apos;var_lastName&amp;apos; is set to Onyango</message>
  <nestedLevel>1</nestedLevel>
</record>
<record>
  <date>2017-10-11T12:27:46</date>
  <millis>1507714066083</millis>
  <sequence>11</sequence>
  <level>INFO</level>
  <class>com.kms.katalon.core.logging.KeywordLogger</class>
  <method>logMessage</method>
  <thread>1</thread>
  <message>Variable &amp;apos;var_email&amp;apos; is set to samuelkariuki@gmail.com</message>
  <nestedLevel>1</nestedLevel>
</record>
<record>
  <date>2017-10-11T12:27:46</date>
  <millis>1507714066086</millis>
  <sequence>12</sequence>
  <level>INFO</level>
  <class>com.kms.katalon.core.logging.KeywordLogger</class>
  <method>logMessage</method>
  <thread>1</thread>
  <message>Variable &amp;apos;var_password&amp;apos; is set to desteg</message>
  <nestedLevel>1</nestedLevel>
</record>
<record>
  <date>2017-10-11T12:27:46</date>
  <millis>1507714066087</millis>
  <sequence>13</sequence>
  <level>INFO</level>
  <class>com.kms.katalon.core.logging.KeywordLogger</class>
  <method>logMessage</method>
  <thread>1</thread>
  <message>Variable &amp;apos;var_confirmPassword&amp;apos; is set to desteg</message>
  <nestedLevel>1</nestedLevel>
</record>
<record>
  <date>2017-10-11T12:27:46</date>
  <millis>1507714066816</millis>
  <sequence>14</sequence>
  <level>START</level>
  <class>com.kms.katalon.core.logging.KeywordLogger</class>
  <method>startKeyword</method>
  <thread>1</thread>
  <message>Start action : openBrowser</message>
  <nestedLevel>1</nestedLevel>
  <property name="startLine">22</property>
  <property name="stepIndex">1</property>
</record>
<record>
  <date>2017-10-11T12:27:47</date>
  <millis>1507714067522</millis>
  <sequence>15</sequence>
  <level>INFO</level>
  <class>com.kms.katalon.core.logging.KeywordLogger</class>
  <method>logMessage</method>
  <thread>1</thread>
  <message>Opening browser</message>
  <nestedLevel>1</nestedLevel>
</record>
<record>
  <date>2017-10-11T12:27:47</date>
  <millis>1507714067557</millis>
  <sequence>16</sequence>
  <level>INFO</level>
  <class>com.kms.katalon.core.logging.KeywordLogger</class>
  <method>logMessage</method>
  <thread>1</thread>
  <message>Starting &amp;apos;Chrome&amp;apos; driver</message>
  <nestedLevel>1</nestedLevel>
</record>
<record>
  <date>2017-10-11T12:27:47</date>
  <millis>1507714067626</millis>
  <sequence>17</sequence>
  <level>INFO</level>
  <class>com.kms.katalon.core.logging.KeywordLogger</class>
  <method>logMessage</method>
  <thread>1</thread>
  <message>Action delay is set to 0 seconds</message>
  <nestedLevel>1</nestedLevel>
</record>
<record>
  <date>2017-10-11T12:27:52</date>
  <millis>1507714072368</millis>
  <sequence>18</sequence>
  <level>RUN_DATA</level>
  <class>com.kms.katalon.core.logging.KeywordLogger</class>
  <method>logMessage</method>
  <thread>1</thread>
  <message>Logging run data &amp;apos;sessionId&amp;apos; with value &amp;apos;e1cf5277485fe26ddcb5e001cc73b8cf&amp;apos;</message>
  <nestedLevel>1</nestedLevel>
  <property name="sessionId">e1cf5277485fe26ddcb5e001cc73b8cf</property>
</record>
<record>
  <date>2017-10-11T12:27:52</date>
  <millis>1507714072478</millis>
  <sequence>19</sequence>
  <level>RUN_DATA</level>
  <class>com.kms.katalon.core.logging.KeywordLogger</class>
  <method>logMessage</method>
  <thread>1</thread>
  <message>Logging run data &amp;apos;browser&amp;apos; with value &amp;apos;Chrome 61.0.3163.100&amp;apos;</message>
  <nestedLevel>1</nestedLevel>
  <property name="browser">Chrome 61.0.3163.100</property>
</record>
<record>
  <date>2017-10-11T12:27:52</date>
  <millis>1507714072481</millis>
  <sequence>20</sequence>
  <level>RUN_DATA</level>
  <class>com.kms.katalon.core.logging.KeywordLogger</class>
  <method>logMessage</method>
  <thread>1</thread>
  <message>Logging run data &amp;apos;platform&amp;apos; with value &amp;apos;Windows 10&amp;apos;</message>
  <nestedLevel>1</nestedLevel>
  <property name="platform">Windows 10</property>
</record>
<record>
  <date>2017-10-11T12:27:52</date>
  <millis>1507714072489</millis>
  <sequence>21</sequence>
  <level>RUN_DATA</level>
  <class>com.kms.katalon.core.logging.KeywordLogger</class>
  <method>logMessage</method>
  <thread>1</thread>
  <message>Logging run data &amp;apos;seleniumVersion&amp;apos; with value &amp;apos;2.53.0&amp;apos;</message>
  <nestedLevel>1</nestedLevel>
  <property name="seleniumVersion">2.53.0</property>
</record>
<record>
  <date>2017-10-11T12:27:52</date>
  <millis>1507714072494</millis>
  <sequence>22</sequence>
  <level>RUN_DATA</level>
  <class>com.kms.katalon.core.logging.KeywordLogger</class>
  <method>logMessage</method>
  <thread>1</thread>
  <message>Logging run data &amp;apos;proxyInformation&amp;apos; with value &amp;apos;ProxyInformation{proxyOption=NO_PROXY, proxyServerType=HTTP, password=, proxyServerAddress=, proxyServerPort=0}&amp;apos;</message>
  <nestedLevel>1</nestedLevel>
  <property name="proxyInformation">ProxyInformation{proxyOption=NO_PROXY, proxyServerType=HTTP, password=, proxyServerAddress=, proxyServerPort=0}</property>
</record>
<record>
  <date>2017-10-11T12:27:52</date>
  <millis>1507714072498</millis>
  <sequence>23</sequence>
  <level>PASSED</level>
  <class>com.kms.katalon.core.logging.KeywordLogger</class>
  <method>logMessage</method>
  <thread>1</thread>
  <message>Browser is opened with url: &amp;apos;&amp;apos;</message>
  <nestedLevel>1</nestedLevel>
</record>
<record>
  <date>2017-10-11T12:27:52</date>
  <millis>1507714072501</millis>
  <sequence>24</sequence>
  <level>END</level>
  <class>com.kms.katalon.core.logging.KeywordLogger</class>
  <method>endKeyword</method>
  <thread>1</thread>
  <message>End action : openBrowser</message>
  <nestedLevel>1</nestedLevel>
</record>
<record>
  <date>2017-10-11T12:27:52</date>
  <millis>1507714072503</millis>
  <sequence>25</sequence>
  <level>START</level>
  <class>com.kms.katalon.core.logging.KeywordLogger</class>
  <method>startKeyword</method>
  <thread>1</thread>
  <message>Start action : navigateToUrl</message>
  <nestedLevel>1</nestedLevel>
  <property name="startLine">24</property>
  <property name="stepIndex">2</property>
</record>
<record>
  <date>2017-10-11T12:27:52</date>
  <millis>1507714072741</millis>
  <sequence>26</sequence>
  <level>INFO</level>
  <class>com.kms.katalon.core.logging.KeywordLogger</class>
  <method>logMessage</method>
  <thread>1</thread>
  <message>Checking url</message>
  <nestedLevel>1</nestedLevel>
</record>
<record>
  <date>2017-10-11T12:27:52</date>
  <millis>1507714072755</millis>
  <sequence>27</sequence>
  <level>INFO</level>
  <class>com.kms.katalon.core.logging.KeywordLogger</class>
  <method>logMessage</method>
  <thread>1</thread>
  <message>Navigating to &amp;apos;https://sandbox.vsms.tezzasolutions.com/index&amp;apos;</message>
  <nestedLevel>1</nestedLevel>
</record>
<record>
  <date>2017-10-11T12:28:01</date>
  <millis>1507714081135</millis>
  <sequence>28</sequence>
  <level>PASSED</level>
  <class>com.kms.katalon.core.logging.KeywordLogger</class>
  <method>logMessage</method>
  <thread>1</thread>
  <message>Navigate to &amp;apos;https://sandbox.vsms.tezzasolutions.com/index&amp;apos; successfully</message>
  <nestedLevel>1</nestedLevel>
</record>
<record>
  <date>2017-10-11T12:28:01</date>
  <millis>1507714081138</millis>
  <sequence>29</sequence>
  <level>END</level>
  <class>com.kms.katalon.core.logging.KeywordLogger</class>
  <method>endKeyword</method>
  <thread>1</thread>
  <message>End action : navigateToUrl</message>
  <nestedLevel>1</nestedLevel>
</record>
<record>
  <date>2017-10-11T12:28:01</date>
  <millis>1507714081140</millis>
  <sequence>30</sequence>
  <level>START</level>
  <class>com.kms.katalon.core.logging.KeywordLogger</class>
  <method>startKeyword</method>
  <thread>1</thread>
  <message>Start action : click</message>
  <nestedLevel>1</nestedLevel>
  <property name="startLine">26</property>
  <property name="stepIndex">3</property>
</record>
<record>
  <date>2017-10-11T12:28:01</date>
  <millis>1507714081162</millis>
  <sequence>31</sequence>
  <level>INFO</level>
  <class>com.kms.katalon.core.logging.KeywordLogger</class>
  <method>logMessage</method>
  <thread>1</thread>
  <message>Finding Test Object with id &amp;apos;Object Repository/Sign Up In Request Meeting/button_REQUEST A MEETING&amp;apos;</message>
  <nestedLevel>1</nestedLevel>
</record>
<record>
  <date>2017-10-11T12:28:01</date>
  <millis>1507714081300</millis>
  <sequence>32</sequence>
  <level>INFO</level>
  <class>com.kms.katalon.core.logging.KeywordLogger</class>
  <method>logMessage</method>
  <thread>1</thread>
  <message>Checking object</message>
  <nestedLevel>1</nestedLevel>
</record>
<record>
  <date>2017-10-11T12:28:01</date>
  <millis>1507714081334</millis>
  <sequence>33</sequence>
  <level>INFO</level>
  <class>com.kms.katalon.core.logging.KeywordLogger</class>
  <method>logMessage</method>
  <thread>1</thread>
  <message>Checking timeout</message>
  <nestedLevel>1</nestedLevel>
</record>
<record>
  <date>2017-10-11T12:28:01</date>
  <millis>1507714081362</millis>
  <sequence>34</sequence>
  <level>INFO</level>
  <class>com.kms.katalon.core.logging.KeywordLogger</class>
  <method>logMessage</method>
  <thread>1</thread>
  <message>Finding web element with id: &amp;apos;Object Repository/Sign Up In Request Meeting/button_REQUEST A MEETING&amp;apos; located by &amp;apos;By.xpath: //button[count(. | //*[contains(.,&amp;apos;REQUEST A MEETING&amp;apos;)]) = count(//*[contains(.,&amp;apos;REQUEST A MEETING&amp;apos;)])][count(. | //*[@type = &amp;apos;button&amp;apos;]) = count(//*[@type = &amp;apos;button&amp;apos;])]&amp;apos; in &amp;apos;30&amp;apos; second(s)</message>
  <nestedLevel>1</nestedLevel>
</record>
<record>
  <date>2017-10-11T12:28:01</date>
  <millis>1507714081676</millis>
  <sequence>35</sequence>
  <level>INFO</level>
  <class>com.kms.katalon.core.logging.KeywordLogger</class>
  <method>logMessage</method>
  <thread>1</thread>
  <message>Found 1 web elements with id: &amp;apos;Object Repository/Sign Up In Request Meeting/button_REQUEST A MEETING&amp;apos; located by &amp;apos;By.xpath: //button[count(. | //*[contains(.,&amp;apos;REQUEST A MEETING&amp;apos;)]) = count(//*[contains(.,&amp;apos;REQUEST A MEETING&amp;apos;)])][count(. | //*[@type = &amp;apos;button&amp;apos;]) = count(//*[@type = &amp;apos;button&amp;apos;])]&amp;apos; in &amp;apos;30&amp;apos; second(s)</message>
  <nestedLevel>1</nestedLevel>
</record>
<record>
  <date>2017-10-11T12:28:01</date>
  <millis>1507714081678</millis>
  <sequence>36</sequence>
  <level>INFO</level>
  <class>com.kms.katalon.core.logging.KeywordLogger</class>
  <method>logMessage</method>
  <thread>1</thread>
  <message>Clicking on object: &amp;apos;Object Repository/Sign Up In Request Meeting/button_REQUEST A MEETING&amp;apos;</message>
  <nestedLevel>1</nestedLevel>
</record>
<record>
  <date>2017-10-11T12:28:02</date>
  <millis>1507714082121</millis>
  <sequence>37</sequence>
  <level>PASSED</level>
  <class>com.kms.katalon.core.logging.KeywordLogger</class>
  <method>logMessage</method>
  <thread>1</thread>
  <message>Object: &amp;apos;Object Repository/Sign Up In Request Meeting/button_REQUEST A MEETING&amp;apos; is clicked on</message>
  <nestedLevel>1</nestedLevel>
</record>
<record>
  <date>2017-10-11T12:28:02</date>
  <millis>1507714082123</millis>
  <sequence>38</sequence>
  <level>END</level>
  <class>com.kms.katalon.core.logging.KeywordLogger</class>
  <method>endKeyword</method>
  <thread>1</thread>
  <message>End action : click</message>
  <nestedLevel>1</nestedLevel>
</record>
<record>
  <date>2017-10-11T12:28:02</date>
  <millis>1507714082125</millis>
  <sequence>39</sequence>
  <level>START</level>
  <class>com.kms.katalon.core.logging.KeywordLogger</class>
  <method>startKeyword</method>
  <thread>1</thread>
  <message>Start action : setText</message>
  <nestedLevel>1</nestedLevel>
  <property name="startLine">28</property>
  <property name="stepIndex">4</property>
</record>
<record>
  <date>2017-10-11T12:28:02</date>
  <millis>1507714082127</millis>
  <sequence>40</sequence>
  <level>INFO</level>
  <class>com.kms.katalon.core.logging.KeywordLogger</class>
  <method>logMessage</method>
  <thread>1</thread>
  <message>Finding Test Object with id &amp;apos;Object Repository/Sign Up In Request Meeting/input_title&amp;apos;</message>
  <nestedLevel>1</nestedLevel>
</record>
<record>
  <date>2017-10-11T12:28:02</date>
  <millis>1507714082155</millis>
  <sequence>41</sequence>
  <level>END</level>
  <class>com.kms.katalon.core.logging.KeywordLogger</class>
  <method>endKeyword</method>
  <thread>1</thread>
  <message>End action : setText</message>
  <nestedLevel>1</nestedLevel>
</record>
<record>
  <date>2017-10-11T12:28:02</date>
  <millis>1507714082169</millis>
  <sequence>42</sequence>
  <logger>com.kms.katalon.core.logging.KeywordLogger</logger>
  <level>ERROR</level>
  <class>com.kms.katalon.core.logging.KeywordLogger</class>
  <method>logMessage</method>
  <thread>1</thread>
  <message>Test Cases/Request A Meeting/Sign Up in Request Meeting FAILED because (of) Variable &amp;apos;var_title&amp;apos; is not defined for test case.</message>
  <exception>
    <message>groovy.lang.MissingPropertyException: No such property: var_title for class: Script1507106431390</message>
    <frame>
      <class>org.codehaus.groovy.runtime.ScriptBytecodeAdapter</class>
      <method>unwrap</method>
      <line>53</line>
    </frame>
    <frame>
      <class>org.codehaus.groovy.runtime.callsite.PogoGetPropertySite</class>
      <method>getProperty</method>
      <line>52</line>
    </frame>
    <frame>
      <class>org.codehaus.groovy.runtime.callsite.AbstractCallSite</class>
      <method>callGroovyObjectGetProperty</method>
      <line>307</line>
    </frame>
    <frame>
      <class>Script1507106431390</class>
      <method>run</method>
      <line>28</line>
    </frame>
    <frame>
      <class>com.kms.katalon.core.main.ScriptEngine</class>
      <method>run</method>
      <line>180</line>
    </frame>
    <frame>
      <class>com.kms.katalon.core.main.ScriptEngine</class>
      <method>runScriptAsRawText</method>
      <line>106</line>
    </frame>
    <frame>
      <class>com.kms.katalon.core.main.TestCaseExecutor</class>
      <method>runScript</method>
      <line>213</line>
    </frame>
    <frame>
      <class>com.kms.katalon.core.main.TestCaseExecutor</class>
      <method>doExecute</method>
      <line>204</line>
    </frame>
    <frame>
      <class>com.kms.katalon.core.main.TestCaseExecutor</class>
      <method>processExecutionPhase</method>
      <line>183</line>
    </frame>
    <frame>
      <class>com.kms.katalon.core.main.TestCaseExecutor</class>
      <method>accessMainPhase</method>
      <line>175</line>
    </frame>
    <frame>
      <class>com.kms.katalon.core.main.TestCaseExecutor</class>
      <method>execute</method>
      <line>158</line>
    </frame>
    <frame>
      <class>com.kms.katalon.core.main.TestCaseMain</class>
      <method>runTestCase</method>
      <line>102</line>
    </frame>
    <frame>
      <class>com.kms.katalon.core.main.TestCaseMain$runTestCase$0</class>
      <method>call</method>
    </frame>
    <frame>
      <class>org.codehaus.groovy.runtime.callsite.CallSiteArray</class>
      <method>defaultCall</method>
      <line>48</line>
    </frame>
    <frame>
      <class>org.codehaus.groovy.runtime.callsite.AbstractCallSite</class>
      <method>call</method>
      <line>113</line>
    </frame>
    <frame>
      <class>org.codehaus.groovy.runtime.callsite.AbstractCallSite</class>
      <method>call</method>
      <line>141</line>
    </frame>
    <frame>
      <class>TempTestSuite1507714060067</class>
      <method>runTestCase_0</method>
      <line>18</line>
    </frame>
    <frame>
      <class>sun.reflect.NativeMethodAccessorImpl</class>
      <method>invoke0</method>
    </frame>
    <frame>
      <class>sun.reflect.NativeMethodAccessorImpl</class>
      <method>invoke</method>
      <line>62</line>
    </frame>
    <frame>
      <class>sun.reflect.DelegatingMethodAccessorImpl</class>
      <method>invoke</method>
      <line>43</line>
    </frame>
    <frame>
      <class>java.lang.reflect.Method</class>
      <method>invoke</method>
      <line>498</line>
    </frame>
    <frame>
      <class>org.codehaus.groovy.reflection.CachedMethod</class>
      <method>invoke</method>
      <line>93</line>
    </frame>
    <frame>
      <class>groovy.lang.MetaMethod</class>
      <method>doMethodInvoke</method>
      <line>325</line>
    </frame>
    <frame>
      <class>org.codehaus.groovy.runtime.metaclass.ClosureMetaClass</class>
      <method>invokeMethod</method>
      <line>384</line>
    </frame>
    <frame>
      <class>org.codehaus.groovy.runtime.ScriptBytecodeAdapter</class>
      <method>invokeMethodOnCurrentN</method>
      <line>82</line>
    </frame>
    <frame>
      <class>org.codehaus.groovy.runtime.ScriptBytecodeAdapter</class>
      <method>invokeMethodOnCurrent0</method>
      <line>113</line>
    </frame>
    <frame>
      <class>TempTestSuite1507714060067$_run_closure1</class>
      <method>doCall</method>
      <line>45</line>
    </frame>
    <frame>
      <class>sun.reflect.NativeMethodAccessorImpl</class>
      <method>invoke0</method>
    </frame>
    <frame>
      <class>sun.reflect.NativeMethodAccessorImpl</class>
      <method>invoke</method>
      <line>62</line>
    </frame>
    <frame>
      <class>sun.reflect.DelegatingMethodAccessorImpl</class>
      <method>invoke</method>
      <line>43</line>
    </frame>
    <frame>
      <class>java.lang.reflect.Method</class>
      <method>invoke</method>
      <line>498</line>
    </frame>
    <frame>
      <class>org.codehaus.groovy.reflection.CachedMethod</class>
      <method>invoke</method>
      <line>93</line>
    </frame>
    <frame>
      <class>groovy.lang.MetaMethod</class>
      <method>doMethodInvoke</method>
      <line>325</line>
    </frame>
    <frame>
      <class>org.codehaus.groovy.runtime.metaclass.ClosureMetaClass</class>
      <method>invokeMethod</method>
      <line>294</line>
    </frame>
    <frame>
      <class>groovy.lang.MetaClassImpl</class>
      <method>invokeMethod</method>
      <line>1024</line>
    </frame>
    <frame>
      <class>groovy.lang.Closure</class>
      <method>call</method>
      <line>414</line>
    </frame>
    <frame>
      <class>groovy.lang.Closure</class>
      <method>call</method>
      <line>430</line>
    </frame>
    <frame>
      <class>org.codehaus.groovy.runtime.DefaultGroovyMethods</class>
      <method>each</method>
      <line>2030</line>
    </frame>
    <frame>
      <class>org.codehaus.groovy.runtime.DefaultGroovyMethods</class>
      <method>each</method>
      <line>2015</line>
    </frame>
    <frame>
      <class>org.codehaus.groovy.runtime.DefaultGroovyMethods</class>
      <method>each</method>
      <line>2056</line>
    </frame>
    <frame>
      <class>org.codehaus.groovy.runtime.dgm$162</class>
      <method>invoke</method>
    </frame>
    <frame>
      <class>org.codehaus.groovy.runtime.callsite.PojoMetaMethodSite$PojoMetaMethodSiteNoUnwrapNoCoerce</class>
      <method>invoke</method>
      <line>274</line>
    </frame>
    <frame>
      <class>org.codehaus.groovy.runtime.callsite.PojoMetaMethodSite</class>
      <method>call</method>
      <line>56</line>
    </frame>
    <frame>
      <class>org.codehaus.groovy.runtime.callsite.CallSiteArray</class>
      <method>defaultCall</method>
      <line>48</line>
    </frame>
    <frame>
      <class>org.codehaus.groovy.runtime.callsite.AbstractCallSite</class>
      <method>call</method>
      <line>113</line>
    </frame>
    <frame>
      <class>org.codehaus.groovy.runtime.callsite.AbstractCallSite</class>
      <method>call</method>
      <line>125</line>
    </frame>
    <frame>
      <class>TempTestSuite1507714060067</class>
      <method>run</method>
      <line>44</line>
    </frame>
    <frame>
      <class>groovy.lang.GroovyShell</class>
      <method>runScriptOrMainOrTestOrRunnable</method>
      <line>263</line>
    </frame>
    <frame>
      <class>groovy.lang.GroovyShell</class>
      <method>run</method>
      <line>518</line>
    </frame>
    <frame>
      <class>groovy.lang.GroovyShell</class>
      <method>run</method>
      <line>507</line>
    </frame>
    <frame>
      <class>groovy.ui.GroovyMain</class>
      <method>processOnce</method>
      <line>653</line>
    </frame>
    <frame>
      <class>groovy.ui.GroovyMain</class>
      <method>run</method>
      <line>384</line>
    </frame>
    <frame>
      <class>groovy.ui.GroovyMain</class>
      <method>process</method>
      <line>370</line>
    </frame>
    <frame>
      <class>groovy.ui.GroovyMain</class>
      <method>processArgs</method>
      <line>129</line>
    </frame>
    <frame>
      <class>groovy.ui.GroovyMain</class>
      <method>main</method>
      <line>109</line>
    </frame>
    <frame>
      <class>sun.reflect.NativeMethodAccessorImpl</class>
      <method>invoke0</method>
    </frame>
    <frame>
      <class>sun.reflect.NativeMethodAccessorImpl</class>
      <method>invoke</method>
      <line>62</line>
    </frame>
    <frame>
      <class>sun.reflect.DelegatingMethodAccessorImpl</class>
      <method>invoke</method>
      <line>43</line>
    </frame>
    <frame>
      <class>java.lang.reflect.Method</class>
      <method>invoke</method>
      <line>498</line>
    </frame>
    <frame>
      <class>org.codehaus.groovy.tools.GroovyStarter</class>
      <method>rootLoader</method>
      <line>109</line>
    </frame>
    <frame>
      <class>org.codehaus.groovy.tools.GroovyStarter</class>
      <method>main</method>
      <line>131</line>
    </frame>
  </exception>
  <nestedLevel>0</nestedLevel>
</record>
<record>
  <date>2017-10-11T12:28:02</date>
  <millis>1507714082224</millis>
  <sequence>43</sequence>
  <level>END</level>
  <class>com.kms.katalon.core.logging.KeywordLogger</class>
  <method>endTest</method>
  <thread>1</thread>
  <message>End Test Case : Test Cases/Request A Meeting/Sign Up in Request Meeting</message>
  <nestedLevel>0</nestedLevel>
</record>
<record>
  <date>2017-10-11T12:28:05</date>
  <millis>1507714085041</millis>
  <sequence>44</sequence>
  <level>END</level>
  <class>com.kms.katalon.core.logging.KeywordLogger</class>
  <method>endSuite</method>
  <thread>1</thread>
  <message>End Test Suite : Sign up</message>
  <nestedLevel>0</nestedLevel>
</record>
</log>
<?xml version="1.0" encoding="UTF-8" standalone="no"?>
<!DOCTYPE log SYSTEM "logger.dtd">
<log>
<record>
  <date>2017-10-11T12:37:12</date>
  <millis>1507714632869</millis>
  <sequence>341</sequence>
  <level>INFO</level>
  <class>com.kms.katalon.core.logging.KeywordLogger</class>
  <method>logMessage</method>
  <thread>1</thread>
  <message>Finding test data with id &amp;apos;Data Files/Sign up Request Meeting &amp;apos;</message>
  <nestedLevel>0</nestedLevel>
</record>
<record>
  <date>2017-10-11T12:37:12</date>
  <millis>1507714632881</millis>
  <sequence>342</sequence>
  <level>INFO</level>
  <class>com.kms.katalon.core.logging.KeywordLogger</class>
  <method>logMessage</method>
  <thread>1</thread>
  <message>Test data is excel file, reading excel file</message>
  <nestedLevel>0</nestedLevel>
</record>
<record>
  <date>2017-10-11T12:37:12</date>
  <millis>1507714632883</millis>
  <sequence>343</sequence>
  <level>INFO</level>
  <class>com.kms.katalon.core.logging.KeywordLogger</class>
  <method>logMessage</method>
  <thread>1</thread>
  <message>Reading excel file with source file &amp;apos;C:\\Users\\Gituto Nyawira\\git\\VSMS-Test-Automation\\Data Files\\Sign up Request Meeting.xlsx&amp;apos; and sheet name &amp;apos;Sheet1&amp;apos;</message>
  <nestedLevel>0</nestedLevel>
</record>
<record>
  <date>2017-10-11T12:37:27</date>
  <millis>1507714647929</millis>
  <sequence>344</sequence>
  <level>INFO</level>
  <class>com.kms.katalon.core.logging.KeywordLogger</class>
  <method>logMessage</method>
  <thread>1</thread>
  <message>Finding test data with id &amp;apos;Data Files/Sign up Request Meeting &amp;apos;</message>
  <nestedLevel>0</nestedLevel>
</record>
<record>
  <date>2017-10-11T12:37:27</date>
  <millis>1507714647933</millis>
  <sequence>345</sequence>
  <level>INFO</level>
  <class>com.kms.katalon.core.logging.KeywordLogger</class>
  <method>logMessage</method>
  <thread>1</thread>
  <message>Test data is excel file, reading excel file</message>
  <nestedLevel>0</nestedLevel>
</record>
<record>
  <date>2017-10-11T12:37:27</date>
  <millis>1507714647934</millis>
  <sequence>346</sequence>
  <level>INFO</level>
  <class>com.kms.katalon.core.logging.KeywordLogger</class>
  <method>logMessage</method>
  <thread>1</thread>
  <message>Reading excel file with source file &amp;apos;C:\\Users\\Gituto Nyawira\\git\\VSMS-Test-Automation\\Data Files\\Sign up Request Meeting.xlsx&amp;apos; and sheet name &amp;apos;Sheet1&amp;apos;</message>
  <nestedLevel>0</nestedLevel>
</record>
<record>
  <date>2017-10-11T12:38:03</date>
  <millis>1507714683374</millis>
  <sequence>347</sequence>
  <level>INFO</level>
  <class>com.kms.katalon.core.logging.KeywordLogger</class>
  <method>logMessage</method>
  <thread>1</thread>
  <message>Finding test data with id &amp;apos;Data Files/Sign up Request Meeting &amp;apos;</message>
  <nestedLevel>0</nestedLevel>
</record>
<record>
  <date>2017-10-11T12:38:03</date>
  <millis>1507714683379</millis>
  <sequence>348</sequence>
  <level>INFO</level>
  <class>com.kms.katalon.core.logging.KeywordLogger</class>
  <method>logMessage</method>
  <thread>1</thread>
  <message>Test data is excel file, reading excel file</message>
  <nestedLevel>0</nestedLevel>
</record>
<record>
  <date>2017-10-11T12:38:03</date>
  <millis>1507714683381</millis>
  <sequence>349</sequence>
  <level>INFO</level>
  <class>com.kms.katalon.core.logging.KeywordLogger</class>
  <method>logMessage</method>
  <thread>1</thread>
  <message>Reading excel file with source file &amp;apos;C:\\Users\\Gituto Nyawira\\git\\VSMS-Test-Automation\\Data Files\\Sign up Request Meeting.xlsx&amp;apos; and sheet name &amp;apos;Sheet1&amp;apos;</message>
  <nestedLevel>0</nestedLevel>
</record>
<record>
  <date>2017-10-11T12:38:10</date>
  <millis>1507714690935</millis>
  <sequence>350</sequence>
  <level>INFO</level>
  <class>com.kms.katalon.core.logging.KeywordLogger</class>
  <method>logMessage</method>
  <thread>1</thread>
  <message>Finding test data with id &amp;apos;Data Files/Sign up Request Meeting &amp;apos;</message>
  <nestedLevel>0</nestedLevel>
</record>
<record>
  <date>2017-10-11T12:38:10</date>
  <millis>1507714690939</millis>
  <sequence>351</sequence>
  <level>INFO</level>
  <class>com.kms.katalon.core.logging.KeywordLogger</class>
  <method>logMessage</method>
  <thread>1</thread>
  <message>Test data is excel file, reading excel file</message>
  <nestedLevel>0</nestedLevel>
</record>
<record>
  <date>2017-10-11T12:38:10</date>
  <millis>1507714690941</millis>
  <sequence>352</sequence>
  <level>INFO</level>
  <class>com.kms.katalon.core.logging.KeywordLogger</class>
  <method>logMessage</method>
  <thread>1</thread>
  <message>Reading excel file with source file &amp;apos;C:\\Users\\Gituto Nyawira\\git\\VSMS-Test-Automation\\Data Files\\Sign up Request Meeting.xlsx&amp;apos; and sheet name &amp;apos;Sheet1&amp;apos;</message>
  <nestedLevel>0</nestedLevel>
</record>
<record>
  <date>2017-10-11T12:38:23</date>
  <millis>1507714703773</millis>
  <sequence>353</sequence>
  <level>INFO</level>
  <class>com.kms.katalon.core.logging.KeywordLogger</class>
  <method>logMessage</method>
  <thread>1</thread>
  <message>Finding test data with id &amp;apos;Data Files/Sign up Request Meeting &amp;apos;</message>
  <nestedLevel>0</nestedLevel>
</record>
<record>
  <date>2017-10-11T12:38:23</date>
  <millis>1507714703779</millis>
  <sequence>354</sequence>
  <level>INFO</level>
  <class>com.kms.katalon.core.logging.KeywordLogger</class>
  <method>logMessage</method>
  <thread>1</thread>
  <message>Test data is excel file, reading excel file</message>
  <nestedLevel>0</nestedLevel>
</record>
<record>
  <date>2017-10-11T12:38:23</date>
  <millis>1507714703781</millis>
  <sequence>355</sequence>
  <level>INFO</level>
  <class>com.kms.katalon.core.logging.KeywordLogger</class>
  <method>logMessage</method>
  <thread>1</thread>
  <message>Reading excel file with source file &amp;apos;C:\\Users\\Gituto Nyawira\\git\\VSMS-Test-Automation\\Data Files\\Sign up Request Meeting.xlsx&amp;apos; and sheet name &amp;apos;Sheet1&amp;apos;</message>
  <nestedLevel>0</nestedLevel>
</record>
<record>
  <date>2017-10-11T12:38:36</date>
  <millis>1507714716992</millis>
  <sequence>356</sequence>
  <level>INFO</level>
  <class>com.kms.katalon.core.logging.KeywordLogger</class>
  <method>logMessage</method>
  <thread>1</thread>
  <message>Finding test data with id &amp;apos;Data Files/Sign up Request Meeting &amp;apos;</message>
  <nestedLevel>0</nestedLevel>
</record>
<record>
  <date>2017-10-11T12:38:36</date>
  <millis>1507714716997</millis>
  <sequence>357</sequence>
  <level>INFO</level>
  <class>com.kms.katalon.core.logging.KeywordLogger</class>
  <method>logMessage</method>
  <thread>1</thread>
  <message>Test data is excel file, reading excel file</message>
  <nestedLevel>0</nestedLevel>
</record>
<record>
  <date>2017-10-11T12:38:36</date>
  <millis>1507714716999</millis>
  <sequence>358</sequence>
  <level>INFO</level>
  <class>com.kms.katalon.core.logging.KeywordLogger</class>
  <method>logMessage</method>
  <thread>1</thread>
  <message>Reading excel file with source file &amp;apos;C:\\Users\\Gituto Nyawira\\git\\VSMS-Test-Automation\\Data Files\\Sign up Request Meeting.xlsx&amp;apos; and sheet name &amp;apos;Sheet1&amp;apos;</message>
  <nestedLevel>0</nestedLevel>
</record>
<record>
  <date>2017-10-11T12:38:55</date>
  <millis>1507714735471</millis>
  <sequence>359</sequence>
  <level>INFO</level>
  <class>com.kms.katalon.core.logging.KeywordLogger</class>
  <method>logMessage</method>
  <thread>1</thread>
  <message>Finding test data with id &amp;apos;Data Files/Sign up Request Meeting &amp;apos;</message>
  <nestedLevel>0</nestedLevel>
</record>
<record>
  <date>2017-10-11T12:38:55</date>
  <millis>1507714735476</millis>
  <sequence>360</sequence>
  <level>INFO</level>
  <class>com.kms.katalon.core.logging.KeywordLogger</class>
  <method>logMessage</method>
  <thread>1</thread>
  <message>Test data is excel file, reading excel file</message>
  <nestedLevel>0</nestedLevel>
</record>
<record>
  <date>2017-10-11T12:38:55</date>
  <millis>1507714735477</millis>
  <sequence>361</sequence>
  <level>INFO</level>
  <class>com.kms.katalon.core.logging.KeywordLogger</class>
  <method>logMessage</method>
  <thread>1</thread>
  <message>Reading excel file with source file &amp;apos;C:\\Users\\Gituto Nyawira\\git\\VSMS-Test-Automation\\Data Files\\Sign up Request Meeting.xlsx&amp;apos; and sheet name &amp;apos;Sheet1&amp;apos;</message>
  <nestedLevel>0</nestedLevel>
</record>
<record>
  <date>2017-10-11T12:39:10</date>
  <millis>1507714750565</millis>
  <sequence>362</sequence>
  <level>INFO</level>
  <class>com.kms.katalon.core.logging.KeywordLogger</class>
  <method>logMessage</method>
  <thread>1</thread>
  <message>Finding test data with id &amp;apos;Data Files/Sign up Request Meeting &amp;apos;</message>
  <nestedLevel>0</nestedLevel>
</record>
<record>
  <date>2017-10-11T12:39:10</date>
  <millis>1507714750573</millis>
  <sequence>363</sequence>
  <level>INFO</level>
  <class>com.kms.katalon.core.logging.KeywordLogger</class>
  <method>logMessage</method>
  <thread>1</thread>
  <message>Test data is excel file, reading excel file</message>
  <nestedLevel>0</nestedLevel>
</record>
<record>
  <date>2017-10-11T12:39:10</date>
  <millis>1507714750574</millis>
  <sequence>364</sequence>
  <level>INFO</level>
  <class>com.kms.katalon.core.logging.KeywordLogger</class>
  <method>logMessage</method>
  <thread>1</thread>
  <message>Reading excel file with source file &amp;apos;C:\\Users\\Gituto Nyawira\\git\\VSMS-Test-Automation\\Data Files\\Sign up Request Meeting.xlsx&amp;apos; and sheet name &amp;apos;Sheet1&amp;apos;</message>
  <nestedLevel>0</nestedLevel>
</record>
<record>
  <date>2017-10-11T12:39:26</date>
  <millis>1507714766477</millis>
  <sequence>365</sequence>
  <level>INFO</level>
  <class>com.kms.katalon.core.logging.KeywordLogger</class>
  <method>logMessage</method>
  <thread>375</thread>
  <message>Finding test data with id &amp;apos;Data Files/Sign up Request Meeting &amp;apos;</message>
  <nestedLevel>0</nestedLevel>
</record>
<record>
  <date>2017-10-11T12:39:26</date>
  <millis>1507714766485</millis>
  <sequence>366</sequence>
  <level>INFO</level>
  <class>com.kms.katalon.core.logging.KeywordLogger</class>
  <method>logMessage</method>
  <thread>375</thread>
  <message>Test data is excel file, reading excel file</message>
  <nestedLevel>0</nestedLevel>
</record>
<record>
  <date>2017-10-11T12:39:26</date>
  <millis>1507714766488</millis>
  <sequence>367</sequence>
  <level>INFO</level>
  <class>com.kms.katalon.core.logging.KeywordLogger</class>
  <method>logMessage</method>
  <thread>375</thread>
  <message>Reading excel file with source file &amp;apos;C:\\Users\\Gituto Nyawira\\git\\VSMS-Test-Automation\\Data Files\\Sign up Request Meeting.xlsx&amp;apos; and sheet name &amp;apos;Sheet1&amp;apos;</message>
  <nestedLevel>0</nestedLevel>
</record>
<record>
  <date>2017-10-11T12:45:02</date>
  <millis>1507715102133</millis>
  <sequence>458</sequence>
  <level>INFO</level>
  <class>com.kms.katalon.core.logging.KeywordLogger</class>
  <method>logMessage</method>
  <thread>375</thread>
  <message>Finding test data with id &amp;apos;Data Files/Sign up Request Meeting &amp;apos;</message>
  <nestedLevel>0</nestedLevel>
</record>
<record>
  <date>2017-10-11T12:45:02</date>
  <millis>1507715102139</millis>
  <sequence>459</sequence>
  <level>INFO</level>
  <class>com.kms.katalon.core.logging.KeywordLogger</class>
  <method>logMessage</method>
  <thread>375</thread>
  <message>Test data is excel file, reading excel file</message>
  <nestedLevel>0</nestedLevel>
</record>
<record>
  <date>2017-10-11T12:45:02</date>
  <millis>1507715102140</millis>
  <sequence>460</sequence>
  <level>INFO</level>
  <class>com.kms.katalon.core.logging.KeywordLogger</class>
  <method>logMessage</method>
  <thread>375</thread>
  <message>Reading excel file with source file &amp;apos;C:\\Users\\Gituto Nyawira\\git\\VSMS-Test-Automation\\Data Files\\Sign up Request Meeting.xlsx&amp;apos; and sheet name &amp;apos;Sheet1&amp;apos;</message>
  <nestedLevel>0</nestedLevel>
</record>
<record>
  <date>2017-10-11T12:47:31</date>
  <millis>1507715251726</millis>
  <sequence>551</sequence>
  <level>INFO</level>
  <class>com.kms.katalon.core.logging.KeywordLogger</class>
  <method>logMessage</method>
  <thread>420</thread>
  <message>Finding test data with id &amp;apos;Data Files/Sign up Request Meeting &amp;apos;</message>
  <nestedLevel>0</nestedLevel>
</record>
<record>
  <date>2017-10-11T12:47:31</date>
  <millis>1507715251735</millis>
  <sequence>552</sequence>
  <level>INFO</level>
  <class>com.kms.katalon.core.logging.KeywordLogger</class>
  <method>logMessage</method>
  <thread>420</thread>
  <message>Test data is excel file, reading excel file</message>
  <nestedLevel>0</nestedLevel>
</record>
<record>
  <date>2017-10-11T12:47:31</date>
  <millis>1507715251737</millis>
  <sequence>553</sequence>
  <level>INFO</level>
  <class>com.kms.katalon.core.logging.KeywordLogger</class>
  <method>logMessage</method>
  <thread>420</thread>
  <message>Reading excel file with source file &amp;apos;C:\\Users\\Gituto Nyawira\\git\\VSMS-Test-Automation\\Data Files\\Sign up Request Meeting.xlsx&amp;apos; and sheet name &amp;apos;Sheet1&amp;apos;</message>
  <nestedLevel>0</nestedLevel>
</record>
