<?xml version="1.0" encoding="UTF-8" standalone="no"?>
<!DOCTYPE log SYSTEM "logger.dtd">
<log>
<record>
  <date>2017-10-12T15:44:34</date>
  <millis>1507812274732</millis>
  <sequence>0</sequence>
  <level>START</level>
  <class>com.kms.katalon.core.logging.KeywordLogger</class>
  <method>startSuite</method>
  <thread>1</thread>
  <message>Start Test Suite : Edit Department</message>
  <nestedLevel>0</nestedLevel>
  <property name="name">Edit Department</property>
  <property name="description"></property>
  <property name="id">Test Suites/User Management/Department/Edit Department</property>
</record>
<record>
  <date>2017-10-12T15:44:34</date>
  <millis>1507812274776</millis>
  <sequence>1</sequence>
  <level>RUN_DATA</level>
  <class>com.kms.katalon.core.logging.KeywordLogger</class>
  <method>logMessage</method>
  <thread>1</thread>
  <message>Logging run data &amp;apos;hostName&amp;apos; with value &amp;apos;ChweyaJnr - 192.168.56.1&amp;apos;</message>
  <nestedLevel>0</nestedLevel>
  <property name="hostName">ChweyaJnr - 192.168.56.1</property>
</record>
<record>
  <date>2017-10-12T15:44:34</date>
  <millis>1507812274777</millis>
  <sequence>2</sequence>
  <level>RUN_DATA</level>
  <class>com.kms.katalon.core.logging.KeywordLogger</class>
  <method>logMessage</method>
  <thread>1</thread>
  <message>Logging run data &amp;apos;os&amp;apos; with value &amp;apos;Windows 10 64bit&amp;apos;</message>
  <nestedLevel>0</nestedLevel>
  <property name="os">Windows 10 64bit</property>
</record>
<record>
  <date>2017-10-12T15:44:34</date>
  <millis>1507812274778</millis>
  <sequence>3</sequence>
  <level>RUN_DATA</level>
  <class>com.kms.katalon.core.logging.KeywordLogger</class>
  <method>logMessage</method>
  <thread>1</thread>
  <message>Logging run data &amp;apos;hostAddress&amp;apos; with value &amp;apos;192.168.56.1&amp;apos;</message>
  <nestedLevel>0</nestedLevel>
  <property name="hostAddress">192.168.56.1</property>
</record>
<record>
  <date>2017-10-12T15:44:34</date>
  <millis>1507812274780</millis>
  <sequence>4</sequence>
  <level>RUN_DATA</level>
  <class>com.kms.katalon.core.logging.KeywordLogger</class>
  <method>logMessage</method>
  <thread>1</thread>
  <message>Logging run data &amp;apos;katalonVersion&amp;apos; with value &amp;apos;4.8.0.2&amp;apos;</message>
  <nestedLevel>0</nestedLevel>
  <property name="katalonVersion">4.8.0.2</property>
</record>
<record>
  <date>2017-10-12T15:44:35</date>
  <millis>1507812275246</millis>
  <sequence>5</sequence>
  <level>START</level>
  <class>com.kms.katalon.core.logging.KeywordLogger</class>
  <method>startTest</method>
  <thread>1</thread>
  <message>Start Test Case : Test Cases/User Management/Department/Edit Department</message>
  <nestedLevel>1</nestedLevel>
  <property name="name">Test Cases/User Management/Department/Edit Department</property>
  <property name="description"></property>
  <property name="id">Test Cases/User Management/Department/Edit Department</property>
  <property name="source">C:\\Users\\ChweyaJnr\\git\\VSMS-Test-AutomationTest Cases\\User Management\\Department\\Edit Department.tc</property>
  <property name="isOptional">false</property>
</record>
<record>
  <date>2017-10-12T15:44:35</date>
  <millis>1507812275526</millis>
  <sequence>6</sequence>
  <level>INFO</level>
  <class>com.kms.katalon.core.logging.KeywordLogger</class>
  <method>logMessage</method>
  <thread>1</thread>
  <message>Evaluating variables for test case</message>
  <nestedLevel>1</nestedLevel>
</record>
<record>
  <date>2017-10-12T15:44:35</date>
  <millis>1507812275641</millis>
  <sequence>7</sequence>
  <level>INFO</level>
  <class>com.kms.katalon.core.logging.KeywordLogger</class>
  <method>logMessage</method>
  <thread>1</thread>
  <message>Variable &amp;apos;var_deptname&amp;apos; is set to Trial1</message>
  <nestedLevel>1</nestedLevel>
</record>
<record>
  <date>2017-10-12T15:44:36</date>
  <millis>1507812276141</millis>
  <sequence>8</sequence>
  <level>START</level>
  <class>com.kms.katalon.core.logging.KeywordLogger</class>
  <method>startKeyword</method>
  <thread>1</thread>
  <message>Start action : callTestCase</message>
  <nestedLevel>1</nestedLevel>
  <property name="startLine">23</property>
  <property name="stepIndex">1</property>
</record>
<record>
  <date>2017-10-12T15:44:36</date>
  <millis>1507812276226</millis>
  <sequence>9</sequence>
  <level>INFO</level>
  <class>com.kms.katalon.core.logging.KeywordLogger</class>
  <method>logMessage</method>
  <thread>1</thread>
  <message>Checking called Test Case</message>
  <nestedLevel>1</nestedLevel>
</record>
<record>
  <date>2017-10-12T15:44:36</date>
  <millis>1507812276228</millis>
  <sequence>10</sequence>
  <level>INFO</level>
  <class>com.kms.katalon.core.logging.KeywordLogger</class>
  <method>logMessage</method>
  <thread>1</thread>
  <message>Starting to call Test Case &amp;apos;Test Cases/LOGIN&amp;apos;</message>
  <nestedLevel>1</nestedLevel>
</record>
<record>
  <date>2017-10-12T15:44:36</date>
  <millis>1507812276284</millis>
  <sequence>11</sequence>
  <level>START</level>
  <class>com.kms.katalon.core.logging.KeywordLogger</class>
  <method>startTest</method>
  <thread>1</thread>
  <message>Start Test Case : Test Cases/LOGIN</message>
  <nestedLevel>2</nestedLevel>
  <property name="name">Test Cases/LOGIN</property>
  <property name="description">authenticating a VSMS user</property>
  <property name="id">Test Cases/LOGIN</property>
  <property name="source">C:\\Users\\ChweyaJnr\\git\\VSMS-Test-AutomationTest Cases\\LOGIN.tc</property>
  <property name="isOptional">false</property>
</record>
<record>
  <date>2017-10-12T15:44:36</date>
  <millis>1507812276305</millis>
  <sequence>12</sequence>
  <level>INFO</level>
  <class>com.kms.katalon.core.logging.KeywordLogger</class>
  <method>logMessage</method>
  <thread>1</thread>
  <message>Evaluating variables for test case</message>
  <nestedLevel>2</nestedLevel>
</record>
<record>
  <date>2017-10-12T15:44:36</date>
  <millis>1507812276560</millis>
  <sequence>13</sequence>
  <level>START</level>
  <class>com.kms.katalon.core.logging.KeywordLogger</class>
  <method>startKeyword</method>
  <thread>1</thread>
  <message>Start action : openBrowser</message>
  <nestedLevel>1</nestedLevel>
  <property name="startLine">23</property>
  <property name="stepIndex">1</property>
</record>
<record>
  <date>2017-10-12T15:44:37</date>
  <millis>1507812277046</millis>
  <sequence>14</sequence>
  <level>INFO</level>
  <class>com.kms.katalon.core.logging.KeywordLogger</class>
  <method>logMessage</method>
  <thread>1</thread>
  <message>Opening browser</message>
  <nestedLevel>2</nestedLevel>
</record>
<record>
  <date>2017-10-12T15:44:37</date>
  <millis>1507812277066</millis>
  <sequence>15</sequence>
  <level>INFO</level>
  <class>com.kms.katalon.core.logging.KeywordLogger</class>
  <method>logMessage</method>
  <thread>1</thread>
  <message>Starting &amp;apos;Firefox&amp;apos; driver</message>
  <nestedLevel>2</nestedLevel>
</record>
<record>
  <date>2017-10-12T15:44:37</date>
  <millis>1507812277365</millis>
  <sequence>16</sequence>
  <level>INFO</level>
  <class>com.kms.katalon.core.logging.KeywordLogger</class>
  <method>logMessage</method>
  <thread>1</thread>
  <message>Action delay is set to 0 seconds</message>
  <nestedLevel>2</nestedLevel>
</record>
<record>
  <date>2017-10-12T15:44:44</date>
  <millis>1507812284162</millis>
  <sequence>17</sequence>
  <level>RUN_DATA</level>
  <class>com.kms.katalon.core.logging.KeywordLogger</class>
  <method>logMessage</method>
  <thread>1</thread>
  <message>Logging run data &amp;apos;sessionId&amp;apos; with value &amp;apos;383f5c76-f860-4fd0-906b-128e31640048&amp;apos;</message>
  <nestedLevel>2</nestedLevel>
  <property name="sessionId">383f5c76-f860-4fd0-906b-128e31640048</property>
</record>
<record>
  <date>2017-10-12T15:44:44</date>
  <millis>1507812284189</millis>
  <sequence>18</sequence>
  <level>RUN_DATA</level>
  <class>com.kms.katalon.core.logging.KeywordLogger</class>
  <method>logMessage</method>
  <thread>1</thread>
  <message>Logging run data &amp;apos;browser&amp;apos; with value &amp;apos;Firefox 39.0&amp;apos;</message>
  <nestedLevel>2</nestedLevel>
  <property name="browser">Firefox 39.0</property>
</record>
<record>
  <date>2017-10-12T15:44:44</date>
  <millis>1507812284190</millis>
  <sequence>19</sequence>
  <level>RUN_DATA</level>
  <class>com.kms.katalon.core.logging.KeywordLogger</class>
  <method>logMessage</method>
  <thread>1</thread>
  <message>Logging run data &amp;apos;platform&amp;apos; with value &amp;apos;Windows 10&amp;apos;</message>
  <nestedLevel>2</nestedLevel>
  <property name="platform">Windows 10</property>
</record>
<record>
  <date>2017-10-12T15:44:44</date>
  <millis>1507812284193</millis>
  <sequence>20</sequence>
  <level>RUN_DATA</level>
  <class>com.kms.katalon.core.logging.KeywordLogger</class>
  <method>logMessage</method>
  <thread>1</thread>
  <message>Logging run data &amp;apos;seleniumVersion&amp;apos; with value &amp;apos;2.53.0&amp;apos;</message>
  <nestedLevel>2</nestedLevel>
  <property name="seleniumVersion">2.53.0</property>
</record>
<record>
  <date>2017-10-12T15:44:44</date>
  <millis>1507812284195</millis>
  <sequence>21</sequence>
  <level>RUN_DATA</level>
  <class>com.kms.katalon.core.logging.KeywordLogger</class>
  <method>logMessage</method>
  <thread>1</thread>
  <message>Logging run data &amp;apos;proxyInformation&amp;apos; with value &amp;apos;ProxyInformation{proxyOption=NO_PROXY, proxyServerType=HTTP, password=, proxyServerAddress=, proxyServerPort=0}&amp;apos;</message>
  <nestedLevel>2</nestedLevel>
  <property name="proxyInformation">ProxyInformation{proxyOption=NO_PROXY, proxyServerType=HTTP, password=, proxyServerAddress=, proxyServerPort=0}</property>
</record>
<record>
  <date>2017-10-12T15:44:44</date>
  <millis>1507812284198</millis>
  <sequence>22</sequence>
  <level>INFO</level>
  <class>com.kms.katalon.core.logging.KeywordLogger</class>
  <method>logMessage</method>
  <thread>1</thread>
  <message>Navigating browser to: &amp;apos;https://sandbox.vsms.tezzasolutions.com/index&amp;apos;</message>
  <nestedLevel>2</nestedLevel>
</record>
<record>
  <date>2017-10-12T15:44:50</date>
  <millis>1507812290028</millis>
  <sequence>23</sequence>
  <level>PASSED</level>
  <class>com.kms.katalon.core.logging.KeywordLogger</class>
  <method>logMessage</method>
  <thread>1</thread>
  <message>Browser is opened with url: &amp;apos;https://sandbox.vsms.tezzasolutions.com/index&amp;apos;</message>
  <nestedLevel>2</nestedLevel>
</record>
<record>
  <date>2017-10-12T15:44:50</date>
  <millis>1507812290029</millis>
  <sequence>24</sequence>
  <level>END</level>
  <class>com.kms.katalon.core.logging.KeywordLogger</class>
  <method>endKeyword</method>
  <thread>1</thread>
  <message>End action : openBrowser</message>
  <nestedLevel>1</nestedLevel>
</record>
<record>
  <date>2017-10-12T15:44:50</date>
  <millis>1507812290030</millis>
  <sequence>25</sequence>
  <level>START</level>
  <class>com.kms.katalon.core.logging.KeywordLogger</class>
  <method>startKeyword</method>
  <thread>1</thread>
  <message>Start action : click</message>
  <nestedLevel>1</nestedLevel>
  <property name="startLine">26</property>
  <property name="stepIndex">2</property>
</record>
<record>
  <date>2017-10-12T15:44:50</date>
  <millis>1507812290045</millis>
  <sequence>26</sequence>
  <level>INFO</level>
  <class>com.kms.katalon.core.logging.KeywordLogger</class>
  <method>logMessage</method>
  <thread>1</thread>
  <message>Finding Test Object with id &amp;apos;Object Repository/login/a_Log in&amp;apos;</message>
  <nestedLevel>2</nestedLevel>
</record>
<record>
  <date>2017-10-12T15:44:50</date>
  <millis>1507812290091</millis>
  <sequence>27</sequence>
  <level>INFO</level>
  <class>com.kms.katalon.core.logging.KeywordLogger</class>
  <method>logMessage</method>
  <thread>1</thread>
  <message>Checking object</message>
  <nestedLevel>2</nestedLevel>
</record>
<record>
  <date>2017-10-12T15:44:50</date>
  <millis>1507812290093</millis>
  <sequence>28</sequence>
  <level>INFO</level>
  <class>com.kms.katalon.core.logging.KeywordLogger</class>
  <method>logMessage</method>
  <thread>1</thread>
  <message>Checking timeout</message>
  <nestedLevel>2</nestedLevel>
</record>
<record>
  <date>2017-10-12T15:44:50</date>
  <millis>1507812290103</millis>
  <sequence>29</sequence>
  <level>INFO</level>
  <class>com.kms.katalon.core.logging.KeywordLogger</class>
  <method>logMessage</method>
  <thread>1</thread>
  <message>Finding web element with id: &amp;apos;Object Repository/login/a_Log in&amp;apos; located by &amp;apos;By.xpath: //a[count(. | //*[@href = &amp;apos;https://sandbox.vsms.tezzasolutions.com/login&amp;apos;]) = count(//*[@href = &amp;apos;https://sandbox.vsms.tezzasolutions.com/login&amp;apos;])][count(. | //*[contains(.,&amp;apos;Log in&amp;apos;)]) = count(//*[contains(.,&amp;apos;Log in&amp;apos;)])]&amp;apos; in &amp;apos;30&amp;apos; second(s)</message>
  <nestedLevel>2</nestedLevel>
</record>
<record>
  <date>2017-10-12T15:44:50</date>
  <millis>1507812290404</millis>
  <sequence>30</sequence>
  <level>INFO</level>
  <class>com.kms.katalon.core.logging.KeywordLogger</class>
  <method>logMessage</method>
  <thread>1</thread>
  <message>Found 1 web elements with id: &amp;apos;Object Repository/login/a_Log in&amp;apos; located by &amp;apos;By.xpath: //a[count(. | //*[@href = &amp;apos;https://sandbox.vsms.tezzasolutions.com/login&amp;apos;]) = count(//*[@href = &amp;apos;https://sandbox.vsms.tezzasolutions.com/login&amp;apos;])][count(. | //*[contains(.,&amp;apos;Log in&amp;apos;)]) = count(//*[contains(.,&amp;apos;Log in&amp;apos;)])]&amp;apos; in &amp;apos;30&amp;apos; second(s)</message>
  <nestedLevel>2</nestedLevel>
</record>
<record>
  <date>2017-10-12T15:44:50</date>
  <millis>1507812290407</millis>
  <sequence>31</sequence>
  <level>INFO</level>
  <class>com.kms.katalon.core.logging.KeywordLogger</class>
  <method>logMessage</method>
  <thread>1</thread>
  <message>Clicking on object: &amp;apos;Object Repository/login/a_Log in&amp;apos;</message>
  <nestedLevel>2</nestedLevel>
</record>
<record>
  <date>2017-10-12T15:44:50</date>
  <millis>1507812290680</millis>
  <sequence>32</sequence>
  <level>PASSED</level>
  <class>com.kms.katalon.core.logging.KeywordLogger</class>
  <method>logMessage</method>
  <thread>1</thread>
  <message>Object: &amp;apos;Object Repository/login/a_Log in&amp;apos; is clicked on</message>
  <nestedLevel>2</nestedLevel>
</record>
<record>
  <date>2017-10-12T15:44:50</date>
  <millis>1507812290681</millis>
  <sequence>33</sequence>
  <level>END</level>
  <class>com.kms.katalon.core.logging.KeywordLogger</class>
  <method>endKeyword</method>
  <thread>1</thread>
  <message>End action : click</message>
  <nestedLevel>1</nestedLevel>
</record>
<record>
  <date>2017-10-12T15:44:50</date>
  <millis>1507812290683</millis>
  <sequence>34</sequence>
  <level>START</level>
  <class>com.kms.katalon.core.logging.KeywordLogger</class>
  <method>startKeyword</method>
  <thread>1</thread>
  <message>Start action : setText</message>
  <nestedLevel>1</nestedLevel>
  <property name="startLine">29</property>
  <property name="stepIndex">3</property>
</record>
<record>
  <date>2017-10-12T15:44:50</date>
  <millis>1507812290684</millis>
  <sequence>35</sequence>
  <level>INFO</level>
  <class>com.kms.katalon.core.logging.KeywordLogger</class>
  <method>logMessage</method>
  <thread>1</thread>
  <message>Finding Test Object with id &amp;apos;Object Repository/login/input_email&amp;apos;</message>
  <nestedLevel>2</nestedLevel>
</record>
<record>
  <date>2017-10-12T15:44:50</date>
  <millis>1507812290729</millis>
  <sequence>36</sequence>
  <level>INFO</level>
  <class>com.kms.katalon.core.logging.KeywordLogger</class>
  <method>logMessage</method>
  <thread>1</thread>
  <message>Checking object</message>
  <nestedLevel>2</nestedLevel>
</record>
<record>
  <date>2017-10-12T15:44:50</date>
  <millis>1507812290740</millis>
  <sequence>37</sequence>
  <level>INFO</level>
  <class>com.kms.katalon.core.logging.KeywordLogger</class>
  <method>logMessage</method>
  <thread>1</thread>
  <message>Checking text</message>
  <nestedLevel>2</nestedLevel>
</record>
<record>
  <date>2017-10-12T15:44:50</date>
  <millis>1507812290741</millis>
  <sequence>38</sequence>
  <level>INFO</level>
  <class>com.kms.katalon.core.logging.KeywordLogger</class>
  <method>logMessage</method>
  <thread>1</thread>
  <message>Checking timeout</message>
  <nestedLevel>2</nestedLevel>
</record>
<record>
  <date>2017-10-12T15:44:50</date>
  <millis>1507812290742</millis>
  <sequence>39</sequence>
  <level>INFO</level>
  <class>com.kms.katalon.core.logging.KeywordLogger</class>
  <method>logMessage</method>
  <thread>1</thread>
  <message>Finding web element with id: &amp;apos;Object Repository/login/input_email&amp;apos; located by &amp;apos;By.xpath: //input[count(. | //*[@name = &amp;apos;email&amp;apos;]) = count(//*[@name = &amp;apos;email&amp;apos;])][count(. | //*[@type = &amp;apos;email&amp;apos;]) = count(//*[@type = &amp;apos;email&amp;apos;])]&amp;apos; in &amp;apos;30&amp;apos; second(s)</message>
  <nestedLevel>2</nestedLevel>
</record>
<record>
  <date>2017-10-12T15:44:53</date>
  <millis>1507812293333</millis>
  <sequence>40</sequence>
  <level>INFO</level>
  <class>com.kms.katalon.core.logging.KeywordLogger</class>
  <method>logMessage</method>
  <thread>1</thread>
  <message>Found 1 web elements with id: &amp;apos;Object Repository/login/input_email&amp;apos; located by &amp;apos;By.xpath: //input[count(. | //*[@name = &amp;apos;email&amp;apos;]) = count(//*[@name = &amp;apos;email&amp;apos;])][count(. | //*[@type = &amp;apos;email&amp;apos;]) = count(//*[@type = &amp;apos;email&amp;apos;])]&amp;apos; in &amp;apos;30&amp;apos; second(s)</message>
  <nestedLevel>2</nestedLevel>
</record>
<record>
  <date>2017-10-12T15:44:53</date>
  <millis>1507812293334</millis>
  <sequence>41</sequence>
  <level>INFO</level>
  <class>com.kms.katalon.core.logging.KeywordLogger</class>
  <method>logMessage</method>
  <thread>1</thread>
  <message>Clearing text of object &amp;apos;Object Repository/login/input_email&amp;apos;</message>
  <nestedLevel>2</nestedLevel>
</record>
<record>
  <date>2017-10-12T15:44:53</date>
  <millis>1507812293360</millis>
  <sequence>42</sequence>
  <level>INFO</level>
  <class>com.kms.katalon.core.logging.KeywordLogger</class>
  <method>logMessage</method>
  <thread>1</thread>
  <message>Checking timeout</message>
  <nestedLevel>2</nestedLevel>
</record>
<record>
  <date>2017-10-12T15:44:53</date>
  <millis>1507812293361</millis>
  <sequence>43</sequence>
  <level>INFO</level>
  <class>com.kms.katalon.core.logging.KeywordLogger</class>
  <method>logMessage</method>
  <thread>1</thread>
  <message>Finding web element with id: &amp;apos;Object Repository/login/input_email&amp;apos; located by &amp;apos;By.xpath: //input[count(. | //*[@name = &amp;apos;email&amp;apos;]) = count(//*[@name = &amp;apos;email&amp;apos;])][count(. | //*[@type = &amp;apos;email&amp;apos;]) = count(//*[@type = &amp;apos;email&amp;apos;])]&amp;apos; in &amp;apos;30&amp;apos; second(s)</message>
  <nestedLevel>2</nestedLevel>
</record>
<record>
  <date>2017-10-12T15:44:53</date>
  <millis>1507812293378</millis>
  <sequence>44</sequence>
  <level>INFO</level>
  <class>com.kms.katalon.core.logging.KeywordLogger</class>
  <method>logMessage</method>
  <thread>1</thread>
  <message>Found 1 web elements with id: &amp;apos;Object Repository/login/input_email&amp;apos; located by &amp;apos;By.xpath: //input[count(. | //*[@name = &amp;apos;email&amp;apos;]) = count(//*[@name = &amp;apos;email&amp;apos;])][count(. | //*[@type = &amp;apos;email&amp;apos;]) = count(//*[@type = &amp;apos;email&amp;apos;])]&amp;apos; in &amp;apos;30&amp;apos; second(s)</message>
  <nestedLevel>2</nestedLevel>
</record>
<record>
  <date>2017-10-12T15:44:53</date>
  <millis>1507812293379</millis>
  <sequence>45</sequence>
  <level>INFO</level>
  <class>com.kms.katalon.core.logging.KeywordLogger</class>
  <method>logMessage</method>
  <thread>1</thread>
  <message>Setting text of object &amp;apos;Object Repository/login/input_email&amp;apos; to value &amp;apos;clarinenyauncho@gmail.com&amp;apos;</message>
  <nestedLevel>2</nestedLevel>
</record>
<record>
  <date>2017-10-12T15:44:53</date>
  <millis>1507812293489</millis>
  <sequence>46</sequence>
  <level>PASSED</level>
  <class>com.kms.katalon.core.logging.KeywordLogger</class>
  <method>logMessage</method>
  <thread>1</thread>
  <message>Text &amp;apos;clarinenyauncho@gmail.com&amp;apos; is set on object &amp;apos;Object Repository/login/input_email&amp;apos;</message>
  <nestedLevel>2</nestedLevel>
</record>
<record>
  <date>2017-10-12T15:44:53</date>
  <millis>1507812293490</millis>
  <sequence>47</sequence>
  <level>END</level>
  <class>com.kms.katalon.core.logging.KeywordLogger</class>
  <method>endKeyword</method>
  <thread>1</thread>
  <message>End action : setText</message>
  <nestedLevel>1</nestedLevel>
</record>
<record>
  <date>2017-10-12T15:44:53</date>
  <millis>1507812293491</millis>
  <sequence>48</sequence>
  <level>START</level>
  <class>com.kms.katalon.core.logging.KeywordLogger</class>
  <method>startKeyword</method>
  <thread>1</thread>
  <message>Start action : setText</message>
  <nestedLevel>1</nestedLevel>
  <property name="startLine">31</property>
  <property name="stepIndex">4</property>
</record>
<record>
  <date>2017-10-12T15:44:53</date>
  <millis>1507812293492</millis>
  <sequence>49</sequence>
  <level>INFO</level>
  <class>com.kms.katalon.core.logging.KeywordLogger</class>
  <method>logMessage</method>
  <thread>1</thread>
  <message>Finding Test Object with id &amp;apos;Object Repository/login/input_password&amp;apos;</message>
  <nestedLevel>2</nestedLevel>
</record>
<record>
  <date>2017-10-12T15:44:53</date>
  <millis>1507812293500</millis>
  <sequence>50</sequence>
  <level>INFO</level>
  <class>com.kms.katalon.core.logging.KeywordLogger</class>
  <method>logMessage</method>
  <thread>1</thread>
  <message>Checking object</message>
  <nestedLevel>2</nestedLevel>
</record>
<record>
  <date>2017-10-12T15:44:53</date>
  <millis>1507812293501</millis>
  <sequence>51</sequence>
  <level>INFO</level>
  <class>com.kms.katalon.core.logging.KeywordLogger</class>
  <method>logMessage</method>
  <thread>1</thread>
  <message>Checking text</message>
  <nestedLevel>2</nestedLevel>
</record>
<record>
  <date>2017-10-12T15:44:53</date>
  <millis>1507812293501</millis>
  <sequence>52</sequence>
  <level>INFO</level>
  <class>com.kms.katalon.core.logging.KeywordLogger</class>
  <method>logMessage</method>
  <thread>1</thread>
  <message>Checking timeout</message>
  <nestedLevel>2</nestedLevel>
</record>
<record>
  <date>2017-10-12T15:44:53</date>
  <millis>1507812293503</millis>
  <sequence>53</sequence>
  <level>INFO</level>
  <class>com.kms.katalon.core.logging.KeywordLogger</class>
  <method>logMessage</method>
  <thread>1</thread>
  <message>Finding web element with id: &amp;apos;Object Repository/login/input_password&amp;apos; located by &amp;apos;By.xpath: //input[count(. | //*[@name = &amp;apos;password&amp;apos;]) = count(//*[@name = &amp;apos;password&amp;apos;])][count(. | //*[@type = &amp;apos;password&amp;apos;]) = count(//*[@type = &amp;apos;password&amp;apos;])]&amp;apos; in &amp;apos;30&amp;apos; second(s)</message>
  <nestedLevel>2</nestedLevel>
</record>
<record>
  <date>2017-10-12T15:44:53</date>
  <millis>1507812293521</millis>
  <sequence>54</sequence>
  <level>INFO</level>
  <class>com.kms.katalon.core.logging.KeywordLogger</class>
  <method>logMessage</method>
  <thread>1</thread>
  <message>Found 1 web elements with id: &amp;apos;Object Repository/login/input_password&amp;apos; located by &amp;apos;By.xpath: //input[count(. | //*[@name = &amp;apos;password&amp;apos;]) = count(//*[@name = &amp;apos;password&amp;apos;])][count(. | //*[@type = &amp;apos;password&amp;apos;]) = count(//*[@type = &amp;apos;password&amp;apos;])]&amp;apos; in &amp;apos;30&amp;apos; second(s)</message>
  <nestedLevel>2</nestedLevel>
</record>
<record>
  <date>2017-10-12T15:44:53</date>
  <millis>1507812293522</millis>
  <sequence>55</sequence>
  <level>INFO</level>
  <class>com.kms.katalon.core.logging.KeywordLogger</class>
  <method>logMessage</method>
  <thread>1</thread>
  <message>Clearing text of object &amp;apos;Object Repository/login/input_password&amp;apos;</message>
  <nestedLevel>2</nestedLevel>
</record>
<record>
  <date>2017-10-12T15:44:53</date>
  <millis>1507812293555</millis>
  <sequence>56</sequence>
  <level>INFO</level>
  <class>com.kms.katalon.core.logging.KeywordLogger</class>
  <method>logMessage</method>
  <thread>1</thread>
  <message>Checking timeout</message>
  <nestedLevel>2</nestedLevel>
</record>
<record>
  <date>2017-10-12T15:44:53</date>
  <millis>1507812293556</millis>
  <sequence>57</sequence>
  <level>INFO</level>
  <class>com.kms.katalon.core.logging.KeywordLogger</class>
  <method>logMessage</method>
  <thread>1</thread>
  <message>Finding web element with id: &amp;apos;Object Repository/login/input_password&amp;apos; located by &amp;apos;By.xpath: //input[count(. | //*[@name = &amp;apos;password&amp;apos;]) = count(//*[@name = &amp;apos;password&amp;apos;])][count(. | //*[@type = &amp;apos;password&amp;apos;]) = count(//*[@type = &amp;apos;password&amp;apos;])]&amp;apos; in &amp;apos;30&amp;apos; second(s)</message>
  <nestedLevel>2</nestedLevel>
</record>
<record>
  <date>2017-10-12T15:44:53</date>
  <millis>1507812293575</millis>
  <sequence>58</sequence>
  <level>INFO</level>
  <class>com.kms.katalon.core.logging.KeywordLogger</class>
  <method>logMessage</method>
  <thread>1</thread>
  <message>Found 1 web elements with id: &amp;apos;Object Repository/login/input_password&amp;apos; located by &amp;apos;By.xpath: //input[count(. | //*[@name = &amp;apos;password&amp;apos;]) = count(//*[@name = &amp;apos;password&amp;apos;])][count(. | //*[@type = &amp;apos;password&amp;apos;]) = count(//*[@type = &amp;apos;password&amp;apos;])]&amp;apos; in &amp;apos;30&amp;apos; second(s)</message>
  <nestedLevel>2</nestedLevel>
</record>
<record>
  <date>2017-10-12T15:44:53</date>
  <millis>1507812293576</millis>
  <sequence>59</sequence>
  <level>INFO</level>
  <class>com.kms.katalon.core.logging.KeywordLogger</class>
  <method>logMessage</method>
  <thread>1</thread>
  <message>Setting text of object &amp;apos;Object Repository/login/input_password&amp;apos; to value &amp;apos;changeme&amp;apos;</message>
  <nestedLevel>2</nestedLevel>
</record>
<record>
  <date>2017-10-12T15:44:53</date>
  <millis>1507812293629</millis>
  <sequence>60</sequence>
  <level>PASSED</level>
  <class>com.kms.katalon.core.logging.KeywordLogger</class>
  <method>logMessage</method>
  <thread>1</thread>
  <message>Text &amp;apos;changeme&amp;apos; is set on object &amp;apos;Object Repository/login/input_password&amp;apos;</message>
  <nestedLevel>2</nestedLevel>
</record>
<record>
  <date>2017-10-12T15:44:53</date>
  <millis>1507812293630</millis>
  <sequence>61</sequence>
  <level>END</level>
  <class>com.kms.katalon.core.logging.KeywordLogger</class>
  <method>endKeyword</method>
  <thread>1</thread>
  <message>End action : setText</message>
  <nestedLevel>1</nestedLevel>
</record>
<record>
  <date>2017-10-12T15:44:53</date>
  <millis>1507812293631</millis>
  <sequence>62</sequence>
  <level>START</level>
  <class>com.kms.katalon.core.logging.KeywordLogger</class>
  <method>startKeyword</method>
  <thread>1</thread>
  <message>Start action : click</message>
  <nestedLevel>1</nestedLevel>
  <property name="startLine">33</property>
  <property name="stepIndex">5</property>
</record>
<record>
  <date>2017-10-12T15:44:53</date>
  <millis>1507812293632</millis>
  <sequence>63</sequence>
  <level>INFO</level>
  <class>com.kms.katalon.core.logging.KeywordLogger</class>
  <method>logMessage</method>
  <thread>1</thread>
  <message>Finding Test Object with id &amp;apos;Object Repository/login/button_Login&amp;apos;</message>
  <nestedLevel>2</nestedLevel>
</record>
<record>
  <date>2017-10-12T15:44:53</date>
  <millis>1507812293645</millis>
  <sequence>64</sequence>
  <level>INFO</level>
  <class>com.kms.katalon.core.logging.KeywordLogger</class>
  <method>logMessage</method>
  <thread>1</thread>
  <message>Checking object</message>
  <nestedLevel>2</nestedLevel>
</record>
<record>
  <date>2017-10-12T15:44:53</date>
  <millis>1507812293646</millis>
  <sequence>65</sequence>
  <level>INFO</level>
  <class>com.kms.katalon.core.logging.KeywordLogger</class>
  <method>logMessage</method>
  <thread>1</thread>
  <message>Checking timeout</message>
  <nestedLevel>2</nestedLevel>
</record>
<record>
  <date>2017-10-12T15:44:53</date>
  <millis>1507812293647</millis>
  <sequence>66</sequence>
  <level>INFO</level>
  <class>com.kms.katalon.core.logging.KeywordLogger</class>
  <method>logMessage</method>
  <thread>1</thread>
  <message>Finding web element with id: &amp;apos;Object Repository/login/button_Login&amp;apos; located by &amp;apos;By.xpath: //button[count(. | //*[contains(.,&amp;apos;Login&amp;apos;)]) = count(//*[contains(.,&amp;apos;Login&amp;apos;)])][count(. | //*[@type = &amp;apos;submit&amp;apos;]) = count(//*[@type = &amp;apos;submit&amp;apos;])]&amp;apos; in &amp;apos;30&amp;apos; second(s)</message>
  <nestedLevel>2</nestedLevel>
</record>
<record>
  <date>2017-10-12T15:44:53</date>
  <millis>1507812293676</millis>
  <sequence>67</sequence>
  <level>INFO</level>
  <class>com.kms.katalon.core.logging.KeywordLogger</class>
  <method>logMessage</method>
  <thread>1</thread>
  <message>Found 1 web elements with id: &amp;apos;Object Repository/login/button_Login&amp;apos; located by &amp;apos;By.xpath: //button[count(. | //*[contains(.,&amp;apos;Login&amp;apos;)]) = count(//*[contains(.,&amp;apos;Login&amp;apos;)])][count(. | //*[@type = &amp;apos;submit&amp;apos;]) = count(//*[@type = &amp;apos;submit&amp;apos;])]&amp;apos; in &amp;apos;30&amp;apos; second(s)</message>
  <nestedLevel>2</nestedLevel>
</record>
<record>
  <date>2017-10-12T15:44:53</date>
  <millis>1507812293677</millis>
  <sequence>68</sequence>
  <level>INFO</level>
  <class>com.kms.katalon.core.logging.KeywordLogger</class>
  <method>logMessage</method>
  <thread>1</thread>
  <message>Clicking on object: &amp;apos;Object Repository/login/button_Login&amp;apos;</message>
  <nestedLevel>2</nestedLevel>
</record>
<record>
  <date>2017-10-12T15:44:55</date>
  <millis>1507812295812</millis>
  <sequence>69</sequence>
  <level>PASSED</level>
  <class>com.kms.katalon.core.logging.KeywordLogger</class>
  <method>logMessage</method>
  <thread>1</thread>
  <message>Object: &amp;apos;Object Repository/login/button_Login&amp;apos; is clicked on</message>
  <nestedLevel>2</nestedLevel>
</record>
<record>
  <date>2017-10-12T15:44:55</date>
  <millis>1507812295814</millis>
  <sequence>70</sequence>
  <level>END</level>
  <class>com.kms.katalon.core.logging.KeywordLogger</class>
  <method>endKeyword</method>
  <thread>1</thread>
  <message>End action : click</message>
  <nestedLevel>1</nestedLevel>
</record>
<record>
  <date>2017-10-12T15:44:55</date>
  <millis>1507812295815</millis>
  <sequence>71</sequence>
  <level>PASSED</level>
  <class>com.kms.katalon.core.logging.KeywordLogger</class>
  <method>logMessage</method>
  <thread>1</thread>
  <message>Test Cases/LOGIN</message>
  <nestedLevel>2</nestedLevel>
</record>
<record>
  <date>2017-10-12T15:44:55</date>
  <millis>1507812295817</millis>
  <sequence>72</sequence>
  <level>END</level>
  <class>com.kms.katalon.core.logging.KeywordLogger</class>
  <method>endTest</method>
  <thread>1</thread>
  <message>End Test Case : Test Cases/LOGIN</message>
  <nestedLevel>1</nestedLevel>
</record>
<record>
  <date>2017-10-12T15:44:55</date>
  <millis>1507812295823</millis>
  <sequence>73</sequence>
  <level>PASSED</level>
  <class>com.kms.katalon.core.logging.KeywordLogger</class>
  <method>logMessage</method>
  <thread>1</thread>
  <message>Call Test Case &amp;apos;Test Cases/LOGIN&amp;apos; successfully</message>
  <nestedLevel>1</nestedLevel>
</record>
<record>
  <date>2017-10-12T15:44:55</date>
  <millis>1507812295824</millis>
  <sequence>74</sequence>
  <level>END</level>
  <class>com.kms.katalon.core.logging.KeywordLogger</class>
  <method>endKeyword</method>
  <thread>1</thread>
  <message>End action : callTestCase</message>
  <nestedLevel>1</nestedLevel>
</record>
<record>
  <date>2017-10-12T15:44:55</date>
  <millis>1507812295824</millis>
  <sequence>75</sequence>
  <level>START</level>
  <class>com.kms.katalon.core.logging.KeywordLogger</class>
  <method>startKeyword</method>
  <thread>1</thread>
  <message>Start action : click</message>
  <nestedLevel>1</nestedLevel>
  <property name="startLine">25</property>
  <property name="stepIndex">2</property>
</record>
<record>
  <date>2017-10-12T15:44:55</date>
  <millis>1507812295825</millis>
  <sequence>76</sequence>
  <level>INFO</level>
  <class>com.kms.katalon.core.logging.KeywordLogger</class>
  <method>logMessage</method>
  <thread>1</thread>
  <message>Finding Test Object with id &amp;apos;Object Repository/User Management/Add New User/Module Dropdown Objects/Modules dropdown&amp;apos;</message>
  <nestedLevel>1</nestedLevel>
</record>
<record>
  <date>2017-10-12T15:44:55</date>
  <millis>1507812295833</millis>
  <sequence>77</sequence>
  <level>INFO</level>
  <class>com.kms.katalon.core.logging.KeywordLogger</class>
  <method>logMessage</method>
  <thread>1</thread>
  <message>Checking object</message>
  <nestedLevel>1</nestedLevel>
</record>
<record>
  <date>2017-10-12T15:44:55</date>
  <millis>1507812295833</millis>
  <sequence>78</sequence>
  <level>INFO</level>
  <class>com.kms.katalon.core.logging.KeywordLogger</class>
  <method>logMessage</method>
  <thread>1</thread>
  <message>Checking timeout</message>
  <nestedLevel>1</nestedLevel>
</record>
<record>
  <date>2017-10-12T15:44:55</date>
  <millis>1507812295834</millis>
  <sequence>79</sequence>
  <level>INFO</level>
  <class>com.kms.katalon.core.logging.KeywordLogger</class>
  <method>logMessage</method>
  <thread>1</thread>
  <message>Finding web element with id: &amp;apos;Object Repository/User Management/Add New User/Module Dropdown Objects/Modules dropdown&amp;apos; located by &amp;apos;By.xpath: //span[count(. | id(\&amp;quot;side-menu\&amp;quot;)/li[2]/a[1]/span[@class=\&amp;quot;fa arrow\&amp;quot;]) = count(id(\&amp;quot;side-menu\&amp;quot;)/li[2]/a[1]/span[@class=\&amp;quot;fa arrow\&amp;quot;])]&amp;apos; in &amp;apos;30&amp;apos; second(s)</message>
  <nestedLevel>1</nestedLevel>
</record>
<record>
  <date>2017-10-12T15:44:55</date>
  <millis>1507812295862</millis>
  <sequence>80</sequence>
  <level>INFO</level>
  <class>com.kms.katalon.core.logging.KeywordLogger</class>
  <method>logMessage</method>
  <thread>1</thread>
  <message>Found 1 web elements with id: &amp;apos;Object Repository/User Management/Add New User/Module Dropdown Objects/Modules dropdown&amp;apos; located by &amp;apos;By.xpath: //span[count(. | id(\&amp;quot;side-menu\&amp;quot;)/li[2]/a[1]/span[@class=\&amp;quot;fa arrow\&amp;quot;]) = count(id(\&amp;quot;side-menu\&amp;quot;)/li[2]/a[1]/span[@class=\&amp;quot;fa arrow\&amp;quot;])]&amp;apos; in &amp;apos;30&amp;apos; second(s)</message>
  <nestedLevel>1</nestedLevel>
</record>
<record>
  <date>2017-10-12T15:44:55</date>
  <millis>1507812295863</millis>
  <sequence>81</sequence>
  <level>INFO</level>
  <class>com.kms.katalon.core.logging.KeywordLogger</class>
  <method>logMessage</method>
  <thread>1</thread>
  <message>Clicking on object: &amp;apos;Object Repository/User Management/Add New User/Module Dropdown Objects/Modules dropdown&amp;apos;</message>
  <nestedLevel>1</nestedLevel>
</record>
<record>
  <date>2017-10-12T15:44:55</date>
  <millis>1507812295979</millis>
  <sequence>82</sequence>
  <level>PASSED</level>
  <class>com.kms.katalon.core.logging.KeywordLogger</class>
  <method>logMessage</method>
  <thread>1</thread>
  <message>Object: &amp;apos;Object Repository/User Management/Add New User/Module Dropdown Objects/Modules dropdown&amp;apos; is clicked on</message>
  <nestedLevel>1</nestedLevel>
</record>
<record>
  <date>2017-10-12T15:44:55</date>
  <millis>1507812295980</millis>
  <sequence>83</sequence>
  <level>END</level>
  <class>com.kms.katalon.core.logging.KeywordLogger</class>
  <method>endKeyword</method>
  <thread>1</thread>
  <message>End action : click</message>
  <nestedLevel>1</nestedLevel>
</record>
<record>
  <date>2017-10-12T15:44:55</date>
  <millis>1507812295980</millis>
  <sequence>84</sequence>
  <level>START</level>
  <class>com.kms.katalon.core.logging.KeywordLogger</class>
  <method>startKeyword</method>
  <thread>1</thread>
  <message>Start action : click</message>
  <nestedLevel>1</nestedLevel>
  <property name="startLine">27</property>
  <property name="stepIndex">3</property>
</record>
<record>
  <date>2017-10-12T15:44:55</date>
  <millis>1507812295981</millis>
  <sequence>85</sequence>
  <level>INFO</level>
  <class>com.kms.katalon.core.logging.KeywordLogger</class>
  <method>logMessage</method>
  <thread>1</thread>
  <message>Finding Test Object with id &amp;apos;Object Repository/User Management/Add New User/Module Dropdown Objects/User Management Dropdown&amp;apos;</message>
  <nestedLevel>1</nestedLevel>
</record>
<record>
  <date>2017-10-12T15:44:55</date>
  <millis>1507812295991</millis>
  <sequence>86</sequence>
  <level>INFO</level>
  <class>com.kms.katalon.core.logging.KeywordLogger</class>
  <method>logMessage</method>
  <thread>1</thread>
  <message>Checking object</message>
  <nestedLevel>1</nestedLevel>
</record>
<record>
  <date>2017-10-12T15:44:55</date>
  <millis>1507812295992</millis>
  <sequence>87</sequence>
  <level>INFO</level>
  <class>com.kms.katalon.core.logging.KeywordLogger</class>
  <method>logMessage</method>
  <thread>1</thread>
  <message>Checking timeout</message>
  <nestedLevel>1</nestedLevel>
</record>
<record>
  <date>2017-10-12T15:44:55</date>
  <millis>1507812295993</millis>
  <sequence>88</sequence>
  <level>INFO</level>
  <class>com.kms.katalon.core.logging.KeywordLogger</class>
  <method>logMessage</method>
  <thread>1</thread>
  <message>Finding web element with id: &amp;apos;Object Repository/User Management/Add New User/Module Dropdown Objects/User Management Dropdown&amp;apos; located by &amp;apos;By.xpath: //span[count(. | id(\&amp;quot;side-menu\&amp;quot;)/li[@class=\&amp;quot;active\&amp;quot;]/ul[@class=\&amp;quot;nav nav-second-level collapse in\&amp;quot;]/li[1]/a[1]/span[@class=\&amp;quot;fa arrow\&amp;quot;]) = count(id(\&amp;quot;side-menu\&amp;quot;)/li[@class=\&amp;quot;active\&amp;quot;]/ul[@class=\&amp;quot;nav nav-second-level collapse in\&amp;quot;]/li[1]/a[1]/span[@class=\&amp;quot;fa arrow\&amp;quot;])]&amp;apos; in &amp;apos;30&amp;apos; second(s)</message>
  <nestedLevel>1</nestedLevel>
</record>
<record>
  <date>2017-10-12T15:44:56</date>
  <millis>1507812296571</millis>
  <sequence>89</sequence>
  <level>INFO</level>
  <class>com.kms.katalon.core.logging.KeywordLogger</class>
  <method>logMessage</method>
  <thread>1</thread>
  <message>Found 1 web elements with id: &amp;apos;Object Repository/User Management/Add New User/Module Dropdown Objects/User Management Dropdown&amp;apos; located by &amp;apos;By.xpath: //span[count(. | id(\&amp;quot;side-menu\&amp;quot;)/li[@class=\&amp;quot;active\&amp;quot;]/ul[@class=\&amp;quot;nav nav-second-level collapse in\&amp;quot;]/li[1]/a[1]/span[@class=\&amp;quot;fa arrow\&amp;quot;]) = count(id(\&amp;quot;side-menu\&amp;quot;)/li[@class=\&amp;quot;active\&amp;quot;]/ul[@class=\&amp;quot;nav nav-second-level collapse in\&amp;quot;]/li[1]/a[1]/span[@class=\&amp;quot;fa arrow\&amp;quot;])]&amp;apos; in &amp;apos;30&amp;apos; second(s)</message>
  <nestedLevel>1</nestedLevel>
</record>
<record>
  <date>2017-10-12T15:44:56</date>
  <millis>1507812296574</millis>
  <sequence>90</sequence>
  <level>INFO</level>
  <class>com.kms.katalon.core.logging.KeywordLogger</class>
  <method>logMessage</method>
  <thread>1</thread>
  <message>Clicking on object: &amp;apos;Object Repository/User Management/Add New User/Module Dropdown Objects/User Management Dropdown&amp;apos;</message>
  <nestedLevel>1</nestedLevel>
</record>
<record>
  <date>2017-10-12T15:44:56</date>
  <millis>1507812296663</millis>
  <sequence>91</sequence>
  <level>PASSED</level>
  <class>com.kms.katalon.core.logging.KeywordLogger</class>
  <method>logMessage</method>
  <thread>1</thread>
  <message>Object: &amp;apos;Object Repository/User Management/Add New User/Module Dropdown Objects/User Management Dropdown&amp;apos; is clicked on</message>
  <nestedLevel>1</nestedLevel>
</record>
<record>
  <date>2017-10-12T15:44:56</date>
  <millis>1507812296664</millis>
  <sequence>92</sequence>
  <level>END</level>
  <class>com.kms.katalon.core.logging.KeywordLogger</class>
  <method>endKeyword</method>
  <thread>1</thread>
  <message>End action : click</message>
  <nestedLevel>1</nestedLevel>
</record>
<record>
  <date>2017-10-12T15:44:56</date>
  <millis>1507812296665</millis>
  <sequence>93</sequence>
  <level>START</level>
  <class>com.kms.katalon.core.logging.KeywordLogger</class>
  <method>startKeyword</method>
  <thread>1</thread>
  <message>Start action : delay</message>
  <nestedLevel>1</nestedLevel>
  <property name="startLine">29</property>
  <property name="stepIndex">4</property>
</record>
<record>
  <date>2017-10-12T15:44:56</date>
  <millis>1507812296674</millis>
  <sequence>94</sequence>
  <level>INFO</level>
  <class>com.kms.katalon.core.logging.KeywordLogger</class>
  <method>logMessage</method>
  <thread>1</thread>
  <message>Delaying browser in 5 second(s)</message>
  <nestedLevel>1</nestedLevel>
</record>
<record>
  <date>2017-10-12T15:45:01</date>
  <millis>1507812301676</millis>
  <sequence>95</sequence>
  <level>PASSED</level>
  <class>com.kms.katalon.core.logging.KeywordLogger</class>
  <method>logMessage</method>
  <thread>1</thread>
  <message>Delayed 5 second(s)</message>
  <nestedLevel>1</nestedLevel>
</record>
<record>
  <date>2017-10-12T15:45:01</date>
  <millis>1507812301677</millis>
  <sequence>96</sequence>
  <level>END</level>
  <class>com.kms.katalon.core.logging.KeywordLogger</class>
  <method>endKeyword</method>
  <thread>1</thread>
  <message>End action : delay</message>
  <nestedLevel>1</nestedLevel>
</record>
<record>
  <date>2017-10-12T15:45:01</date>
  <millis>1507812301678</millis>
  <sequence>97</sequence>
  <level>START</level>
  <class>com.kms.katalon.core.logging.KeywordLogger</class>
  <method>startKeyword</method>
  <thread>1</thread>
  <message>Start action : click</message>
  <nestedLevel>1</nestedLevel>
  <property name="startLine">31</property>
  <property name="stepIndex">5</property>
</record>
<record>
  <date>2017-10-12T15:45:01</date>
  <millis>1507812301678</millis>
  <sequence>98</sequence>
  <level>INFO</level>
  <class>com.kms.katalon.core.logging.KeywordLogger</class>
  <method>logMessage</method>
  <thread>1</thread>
  <message>Finding Test Object with id &amp;apos;Object Repository/User Management/Edit Department/User Settings Link/User Settings&amp;apos;</message>
  <nestedLevel>1</nestedLevel>
</record>
<record>
  <date>2017-10-12T15:45:01</date>
  <millis>1507812301685</millis>
  <sequence>99</sequence>
  <level>INFO</level>
  <class>com.kms.katalon.core.logging.KeywordLogger</class>
  <method>logMessage</method>
  <thread>1</thread>
  <message>Checking object</message>
  <nestedLevel>1</nestedLevel>
</record>
<record>
  <date>2017-10-12T15:45:01</date>
  <millis>1507812301685</millis>
  <sequence>100</sequence>
  <level>INFO</level>
  <class>com.kms.katalon.core.logging.KeywordLogger</class>
  <method>logMessage</method>
  <thread>1</thread>
  <message>Checking timeout</message>
  <nestedLevel>1</nestedLevel>
</record>
<record>
  <date>2017-10-12T15:45:01</date>
  <millis>1507812301686</millis>
  <sequence>101</sequence>
  <level>INFO</level>
  <class>com.kms.katalon.core.logging.KeywordLogger</class>
  <method>logMessage</method>
  <thread>1</thread>
  <message>Finding web element with id: &amp;apos;Object Repository/User Management/Edit Department/User Settings Link/User Settings&amp;apos; located by &amp;apos;By.xpath: //a[count(. | //*[@href = &amp;apos;https://sandbox.vsms.tezzasolutions.com/admin/users/settings&amp;apos;]) = count(//*[@href = &amp;apos;https://sandbox.vsms.tezzasolutions.com/admin/users/settings&amp;apos;])][count(. | //*[contains(.,&amp;apos;User Settings&amp;apos;)]) = count(//*[contains(.,&amp;apos;User Settings&amp;apos;)])]&amp;apos; in &amp;apos;30&amp;apos; second(s)</message>
  <nestedLevel>1</nestedLevel>
</record>
<record>
  <date>2017-10-12T15:45:01</date>
  <millis>1507812301724</millis>
  <sequence>102</sequence>
  <level>INFO</level>
  <class>com.kms.katalon.core.logging.KeywordLogger</class>
  <method>logMessage</method>
  <thread>1</thread>
  <message>Found 1 web elements with id: &amp;apos;Object Repository/User Management/Edit Department/User Settings Link/User Settings&amp;apos; located by &amp;apos;By.xpath: //a[count(. | //*[@href = &amp;apos;https://sandbox.vsms.tezzasolutions.com/admin/users/settings&amp;apos;]) = count(//*[@href = &amp;apos;https://sandbox.vsms.tezzasolutions.com/admin/users/settings&amp;apos;])][count(. | //*[contains(.,&amp;apos;User Settings&amp;apos;)]) = count(//*[contains(.,&amp;apos;User Settings&amp;apos;)])]&amp;apos; in &amp;apos;30&amp;apos; second(s)</message>
  <nestedLevel>1</nestedLevel>
</record>
<record>
  <date>2017-10-12T15:45:01</date>
  <millis>1507812301725</millis>
  <sequence>103</sequence>
  <level>INFO</level>
  <class>com.kms.katalon.core.logging.KeywordLogger</class>
  <method>logMessage</method>
  <thread>1</thread>
  <message>Clicking on object: &amp;apos;Object Repository/User Management/Edit Department/User Settings Link/User Settings&amp;apos;</message>
  <nestedLevel>1</nestedLevel>
</record>
<record>
  <date>2017-10-12T15:45:01</date>
  <millis>1507812301845</millis>
  <sequence>104</sequence>
  <level>PASSED</level>
  <class>com.kms.katalon.core.logging.KeywordLogger</class>
  <method>logMessage</method>
  <thread>1</thread>
  <message>Object: &amp;apos;Object Repository/User Management/Edit Department/User Settings Link/User Settings&amp;apos; is clicked on</message>
  <nestedLevel>1</nestedLevel>
</record>
<record>
  <date>2017-10-12T15:45:01</date>
  <millis>1507812301846</millis>
  <sequence>105</sequence>
  <level>END</level>
  <class>com.kms.katalon.core.logging.KeywordLogger</class>
  <method>endKeyword</method>
  <thread>1</thread>
  <message>End action : click</message>
  <nestedLevel>1</nestedLevel>
</record>
<record>
  <date>2017-10-12T15:45:01</date>
  <millis>1507812301847</millis>
  <sequence>106</sequence>
  <level>START</level>
  <class>com.kms.katalon.core.logging.KeywordLogger</class>
  <method>startKeyword</method>
  <thread>1</thread>
  <message>Start action : maximizeWindow</message>
  <nestedLevel>1</nestedLevel>
  <property name="startLine">33</property>
  <property name="stepIndex">6</property>
</record>
<record>
  <date>2017-10-12T15:45:01</date>
  <millis>1507812301864</millis>
  <sequence>107</sequence>
  <level>INFO</level>
  <class>com.kms.katalon.core.logging.KeywordLogger</class>
  <method>logMessage</method>
  <thread>1</thread>
  <message>Maximizing current window</message>
  <nestedLevel>1</nestedLevel>
</record>
<record>
  <date>2017-10-12T15:45:04</date>
  <millis>1507812304020</millis>
  <sequence>108</sequence>
  <level>PASSED</level>
  <class>com.kms.katalon.core.logging.KeywordLogger</class>
  <method>logMessage</method>
  <thread>1</thread>
  <message>Current window maximized</message>
  <nestedLevel>1</nestedLevel>
</record>
<record>
  <date>2017-10-12T15:45:04</date>
  <millis>1507812304021</millis>
  <sequence>109</sequence>
  <level>END</level>
  <class>com.kms.katalon.core.logging.KeywordLogger</class>
  <method>endKeyword</method>
  <thread>1</thread>
  <message>End action : maximizeWindow</message>
  <nestedLevel>1</nestedLevel>
</record>
<record>
  <date>2017-10-12T15:45:04</date>
  <millis>1507812304022</millis>
  <sequence>110</sequence>
  <level>START</level>
  <class>com.kms.katalon.core.logging.KeywordLogger</class>
  <method>startKeyword</method>
  <thread>1</thread>
  <message>Start action : click</message>
  <nestedLevel>1</nestedLevel>
  <property name="startLine">35</property>
  <property name="stepIndex">7</property>
</record>
<record>
  <date>2017-10-12T15:45:04</date>
  <millis>1507812304022</millis>
  <sequence>111</sequence>
  <level>INFO</level>
  <class>com.kms.katalon.core.logging.KeywordLogger</class>
  <method>logMessage</method>
  <thread>1</thread>
  <message>Finding Test Object with id &amp;apos;Object Repository/User Management/Edit Department/Edit Department Details/Manage Departments Link&amp;apos;</message>
  <nestedLevel>1</nestedLevel>
</record>
<record>
  <date>2017-10-12T15:45:04</date>
  <millis>1507812304028</millis>
  <sequence>112</sequence>
  <level>INFO</level>
  <class>com.kms.katalon.core.logging.KeywordLogger</class>
  <method>logMessage</method>
  <thread>1</thread>
  <message>Checking object</message>
  <nestedLevel>1</nestedLevel>
</record>
<record>
  <date>2017-10-12T15:45:04</date>
  <millis>1507812304028</millis>
  <sequence>113</sequence>
  <level>INFO</level>
  <class>com.kms.katalon.core.logging.KeywordLogger</class>
  <method>logMessage</method>
  <thread>1</thread>
  <message>Checking timeout</message>
  <nestedLevel>1</nestedLevel>
</record>
<record>
  <date>2017-10-12T15:45:04</date>
  <millis>1507812304031</millis>
  <sequence>114</sequence>
  <level>INFO</level>
  <class>com.kms.katalon.core.logging.KeywordLogger</class>
  <method>logMessage</method>
  <thread>1</thread>
  <message>Finding web element with id: &amp;apos;Object Repository/User Management/Edit Department/Edit Department Details/Manage Departments Link&amp;apos; located by &amp;apos;By.xpath: //a[count(. | //*[@href = &amp;apos;#department&amp;apos;]) = count(//*[@href = &amp;apos;#department&amp;apos;])][count(. | //*[@id = &amp;apos;d&amp;apos;]) = count(//*[@id = &amp;apos;d&amp;apos;])][count(. | //*[contains(.,&amp;apos;Manage Departments&amp;apos;)]) = count(//*[contains(.,&amp;apos;Manage Departments&amp;apos;)])]&amp;apos; in &amp;apos;30&amp;apos; second(s)</message>
  <nestedLevel>1</nestedLevel>
</record>
<record>
  <date>2017-10-12T15:45:04</date>
  <millis>1507812304110</millis>
  <sequence>115</sequence>
  <level>INFO</level>
  <class>com.kms.katalon.core.logging.KeywordLogger</class>
  <method>logMessage</method>
  <thread>1</thread>
  <message>Found 1 web elements with id: &amp;apos;Object Repository/User Management/Edit Department/Edit Department Details/Manage Departments Link&amp;apos; located by &amp;apos;By.xpath: //a[count(. | //*[@href = &amp;apos;#department&amp;apos;]) = count(//*[@href = &amp;apos;#department&amp;apos;])][count(. | //*[@id = &amp;apos;d&amp;apos;]) = count(//*[@id = &amp;apos;d&amp;apos;])][count(. | //*[contains(.,&amp;apos;Manage Departments&amp;apos;)]) = count(//*[contains(.,&amp;apos;Manage Departments&amp;apos;)])]&amp;apos; in &amp;apos;30&amp;apos; second(s)</message>
  <nestedLevel>1</nestedLevel>
</record>
<record>
  <date>2017-10-12T15:45:04</date>
  <millis>1507812304111</millis>
  <sequence>116</sequence>
  <level>INFO</level>
  <class>com.kms.katalon.core.logging.KeywordLogger</class>
  <method>logMessage</method>
  <thread>1</thread>
  <message>Clicking on object: &amp;apos;Object Repository/User Management/Edit Department/Edit Department Details/Manage Departments Link&amp;apos;</message>
  <nestedLevel>1</nestedLevel>
</record>
<record>
  <date>2017-10-12T15:45:04</date>
  <millis>1507812304542</millis>
  <sequence>117</sequence>
  <level>PASSED</level>
  <class>com.kms.katalon.core.logging.KeywordLogger</class>
  <method>logMessage</method>
  <thread>1</thread>
  <message>Object: &amp;apos;Object Repository/User Management/Edit Department/Edit Department Details/Manage Departments Link&amp;apos; is clicked on</message>
  <nestedLevel>1</nestedLevel>
</record>
<record>
  <date>2017-10-12T15:45:04</date>
  <millis>1507812304543</millis>
  <sequence>118</sequence>
  <level>END</level>
  <class>com.kms.katalon.core.logging.KeywordLogger</class>
  <method>endKeyword</method>
  <thread>1</thread>
  <message>End action : click</message>
  <nestedLevel>1</nestedLevel>
</record>
<record>
  <date>2017-10-12T15:45:04</date>
  <millis>1507812304544</millis>
  <sequence>119</sequence>
  <level>START</level>
  <class>com.kms.katalon.core.logging.KeywordLogger</class>
  <method>startKeyword</method>
  <thread>1</thread>
  <message>Start action : setText</message>
  <nestedLevel>1</nestedLevel>
  <property name="startLine">37</property>
  <property name="stepIndex">8</property>
</record>
<record>
  <date>2017-10-12T15:45:04</date>
  <millis>1507812304545</millis>
  <sequence>120</sequence>
  <level>INFO</level>
  <class>com.kms.katalon.core.logging.KeywordLogger</class>
  <method>logMessage</method>
  <thread>1</thread>
  <message>Finding Test Object with id &amp;apos;Object Repository/User Management/Edit Department/Edit Department Details/Search Department Input Field&amp;apos;</message>
  <nestedLevel>1</nestedLevel>
</record>
<record>
  <date>2017-10-12T15:45:04</date>
  <millis>1507812304550</millis>
  <sequence>121</sequence>
  <level>INFO</level>
  <class>com.kms.katalon.core.logging.KeywordLogger</class>
  <method>logMessage</method>
  <thread>1</thread>
  <message>Checking object</message>
  <nestedLevel>1</nestedLevel>
</record>
<record>
  <date>2017-10-12T15:45:04</date>
  <millis>1507812304551</millis>
  <sequence>122</sequence>
  <level>INFO</level>
  <class>com.kms.katalon.core.logging.KeywordLogger</class>
  <method>logMessage</method>
  <thread>1</thread>
  <message>Checking text</message>
  <nestedLevel>1</nestedLevel>
</record>
<record>
  <date>2017-10-12T15:45:04</date>
  <millis>1507812304551</millis>
  <sequence>123</sequence>
  <level>INFO</level>
  <class>com.kms.katalon.core.logging.KeywordLogger</class>
  <method>logMessage</method>
  <thread>1</thread>
  <message>Checking timeout</message>
  <nestedLevel>1</nestedLevel>
</record>
<record>
  <date>2017-10-12T15:45:04</date>
  <millis>1507812304552</millis>
  <sequence>124</sequence>
  <level>INFO</level>
  <class>com.kms.katalon.core.logging.KeywordLogger</class>
  <method>logMessage</method>
  <thread>1</thread>
  <message>Finding web element with id: &amp;apos;Object Repository/User Management/Edit Department/Edit Department Details/Search Department Input Field&amp;apos; located by &amp;apos;By.xpath: //input[count(. | //*[@placeholder = &amp;apos;Search Departments&amp;apos;]) = count(//*[@placeholder = &amp;apos;Search Departments&amp;apos;])][count(. | //*[@id = &amp;apos;search_dept&amp;apos;]) = count(//*[@id = &amp;apos;search_dept&amp;apos;])][count(. | //*[@type = &amp;apos;text&amp;apos;]) = count(//*[@type = &amp;apos;text&amp;apos;])]&amp;apos; in &amp;apos;30&amp;apos; second(s)</message>
  <nestedLevel>1</nestedLevel>
</record>
<record>
  <date>2017-10-12T15:45:04</date>
  <millis>1507812304607</millis>
  <sequence>125</sequence>
  <level>INFO</level>
  <class>com.kms.katalon.core.logging.KeywordLogger</class>
  <method>logMessage</method>
  <thread>1</thread>
  <message>Found 1 web elements with id: &amp;apos;Object Repository/User Management/Edit Department/Edit Department Details/Search Department Input Field&amp;apos; located by &amp;apos;By.xpath: //input[count(. | //*[@placeholder = &amp;apos;Search Departments&amp;apos;]) = count(//*[@placeholder = &amp;apos;Search Departments&amp;apos;])][count(. | //*[@id = &amp;apos;search_dept&amp;apos;]) = count(//*[@id = &amp;apos;search_dept&amp;apos;])][count(. | //*[@type = &amp;apos;text&amp;apos;]) = count(//*[@type = &amp;apos;text&amp;apos;])]&amp;apos; in &amp;apos;30&amp;apos; second(s)</message>
  <nestedLevel>1</nestedLevel>
</record>
<record>
  <date>2017-10-12T15:45:04</date>
  <millis>1507812304608</millis>
  <sequence>126</sequence>
  <level>INFO</level>
  <class>com.kms.katalon.core.logging.KeywordLogger</class>
  <method>logMessage</method>
  <thread>1</thread>
  <message>Clearing text of object &amp;apos;Object Repository/User Management/Edit Department/Edit Department Details/Search Department Input Field&amp;apos;</message>
  <nestedLevel>1</nestedLevel>
</record>
<record>
  <date>2017-10-12T15:45:04</date>
  <millis>1507812304645</millis>
  <sequence>127</sequence>
  <level>INFO</level>
  <class>com.kms.katalon.core.logging.KeywordLogger</class>
  <method>logMessage</method>
  <thread>1</thread>
  <message>Checking timeout</message>
  <nestedLevel>1</nestedLevel>
</record>
<record>
  <date>2017-10-12T15:45:04</date>
  <millis>1507812304646</millis>
  <sequence>128</sequence>
  <level>INFO</level>
  <class>com.kms.katalon.core.logging.KeywordLogger</class>
  <method>logMessage</method>
  <thread>1</thread>
  <message>Finding web element with id: &amp;apos;Object Repository/User Management/Edit Department/Edit Department Details/Search Department Input Field&amp;apos; located by &amp;apos;By.xpath: //input[count(. | //*[@placeholder = &amp;apos;Search Departments&amp;apos;]) = count(//*[@placeholder = &amp;apos;Search Departments&amp;apos;])][count(. | //*[@id = &amp;apos;search_dept&amp;apos;]) = count(//*[@id = &amp;apos;search_dept&amp;apos;])][count(. | //*[@type = &amp;apos;text&amp;apos;]) = count(//*[@type = &amp;apos;text&amp;apos;])]&amp;apos; in &amp;apos;30&amp;apos; second(s)</message>
  <nestedLevel>1</nestedLevel>
</record>
<record>
  <date>2017-10-12T15:45:04</date>
  <millis>1507812304712</millis>
  <sequence>129</sequence>
  <level>INFO</level>
  <class>com.kms.katalon.core.logging.KeywordLogger</class>
  <method>logMessage</method>
  <thread>1</thread>
  <message>Found 1 web elements with id: &amp;apos;Object Repository/User Management/Edit Department/Edit Department Details/Search Department Input Field&amp;apos; located by &amp;apos;By.xpath: //input[count(. | //*[@placeholder = &amp;apos;Search Departments&amp;apos;]) = count(//*[@placeholder = &amp;apos;Search Departments&amp;apos;])][count(. | //*[@id = &amp;apos;search_dept&amp;apos;]) = count(//*[@id = &amp;apos;search_dept&amp;apos;])][count(. | //*[@type = &amp;apos;text&amp;apos;]) = count(//*[@type = &amp;apos;text&amp;apos;])]&amp;apos; in &amp;apos;30&amp;apos; second(s)</message>
  <nestedLevel>1</nestedLevel>
</record>
<record>
  <date>2017-10-12T15:45:04</date>
  <millis>1507812304713</millis>
  <sequence>130</sequence>
  <level>INFO</level>
  <class>com.kms.katalon.core.logging.KeywordLogger</class>
  <method>logMessage</method>
  <thread>1</thread>
  <message>Setting text of object &amp;apos;Object Repository/User Management/Edit Department/Edit Department Details/Search Department Input Field&amp;apos; to value &amp;apos;Trial1&amp;apos;</message>
  <nestedLevel>1</nestedLevel>
</record>
<record>
  <date>2017-10-12T15:45:05</date>
  <millis>1507812305649</millis>
  <sequence>131</sequence>
  <level>PASSED</level>
  <class>com.kms.katalon.core.logging.KeywordLogger</class>
  <method>logMessage</method>
  <thread>1</thread>
  <message>Text &amp;apos;Trial1&amp;apos; is set on object &amp;apos;Object Repository/User Management/Edit Department/Edit Department Details/Search Department Input Field&amp;apos;</message>
  <nestedLevel>1</nestedLevel>
</record>
<record>
  <date>2017-10-12T15:45:05</date>
  <millis>1507812305651</millis>
  <sequence>132</sequence>
  <level>END</level>
  <class>com.kms.katalon.core.logging.KeywordLogger</class>
  <method>endKeyword</method>
  <thread>1</thread>
  <message>End action : setText</message>
  <nestedLevel>1</nestedLevel>
</record>
<record>
  <date>2017-10-12T15:45:05</date>
  <millis>1507812305653</millis>
  <sequence>133</sequence>
  <level>START</level>
  <class>com.kms.katalon.core.logging.KeywordLogger</class>
  <method>startKeyword</method>
  <thread>1</thread>
  <message>Start action : delay</message>
  <nestedLevel>1</nestedLevel>
  <property name="startLine">39</property>
  <property name="stepIndex">9</property>
</record>
<record>
  <date>2017-10-12T15:45:05</date>
  <millis>1507812305658</millis>
  <sequence>134</sequence>
  <level>INFO</level>
  <class>com.kms.katalon.core.logging.KeywordLogger</class>
  <method>logMessage</method>
  <thread>1</thread>
  <message>Delaying browser in 20 second(s)</message>
  <nestedLevel>1</nestedLevel>
</record>
<record>
  <date>2017-10-12T15:45:25</date>
  <millis>1507812325667</millis>
  <sequence>135</sequence>
  <level>PASSED</level>
  <class>com.kms.katalon.core.logging.KeywordLogger</class>
  <method>logMessage</method>
  <thread>1</thread>
  <message>Delayed 20 second(s)</message>
  <nestedLevel>1</nestedLevel>
</record>
<record>
  <date>2017-10-12T15:45:25</date>
  <millis>1507812325669</millis>
  <sequence>136</sequence>
  <level>END</level>
  <class>com.kms.katalon.core.logging.KeywordLogger</class>
  <method>endKeyword</method>
  <thread>1</thread>
  <message>End action : delay</message>
  <nestedLevel>1</nestedLevel>
</record>
<record>
  <date>2017-10-12T15:45:25</date>
  <millis>1507812325670</millis>
  <sequence>137</sequence>
  <level>START</level>
  <class>com.kms.katalon.core.logging.KeywordLogger</class>
  <method>startKeyword</method>
  <thread>1</thread>
  <message>Start action : click</message>
  <nestedLevel>1</nestedLevel>
  <property name="startLine">41</property>
  <property name="stepIndex">10</property>
</record>
<record>
  <date>2017-10-12T15:45:25</date>
  <millis>1507812325674</millis>
  <sequence>138</sequence>
  <level>NOT_RUN</level>
  <class>com.kms.katalon.core.logging.KeywordLogger</class>
  <method>logMessage</method>
  <thread>1</thread>
  <message>NOT_RUN: click</message>
  <nestedLevel>1</nestedLevel>
</record>
<record>
  <date>2017-10-12T15:45:25</date>
  <millis>1507812325678</millis>
  <sequence>139</sequence>
  <level>END</level>
  <class>com.kms.katalon.core.logging.KeywordLogger</class>
  <method>endKeyword</method>
  <thread>1</thread>
  <message>End action : click</message>
  <nestedLevel>1</nestedLevel>
</record>
<record>
  <date>2017-10-12T15:45:25</date>
  <millis>1507812325680</millis>
  <sequence>140</sequence>
  <level>START</level>
  <class>com.kms.katalon.core.logging.KeywordLogger</class>
  <method>startKeyword</method>
  <thread>1</thread>
  <message>Start action : delay</message>
  <nestedLevel>1</nestedLevel>
  <property name="startLine">43</property>
  <property name="stepIndex">11</property>
</record>
<record>
  <date>2017-10-12T15:45:25</date>
  <millis>1507812325682</millis>
  <sequence>141</sequence>
  <level>NOT_RUN</level>
  <class>com.kms.katalon.core.logging.KeywordLogger</class>
  <method>logMessage</method>
  <thread>1</thread>
  <message>NOT_RUN: delay</message>
  <nestedLevel>1</nestedLevel>
</record>
<record>
  <date>2017-10-12T15:45:25</date>
  <millis>1507812325684</millis>
  <sequence>142</sequence>
  <level>END</level>
  <class>com.kms.katalon.core.logging.KeywordLogger</class>
  <method>endKeyword</method>
  <thread>1</thread>
  <message>End action : delay</message>
  <nestedLevel>1</nestedLevel>
</record>
<record>
  <date>2017-10-12T15:45:25</date>
  <millis>1507812325686</millis>
  <sequence>143</sequence>
  <level>START</level>
  <class>com.kms.katalon.core.logging.KeywordLogger</class>
  <method>startKeyword</method>
  <thread>1</thread>
  <message>Start action : setText</message>
  <nestedLevel>1</nestedLevel>
  <property name="startLine">45</property>
  <property name="stepIndex">12</property>
</record>
<record>
  <date>2017-10-12T15:45:25</date>
  <millis>1507812325688</millis>
  <sequence>144</sequence>
  <level>NOT_RUN</level>
  <class>com.kms.katalon.core.logging.KeywordLogger</class>
  <method>logMessage</method>
  <thread>1</thread>
  <message>NOT_RUN: setText</message>
  <nestedLevel>1</nestedLevel>
</record>
<record>
  <date>2017-10-12T15:45:25</date>
  <millis>1507812325689</millis>
  <sequence>145</sequence>
  <level>END</level>
  <class>com.kms.katalon.core.logging.KeywordLogger</class>
  <method>endKeyword</method>
  <thread>1</thread>
  <message>End action : setText</message>
  <nestedLevel>1</nestedLevel>
</record>
<record>
  <date>2017-10-12T15:45:25</date>
  <millis>1507812325690</millis>
  <sequence>146</sequence>
  <level>START</level>
  <class>com.kms.katalon.core.logging.KeywordLogger</class>
  <method>startKeyword</method>
  <thread>1</thread>
  <message>Start action : click</message>
  <nestedLevel>1</nestedLevel>
  <property name="startLine">48</property>
  <property name="stepIndex">13</property>
</record>
<record>
  <date>2017-10-12T15:45:25</date>
  <millis>1507812325693</millis>
  <sequence>147</sequence>
  <level>NOT_RUN</level>
  <class>com.kms.katalon.core.logging.KeywordLogger</class>
  <method>logMessage</method>
  <thread>1</thread>
  <message>NOT_RUN: click</message>
  <nestedLevel>1</nestedLevel>
</record>
<record>
  <date>2017-10-12T15:45:25</date>
  <millis>1507812325694</millis>
  <sequence>148</sequence>
  <level>END</level>
  <class>com.kms.katalon.core.logging.KeywordLogger</class>
  <method>endKeyword</method>
  <thread>1</thread>
  <message>End action : click</message>
  <nestedLevel>1</nestedLevel>
</record>
<record>
  <date>2017-10-12T15:45:25</date>
  <millis>1507812325696</millis>
  <sequence>149</sequence>
  <level>START</level>
  <class>com.kms.katalon.core.logging.KeywordLogger</class>
  <method>startKeyword</method>
  <thread>1</thread>
  <message>Start action : delay</message>
  <nestedLevel>1</nestedLevel>
  <property name="startLine">50</property>
  <property name="stepIndex">14</property>
</record>
<record>
  <date>2017-10-12T15:45:25</date>
  <millis>1507812325698</millis>
  <sequence>150</sequence>
  <level>NOT_RUN</level>
  <class>com.kms.katalon.core.logging.KeywordLogger</class>
  <method>logMessage</method>
  <thread>1</thread>
  <message>NOT_RUN: delay</message>
  <nestedLevel>1</nestedLevel>
</record>
<record>
  <date>2017-10-12T15:45:25</date>
  <millis>1507812325700</millis>
  <sequence>151</sequence>
  <level>END</level>
  <class>com.kms.katalon.core.logging.KeywordLogger</class>
  <method>endKeyword</method>
  <thread>1</thread>
  <message>End action : delay</message>
  <nestedLevel>1</nestedLevel>
</record>
<record>
  <date>2017-10-12T15:45:25</date>
  <millis>1507812325702</millis>
  <sequence>152</sequence>
  <level>START</level>
  <class>com.kms.katalon.core.logging.KeywordLogger</class>
  <method>startKeyword</method>
  <thread>1</thread>
  <message>Start action : click</message>
  <nestedLevel>1</nestedLevel>
  <property name="startLine">52</property>
  <property name="stepIndex">15</property>
</record>
<record>
  <date>2017-10-12T15:45:25</date>
  <millis>1507812325703</millis>
  <sequence>153</sequence>
  <level>NOT_RUN</level>
  <class>com.kms.katalon.core.logging.KeywordLogger</class>
  <method>logMessage</method>
  <thread>1</thread>
  <message>NOT_RUN: click</message>
  <nestedLevel>1</nestedLevel>
</record>
<record>
  <date>2017-10-12T15:45:25</date>
  <millis>1507812325704</millis>
  <sequence>154</sequence>
  <level>END</level>
  <class>com.kms.katalon.core.logging.KeywordLogger</class>
  <method>endKeyword</method>
  <thread>1</thread>
  <message>End action : click</message>
  <nestedLevel>1</nestedLevel>
</record>
<record>
  <date>2017-10-12T15:45:25</date>
  <millis>1507812325704</millis>
  <sequence>155</sequence>
  <level>START</level>
  <class>com.kms.katalon.core.logging.KeywordLogger</class>
  <method>startKeyword</method>
  <thread>1</thread>
  <message>Start action : closeBrowser</message>
  <nestedLevel>1</nestedLevel>
  <property name="startLine">54</property>
  <property name="stepIndex">16</property>
</record>
<record>
  <date>2017-10-12T15:45:25</date>
  <millis>1507812325705</millis>
  <sequence>156</sequence>
  <level>NOT_RUN</level>
  <class>com.kms.katalon.core.logging.KeywordLogger</class>
  <method>logMessage</method>
  <thread>1</thread>
  <message>NOT_RUN: closeBrowser</message>
  <nestedLevel>1</nestedLevel>
</record>
<record>
  <date>2017-10-12T15:45:25</date>
  <millis>1507812325705</millis>
  <sequence>157</sequence>
  <level>END</level>
  <class>com.kms.katalon.core.logging.KeywordLogger</class>
  <method>endKeyword</method>
  <thread>1</thread>
  <message>End action : closeBrowser</message>
  <nestedLevel>1</nestedLevel>
</record>
<record>
  <date>2017-10-12T15:45:25</date>
  <millis>1507812325706</millis>
  <sequence>158</sequence>
  <level>PASSED</level>
  <class>com.kms.katalon.core.logging.KeywordLogger</class>
  <method>logMessage</method>
  <thread>1</thread>
  <message>Test Cases/User Management/Department/Edit Department</message>
  <nestedLevel>1</nestedLevel>
</record>
<record>
  <date>2017-10-12T15:45:25</date>
  <millis>1507812325709</millis>
  <sequence>159</sequence>
  <level>END</level>
  <class>com.kms.katalon.core.logging.KeywordLogger</class>
  <method>endTest</method>
  <thread>1</thread>
  <message>End Test Case : Test Cases/User Management/Department/Edit Department</message>
  <nestedLevel>0</nestedLevel>
</record>
<record>
  <date>2017-10-12T15:45:26</date>
  <millis>1507812326327</millis>
  <sequence>160</sequence>
  <level>END</level>
  <class>com.kms.katalon.core.logging.KeywordLogger</class>
  <method>endSuite</method>
  <thread>1</thread>
  <message>End Test Suite : Edit Department</message>
  <nestedLevel>0</nestedLevel>
</record>
</log>
