<?xml version="1.0" encoding="UTF-8" standalone="no"?>
<!DOCTYPE log SYSTEM "logger.dtd">
<log>
<record>
  <date>2017-11-03T12:48:48</date>
  <millis>1509702528105</millis>
  <sequence>0</sequence>
  <level>START</level>
  <class>com.kms.katalon.core.logging.KeywordLogger</class>
  <method>startSuite</method>
  <thread>1</thread>
  <message>Start Test Suite : LogIn</message>
  <nestedLevel>0</nestedLevel>
  <property name="name">LogIn</property>
  <property name="description">user authentication</property>
  <property name="id">Test Suites/User Login/LogIn</property>
</record>
<record>
  <date>2017-11-03T12:48:48</date>
  <millis>1509702528138</millis>
  <sequence>1</sequence>
  <level>RUN_DATA</level>
  <class>com.kms.katalon.core.logging.KeywordLogger</class>
  <method>logMessage</method>
  <thread>1</thread>
  <message>Logging run data &amp;apos;hostName&amp;apos; with value &amp;apos;Stella - STEGAHZ&amp;apos;</message>
  <nestedLevel>0</nestedLevel>
  <property name="hostName">Stella - STEGAHZ</property>
</record>
<record>
  <date>2017-11-03T12:48:48</date>
  <millis>1509702528139</millis>
  <sequence>2</sequence>
  <level>RUN_DATA</level>
  <class>com.kms.katalon.core.logging.KeywordLogger</class>
  <method>logMessage</method>
  <thread>1</thread>
  <message>Logging run data &amp;apos;os&amp;apos; with value &amp;apos;Windows 8.1 64bit&amp;apos;</message>
  <nestedLevel>0</nestedLevel>
  <property name="os">Windows 8.1 64bit</property>
</record>
<record>
  <date>2017-11-03T12:48:48</date>
  <millis>1509702528139</millis>
  <sequence>3</sequence>
  <level>RUN_DATA</level>
  <class>com.kms.katalon.core.logging.KeywordLogger</class>
  <method>logMessage</method>
  <thread>1</thread>
  <message>Logging run data &amp;apos;hostAddress&amp;apos; with value &amp;apos;192.168.56.1&amp;apos;</message>
  <nestedLevel>0</nestedLevel>
  <property name="hostAddress">192.168.56.1</property>
</record>
<record>
  <date>2017-11-03T12:48:48</date>
  <millis>1509702528155</millis>
  <sequence>4</sequence>
  <level>RUN_DATA</level>
  <class>com.kms.katalon.core.logging.KeywordLogger</class>
  <method>logMessage</method>
  <thread>1</thread>
  <message>Logging run data &amp;apos;katalonVersion&amp;apos; with value &amp;apos;5.0.0.1&amp;apos;</message>
  <nestedLevel>0</nestedLevel>
  <property name="katalonVersion">5.0.0.1</property>
</record>
<record>
  <date>2017-11-03T12:48:48</date>
  <millis>1509702528514</millis>
  <sequence>5</sequence>
  <level>START</level>
  <class>com.kms.katalon.core.logging.KeywordLogger</class>
  <method>startTest</method>
  <thread>1</thread>
  <message>Start Test Case : Test Cases/Common/User Login</message>
  <nestedLevel>1</nestedLevel>
  <property name="name">Test Cases/Common/User Login</property>
  <property name="description">authenticating a VSMS user</property>
  <property name="id">Test Cases/Common/User Login</property>
  <property name="source">C:\\Users\\Stella\\git\\VSMS-Test-AutomationTest Cases\\Common\\User Login.tc</property>
  <property name="isOptional">false</property>
</record>
<record>
  <date>2017-11-03T12:48:48</date>
  <millis>1509702528772</millis>
  <sequence>6</sequence>
  <level>INFO</level>
  <class>com.kms.katalon.core.logging.KeywordLogger</class>
  <method>logMessage</method>
  <thread>1</thread>
  <message>Evaluating variables for test case</message>
  <nestedLevel>1</nestedLevel>
</record>
<record>
  <date>2017-11-03T12:48:49</date>
  <millis>1509702529373</millis>
  <sequence>7</sequence>
  <level>START</level>
  <class>com.kms.katalon.core.logging.KeywordLogger</class>
  <method>startKeyword</method>
  <thread>1</thread>
  <message>Start action : openBrowser</message>
  <nestedLevel>1</nestedLevel>
  <property name="startLine">23</property>
  <property name="stepIndex">1</property>
</record>
<record>
  <date>2017-11-03T12:48:49</date>
  <millis>1509702529820</millis>
  <sequence>8</sequence>
  <level>INFO</level>
  <class>com.kms.katalon.core.logging.KeywordLogger</class>
  <method>logMessage</method>
  <thread>1</thread>
  <message>Opening browser</message>
  <nestedLevel>1</nestedLevel>
</record>
<record>
  <date>2017-11-03T12:48:49</date>
  <millis>1509702529822</millis>
  <sequence>9</sequence>
  <level>INFO</level>
  <class>com.kms.katalon.core.logging.KeywordLogger</class>
  <method>logMessage</method>
  <thread>1</thread>
  <message>Starting &amp;apos;Firefox&amp;apos; driver</message>
  <nestedLevel>1</nestedLevel>
</record>
<record>
  <date>2017-11-03T12:48:50</date>
  <millis>1509702530811</millis>
  <sequence>10</sequence>
  <level>INFO</level>
  <class>com.kms.katalon.core.logging.KeywordLogger</class>
  <method>logMessage</method>
  <thread>1</thread>
  <message>Action delay is set to 0 seconds</message>
  <nestedLevel>1</nestedLevel>
</record>
<record>
  <date>2017-11-03T12:49:00</date>
  <millis>1509702540043</millis>
  <sequence>11</sequence>
  <level>RUN_DATA</level>
  <class>com.kms.katalon.core.logging.KeywordLogger</class>
  <method>logMessage</method>
  <thread>1</thread>
  <message>Logging run data &amp;apos;sessionId&amp;apos; with value &amp;apos;163c5561-5982-43ac-8e9a-4933fa862d7e&amp;apos;</message>
  <nestedLevel>1</nestedLevel>
  <property name="sessionId">163c5561-5982-43ac-8e9a-4933fa862d7e</property>
</record>
<record>
  <date>2017-11-03T12:49:00</date>
  <millis>1509702540287</millis>
  <sequence>12</sequence>
  <level>RUN_DATA</level>
  <class>com.kms.katalon.core.logging.KeywordLogger</class>
  <method>logMessage</method>
  <thread>1</thread>
  <message>Logging run data &amp;apos;browser&amp;apos; with value &amp;apos;Firefox 52.0&amp;apos;</message>
  <nestedLevel>1</nestedLevel>
  <property name="browser">Firefox 52.0</property>
</record>
<record>
  <date>2017-11-03T12:49:00</date>
  <millis>1509702540288</millis>
  <sequence>13</sequence>
  <level>RUN_DATA</level>
  <class>com.kms.katalon.core.logging.KeywordLogger</class>
  <method>logMessage</method>
  <thread>1</thread>
  <message>Logging run data &amp;apos;platform&amp;apos; with value &amp;apos;Windows 8.1&amp;apos;</message>
  <nestedLevel>1</nestedLevel>
  <property name="platform">Windows 8.1</property>
</record>
<record>
  <date>2017-11-03T12:49:00</date>
  <millis>1509702540326</millis>
  <sequence>14</sequence>
  <level>RUN_DATA</level>
  <class>com.kms.katalon.core.logging.KeywordLogger</class>
  <method>logMessage</method>
  <thread>1</thread>
  <message>Logging run data &amp;apos;seleniumVersion&amp;apos; with value &amp;apos;2.53.0&amp;apos;</message>
  <nestedLevel>1</nestedLevel>
  <property name="seleniumVersion">2.53.0</property>
</record>
<record>
  <date>2017-11-03T12:49:00</date>
  <millis>1509702540327</millis>
  <sequence>15</sequence>
  <level>RUN_DATA</level>
  <class>com.kms.katalon.core.logging.KeywordLogger</class>
  <method>logMessage</method>
  <thread>1</thread>
  <message>Logging run data &amp;apos;proxyInformation&amp;apos; with value &amp;apos;ProxyInformation{proxyOption=NO_PROXY, proxyServerType=, password=, proxyServerAddress=, proxyServerPort=0}&amp;apos;</message>
  <nestedLevel>1</nestedLevel>
  <property name="proxyInformation">ProxyInformation{proxyOption=NO_PROXY, proxyServerType=, password=, proxyServerAddress=, proxyServerPort=0}</property>
</record>
<record>
  <date>2017-11-03T12:49:00</date>
  <millis>1509702540331</millis>
  <sequence>16</sequence>
  <level>INFO</level>
  <class>com.kms.katalon.core.logging.KeywordLogger</class>
  <method>logMessage</method>
  <thread>1</thread>
  <message>Navigating browser to: &amp;apos;https://sandbox.vsms.tezzasolutions.com/index&amp;apos;</message>
  <nestedLevel>1</nestedLevel>
</record>
<record>
  <date>2017-11-03T12:50:46</date>
  <millis>1509702646138</millis>
  <sequence>17</sequence>
  <level>PASSED</level>
  <class>com.kms.katalon.core.logging.KeywordLogger</class>
  <method>logMessage</method>
  <thread>1</thread>
  <message>Browser is opened with url: &amp;apos;https://sandbox.vsms.tezzasolutions.com/index&amp;apos;</message>
  <nestedLevel>1</nestedLevel>
</record>
<record>
  <date>2017-11-03T12:50:46</date>
  <millis>1509702646139</millis>
  <sequence>18</sequence>
  <level>END</level>
  <class>com.kms.katalon.core.logging.KeywordLogger</class>
  <method>endKeyword</method>
  <thread>1</thread>
  <message>End action : openBrowser</message>
  <nestedLevel>1</nestedLevel>
</record>
<record>
  <date>2017-11-03T12:50:46</date>
  <millis>1509702646140</millis>
  <sequence>19</sequence>
  <level>START</level>
  <class>com.kms.katalon.core.logging.KeywordLogger</class>
  <method>startKeyword</method>
  <thread>1</thread>
  <message>Start action : maximizeWindow</message>
  <nestedLevel>1</nestedLevel>
  <property name="startLine">25</property>
  <property name="stepIndex">2</property>
</record>
<record>
  <date>2017-11-03T12:50:46</date>
  <millis>1509702646176</millis>
  <sequence>20</sequence>
  <level>INFO</level>
  <class>com.kms.katalon.core.logging.KeywordLogger</class>
  <method>logMessage</method>
  <thread>1</thread>
  <message>Maximizing current window</message>
  <nestedLevel>1</nestedLevel>
</record>
<record>
  <date>2017-11-03T12:50:46</date>
  <millis>1509702646267</millis>
  <sequence>21</sequence>
  <level>PASSED</level>
  <class>com.kms.katalon.core.logging.KeywordLogger</class>
  <method>logMessage</method>
  <thread>1</thread>
  <message>Current window maximized</message>
  <nestedLevel>1</nestedLevel>
</record>
<record>
  <date>2017-11-03T12:50:46</date>
  <millis>1509702646267</millis>
  <sequence>22</sequence>
  <level>END</level>
  <class>com.kms.katalon.core.logging.KeywordLogger</class>
  <method>endKeyword</method>
  <thread>1</thread>
  <message>End action : maximizeWindow</message>
  <nestedLevel>1</nestedLevel>
</record>
<record>
  <date>2017-11-03T12:50:46</date>
  <millis>1509702646268</millis>
  <sequence>23</sequence>
  <level>START</level>
  <class>com.kms.katalon.core.logging.KeywordLogger</class>
  <method>startKeyword</method>
  <thread>1</thread>
  <message>Start action : click</message>
  <nestedLevel>1</nestedLevel>
  <property name="startLine">28</property>
  <property name="stepIndex">3</property>
</record>
<record>
  <date>2017-11-03T12:50:46</date>
  <millis>1509702646276</millis>
  <sequence>24</sequence>
  <level>INFO</level>
  <class>com.kms.katalon.core.logging.KeywordLogger</class>
  <method>logMessage</method>
  <thread>1</thread>
  <message>Finding Test Object with id &amp;apos;Object Repository/login/a_Log in&amp;apos;</message>
  <nestedLevel>1</nestedLevel>
</record>
<record>
  <date>2017-11-03T12:50:46</date>
  <millis>1509702646328</millis>
  <sequence>25</sequence>
  <level>INFO</level>
  <class>com.kms.katalon.core.logging.KeywordLogger</class>
  <method>logMessage</method>
  <thread>1</thread>
  <message>Checking object</message>
  <nestedLevel>1</nestedLevel>
</record>
<record>
  <date>2017-11-03T12:50:46</date>
  <millis>1509702646329</millis>
  <sequence>26</sequence>
  <level>INFO</level>
  <class>com.kms.katalon.core.logging.KeywordLogger</class>
  <method>logMessage</method>
  <thread>1</thread>
  <message>Checking timeout</message>
  <nestedLevel>1</nestedLevel>
</record>
<record>
  <date>2017-11-03T12:50:46</date>
  <millis>1509702646338</millis>
  <sequence>27</sequence>
  <level>INFO</level>
  <class>com.kms.katalon.core.logging.KeywordLogger</class>
  <method>logMessage</method>
  <thread>1</thread>
  <message>Finding web element with id: &amp;apos;Object Repository/login/a_Log in&amp;apos; located by &amp;apos;By.xpath: //a[count(. | //*[@href = &amp;apos;https://sandbox.vsms.tezzasolutions.com/login&amp;apos;]) = count(//*[@href = &amp;apos;https://sandbox.vsms.tezzasolutions.com/login&amp;apos;])][count(. | //*[contains(.,&amp;apos;Log in&amp;apos;)]) = count(//*[contains(.,&amp;apos;Log in&amp;apos;)])]&amp;apos; in &amp;apos;30&amp;apos; second(s)</message>
  <nestedLevel>1</nestedLevel>
</record>
<record>
  <date>2017-11-03T12:50:46</date>
  <millis>1509702646604</millis>
  <sequence>28</sequence>
  <level>INFO</level>
  <class>com.kms.katalon.core.logging.KeywordLogger</class>
  <method>logMessage</method>
  <thread>1</thread>
  <message>Found 1 web elements with id: &amp;apos;Object Repository/login/a_Log in&amp;apos; located by &amp;apos;By.xpath: //a[count(. | //*[@href = &amp;apos;https://sandbox.vsms.tezzasolutions.com/login&amp;apos;]) = count(//*[@href = &amp;apos;https://sandbox.vsms.tezzasolutions.com/login&amp;apos;])][count(. | //*[contains(.,&amp;apos;Log in&amp;apos;)]) = count(//*[contains(.,&amp;apos;Log in&amp;apos;)])]&amp;apos; in &amp;apos;30&amp;apos; second(s)</message>
  <nestedLevel>1</nestedLevel>
</record>
<record>
  <date>2017-11-03T12:50:46</date>
  <millis>1509702646605</millis>
  <sequence>29</sequence>
  <level>INFO</level>
  <class>com.kms.katalon.core.logging.KeywordLogger</class>
  <method>logMessage</method>
  <thread>1</thread>
  <message>Clicking on object: &amp;apos;Object Repository/login/a_Log in&amp;apos;</message>
  <nestedLevel>1</nestedLevel>
</record>
<record>
  <date>2017-11-03T12:50:46</date>
  <millis>1509702646902</millis>
  <sequence>30</sequence>
  <level>PASSED</level>
  <class>com.kms.katalon.core.logging.KeywordLogger</class>
  <method>logMessage</method>
  <thread>1</thread>
  <message>Object: &amp;apos;Object Repository/login/a_Log in&amp;apos; is clicked on</message>
  <nestedLevel>1</nestedLevel>
</record>
<record>
  <date>2017-11-03T12:50:46</date>
  <millis>1509702646902</millis>
  <sequence>31</sequence>
  <level>END</level>
  <class>com.kms.katalon.core.logging.KeywordLogger</class>
  <method>endKeyword</method>
  <thread>1</thread>
  <message>End action : click</message>
  <nestedLevel>1</nestedLevel>
</record>
<record>
  <date>2017-11-03T12:50:46</date>
  <millis>1509702646903</millis>
  <sequence>32</sequence>
  <level>START</level>
  <class>com.kms.katalon.core.logging.KeywordLogger</class>
  <method>startKeyword</method>
  <thread>1</thread>
  <message>Start action : setText</message>
  <nestedLevel>1</nestedLevel>
  <property name="startLine">31</property>
  <property name="stepIndex">4</property>
</record>
<record>
  <date>2017-11-03T12:50:46</date>
  <millis>1509702646904</millis>
  <sequence>33</sequence>
  <level>INFO</level>
  <class>com.kms.katalon.core.logging.KeywordLogger</class>
  <method>logMessage</method>
  <thread>1</thread>
  <message>Finding Test Object with id &amp;apos;Object Repository/login/input_email&amp;apos;</message>
  <nestedLevel>1</nestedLevel>
</record>
<record>
  <date>2017-11-03T12:50:46</date>
  <millis>1509702646969</millis>
  <sequence>34</sequence>
  <level>INFO</level>
  <class>com.kms.katalon.core.logging.KeywordLogger</class>
  <method>logMessage</method>
  <thread>1</thread>
  <message>Checking object</message>
  <nestedLevel>1</nestedLevel>
</record>
<record>
  <date>2017-11-03T12:50:46</date>
  <millis>1509702646970</millis>
  <sequence>35</sequence>
  <level>INFO</level>
  <class>com.kms.katalon.core.logging.KeywordLogger</class>
  <method>logMessage</method>
  <thread>1</thread>
  <message>Checking text</message>
  <nestedLevel>1</nestedLevel>
</record>
<record>
  <date>2017-11-03T12:50:46</date>
  <millis>1509702646973</millis>
  <sequence>36</sequence>
  <level>INFO</level>
  <class>com.kms.katalon.core.logging.KeywordLogger</class>
  <method>logMessage</method>
  <thread>1</thread>
  <message>Checking timeout</message>
  <nestedLevel>1</nestedLevel>
</record>
<record>
  <date>2017-11-03T12:50:46</date>
  <millis>1509702646974</millis>
  <sequence>37</sequence>
  <level>INFO</level>
  <class>com.kms.katalon.core.logging.KeywordLogger</class>
  <method>logMessage</method>
  <thread>1</thread>
  <message>Finding web element with id: &amp;apos;Object Repository/login/input_email&amp;apos; located by &amp;apos;By.xpath: //input[count(. | //*[@name = &amp;apos;email&amp;apos;]) = count(//*[@name = &amp;apos;email&amp;apos;])][count(. | //*[@type = &amp;apos;email&amp;apos;]) = count(//*[@type = &amp;apos;email&amp;apos;])]&amp;apos; in &amp;apos;30&amp;apos; second(s)</message>
  <nestedLevel>1</nestedLevel>
</record>
<record>
  <date>2017-11-03T12:51:13</date>
  <millis>1509702673690</millis>
  <sequence>38</sequence>
  <level>INFO</level>
  <class>com.kms.katalon.core.logging.KeywordLogger</class>
  <method>logMessage</method>
  <thread>1</thread>
  <message>Found 1 web elements with id: &amp;apos;Object Repository/login/input_email&amp;apos; located by &amp;apos;By.xpath: //input[count(. | //*[@name = &amp;apos;email&amp;apos;]) = count(//*[@name = &amp;apos;email&amp;apos;])][count(. | //*[@type = &amp;apos;email&amp;apos;]) = count(//*[@type = &amp;apos;email&amp;apos;])]&amp;apos; in &amp;apos;30&amp;apos; second(s)</message>
  <nestedLevel>1</nestedLevel>
</record>
<record>
  <date>2017-11-03T12:51:13</date>
  <millis>1509702673691</millis>
  <sequence>39</sequence>
  <level>INFO</level>
  <class>com.kms.katalon.core.logging.KeywordLogger</class>
  <method>logMessage</method>
  <thread>1</thread>
  <message>Clearing text of object &amp;apos;Object Repository/login/input_email&amp;apos;</message>
  <nestedLevel>1</nestedLevel>
</record>
<record>
  <date>2017-11-03T12:51:13</date>
  <millis>1509702673734</millis>
  <sequence>40</sequence>
  <level>INFO</level>
  <class>com.kms.katalon.core.logging.KeywordLogger</class>
  <method>logMessage</method>
  <thread>1</thread>
  <message>Checking timeout</message>
  <nestedLevel>1</nestedLevel>
</record>
<record>
  <date>2017-11-03T12:51:13</date>
  <millis>1509702673735</millis>
  <sequence>41</sequence>
  <level>INFO</level>
  <class>com.kms.katalon.core.logging.KeywordLogger</class>
  <method>logMessage</method>
  <thread>1</thread>
  <message>Finding web element with id: &amp;apos;Object Repository/login/input_email&amp;apos; located by &amp;apos;By.xpath: //input[count(. | //*[@name = &amp;apos;email&amp;apos;]) = count(//*[@name = &amp;apos;email&amp;apos;])][count(. | //*[@type = &amp;apos;email&amp;apos;]) = count(//*[@type = &amp;apos;email&amp;apos;])]&amp;apos; in &amp;apos;30&amp;apos; second(s)</message>
  <nestedLevel>1</nestedLevel>
</record>
<record>
  <date>2017-11-03T12:51:13</date>
  <millis>1509702673759</millis>
  <sequence>42</sequence>
  <level>INFO</level>
  <class>com.kms.katalon.core.logging.KeywordLogger</class>
  <method>logMessage</method>
  <thread>1</thread>
  <message>Found 1 web elements with id: &amp;apos;Object Repository/login/input_email&amp;apos; located by &amp;apos;By.xpath: //input[count(. | //*[@name = &amp;apos;email&amp;apos;]) = count(//*[@name = &amp;apos;email&amp;apos;])][count(. | //*[@type = &amp;apos;email&amp;apos;]) = count(//*[@type = &amp;apos;email&amp;apos;])]&amp;apos; in &amp;apos;30&amp;apos; second(s)</message>
  <nestedLevel>1</nestedLevel>
</record>
<record>
  <date>2017-11-03T12:51:13</date>
  <millis>1509702673772</millis>
  <sequence>43</sequence>
  <level>INFO</level>
  <class>com.kms.katalon.core.logging.KeywordLogger</class>
  <method>logMessage</method>
  <thread>1</thread>
  <message>Setting text of object &amp;apos;Object Repository/login/input_email&amp;apos; to value &amp;apos;clarinenyauncho@gmail.com&amp;apos;</message>
  <nestedLevel>1</nestedLevel>
</record>
<record>
  <date>2017-11-03T12:51:13</date>
  <millis>1509702673943</millis>
  <sequence>44</sequence>
  <level>PASSED</level>
  <class>com.kms.katalon.core.logging.KeywordLogger</class>
  <method>logMessage</method>
  <thread>1</thread>
  <message>Text &amp;apos;clarinenyauncho@gmail.com&amp;apos; is set on object &amp;apos;Object Repository/login/input_email&amp;apos;</message>
  <nestedLevel>1</nestedLevel>
</record>
<record>
  <date>2017-11-03T12:51:13</date>
  <millis>1509702673944</millis>
  <sequence>45</sequence>
  <level>END</level>
  <class>com.kms.katalon.core.logging.KeywordLogger</class>
  <method>endKeyword</method>
  <thread>1</thread>
  <message>End action : setText</message>
  <nestedLevel>1</nestedLevel>
</record>
<record>
  <date>2017-11-03T12:51:13</date>
  <millis>1509702673945</millis>
  <sequence>46</sequence>
  <level>START</level>
  <class>com.kms.katalon.core.logging.KeywordLogger</class>
  <method>startKeyword</method>
  <thread>1</thread>
  <message>Start action : verifyElementPresent</message>
  <nestedLevel>1</nestedLevel>
  <property name="startLine">33</property>
  <property name="stepIndex">5</property>
</record>
<record>
  <date>2017-11-03T12:51:13</date>
  <millis>1509702673945</millis>
  <sequence>47</sequence>
  <level>INFO</level>
  <class>com.kms.katalon.core.logging.KeywordLogger</class>
  <method>logMessage</method>
  <thread>1</thread>
  <message>Finding Test Object with id &amp;apos;Object Repository/Page_Visitor Security Management Sy/VSMS  Sign In&amp;apos;</message>
  <nestedLevel>1</nestedLevel>
</record>
<record>
  <date>2017-11-03T12:51:13</date>
  <millis>1509702673981</millis>
  <sequence>48</sequence>
  <level>INFO</level>
  <class>com.kms.katalon.core.logging.KeywordLogger</class>
  <method>logMessage</method>
  <thread>1</thread>
  <message>Checking object</message>
  <nestedLevel>1</nestedLevel>
</record>
<record>
  <date>2017-11-03T12:51:13</date>
  <millis>1509702673982</millis>
  <sequence>49</sequence>
  <level>INFO</level>
  <class>com.kms.katalon.core.logging.KeywordLogger</class>
  <method>logMessage</method>
  <thread>1</thread>
  <message>Checking timeout</message>
  <nestedLevel>1</nestedLevel>
</record>
<record>
  <date>2017-11-03T12:51:13</date>
  <millis>1509702673982</millis>
  <sequence>50</sequence>
  <level>INFO</level>
  <class>com.kms.katalon.core.logging.KeywordLogger</class>
  <method>logMessage</method>
  <thread>1</thread>
  <message>Finding web element with id: &amp;apos;Object Repository/Page_Visitor Security Management Sy/VSMS  Sign In&amp;apos; located by &amp;apos;By.xpath: //h3[count(. | //*[@class = &amp;apos;panel-title title&amp;apos;]) = count(//*[@class = &amp;apos;panel-title title&amp;apos;])][count(. | //*[text() = &amp;apos;VSMS | Sign In&amp;apos;]) = count(//*[text() = &amp;apos;VSMS | Sign In&amp;apos;])][count(. | id(\&amp;quot;wrapper\&amp;quot;)/div[@class=\&amp;quot;container\&amp;quot;]/div[@class=\&amp;quot;row\&amp;quot;]/div[@class=\&amp;quot;col-md-8 col-md-offset-2 col-xs-10 col-xs-offset-1 col-sm-8 col-sm-offset-2 col-lg-8 col-lg-offset-2 lgin\&amp;quot;]/div[@class=\&amp;quot;login-panel panel panel-default\&amp;quot;]/div[@class=\&amp;quot;panel-heading\&amp;quot;]/h3[@class=\&amp;quot;panel-title title\&amp;quot;]) = count(id(\&amp;quot;wrapper\&amp;quot;)/div[@class=\&amp;quot;container\&amp;quot;]/div[@class=\&amp;quot;row\&amp;quot;]/div[@class=\&amp;quot;col-md-8 col-md-offset-2 col-xs-10 col-xs-offset-1 col-sm-8 col-sm-offset-2 col-lg-8 col-lg-offset-2 lgin\&amp;quot;]/div[@class=\&amp;quot;login-panel panel panel-default\&amp;quot;]/div[@class=\&amp;quot;panel-heading\&amp;quot;]/h3[@class=\&amp;quot;panel-title title\&amp;quot;])]&amp;apos; in &amp;apos;2&amp;apos; second(s)</message>
  <nestedLevel>1</nestedLevel>
</record>
<record>
  <date>2017-11-03T12:51:14</date>
  <millis>1509702674030</millis>
  <sequence>51</sequence>
  <level>INFO</level>
  <class>com.kms.katalon.core.logging.KeywordLogger</class>
  <method>logMessage</method>
  <thread>1</thread>
  <message>Found 1 web elements with id: &amp;apos;Object Repository/Page_Visitor Security Management Sy/VSMS  Sign In&amp;apos; located by &amp;apos;By.xpath: //h3[count(. | //*[@class = &amp;apos;panel-title title&amp;apos;]) = count(//*[@class = &amp;apos;panel-title title&amp;apos;])][count(. | //*[text() = &amp;apos;VSMS | Sign In&amp;apos;]) = count(//*[text() = &amp;apos;VSMS | Sign In&amp;apos;])][count(. | id(\&amp;quot;wrapper\&amp;quot;)/div[@class=\&amp;quot;container\&amp;quot;]/div[@class=\&amp;quot;row\&amp;quot;]/div[@class=\&amp;quot;col-md-8 col-md-offset-2 col-xs-10 col-xs-offset-1 col-sm-8 col-sm-offset-2 col-lg-8 col-lg-offset-2 lgin\&amp;quot;]/div[@class=\&amp;quot;login-panel panel panel-default\&amp;quot;]/div[@class=\&amp;quot;panel-heading\&amp;quot;]/h3[@class=\&amp;quot;panel-title title\&amp;quot;]) = count(id(\&amp;quot;wrapper\&amp;quot;)/div[@class=\&amp;quot;container\&amp;quot;]/div[@class=\&amp;quot;row\&amp;quot;]/div[@class=\&amp;quot;col-md-8 col-md-offset-2 col-xs-10 col-xs-offset-1 col-sm-8 col-sm-offset-2 col-lg-8 col-lg-offset-2 lgin\&amp;quot;]/div[@class=\&amp;quot;login-panel panel panel-default\&amp;quot;]/div[@class=\&amp;quot;panel-heading\&amp;quot;]/h3[@class=\&amp;quot;panel-title title\&amp;quot;])]&amp;apos; in &amp;apos;2&amp;apos; second(s)</message>
  <nestedLevel>1</nestedLevel>
</record>
<record>
  <date>2017-11-03T12:51:14</date>
  <millis>1509702674032</millis>
  <sequence>52</sequence>
  <level>PASSED</level>
  <class>com.kms.katalon.core.logging.KeywordLogger</class>
  <method>logMessage</method>
  <thread>1</thread>
  <message>Object &amp;apos;Object Repository/Page_Visitor Security Management Sy/VSMS  Sign In&amp;apos; is present</message>
  <nestedLevel>1</nestedLevel>
</record>
<record>
  <date>2017-11-03T12:51:14</date>
  <millis>1509702674033</millis>
  <sequence>53</sequence>
  <level>END</level>
  <class>com.kms.katalon.core.logging.KeywordLogger</class>
  <method>endKeyword</method>
  <thread>1</thread>
  <message>End action : verifyElementPresent</message>
  <nestedLevel>1</nestedLevel>
</record>
<record>
  <date>2017-11-03T12:51:14</date>
  <millis>1509702674033</millis>
  <sequence>54</sequence>
  <level>START</level>
  <class>com.kms.katalon.core.logging.KeywordLogger</class>
  <method>startKeyword</method>
  <thread>1</thread>
  <message>Start action : setText</message>
  <nestedLevel>1</nestedLevel>
  <property name="startLine">35</property>
  <property name="stepIndex">6</property>
</record>
<record>
  <date>2017-11-03T12:51:14</date>
  <millis>1509702674034</millis>
  <sequence>55</sequence>
  <level>INFO</level>
  <class>com.kms.katalon.core.logging.KeywordLogger</class>
  <method>logMessage</method>
  <thread>1</thread>
  <message>Finding Test Object with id &amp;apos;Object Repository/login/input_password&amp;apos;</message>
  <nestedLevel>1</nestedLevel>
</record>
<record>
  <date>2017-11-03T12:51:14</date>
  <millis>1509702674072</millis>
  <sequence>56</sequence>
  <level>INFO</level>
  <class>com.kms.katalon.core.logging.KeywordLogger</class>
  <method>logMessage</method>
  <thread>1</thread>
  <message>Checking object</message>
  <nestedLevel>1</nestedLevel>
</record>
<record>
  <date>2017-11-03T12:51:14</date>
  <millis>1509702674073</millis>
  <sequence>57</sequence>
  <level>INFO</level>
  <class>com.kms.katalon.core.logging.KeywordLogger</class>
  <method>logMessage</method>
  <thread>1</thread>
  <message>Checking text</message>
  <nestedLevel>1</nestedLevel>
</record>
<record>
  <date>2017-11-03T12:51:14</date>
  <millis>1509702674074</millis>
  <sequence>58</sequence>
  <level>INFO</level>
  <class>com.kms.katalon.core.logging.KeywordLogger</class>
  <method>logMessage</method>
  <thread>1</thread>
  <message>Checking timeout</message>
  <nestedLevel>1</nestedLevel>
</record>
<record>
  <date>2017-11-03T12:51:14</date>
  <millis>1509702674075</millis>
  <sequence>59</sequence>
  <level>INFO</level>
  <class>com.kms.katalon.core.logging.KeywordLogger</class>
  <method>logMessage</method>
  <thread>1</thread>
  <message>Finding web element with id: &amp;apos;Object Repository/login/input_password&amp;apos; located by &amp;apos;By.xpath: //input[count(. | //*[@name = &amp;apos;password&amp;apos;]) = count(//*[@name = &amp;apos;password&amp;apos;])][count(. | //*[@type = &amp;apos;password&amp;apos;]) = count(//*[@type = &amp;apos;password&amp;apos;])]&amp;apos; in &amp;apos;30&amp;apos; second(s)</message>
  <nestedLevel>1</nestedLevel>
</record>
<record>
  <date>2017-11-03T12:51:14</date>
  <millis>1509702674111</millis>
  <sequence>60</sequence>
  <level>INFO</level>
  <class>com.kms.katalon.core.logging.KeywordLogger</class>
  <method>logMessage</method>
  <thread>1</thread>
  <message>Found 1 web elements with id: &amp;apos;Object Repository/login/input_password&amp;apos; located by &amp;apos;By.xpath: //input[count(. | //*[@name = &amp;apos;password&amp;apos;]) = count(//*[@name = &amp;apos;password&amp;apos;])][count(. | //*[@type = &amp;apos;password&amp;apos;]) = count(//*[@type = &amp;apos;password&amp;apos;])]&amp;apos; in &amp;apos;30&amp;apos; second(s)</message>
  <nestedLevel>1</nestedLevel>
</record>
<record>
  <date>2017-11-03T12:51:14</date>
  <millis>1509702674112</millis>
  <sequence>61</sequence>
  <level>INFO</level>
  <class>com.kms.katalon.core.logging.KeywordLogger</class>
  <method>logMessage</method>
  <thread>1</thread>
  <message>Clearing text of object &amp;apos;Object Repository/login/input_password&amp;apos;</message>
  <nestedLevel>1</nestedLevel>
</record>
<record>
  <date>2017-11-03T12:51:14</date>
  <millis>1509702674183</millis>
  <sequence>62</sequence>
  <level>INFO</level>
  <class>com.kms.katalon.core.logging.KeywordLogger</class>
  <method>logMessage</method>
  <thread>1</thread>
  <message>Checking timeout</message>
  <nestedLevel>1</nestedLevel>
</record>
<record>
  <date>2017-11-03T12:51:14</date>
  <millis>1509702674188</millis>
  <sequence>63</sequence>
  <level>INFO</level>
  <class>com.kms.katalon.core.logging.KeywordLogger</class>
  <method>logMessage</method>
  <thread>1</thread>
  <message>Finding web element with id: &amp;apos;Object Repository/login/input_password&amp;apos; located by &amp;apos;By.xpath: //input[count(. | //*[@name = &amp;apos;password&amp;apos;]) = count(//*[@name = &amp;apos;password&amp;apos;])][count(. | //*[@type = &amp;apos;password&amp;apos;]) = count(//*[@type = &amp;apos;password&amp;apos;])]&amp;apos; in &amp;apos;30&amp;apos; second(s)</message>
  <nestedLevel>1</nestedLevel>
</record>
<record>
  <date>2017-11-03T12:51:14</date>
  <millis>1509702674243</millis>
  <sequence>64</sequence>
  <level>INFO</level>
  <class>com.kms.katalon.core.logging.KeywordLogger</class>
  <method>logMessage</method>
  <thread>1</thread>
  <message>Found 1 web elements with id: &amp;apos;Object Repository/login/input_password&amp;apos; located by &amp;apos;By.xpath: //input[count(. | //*[@name = &amp;apos;password&amp;apos;]) = count(//*[@name = &amp;apos;password&amp;apos;])][count(. | //*[@type = &amp;apos;password&amp;apos;]) = count(//*[@type = &amp;apos;password&amp;apos;])]&amp;apos; in &amp;apos;30&amp;apos; second(s)</message>
  <nestedLevel>1</nestedLevel>
</record>
<record>
  <date>2017-11-03T12:51:14</date>
  <millis>1509702674244</millis>
  <sequence>65</sequence>
  <level>INFO</level>
  <class>com.kms.katalon.core.logging.KeywordLogger</class>
  <method>logMessage</method>
  <thread>1</thread>
  <message>Setting text of object &amp;apos;Object Repository/login/input_password&amp;apos; to value &amp;apos;changeme&amp;apos;</message>
  <nestedLevel>1</nestedLevel>
</record>
<record>
  <date>2017-11-03T12:51:14</date>
  <millis>1509702674359</millis>
  <sequence>66</sequence>
  <level>PASSED</level>
  <class>com.kms.katalon.core.logging.KeywordLogger</class>
  <method>logMessage</method>
  <thread>1</thread>
  <message>Text &amp;apos;changeme&amp;apos; is set on object &amp;apos;Object Repository/login/input_password&amp;apos;</message>
  <nestedLevel>1</nestedLevel>
</record>
<record>
  <date>2017-11-03T12:51:14</date>
  <millis>1509702674359</millis>
  <sequence>67</sequence>
  <level>END</level>
  <class>com.kms.katalon.core.logging.KeywordLogger</class>
  <method>endKeyword</method>
  <thread>1</thread>
  <message>End action : setText</message>
  <nestedLevel>1</nestedLevel>
</record>
<record>
  <date>2017-11-03T12:51:14</date>
  <millis>1509702674360</millis>
  <sequence>68</sequence>
  <level>START</level>
  <class>com.kms.katalon.core.logging.KeywordLogger</class>
  <method>startKeyword</method>
  <thread>1</thread>
  <message>Start action : verifyElementClickable</message>
  <nestedLevel>1</nestedLevel>
  <property name="startLine">37</property>
  <property name="stepIndex">7</property>
</record>
<record>
  <date>2017-11-03T12:51:14</date>
  <millis>1509702674361</millis>
  <sequence>69</sequence>
  <level>INFO</level>
  <class>com.kms.katalon.core.logging.KeywordLogger</class>
  <method>logMessage</method>
  <thread>1</thread>
  <message>Finding Test Object with id &amp;apos;Object Repository/login/button_Login&amp;apos;</message>
  <nestedLevel>1</nestedLevel>
</record>
<record>
  <date>2017-11-03T12:51:14</date>
  <millis>1509702674394</millis>
  <sequence>70</sequence>
  <level>INFO</level>
  <class>com.kms.katalon.core.logging.KeywordLogger</class>
  <method>logMessage</method>
  <thread>1</thread>
  <message>Checking object</message>
  <nestedLevel>1</nestedLevel>
</record>
<record>
  <date>2017-11-03T12:51:14</date>
  <millis>1509702674395</millis>
  <sequence>71</sequence>
  <level>INFO</level>
  <class>com.kms.katalon.core.logging.KeywordLogger</class>
  <method>logMessage</method>
  <thread>1</thread>
  <message>Checking timeout</message>
  <nestedLevel>1</nestedLevel>
</record>
<record>
  <date>2017-11-03T12:51:14</date>
  <millis>1509702674396</millis>
  <sequence>72</sequence>
  <level>INFO</level>
  <class>com.kms.katalon.core.logging.KeywordLogger</class>
  <method>logMessage</method>
  <thread>1</thread>
  <message>Finding web element with id: &amp;apos;Object Repository/login/button_Login&amp;apos; located by &amp;apos;By.xpath: //button[count(. | //*[contains(.,&amp;apos;Login&amp;apos;)]) = count(//*[contains(.,&amp;apos;Login&amp;apos;)])][count(. | //*[@type = &amp;apos;submit&amp;apos;]) = count(//*[@type = &amp;apos;submit&amp;apos;])]&amp;apos; in &amp;apos;30&amp;apos; second(s)</message>
  <nestedLevel>1</nestedLevel>
</record>
<record>
  <date>2017-11-03T12:51:14</date>
  <millis>1509702674432</millis>
  <sequence>73</sequence>
  <level>INFO</level>
  <class>com.kms.katalon.core.logging.KeywordLogger</class>
  <method>logMessage</method>
  <thread>1</thread>
  <message>Found 1 web elements with id: &amp;apos;Object Repository/login/button_Login&amp;apos; located by &amp;apos;By.xpath: //button[count(. | //*[contains(.,&amp;apos;Login&amp;apos;)]) = count(//*[contains(.,&amp;apos;Login&amp;apos;)])][count(. | //*[@type = &amp;apos;submit&amp;apos;]) = count(//*[@type = &amp;apos;submit&amp;apos;])]&amp;apos; in &amp;apos;30&amp;apos; second(s)</message>
  <nestedLevel>1</nestedLevel>
</record>
<record>
  <date>2017-11-03T12:51:14</date>
  <millis>1509702674475</millis>
  <sequence>74</sequence>
  <level>PASSED</level>
  <class>com.kms.katalon.core.logging.KeywordLogger</class>
  <method>logMessage</method>
  <thread>1</thread>
  <message>Object &amp;apos;Object Repository/login/button_Login&amp;apos; is clickable</message>
  <nestedLevel>1</nestedLevel>
</record>
<record>
  <date>2017-11-03T12:51:14</date>
  <millis>1509702674476</millis>
  <sequence>75</sequence>
  <level>END</level>
  <class>com.kms.katalon.core.logging.KeywordLogger</class>
  <method>endKeyword</method>
  <thread>1</thread>
  <message>End action : verifyElementClickable</message>
  <nestedLevel>1</nestedLevel>
</record>
<record>
  <date>2017-11-03T12:51:14</date>
  <millis>1509702674477</millis>
  <sequence>76</sequence>
  <level>START</level>
  <class>com.kms.katalon.core.logging.KeywordLogger</class>
  <method>startKeyword</method>
  <thread>1</thread>
  <message>Start action : click</message>
  <nestedLevel>1</nestedLevel>
  <property name="startLine">39</property>
  <property name="stepIndex">8</property>
</record>
<record>
  <date>2017-11-03T12:51:14</date>
  <millis>1509702674478</millis>
  <sequence>77</sequence>
  <level>INFO</level>
  <class>com.kms.katalon.core.logging.KeywordLogger</class>
  <method>logMessage</method>
  <thread>1</thread>
  <message>Finding Test Object with id &amp;apos;Object Repository/login/button_Login&amp;apos;</message>
  <nestedLevel>1</nestedLevel>
</record>
<record>
  <date>2017-11-03T12:51:14</date>
  <millis>1509702674484</millis>
  <sequence>78</sequence>
  <level>INFO</level>
  <class>com.kms.katalon.core.logging.KeywordLogger</class>
  <method>logMessage</method>
  <thread>1</thread>
  <message>Checking object</message>
  <nestedLevel>1</nestedLevel>
</record>
<record>
  <date>2017-11-03T12:51:14</date>
  <millis>1509702674485</millis>
  <sequence>79</sequence>
  <level>INFO</level>
  <class>com.kms.katalon.core.logging.KeywordLogger</class>
  <method>logMessage</method>
  <thread>1</thread>
  <message>Checking timeout</message>
  <nestedLevel>1</nestedLevel>
</record>
<record>
  <date>2017-11-03T12:51:14</date>
  <millis>1509702674486</millis>
  <sequence>80</sequence>
  <level>INFO</level>
  <class>com.kms.katalon.core.logging.KeywordLogger</class>
  <method>logMessage</method>
  <thread>1</thread>
  <message>Finding web element with id: &amp;apos;Object Repository/login/button_Login&amp;apos; located by &amp;apos;By.xpath: //button[count(. | //*[contains(.,&amp;apos;Login&amp;apos;)]) = count(//*[contains(.,&amp;apos;Login&amp;apos;)])][count(. | //*[@type = &amp;apos;submit&amp;apos;]) = count(//*[@type = &amp;apos;submit&amp;apos;])]&amp;apos; in &amp;apos;30&amp;apos; second(s)</message>
  <nestedLevel>1</nestedLevel>
</record>
<record>
  <date>2017-11-03T12:51:14</date>
  <millis>1509702674532</millis>
  <sequence>81</sequence>
  <level>INFO</level>
  <class>com.kms.katalon.core.logging.KeywordLogger</class>
  <method>logMessage</method>
  <thread>1</thread>
  <message>Found 1 web elements with id: &amp;apos;Object Repository/login/button_Login&amp;apos; located by &amp;apos;By.xpath: //button[count(. | //*[contains(.,&amp;apos;Login&amp;apos;)]) = count(//*[contains(.,&amp;apos;Login&amp;apos;)])][count(. | //*[@type = &amp;apos;submit&amp;apos;]) = count(//*[@type = &amp;apos;submit&amp;apos;])]&amp;apos; in &amp;apos;30&amp;apos; second(s)</message>
  <nestedLevel>1</nestedLevel>
</record>
<record>
  <date>2017-11-03T12:51:14</date>
  <millis>1509702674533</millis>
  <sequence>82</sequence>
  <level>INFO</level>
  <class>com.kms.katalon.core.logging.KeywordLogger</class>
  <method>logMessage</method>
  <thread>1</thread>
  <message>Clicking on object: &amp;apos;Object Repository/login/button_Login&amp;apos;</message>
  <nestedLevel>1</nestedLevel>
</record>
<record>
  <date>2017-11-03T12:51:52</date>
  <millis>1509702712538</millis>
  <sequence>83</sequence>
  <level>PASSED</level>
  <class>com.kms.katalon.core.logging.KeywordLogger</class>
  <method>logMessage</method>
  <thread>1</thread>
  <message>Object: &amp;apos;Object Repository/login/button_Login&amp;apos; is clicked on</message>
  <nestedLevel>1</nestedLevel>
</record>
<record>
  <date>2017-11-03T12:51:52</date>
  <millis>1509702712539</millis>
  <sequence>84</sequence>
  <level>END</level>
  <class>com.kms.katalon.core.logging.KeywordLogger</class>
  <method>endKeyword</method>
  <thread>1</thread>
  <message>End action : click</message>
  <nestedLevel>1</nestedLevel>
</record>
<record>
  <date>2017-11-03T12:51:52</date>
  <millis>1509702712539</millis>
  <sequence>85</sequence>
  <level>PASSED</level>
  <class>com.kms.katalon.core.logging.KeywordLogger</class>
  <method>logMessage</method>
  <thread>1</thread>
  <message>Test Cases/Common/User Login</message>
  <nestedLevel>1</nestedLevel>
</record>
<record>
  <date>2017-11-03T12:51:52</date>
  <millis>1509702712540</millis>
  <sequence>86</sequence>
  <level>END</level>
  <class>com.kms.katalon.core.logging.KeywordLogger</class>
  <method>endTest</method>
  <thread>1</thread>
  <message>End Test Case : Test Cases/Common/User Login</message>
  <nestedLevel>0</nestedLevel>
</record>
<record>
  <date>2017-11-03T12:51:53</date>
  <millis>1509702713968</millis>
  <sequence>87</sequence>
  <level>END</level>
  <class>com.kms.katalon.core.logging.KeywordLogger</class>
  <method>endSuite</method>
  <thread>1</thread>
  <message>End Test Suite : LogIn</message>
  <nestedLevel>0</nestedLevel>
</record>
</log>
