<?xml version="1.0" encoding="UTF-8" standalone="no"?>
<!DOCTYPE log SYSTEM "logger.dtd">
<log>
<record>
  <date>2017-12-05T12:18:49</date>
  <millis>1512465529132</millis>
  <sequence>0</sequence>
  <level>START</level>
  <class>com.kms.katalon.core.logging.KeywordLogger</class>
  <method>startSuite</method>
  <thread>1</thread>
  <message>Start Test Suite : Sign up</message>
  <nestedLevel>0</nestedLevel>
  <property name="name">Sign up</property>
  <property name="description">Sign up in order to request a meeting</property>
  <property name="id">Test Suites/Request Meeting/Sign up</property>
</record>
<record>
  <date>2017-12-05T12:18:49</date>
  <millis>1512465529153</millis>
  <sequence>1</sequence>
  <level>RUN_DATA</level>
  <class>com.kms.katalon.core.logging.KeywordLogger</class>
  <method>logMessage</method>
  <thread>1</thread>
  <message>Logging run data &amp;apos;hostName&amp;apos; with value &amp;apos;Dennis Gituto - DESKTOP-IA8CIQG&amp;apos;</message>
  <nestedLevel>0</nestedLevel>
  <property name="hostName">Dennis Gituto - DESKTOP-IA8CIQG</property>
</record>
<record>
  <date>2017-12-05T12:18:49</date>
  <millis>1512465529154</millis>
  <sequence>2</sequence>
  <level>RUN_DATA</level>
  <class>com.kms.katalon.core.logging.KeywordLogger</class>
  <method>logMessage</method>
  <thread>1</thread>
  <message>Logging run data &amp;apos;os&amp;apos; with value &amp;apos;Windows 10 64bit&amp;apos;</message>
  <nestedLevel>0</nestedLevel>
  <property name="os">Windows 10 64bit</property>
</record>
<record>
  <date>2017-12-05T12:18:49</date>
  <millis>1512465529155</millis>
  <sequence>3</sequence>
  <level>RUN_DATA</level>
  <class>com.kms.katalon.core.logging.KeywordLogger</class>
  <method>logMessage</method>
  <thread>1</thread>
  <message>Logging run data &amp;apos;hostAddress&amp;apos; with value &amp;apos;192.168.1.101&amp;apos;</message>
  <nestedLevel>0</nestedLevel>
  <property name="hostAddress">192.168.1.101</property>
</record>
<record>
  <date>2017-12-05T12:18:49</date>
  <millis>1512465529156</millis>
  <sequence>4</sequence>
  <level>RUN_DATA</level>
  <class>com.kms.katalon.core.logging.KeywordLogger</class>
  <method>logMessage</method>
  <thread>1</thread>
  <message>Logging run data &amp;apos;katalonVersion&amp;apos; with value &amp;apos;5.1.0.1&amp;apos;</message>
  <nestedLevel>0</nestedLevel>
  <property name="katalonVersion">5.1.0.1</property>
</record>
<record>
  <date>2017-12-05T12:18:49</date>
  <millis>1512465529466</millis>
  <sequence>5</sequence>
  <level>START</level>
  <class>com.kms.katalon.core.logging.KeywordLogger</class>
  <method>startTest</method>
  <thread>1</thread>
  <message>Start Test Case : Test Cases/Request A Meeting/Sign Up in Request Meeting</message>
  <nestedLevel>1</nestedLevel>
  <property name="name">Test Cases/Request A Meeting/Sign Up in Request Meeting</property>
  <property name="description">Sign Up in Request Meeting in Homepage</property>
  <property name="id">Test Cases/Request A Meeting/Sign Up in Request Meeting</property>
  <property name="source">C:\\Users\\Dennis Gituto\\git\\VSMS-Test-AutomationTest Cases\\Request A Meeting\\Sign Up in Request Meeting.tc</property>
  <property name="isOptional">false</property>
</record>
<record>
  <date>2017-12-05T12:18:49</date>
  <millis>1512465529631</millis>
  <sequence>6</sequence>
  <level>INFO</level>
  <class>com.kms.katalon.core.logging.KeywordLogger</class>
  <method>logMessage</method>
  <thread>1</thread>
  <message>Evaluating variables for test case</message>
  <nestedLevel>1</nestedLevel>
</record>
<record>
  <date>2017-12-05T12:18:49</date>
  <millis>1512465529688</millis>
  <sequence>7</sequence>
  <level>INFO</level>
  <class>com.kms.katalon.core.logging.KeywordLogger</class>
  <method>logMessage</method>
  <thread>1</thread>
  <message>Variable &amp;apos;var_title&amp;apos; is set to Mr</message>
  <nestedLevel>1</nestedLevel>
</record>
<record>
  <date>2017-12-05T12:18:49</date>
  <millis>1512465529690</millis>
  <sequence>8</sequence>
  <level>INFO</level>
  <class>com.kms.katalon.core.logging.KeywordLogger</class>
  <method>logMessage</method>
  <thread>1</thread>
  <message>Variable &amp;apos;var_firstName&amp;apos; is set to Dennis</message>
  <nestedLevel>1</nestedLevel>
</record>
<record>
  <date>2017-12-05T12:18:49</date>
  <millis>1512465529691</millis>
  <sequence>9</sequence>
  <level>INFO</level>
  <class>com.kms.katalon.core.logging.KeywordLogger</class>
  <method>logMessage</method>
  <thread>1</thread>
  <message>Variable &amp;apos;var_lastName&amp;apos; is set to Gituto</message>
  <nestedLevel>1</nestedLevel>
</record>
<record>
  <date>2017-12-05T12:18:49</date>
  <millis>1512465529692</millis>
  <sequence>10</sequence>
  <level>INFO</level>
  <class>com.kms.katalon.core.logging.KeywordLogger</class>
  <method>logMessage</method>
  <thread>1</thread>
  <message>Variable &amp;apos;var_email&amp;apos; is set to dennisgituto@yahoo.com</message>
  <nestedLevel>1</nestedLevel>
</record>
<record>
  <date>2017-12-05T12:18:49</date>
  <millis>1512465529693</millis>
  <sequence>11</sequence>
  <level>INFO</level>
  <class>com.kms.katalon.core.logging.KeywordLogger</class>
  <method>logMessage</method>
  <thread>1</thread>
  <message>Variable &amp;apos;var_password&amp;apos; is set to desteg</message>
  <nestedLevel>1</nestedLevel>
</record>
<record>
  <date>2017-12-05T12:18:49</date>
  <millis>1512465529694</millis>
  <sequence>12</sequence>
  <level>INFO</level>
  <class>com.kms.katalon.core.logging.KeywordLogger</class>
  <method>logMessage</method>
  <thread>1</thread>
  <message>Variable &amp;apos;var_confirmPassword&amp;apos; is set to desteg</message>
  <nestedLevel>1</nestedLevel>
</record>
<record>
  <date>2017-12-05T12:18:50</date>
  <millis>1512465530142</millis>
  <sequence>13</sequence>
  <level>START</level>
  <class>com.kms.katalon.core.logging.KeywordLogger</class>
  <method>startKeyword</method>
  <thread>1</thread>
  <message>Start action : callTestCase</message>
  <nestedLevel>1</nestedLevel>
  <property name="startLine">22</property>
  <property name="stepIndex">1</property>
</record>
<record>
  <date>2017-12-05T12:18:50</date>
  <millis>1512465530163</millis>
  <sequence>14</sequence>
  <level>INFO</level>
  <class>com.kms.katalon.core.logging.KeywordLogger</class>
  <method>logMessage</method>
  <thread>1</thread>
  <message>Checking test data id</message>
  <nestedLevel>1</nestedLevel>
</record>
<record>
  <date>2017-12-05T12:18:50</date>
  <millis>1512465530165</millis>
  <sequence>15</sequence>
  <level>INFO</level>
  <class>com.kms.katalon.core.logging.KeywordLogger</class>
  <method>logMessage</method>
  <thread>1</thread>
  <message>Finding test data with id &amp;apos;Data Files/Request Meeting &amp;apos;</message>
  <nestedLevel>1</nestedLevel>
</record>
<record>
  <date>2017-12-05T12:18:50</date>
  <millis>1512465530172</millis>
  <sequence>16</sequence>
  <level>INFO</level>
  <class>com.kms.katalon.core.logging.KeywordLogger</class>
  <method>logMessage</method>
  <thread>1</thread>
  <message>Test data is excel file, reading excel file</message>
  <nestedLevel>1</nestedLevel>
</record>
<record>
  <date>2017-12-05T12:18:50</date>
  <millis>1512465530175</millis>
  <sequence>17</sequence>
  <level>INFO</level>
  <class>com.kms.katalon.core.logging.KeywordLogger</class>
  <method>logMessage</method>
  <thread>1</thread>
  <message>Reading excel file with source file &amp;apos;C:\\Users\\Dennis Gituto\\git\\VSMS-Test-Automation\\Data Files\\Request Meeting.xlsx&amp;apos; and sheet name &amp;apos;Sheet1&amp;apos;</message>
  <nestedLevel>1</nestedLevel>
</record>
<record>
  <date>2017-12-05T12:18:51</date>
  <millis>1512465531060</millis>
  <sequence>18</sequence>
  <level>INFO</level>
  <class>com.kms.katalon.core.logging.KeywordLogger</class>
  <method>logMessage</method>
  <thread>1</thread>
  <message>Checking called Test Case</message>
  <nestedLevel>1</nestedLevel>
</record>
<record>
  <date>2017-12-05T12:18:51</date>
  <millis>1512465531061</millis>
  <sequence>19</sequence>
  <level>INFO</level>
  <class>com.kms.katalon.core.logging.KeywordLogger</class>
  <method>logMessage</method>
  <thread>1</thread>
  <message>Starting to call Test Case &amp;apos;Test Cases/Request A Meeting/Request a Meeting Menu&amp;apos;</message>
  <nestedLevel>1</nestedLevel>
</record>
<record>
  <date>2017-12-05T12:18:51</date>
  <millis>1512465531117</millis>
  <sequence>20</sequence>
  <level>START</level>
  <class>com.kms.katalon.core.logging.KeywordLogger</class>
  <method>startTest</method>
  <thread>1</thread>
  <message>Start Test Case : Test Cases/Request A Meeting/Request a Meeting Menu</message>
  <nestedLevel>2</nestedLevel>
  <property name="name">Test Cases/Request A Meeting/Request a Meeting Menu</property>
  <property name="description">Contains all the common steps in Request Meeting</property>
  <property name="id">Test Cases/Request A Meeting/Request a Meeting Menu</property>
  <property name="source">C:\\Users\\Dennis Gituto\\git\\VSMS-Test-AutomationTest Cases\\Request A Meeting\\Request a Meeting Menu.tc</property>
  <property name="isOptional">false</property>
</record>
<record>
  <date>2017-12-05T12:18:51</date>
  <millis>1512465531134</millis>
  <sequence>21</sequence>
  <level>INFO</level>
  <class>com.kms.katalon.core.logging.KeywordLogger</class>
  <method>logMessage</method>
  <thread>1</thread>
  <message>Evaluating variables for test case</message>
  <nestedLevel>2</nestedLevel>
</record>
<record>
  <date>2017-12-05T12:18:51</date>
  <millis>1512465531135</millis>
  <sequence>22</sequence>
  <level>INFO</level>
  <class>com.kms.katalon.core.logging.KeywordLogger</class>
  <method>logMessage</method>
  <thread>1</thread>
  <message>Variable &amp;apos;var_url&amp;apos; is set to https://sandbox.vsms.tezzasolutions.com/index</message>
  <nestedLevel>2</nestedLevel>
</record>
<record>
  <date>2017-12-05T12:18:51</date>
  <millis>1512465531311</millis>
  <sequence>23</sequence>
  <level>START</level>
  <class>com.kms.katalon.core.logging.KeywordLogger</class>
  <method>startKeyword</method>
  <thread>1</thread>
  <message>Start action : openBrowser</message>
  <nestedLevel>1</nestedLevel>
  <property name="startLine">22</property>
  <property name="stepIndex">1</property>
</record>
<record>
  <date>2017-12-05T12:18:51</date>
  <millis>1512465531582</millis>
  <sequence>24</sequence>
  <level>INFO</level>
  <class>com.kms.katalon.core.logging.KeywordLogger</class>
  <method>logMessage</method>
  <thread>1</thread>
  <message>Opening browser</message>
  <nestedLevel>2</nestedLevel>
</record>
<record>
  <date>2017-12-05T12:18:51</date>
  <millis>1512465531592</millis>
  <sequence>25</sequence>
  <level>INFO</level>
  <class>com.kms.katalon.core.logging.KeywordLogger</class>
  <method>logMessage</method>
  <thread>1</thread>
  <message>Starting &amp;apos;Chrome&amp;apos; driver</message>
  <nestedLevel>2</nestedLevel>
</record>
<record>
  <date>2017-12-05T12:18:51</date>
  <millis>1512465531662</millis>
  <sequence>26</sequence>
  <level>INFO</level>
  <class>com.kms.katalon.core.logging.KeywordLogger</class>
  <method>logMessage</method>
  <thread>1</thread>
  <message>Action delay is set to 0 seconds</message>
  <nestedLevel>2</nestedLevel>
</record>
<record>
  <date>2017-12-05T12:18:54</date>
  <millis>1512465534428</millis>
  <sequence>28</sequence>
  <level>RUN_DATA</level>
  <class>com.kms.katalon.core.logging.KeywordLogger</class>
  <method>logMessage</method>
  <thread>1</thread>
  <message>Logging run data &amp;apos;sessionId&amp;apos; with value &amp;apos;f196045b3a7221c796a7bd1c5c6ef639&amp;apos;</message>
  <nestedLevel>2</nestedLevel>
  <property name="sessionId">f196045b3a7221c796a7bd1c5c6ef639</property>
</record>
<record>
  <date>2017-12-05T12:18:54</date>
  <millis>1512465534466</millis>
  <sequence>29</sequence>
  <level>RUN_DATA</level>
  <class>com.kms.katalon.core.logging.KeywordLogger</class>
  <method>logMessage</method>
  <thread>1</thread>
  <message>Logging run data &amp;apos;browser&amp;apos; with value &amp;apos;Chrome 62.0.3202.94&amp;apos;</message>
  <nestedLevel>2</nestedLevel>
  <property name="browser">Chrome 62.0.3202.94</property>
</record>
<record>
  <date>2017-12-05T12:18:54</date>
  <millis>1512465534467</millis>
  <sequence>30</sequence>
  <level>RUN_DATA</level>
  <class>com.kms.katalon.core.logging.KeywordLogger</class>
  <method>logMessage</method>
  <thread>1</thread>
  <message>Logging run data &amp;apos;platform&amp;apos; with value &amp;apos;Windows 10&amp;apos;</message>
  <nestedLevel>2</nestedLevel>
  <property name="platform">Windows 10</property>
</record>
<record>
  <date>2017-12-05T12:18:54</date>
  <millis>1512465534469</millis>
  <sequence>31</sequence>
  <level>RUN_DATA</level>
  <class>com.kms.katalon.core.logging.KeywordLogger</class>
  <method>logMessage</method>
  <thread>1</thread>
  <message>Logging run data &amp;apos;seleniumVersion&amp;apos; with value &amp;apos;3.7.1&amp;apos;</message>
  <nestedLevel>2</nestedLevel>
  <property name="seleniumVersion">3.7.1</property>
</record>
<record>
  <date>2017-12-05T12:18:54</date>
  <millis>1512465534470</millis>
  <sequence>32</sequence>
  <level>RUN_DATA</level>
  <class>com.kms.katalon.core.logging.KeywordLogger</class>
  <method>logMessage</method>
  <thread>1</thread>
  <message>Logging run data &amp;apos;proxyInformation&amp;apos; with value &amp;apos;ProxyInformation{proxyOption=NO_PROXY, proxyServerType=HTTP, password=, proxyServerAddress=, proxyServerPort=0}&amp;apos;</message>
  <nestedLevel>2</nestedLevel>
  <property name="proxyInformation">ProxyInformation{proxyOption=NO_PROXY, proxyServerType=HTTP, password=, proxyServerAddress=, proxyServerPort=0}</property>
</record>
<record>
  <date>2017-12-05T12:18:54</date>
  <millis>1512465534471</millis>
  <sequence>33</sequence>
  <level>PASSED</level>
  <class>com.kms.katalon.core.logging.KeywordLogger</class>
  <method>logMessage</method>
  <thread>1</thread>
  <message>Browser is opened with url: &amp;apos;&amp;apos;</message>
  <nestedLevel>2</nestedLevel>
</record>
<record>
  <date>2017-12-05T12:18:54</date>
  <millis>1512465534472</millis>
  <sequence>34</sequence>
  <level>END</level>
  <class>com.kms.katalon.core.logging.KeywordLogger</class>
  <method>endKeyword</method>
  <thread>1</thread>
  <message>End action : openBrowser</message>
  <nestedLevel>1</nestedLevel>
</record>
<record>
  <date>2017-12-05T12:18:54</date>
  <millis>1512465534472</millis>
  <sequence>35</sequence>
  <level>START</level>
  <class>com.kms.katalon.core.logging.KeywordLogger</class>
  <method>startKeyword</method>
  <thread>1</thread>
  <message>Start action : navigateToUrl</message>
  <nestedLevel>1</nestedLevel>
  <property name="startLine">24</property>
  <property name="stepIndex">2</property>
</record>
<record>
  <date>2017-12-05T12:18:54</date>
  <millis>1512465534486</millis>
  <sequence>36</sequence>
  <level>INFO</level>
  <class>com.kms.katalon.core.logging.KeywordLogger</class>
  <method>logMessage</method>
  <thread>1</thread>
  <message>Checking url</message>
  <nestedLevel>2</nestedLevel>
</record>
<record>
  <date>2017-12-05T12:18:54</date>
  <millis>1512465534489</millis>
  <sequence>37</sequence>
  <level>INFO</level>
  <class>com.kms.katalon.core.logging.KeywordLogger</class>
  <method>logMessage</method>
  <thread>1</thread>
  <message>Navigating to &amp;apos;https://sandbox.vsms.tezzasolutions.com/index&amp;apos;</message>
  <nestedLevel>2</nestedLevel>
</record>
<record>
  <date>2017-12-05T12:19:37</date>
  <millis>1512465577858</millis>
  <sequence>38</sequence>
  <level>PASSED</level>
  <class>com.kms.katalon.core.logging.KeywordLogger</class>
  <method>logMessage</method>
  <thread>1</thread>
  <message>Navigate to &amp;apos;https://sandbox.vsms.tezzasolutions.com/index&amp;apos; successfully</message>
  <nestedLevel>2</nestedLevel>
</record>
<record>
  <date>2017-12-05T12:19:37</date>
  <millis>1512465577860</millis>
  <sequence>39</sequence>
  <level>END</level>
  <class>com.kms.katalon.core.logging.KeywordLogger</class>
  <method>endKeyword</method>
  <thread>1</thread>
  <message>End action : navigateToUrl</message>
  <nestedLevel>1</nestedLevel>
</record>
<record>
  <date>2017-12-05T12:19:37</date>
  <millis>1512465577861</millis>
  <sequence>40</sequence>
  <level>START</level>
  <class>com.kms.katalon.core.logging.KeywordLogger</class>
  <method>startKeyword</method>
  <thread>1</thread>
  <message>Start action : maximizeWindow</message>
  <nestedLevel>1</nestedLevel>
  <property name="startLine">26</property>
  <property name="stepIndex">3</property>
</record>
<record>
  <date>2017-12-05T12:19:37</date>
  <millis>1512465577898</millis>
  <sequence>41</sequence>
  <level>INFO</level>
  <class>com.kms.katalon.core.logging.KeywordLogger</class>
  <method>logMessage</method>
  <thread>1</thread>
  <message>Maximizing current window</message>
  <nestedLevel>2</nestedLevel>
</record>
<record>
  <date>2017-12-05T12:19:39</date>
  <millis>1512465579051</millis>
  <sequence>42</sequence>
  <level>PASSED</level>
  <class>com.kms.katalon.core.logging.KeywordLogger</class>
  <method>logMessage</method>
  <thread>1</thread>
  <message>Current window maximized</message>
  <nestedLevel>2</nestedLevel>
</record>
<record>
  <date>2017-12-05T12:19:39</date>
  <millis>1512465579051</millis>
  <sequence>43</sequence>
  <level>END</level>
  <class>com.kms.katalon.core.logging.KeywordLogger</class>
  <method>endKeyword</method>
  <thread>1</thread>
  <message>End action : maximizeWindow</message>
  <nestedLevel>1</nestedLevel>
</record>
<record>
  <date>2017-12-05T12:19:39</date>
  <millis>1512465579052</millis>
  <sequence>44</sequence>
  <level>START</level>
  <class>com.kms.katalon.core.logging.KeywordLogger</class>
  <method>startKeyword</method>
  <thread>1</thread>
  <message>Start action : click</message>
  <nestedLevel>1</nestedLevel>
  <property name="startLine">28</property>
  <property name="stepIndex">4</property>
</record>
<record>
  <date>2017-12-05T12:19:39</date>
  <millis>1512465579065</millis>
  <sequence>45</sequence>
  <level>INFO</level>
  <class>com.kms.katalon.core.logging.KeywordLogger</class>
  <method>logMessage</method>
  <thread>1</thread>
  <message>Finding Test Object with id &amp;apos;Object Repository/Request A meeting/Request meeting Page/button_REQUEST A MEETING&amp;apos;</message>
  <nestedLevel>2</nestedLevel>
</record>
<record>
  <date>2017-12-05T12:19:39</date>
  <millis>1512465579111</millis>
  <sequence>46</sequence>
  <level>INFO</level>
  <class>com.kms.katalon.core.logging.KeywordLogger</class>
  <method>logMessage</method>
  <thread>1</thread>
  <message>Checking object</message>
  <nestedLevel>2</nestedLevel>
</record>
<record>
  <date>2017-12-05T12:19:39</date>
  <millis>1512465579111</millis>
  <sequence>47</sequence>
  <level>INFO</level>
  <class>com.kms.katalon.core.logging.KeywordLogger</class>
  <method>logMessage</method>
  <thread>1</thread>
  <message>Checking timeout</message>
  <nestedLevel>2</nestedLevel>
</record>
<record>
  <date>2017-12-05T12:19:39</date>
  <millis>1512465579116</millis>
  <sequence>48</sequence>
  <level>INFO</level>
  <class>com.kms.katalon.core.logging.KeywordLogger</class>
  <method>logMessage</method>
  <thread>1</thread>
  <message>Finding web element with id: &amp;apos;Object Repository/Request A meeting/Request meeting Page/button_REQUEST A MEETING&amp;apos; located by &amp;apos;By.xpath: //button[count(. | //*[contains(.,&amp;apos;REQUEST A MEETING&amp;apos;)]) = count(//*[contains(.,&amp;apos;REQUEST A MEETING&amp;apos;)])][count(. | //*[@type = &amp;apos;button&amp;apos;]) = count(//*[@type = &amp;apos;button&amp;apos;])]&amp;apos; in &amp;apos;30&amp;apos; second(s)</message>
  <nestedLevel>2</nestedLevel>
</record>
<record>
  <date>2017-12-05T12:19:39</date>
  <millis>1512465579187</millis>
  <sequence>49</sequence>
  <level>INFO</level>
  <class>com.kms.katalon.core.logging.KeywordLogger</class>
  <method>logMessage</method>
  <thread>1</thread>
  <message>Found 1 web elements with id: &amp;apos;Object Repository/Request A meeting/Request meeting Page/button_REQUEST A MEETING&amp;apos; located by &amp;apos;By.xpath: //button[count(. | //*[contains(.,&amp;apos;REQUEST A MEETING&amp;apos;)]) = count(//*[contains(.,&amp;apos;REQUEST A MEETING&amp;apos;)])][count(. | //*[@type = &amp;apos;button&amp;apos;]) = count(//*[@type = &amp;apos;button&amp;apos;])]&amp;apos; in &amp;apos;30&amp;apos; second(s)</message>
  <nestedLevel>2</nestedLevel>
</record>
<record>
  <date>2017-12-05T12:19:39</date>
  <millis>1512465579188</millis>
  <sequence>50</sequence>
  <level>INFO</level>
  <class>com.kms.katalon.core.logging.KeywordLogger</class>
  <method>logMessage</method>
  <thread>1</thread>
  <message>Clicking on object: &amp;apos;Object Repository/Request A meeting/Request meeting Page/button_REQUEST A MEETING&amp;apos;</message>
  <nestedLevel>2</nestedLevel>
</record>
<record>
  <date>2017-12-05T12:19:39</date>
  <millis>1512465579274</millis>
  <sequence>51</sequence>
  <level>PASSED</level>
  <class>com.kms.katalon.core.logging.KeywordLogger</class>
  <method>logMessage</method>
  <thread>1</thread>
  <message>Object: &amp;apos;Object Repository/Request A meeting/Request meeting Page/button_REQUEST A MEETING&amp;apos; is clicked on</message>
  <nestedLevel>2</nestedLevel>
</record>
<record>
  <date>2017-12-05T12:19:39</date>
  <millis>1512465579274</millis>
  <sequence>52</sequence>
  <level>END</level>
  <class>com.kms.katalon.core.logging.KeywordLogger</class>
  <method>endKeyword</method>
  <thread>1</thread>
  <message>End action : click</message>
  <nestedLevel>1</nestedLevel>
</record>
<record>
  <date>2017-12-05T12:19:39</date>
  <millis>1512465579275</millis>
  <sequence>53</sequence>
  <level>START</level>
  <class>com.kms.katalon.core.logging.KeywordLogger</class>
  <method>startKeyword</method>
  <thread>1</thread>
  <message>Start action : delay</message>
  <nestedLevel>1</nestedLevel>
  <property name="startLine">30</property>
  <property name="stepIndex">5</property>
</record>
<record>
  <date>2017-12-05T12:19:39</date>
  <millis>1512465579284</millis>
  <sequence>54</sequence>
  <level>INFO</level>
  <class>com.kms.katalon.core.logging.KeywordLogger</class>
  <method>logMessage</method>
  <thread>1</thread>
  <message>Delaying browser in 5 second(s)</message>
  <nestedLevel>2</nestedLevel>
</record>
<record>
  <date>2017-12-05T12:19:44</date>
  <millis>1512465584286</millis>
  <sequence>55</sequence>
  <level>PASSED</level>
  <class>com.kms.katalon.core.logging.KeywordLogger</class>
  <method>logMessage</method>
  <thread>1</thread>
  <message>Delayed 5 second(s)</message>
  <nestedLevel>2</nestedLevel>
</record>
<record>
  <date>2017-12-05T12:19:44</date>
  <millis>1512465584288</millis>
  <sequence>56</sequence>
  <level>END</level>
  <class>com.kms.katalon.core.logging.KeywordLogger</class>
  <method>endKeyword</method>
  <thread>1</thread>
  <message>End action : delay</message>
  <nestedLevel>1</nestedLevel>
</record>
<record>
  <date>2017-12-05T12:19:44</date>
  <millis>1512465584289</millis>
  <sequence>57</sequence>
  <level>PASSED</level>
  <class>com.kms.katalon.core.logging.KeywordLogger</class>
  <method>logMessage</method>
  <thread>1</thread>
  <message>Test Cases/Request A Meeting/Request a Meeting Menu</message>
  <nestedLevel>2</nestedLevel>
</record>
<record>
  <date>2017-12-05T12:19:44</date>
  <millis>1512465584290</millis>
  <sequence>58</sequence>
  <level>END</level>
  <class>com.kms.katalon.core.logging.KeywordLogger</class>
  <method>endTest</method>
  <thread>1</thread>
  <message>End Test Case : Test Cases/Request A Meeting/Request a Meeting Menu</message>
  <nestedLevel>1</nestedLevel>
</record>
<record>
  <date>2017-12-05T12:19:44</date>
  <millis>1512465584312</millis>
  <sequence>59</sequence>
  <level>PASSED</level>
  <class>com.kms.katalon.core.logging.KeywordLogger</class>
  <method>logMessage</method>
  <thread>1</thread>
  <message>Call Test Case &amp;apos;Test Cases/Request A Meeting/Request a Meeting Menu&amp;apos; successfully</message>
  <nestedLevel>1</nestedLevel>
</record>
<record>
  <date>2017-12-05T12:19:44</date>
  <millis>1512465584319</millis>
  <sequence>60</sequence>
  <level>END</level>
  <class>com.kms.katalon.core.logging.KeywordLogger</class>
  <method>endKeyword</method>
  <thread>1</thread>
  <message>End action : callTestCase</message>
  <nestedLevel>1</nestedLevel>
</record>
<record>
  <date>2017-12-05T12:19:44</date>
  <millis>1512465584321</millis>
  <sequence>61</sequence>
  <level>START</level>
  <class>com.kms.katalon.core.logging.KeywordLogger</class>
  <method>startKeyword</method>
  <thread>1</thread>
  <message>Start action : setText</message>
  <nestedLevel>1</nestedLevel>
  <property name="startLine">25</property>
  <property name="stepIndex">2</property>
</record>
<record>
  <date>2017-12-05T12:19:44</date>
  <millis>1512465584323</millis>
  <sequence>62</sequence>
  <level>INFO</level>
  <class>com.kms.katalon.core.logging.KeywordLogger</class>
  <method>logMessage</method>
  <thread>1</thread>
  <message>Finding Test Object with id &amp;apos;Object Repository/Request A meeting/Sign Up In Request Meeting/input_title&amp;apos;</message>
  <nestedLevel>1</nestedLevel>
</record>
<record>
  <date>2017-12-05T12:19:44</date>
  <millis>1512465584349</millis>
  <sequence>63</sequence>
  <level>INFO</level>
  <class>com.kms.katalon.core.logging.KeywordLogger</class>
  <method>logMessage</method>
  <thread>1</thread>
  <message>Checking object</message>
  <nestedLevel>1</nestedLevel>
</record>
<record>
  <date>2017-12-05T12:19:44</date>
  <millis>1512465584350</millis>
  <sequence>64</sequence>
  <level>INFO</level>
  <class>com.kms.katalon.core.logging.KeywordLogger</class>
  <method>logMessage</method>
  <thread>1</thread>
  <message>Checking text</message>
  <nestedLevel>1</nestedLevel>
</record>
<record>
  <date>2017-12-05T12:19:44</date>
  <millis>1512465584352</millis>
  <sequence>65</sequence>
  <level>INFO</level>
  <class>com.kms.katalon.core.logging.KeywordLogger</class>
  <method>logMessage</method>
  <thread>1</thread>
  <message>Checking timeout</message>
  <nestedLevel>1</nestedLevel>
</record>
<record>
  <date>2017-12-05T12:19:44</date>
  <millis>1512465584359</millis>
  <sequence>66</sequence>
  <level>INFO</level>
  <class>com.kms.katalon.core.logging.KeywordLogger</class>
  <method>logMessage</method>
  <thread>1</thread>
  <message>Finding web element with id: &amp;apos;Object Repository/Request A meeting/Sign Up In Request Meeting/input_title&amp;apos; located by &amp;apos;By.xpath: //input[count(. | //*[@name = &amp;apos;title&amp;apos;]) = count(//*[@name = &amp;apos;title&amp;apos;])][count(. | //*[@type = &amp;apos;text&amp;apos;]) = count(//*[@type = &amp;apos;text&amp;apos;])]&amp;apos; in &amp;apos;30&amp;apos; second(s)</message>
  <nestedLevel>1</nestedLevel>
</record>
<record>
  <date>2017-12-05T12:19:44</date>
  <millis>1512465584413</millis>
  <sequence>67</sequence>
  <level>INFO</level>
  <class>com.kms.katalon.core.logging.KeywordLogger</class>
  <method>logMessage</method>
  <thread>1</thread>
  <message>Found 1 web elements with id: &amp;apos;Object Repository/Request A meeting/Sign Up In Request Meeting/input_title&amp;apos; located by &amp;apos;By.xpath: //input[count(. | //*[@name = &amp;apos;title&amp;apos;]) = count(//*[@name = &amp;apos;title&amp;apos;])][count(. | //*[@type = &amp;apos;text&amp;apos;]) = count(//*[@type = &amp;apos;text&amp;apos;])]&amp;apos; in &amp;apos;30&amp;apos; second(s)</message>
  <nestedLevel>1</nestedLevel>
</record>
<record>
  <date>2017-12-05T12:19:44</date>
  <millis>1512465584414</millis>
  <sequence>68</sequence>
  <level>INFO</level>
  <class>com.kms.katalon.core.logging.KeywordLogger</class>
  <method>logMessage</method>
  <thread>1</thread>
  <message>Clearing text of object &amp;apos;Object Repository/Request A meeting/Sign Up In Request Meeting/input_title&amp;apos;</message>
  <nestedLevel>1</nestedLevel>
</record>
<record>
  <date>2017-12-05T12:19:44</date>
  <millis>1512465584464</millis>
  <sequence>69</sequence>
  <level>INFO</level>
  <class>com.kms.katalon.core.logging.KeywordLogger</class>
  <method>logMessage</method>
  <thread>1</thread>
  <message>Checking timeout</message>
  <nestedLevel>1</nestedLevel>
</record>
<record>
  <date>2017-12-05T12:19:44</date>
  <millis>1512465584464</millis>
  <sequence>70</sequence>
  <level>INFO</level>
  <class>com.kms.katalon.core.logging.KeywordLogger</class>
  <method>logMessage</method>
  <thread>1</thread>
  <message>Finding web element with id: &amp;apos;Object Repository/Request A meeting/Sign Up In Request Meeting/input_title&amp;apos; located by &amp;apos;By.xpath: //input[count(. | //*[@name = &amp;apos;title&amp;apos;]) = count(//*[@name = &amp;apos;title&amp;apos;])][count(. | //*[@type = &amp;apos;text&amp;apos;]) = count(//*[@type = &amp;apos;text&amp;apos;])]&amp;apos; in &amp;apos;30&amp;apos; second(s)</message>
  <nestedLevel>1</nestedLevel>
</record>
<record>
  <date>2017-12-05T12:19:44</date>
  <millis>1512465584497</millis>
  <sequence>71</sequence>
  <level>INFO</level>
  <class>com.kms.katalon.core.logging.KeywordLogger</class>
  <method>logMessage</method>
  <thread>1</thread>
  <message>Found 1 web elements with id: &amp;apos;Object Repository/Request A meeting/Sign Up In Request Meeting/input_title&amp;apos; located by &amp;apos;By.xpath: //input[count(. | //*[@name = &amp;apos;title&amp;apos;]) = count(//*[@name = &amp;apos;title&amp;apos;])][count(. | //*[@type = &amp;apos;text&amp;apos;]) = count(//*[@type = &amp;apos;text&amp;apos;])]&amp;apos; in &amp;apos;30&amp;apos; second(s)</message>
  <nestedLevel>1</nestedLevel>
</record>
<record>
  <date>2017-12-05T12:19:44</date>
  <millis>1512465584506</millis>
  <sequence>72</sequence>
  <level>INFO</level>
  <class>com.kms.katalon.core.logging.KeywordLogger</class>
  <method>logMessage</method>
  <thread>1</thread>
  <message>Setting text of object &amp;apos;Object Repository/Request A meeting/Sign Up In Request Meeting/input_title&amp;apos; to value &amp;apos;Mr&amp;apos;</message>
  <nestedLevel>1</nestedLevel>
</record>
<record>
  <date>2017-12-05T12:19:44</date>
  <millis>1512465584652</millis>
  <sequence>73</sequence>
  <level>PASSED</level>
  <class>com.kms.katalon.core.logging.KeywordLogger</class>
  <method>logMessage</method>
  <thread>1</thread>
  <message>Text &amp;apos;Mr&amp;apos; is set on object &amp;apos;Object Repository/Request A meeting/Sign Up In Request Meeting/input_title&amp;apos;</message>
  <nestedLevel>1</nestedLevel>
</record>
<record>
  <date>2017-12-05T12:19:44</date>
  <millis>1512465584652</millis>
  <sequence>74</sequence>
  <level>END</level>
  <class>com.kms.katalon.core.logging.KeywordLogger</class>
  <method>endKeyword</method>
  <thread>1</thread>
  <message>End action : setText</message>
  <nestedLevel>1</nestedLevel>
</record>
<record>
  <date>2017-12-05T12:19:44</date>
  <millis>1512465584653</millis>
  <sequence>75</sequence>
  <level>START</level>
  <class>com.kms.katalon.core.logging.KeywordLogger</class>
  <method>startKeyword</method>
  <thread>1</thread>
  <message>Start action : setText</message>
  <nestedLevel>1</nestedLevel>
  <property name="startLine">27</property>
  <property name="stepIndex">3</property>
</record>
<record>
  <date>2017-12-05T12:19:44</date>
  <millis>1512465584653</millis>
  <sequence>76</sequence>
  <level>INFO</level>
  <class>com.kms.katalon.core.logging.KeywordLogger</class>
  <method>logMessage</method>
  <thread>1</thread>
  <message>Finding Test Object with id &amp;apos;Object Repository/Request A meeting/Sign Up In Request Meeting/input_firstname&amp;apos;</message>
  <nestedLevel>1</nestedLevel>
</record>
<record>
  <date>2017-12-05T12:19:44</date>
  <millis>1512465584659</millis>
  <sequence>77</sequence>
  <level>INFO</level>
  <class>com.kms.katalon.core.logging.KeywordLogger</class>
  <method>logMessage</method>
  <thread>1</thread>
  <message>Checking object</message>
  <nestedLevel>1</nestedLevel>
</record>
<record>
  <date>2017-12-05T12:19:44</date>
  <millis>1512465584659</millis>
  <sequence>78</sequence>
  <level>INFO</level>
  <class>com.kms.katalon.core.logging.KeywordLogger</class>
  <method>logMessage</method>
  <thread>1</thread>
  <message>Checking text</message>
  <nestedLevel>1</nestedLevel>
</record>
<record>
  <date>2017-12-05T12:19:44</date>
  <millis>1512465584660</millis>
  <sequence>79</sequence>
  <level>INFO</level>
  <class>com.kms.katalon.core.logging.KeywordLogger</class>
  <method>logMessage</method>
  <thread>1</thread>
  <message>Checking timeout</message>
  <nestedLevel>1</nestedLevel>
</record>
<record>
  <date>2017-12-05T12:19:44</date>
  <millis>1512465584661</millis>
  <sequence>80</sequence>
  <level>INFO</level>
  <class>com.kms.katalon.core.logging.KeywordLogger</class>
  <method>logMessage</method>
  <thread>1</thread>
  <message>Finding web element with id: &amp;apos;Object Repository/Request A meeting/Sign Up In Request Meeting/input_firstname&amp;apos; located by &amp;apos;By.xpath: //input[count(. | //*[@name = &amp;apos;firstname&amp;apos;]) = count(//*[@name = &amp;apos;firstname&amp;apos;])][count(. | //*[@type = &amp;apos;text&amp;apos;]) = count(//*[@type = &amp;apos;text&amp;apos;])]&amp;apos; in &amp;apos;30&amp;apos; second(s)</message>
  <nestedLevel>1</nestedLevel>
</record>
<record>
  <date>2017-12-05T12:19:44</date>
  <millis>1512465584698</millis>
  <sequence>81</sequence>
  <level>INFO</level>
  <class>com.kms.katalon.core.logging.KeywordLogger</class>
  <method>logMessage</method>
  <thread>1</thread>
  <message>Found 1 web elements with id: &amp;apos;Object Repository/Request A meeting/Sign Up In Request Meeting/input_firstname&amp;apos; located by &amp;apos;By.xpath: //input[count(. | //*[@name = &amp;apos;firstname&amp;apos;]) = count(//*[@name = &amp;apos;firstname&amp;apos;])][count(. | //*[@type = &amp;apos;text&amp;apos;]) = count(//*[@type = &amp;apos;text&amp;apos;])]&amp;apos; in &amp;apos;30&amp;apos; second(s)</message>
  <nestedLevel>1</nestedLevel>
</record>
<record>
  <date>2017-12-05T12:19:44</date>
  <millis>1512465584699</millis>
  <sequence>82</sequence>
  <level>INFO</level>
  <class>com.kms.katalon.core.logging.KeywordLogger</class>
  <method>logMessage</method>
  <thread>1</thread>
  <message>Clearing text of object &amp;apos;Object Repository/Request A meeting/Sign Up In Request Meeting/input_firstname&amp;apos;</message>
  <nestedLevel>1</nestedLevel>
</record>
<record>
  <date>2017-12-05T12:19:44</date>
  <millis>1512465584748</millis>
  <sequence>83</sequence>
  <level>INFO</level>
  <class>com.kms.katalon.core.logging.KeywordLogger</class>
  <method>logMessage</method>
  <thread>1</thread>
  <message>Checking timeout</message>
  <nestedLevel>1</nestedLevel>
</record>
<record>
  <date>2017-12-05T12:19:44</date>
  <millis>1512465584749</millis>
  <sequence>84</sequence>
  <level>INFO</level>
  <class>com.kms.katalon.core.logging.KeywordLogger</class>
  <method>logMessage</method>
  <thread>1</thread>
  <message>Finding web element with id: &amp;apos;Object Repository/Request A meeting/Sign Up In Request Meeting/input_firstname&amp;apos; located by &amp;apos;By.xpath: //input[count(. | //*[@name = &amp;apos;firstname&amp;apos;]) = count(//*[@name = &amp;apos;firstname&amp;apos;])][count(. | //*[@type = &amp;apos;text&amp;apos;]) = count(//*[@type = &amp;apos;text&amp;apos;])]&amp;apos; in &amp;apos;30&amp;apos; second(s)</message>
  <nestedLevel>1</nestedLevel>
</record>
<record>
  <date>2017-12-05T12:19:44</date>
  <millis>1512465584777</millis>
  <sequence>85</sequence>
  <level>INFO</level>
  <class>com.kms.katalon.core.logging.KeywordLogger</class>
  <method>logMessage</method>
  <thread>1</thread>
  <message>Found 1 web elements with id: &amp;apos;Object Repository/Request A meeting/Sign Up In Request Meeting/input_firstname&amp;apos; located by &amp;apos;By.xpath: //input[count(. | //*[@name = &amp;apos;firstname&amp;apos;]) = count(//*[@name = &amp;apos;firstname&amp;apos;])][count(. | //*[@type = &amp;apos;text&amp;apos;]) = count(//*[@type = &amp;apos;text&amp;apos;])]&amp;apos; in &amp;apos;30&amp;apos; second(s)</message>
  <nestedLevel>1</nestedLevel>
</record>
<record>
  <date>2017-12-05T12:19:44</date>
  <millis>1512465584778</millis>
  <sequence>86</sequence>
  <level>INFO</level>
  <class>com.kms.katalon.core.logging.KeywordLogger</class>
  <method>logMessage</method>
  <thread>1</thread>
  <message>Setting text of object &amp;apos;Object Repository/Request A meeting/Sign Up In Request Meeting/input_firstname&amp;apos; to value &amp;apos;Dennis&amp;apos;</message>
  <nestedLevel>1</nestedLevel>
</record>
<record>
  <date>2017-12-05T12:19:44</date>
  <millis>1512465584898</millis>
  <sequence>87</sequence>
  <level>PASSED</level>
  <class>com.kms.katalon.core.logging.KeywordLogger</class>
  <method>logMessage</method>
  <thread>1</thread>
  <message>Text &amp;apos;Dennis&amp;apos; is set on object &amp;apos;Object Repository/Request A meeting/Sign Up In Request Meeting/input_firstname&amp;apos;</message>
  <nestedLevel>1</nestedLevel>
</record>
<record>
  <date>2017-12-05T12:19:44</date>
  <millis>1512465584898</millis>
  <sequence>88</sequence>
  <level>END</level>
  <class>com.kms.katalon.core.logging.KeywordLogger</class>
  <method>endKeyword</method>
  <thread>1</thread>
  <message>End action : setText</message>
  <nestedLevel>1</nestedLevel>
</record>
<record>
  <date>2017-12-05T12:19:44</date>
  <millis>1512465584899</millis>
  <sequence>89</sequence>
  <level>START</level>
  <class>com.kms.katalon.core.logging.KeywordLogger</class>
  <method>startKeyword</method>
  <thread>1</thread>
  <message>Start action : setText</message>
  <nestedLevel>1</nestedLevel>
  <property name="startLine">29</property>
  <property name="stepIndex">4</property>
</record>
<record>
  <date>2017-12-05T12:19:44</date>
  <millis>1512465584899</millis>
  <sequence>90</sequence>
  <level>INFO</level>
  <class>com.kms.katalon.core.logging.KeywordLogger</class>
  <method>logMessage</method>
  <thread>1</thread>
  <message>Finding Test Object with id &amp;apos;Object Repository/Request A meeting/Sign Up In Request Meeting/input_lastname&amp;apos;</message>
  <nestedLevel>1</nestedLevel>
</record>
<record>
  <date>2017-12-05T12:19:44</date>
  <millis>1512465584904</millis>
  <sequence>91</sequence>
  <level>INFO</level>
  <class>com.kms.katalon.core.logging.KeywordLogger</class>
  <method>logMessage</method>
  <thread>1</thread>
  <message>Checking object</message>
  <nestedLevel>1</nestedLevel>
</record>
<record>
  <date>2017-12-05T12:19:44</date>
  <millis>1512465584905</millis>
  <sequence>92</sequence>
  <level>INFO</level>
  <class>com.kms.katalon.core.logging.KeywordLogger</class>
  <method>logMessage</method>
  <thread>1</thread>
  <message>Checking text</message>
  <nestedLevel>1</nestedLevel>
</record>
<record>
  <date>2017-12-05T12:19:44</date>
  <millis>1512465584906</millis>
  <sequence>93</sequence>
  <level>INFO</level>
  <class>com.kms.katalon.core.logging.KeywordLogger</class>
  <method>logMessage</method>
  <thread>1</thread>
  <message>Checking timeout</message>
  <nestedLevel>1</nestedLevel>
</record>
<record>
  <date>2017-12-05T12:19:44</date>
  <millis>1512465584906</millis>
  <sequence>94</sequence>
  <level>INFO</level>
  <class>com.kms.katalon.core.logging.KeywordLogger</class>
  <method>logMessage</method>
  <thread>1</thread>
  <message>Finding web element with id: &amp;apos;Object Repository/Request A meeting/Sign Up In Request Meeting/input_lastname&amp;apos; located by &amp;apos;By.xpath: //input[count(. | //*[@name = &amp;apos;lastname&amp;apos;]) = count(//*[@name = &amp;apos;lastname&amp;apos;])][count(. | //*[@type = &amp;apos;text&amp;apos;]) = count(//*[@type = &amp;apos;text&amp;apos;])]&amp;apos; in &amp;apos;30&amp;apos; second(s)</message>
  <nestedLevel>1</nestedLevel>
</record>
<record>
  <date>2017-12-05T12:19:44</date>
  <millis>1512465584948</millis>
  <sequence>95</sequence>
  <level>INFO</level>
  <class>com.kms.katalon.core.logging.KeywordLogger</class>
  <method>logMessage</method>
  <thread>1</thread>
  <message>Found 1 web elements with id: &amp;apos;Object Repository/Request A meeting/Sign Up In Request Meeting/input_lastname&amp;apos; located by &amp;apos;By.xpath: //input[count(. | //*[@name = &amp;apos;lastname&amp;apos;]) = count(//*[@name = &amp;apos;lastname&amp;apos;])][count(. | //*[@type = &amp;apos;text&amp;apos;]) = count(//*[@type = &amp;apos;text&amp;apos;])]&amp;apos; in &amp;apos;30&amp;apos; second(s)</message>
  <nestedLevel>1</nestedLevel>
</record>
<record>
  <date>2017-12-05T12:19:44</date>
  <millis>1512465584949</millis>
  <sequence>96</sequence>
  <level>INFO</level>
  <class>com.kms.katalon.core.logging.KeywordLogger</class>
  <method>logMessage</method>
  <thread>1</thread>
  <message>Clearing text of object &amp;apos;Object Repository/Request A meeting/Sign Up In Request Meeting/input_lastname&amp;apos;</message>
  <nestedLevel>1</nestedLevel>
</record>
<record>
  <date>2017-12-05T12:19:44</date>
  <millis>1512465584985</millis>
  <sequence>97</sequence>
  <level>INFO</level>
  <class>com.kms.katalon.core.logging.KeywordLogger</class>
  <method>logMessage</method>
  <thread>1</thread>
  <message>Checking timeout</message>
  <nestedLevel>1</nestedLevel>
</record>
<record>
  <date>2017-12-05T12:19:44</date>
  <millis>1512465584986</millis>
  <sequence>98</sequence>
  <level>INFO</level>
  <class>com.kms.katalon.core.logging.KeywordLogger</class>
  <method>logMessage</method>
  <thread>1</thread>
  <message>Finding web element with id: &amp;apos;Object Repository/Request A meeting/Sign Up In Request Meeting/input_lastname&amp;apos; located by &amp;apos;By.xpath: //input[count(. | //*[@name = &amp;apos;lastname&amp;apos;]) = count(//*[@name = &amp;apos;lastname&amp;apos;])][count(. | //*[@type = &amp;apos;text&amp;apos;]) = count(//*[@type = &amp;apos;text&amp;apos;])]&amp;apos; in &amp;apos;30&amp;apos; second(s)</message>
  <nestedLevel>1</nestedLevel>
</record>
<record>
  <date>2017-12-05T12:19:45</date>
  <millis>1512465585020</millis>
  <sequence>99</sequence>
  <level>INFO</level>
  <class>com.kms.katalon.core.logging.KeywordLogger</class>
  <method>logMessage</method>
  <thread>1</thread>
  <message>Found 1 web elements with id: &amp;apos;Object Repository/Request A meeting/Sign Up In Request Meeting/input_lastname&amp;apos; located by &amp;apos;By.xpath: //input[count(. | //*[@name = &amp;apos;lastname&amp;apos;]) = count(//*[@name = &amp;apos;lastname&amp;apos;])][count(. | //*[@type = &amp;apos;text&amp;apos;]) = count(//*[@type = &amp;apos;text&amp;apos;])]&amp;apos; in &amp;apos;30&amp;apos; second(s)</message>
  <nestedLevel>1</nestedLevel>
</record>
<record>
  <date>2017-12-05T12:19:45</date>
  <millis>1512465585020</millis>
  <sequence>100</sequence>
  <level>INFO</level>
  <class>com.kms.katalon.core.logging.KeywordLogger</class>
  <method>logMessage</method>
  <thread>1</thread>
  <message>Setting text of object &amp;apos;Object Repository/Request A meeting/Sign Up In Request Meeting/input_lastname&amp;apos; to value &amp;apos;Gituto&amp;apos;</message>
  <nestedLevel>1</nestedLevel>
</record>
<record>
  <date>2017-12-05T12:19:45</date>
  <millis>1512465585213</millis>
  <sequence>101</sequence>
  <level>PASSED</level>
  <class>com.kms.katalon.core.logging.KeywordLogger</class>
  <method>logMessage</method>
  <thread>1</thread>
  <message>Text &amp;apos;Gituto&amp;apos; is set on object &amp;apos;Object Repository/Request A meeting/Sign Up In Request Meeting/input_lastname&amp;apos;</message>
  <nestedLevel>1</nestedLevel>
</record>
<record>
  <date>2017-12-05T12:19:45</date>
  <millis>1512465585214</millis>
  <sequence>102</sequence>
  <level>END</level>
  <class>com.kms.katalon.core.logging.KeywordLogger</class>
  <method>endKeyword</method>
  <thread>1</thread>
  <message>End action : setText</message>
  <nestedLevel>1</nestedLevel>
</record>
<record>
  <date>2017-12-05T12:19:45</date>
  <millis>1512465585214</millis>
  <sequence>103</sequence>
  <level>START</level>
  <class>com.kms.katalon.core.logging.KeywordLogger</class>
  <method>startKeyword</method>
  <thread>1</thread>
  <message>Start action : selectOptionByValue</message>
  <nestedLevel>1</nestedLevel>
  <property name="startLine">31</property>
  <property name="stepIndex">5</property>
</record>
<record>
  <date>2017-12-05T12:19:45</date>
  <millis>1512465585215</millis>
  <sequence>104</sequence>
  <level>INFO</level>
  <class>com.kms.katalon.core.logging.KeywordLogger</class>
  <method>logMessage</method>
  <thread>1</thread>
  <message>Finding Test Object with id &amp;apos;Object Repository/Request A meeting/Sign Up In Request Meeting/select_tenant_id&amp;apos;</message>
  <nestedLevel>1</nestedLevel>
</record>
<record>
  <date>2017-12-05T12:19:45</date>
  <millis>1512465585233</millis>
  <sequence>105</sequence>
  <level>INFO</level>
  <class>com.kms.katalon.core.logging.KeywordLogger</class>
  <method>logMessage</method>
  <thread>1</thread>
  <message>Checking object</message>
  <nestedLevel>1</nestedLevel>
</record>
<record>
  <date>2017-12-05T12:19:45</date>
  <millis>1512465585233</millis>
  <sequence>106</sequence>
  <level>INFO</level>
  <class>com.kms.katalon.core.logging.KeywordLogger</class>
  <method>logMessage</method>
  <thread>1</thread>
  <message>Checking value parameter</message>
  <nestedLevel>1</nestedLevel>
</record>
<record>
  <date>2017-12-05T12:19:45</date>
  <millis>1512465585233</millis>
  <sequence>107</sequence>
  <level>INFO</level>
  <class>com.kms.katalon.core.logging.KeywordLogger</class>
  <method>logMessage</method>
  <thread>1</thread>
  <message>Checking timeout</message>
  <nestedLevel>1</nestedLevel>
</record>
<record>
  <date>2017-12-05T12:19:45</date>
  <millis>1512465585234</millis>
  <sequence>108</sequence>
  <level>INFO</level>
  <class>com.kms.katalon.core.logging.KeywordLogger</class>
  <method>logMessage</method>
  <thread>1</thread>
  <message>Finding web element with id: &amp;apos;Object Repository/Request A meeting/Sign Up In Request Meeting/select_tenant_id&amp;apos; located by &amp;apos;By.xpath: //select[count(. | //*[@name = &amp;apos;tenant_id&amp;apos;]) = count(//*[@name = &amp;apos;tenant_id&amp;apos;])]&amp;apos; in &amp;apos;30&amp;apos; second(s)</message>
  <nestedLevel>1</nestedLevel>
</record>
<record>
  <date>2017-12-05T12:19:45</date>
  <millis>1512465585276</millis>
  <sequence>109</sequence>
  <level>INFO</level>
  <class>com.kms.katalon.core.logging.KeywordLogger</class>
  <method>logMessage</method>
  <thread>1</thread>
  <message>Found 2 web elements with id: &amp;apos;Object Repository/Request A meeting/Sign Up In Request Meeting/select_tenant_id&amp;apos; located by &amp;apos;By.xpath: //select[count(. | //*[@name = &amp;apos;tenant_id&amp;apos;]) = count(//*[@name = &amp;apos;tenant_id&amp;apos;])]&amp;apos; in &amp;apos;30&amp;apos; second(s)</message>
  <nestedLevel>1</nestedLevel>
</record>
<record>
  <date>2017-12-05T12:19:45</date>
  <millis>1512465585316</millis>
  <sequence>110</sequence>
  <level>INFO</level>
  <class>com.kms.katalon.core.logging.KeywordLogger</class>
  <method>logMessage</method>
  <thread>1</thread>
  <message>Selecting options on object &amp;apos;Object Repository/Request A meeting/Sign Up In Request Meeting/select_tenant_id&amp;apos; with value &amp;apos;14&amp;apos;</message>
  <nestedLevel>1</nestedLevel>
</record>
<record>
  <date>2017-12-05T12:19:45</date>
  <millis>1512465585405</millis>
  <sequence>111</sequence>
  <level>PASSED</level>
  <class>com.kms.katalon.core.logging.KeywordLogger</class>
  <method>logMessage</method>
  <thread>1</thread>
  <message>All options with value &amp;apos;14&amp;apos; are selected in object &amp;apos;Object Repository/Request A meeting/Sign Up In Request Meeting/select_tenant_id&amp;apos; </message>
  <nestedLevel>1</nestedLevel>
</record>
<record>
  <date>2017-12-05T12:19:45</date>
  <millis>1512465585405</millis>
  <sequence>112</sequence>
  <level>END</level>
  <class>com.kms.katalon.core.logging.KeywordLogger</class>
  <method>endKeyword</method>
  <thread>1</thread>
  <message>End action : selectOptionByValue</message>
  <nestedLevel>1</nestedLevel>
</record>
<record>
  <date>2017-12-05T12:19:45</date>
  <millis>1512465585406</millis>
  <sequence>113</sequence>
  <level>START</level>
  <class>com.kms.katalon.core.logging.KeywordLogger</class>
  <method>startKeyword</method>
  <thread>1</thread>
  <message>Start action : setText</message>
  <nestedLevel>1</nestedLevel>
  <property name="startLine">33</property>
  <property name="stepIndex">6</property>
</record>
<record>
  <date>2017-12-05T12:19:45</date>
  <millis>1512465585407</millis>
  <sequence>114</sequence>
  <level>INFO</level>
  <class>com.kms.katalon.core.logging.KeywordLogger</class>
  <method>logMessage</method>
  <thread>1</thread>
  <message>Finding Test Object with id &amp;apos;Object Repository/Request A meeting/Sign Up In Request Meeting/input_email&amp;apos;</message>
  <nestedLevel>1</nestedLevel>
</record>
<record>
  <date>2017-12-05T12:19:45</date>
  <millis>1512465585412</millis>
  <sequence>115</sequence>
  <level>INFO</level>
  <class>com.kms.katalon.core.logging.KeywordLogger</class>
  <method>logMessage</method>
  <thread>1</thread>
  <message>Checking object</message>
  <nestedLevel>1</nestedLevel>
</record>
<record>
  <date>2017-12-05T12:19:45</date>
  <millis>1512465585413</millis>
  <sequence>116</sequence>
  <level>INFO</level>
  <class>com.kms.katalon.core.logging.KeywordLogger</class>
  <method>logMessage</method>
  <thread>1</thread>
  <message>Checking text</message>
  <nestedLevel>1</nestedLevel>
</record>
<record>
  <date>2017-12-05T12:19:45</date>
  <millis>1512465585414</millis>
  <sequence>117</sequence>
  <level>INFO</level>
  <class>com.kms.katalon.core.logging.KeywordLogger</class>
  <method>logMessage</method>
  <thread>1</thread>
  <message>Checking timeout</message>
  <nestedLevel>1</nestedLevel>
</record>
<record>
  <date>2017-12-05T12:19:45</date>
  <millis>1512465585414</millis>
  <sequence>118</sequence>
  <level>INFO</level>
  <class>com.kms.katalon.core.logging.KeywordLogger</class>
  <method>logMessage</method>
  <thread>1</thread>
  <message>Finding web element with id: &amp;apos;Object Repository/Request A meeting/Sign Up In Request Meeting/input_email&amp;apos; located by &amp;apos;By.xpath: //input[count(. | //*[@name = &amp;apos;email&amp;apos;]) = count(//*[@name = &amp;apos;email&amp;apos;])][count(. | //*[@type = &amp;apos;email&amp;apos;]) = count(//*[@type = &amp;apos;email&amp;apos;])]&amp;apos; in &amp;apos;30&amp;apos; second(s)</message>
  <nestedLevel>1</nestedLevel>
</record>
<record>
  <date>2017-12-05T12:19:45</date>
  <millis>1512465585460</millis>
  <sequence>119</sequence>
  <level>INFO</level>
  <class>com.kms.katalon.core.logging.KeywordLogger</class>
  <method>logMessage</method>
  <thread>1</thread>
  <message>Found 1 web elements with id: &amp;apos;Object Repository/Request A meeting/Sign Up In Request Meeting/input_email&amp;apos; located by &amp;apos;By.xpath: //input[count(. | //*[@name = &amp;apos;email&amp;apos;]) = count(//*[@name = &amp;apos;email&amp;apos;])][count(. | //*[@type = &amp;apos;email&amp;apos;]) = count(//*[@type = &amp;apos;email&amp;apos;])]&amp;apos; in &amp;apos;30&amp;apos; second(s)</message>
  <nestedLevel>1</nestedLevel>
</record>
<record>
  <date>2017-12-05T12:19:45</date>
  <millis>1512465585460</millis>
  <sequence>120</sequence>
  <level>INFO</level>
  <class>com.kms.katalon.core.logging.KeywordLogger</class>
  <method>logMessage</method>
  <thread>1</thread>
  <message>Clearing text of object &amp;apos;Object Repository/Request A meeting/Sign Up In Request Meeting/input_email&amp;apos;</message>
  <nestedLevel>1</nestedLevel>
</record>
<record>
  <date>2017-12-05T12:19:45</date>
  <millis>1512465585512</millis>
  <sequence>121</sequence>
  <level>INFO</level>
  <class>com.kms.katalon.core.logging.KeywordLogger</class>
  <method>logMessage</method>
  <thread>1</thread>
  <message>Checking timeout</message>
  <nestedLevel>1</nestedLevel>
</record>
<record>
  <date>2017-12-05T12:19:45</date>
  <millis>1512465585513</millis>
  <sequence>122</sequence>
  <level>INFO</level>
  <class>com.kms.katalon.core.logging.KeywordLogger</class>
  <method>logMessage</method>
  <thread>1</thread>
  <message>Finding web element with id: &amp;apos;Object Repository/Request A meeting/Sign Up In Request Meeting/input_email&amp;apos; located by &amp;apos;By.xpath: //input[count(. | //*[@name = &amp;apos;email&amp;apos;]) = count(//*[@name = &amp;apos;email&amp;apos;])][count(. | //*[@type = &amp;apos;email&amp;apos;]) = count(//*[@type = &amp;apos;email&amp;apos;])]&amp;apos; in &amp;apos;30&amp;apos; second(s)</message>
  <nestedLevel>1</nestedLevel>
</record>
<record>
  <date>2017-12-05T12:19:45</date>
  <millis>1512465585569</millis>
  <sequence>123</sequence>
  <level>INFO</level>
  <class>com.kms.katalon.core.logging.KeywordLogger</class>
  <method>logMessage</method>
  <thread>1</thread>
  <message>Found 1 web elements with id: &amp;apos;Object Repository/Request A meeting/Sign Up In Request Meeting/input_email&amp;apos; located by &amp;apos;By.xpath: //input[count(. | //*[@name = &amp;apos;email&amp;apos;]) = count(//*[@name = &amp;apos;email&amp;apos;])][count(. | //*[@type = &amp;apos;email&amp;apos;]) = count(//*[@type = &amp;apos;email&amp;apos;])]&amp;apos; in &amp;apos;30&amp;apos; second(s)</message>
  <nestedLevel>1</nestedLevel>
</record>
<record>
  <date>2017-12-05T12:19:45</date>
  <millis>1512465585570</millis>
  <sequence>124</sequence>
  <level>INFO</level>
  <class>com.kms.katalon.core.logging.KeywordLogger</class>
  <method>logMessage</method>
  <thread>1</thread>
  <message>Setting text of object &amp;apos;Object Repository/Request A meeting/Sign Up In Request Meeting/input_email&amp;apos; to value &amp;apos;dennisgituto@yahoo.com&amp;apos;</message>
  <nestedLevel>1</nestedLevel>
</record>
<record>
  <date>2017-12-05T12:19:45</date>
  <millis>1512465585961</millis>
  <sequence>125</sequence>
  <level>PASSED</level>
  <class>com.kms.katalon.core.logging.KeywordLogger</class>
  <method>logMessage</method>
  <thread>1</thread>
  <message>Text &amp;apos;dennisgituto@yahoo.com&amp;apos; is set on object &amp;apos;Object Repository/Request A meeting/Sign Up In Request Meeting/input_email&amp;apos;</message>
  <nestedLevel>1</nestedLevel>
</record>
<record>
  <date>2017-12-05T12:19:45</date>
  <millis>1512465585961</millis>
  <sequence>126</sequence>
  <level>END</level>
  <class>com.kms.katalon.core.logging.KeywordLogger</class>
  <method>endKeyword</method>
  <thread>1</thread>
  <message>End action : setText</message>
  <nestedLevel>1</nestedLevel>
</record>
<record>
  <date>2017-12-05T12:19:45</date>
  <millis>1512465585962</millis>
  <sequence>127</sequence>
  <level>START</level>
  <class>com.kms.katalon.core.logging.KeywordLogger</class>
  <method>startKeyword</method>
  <thread>1</thread>
  <message>Start action : setText</message>
  <nestedLevel>1</nestedLevel>
  <property name="startLine">35</property>
  <property name="stepIndex">7</property>
</record>
<record>
  <date>2017-12-05T12:19:45</date>
  <millis>1512465585963</millis>
  <sequence>128</sequence>
  <level>INFO</level>
  <class>com.kms.katalon.core.logging.KeywordLogger</class>
  <method>logMessage</method>
  <thread>1</thread>
  <message>Finding Test Object with id &amp;apos;Object Repository/Request A meeting/Sign Up In Request Meeting/input_password&amp;apos;</message>
  <nestedLevel>1</nestedLevel>
</record>
<record>
  <date>2017-12-05T12:19:45</date>
  <millis>1512465585971</millis>
  <sequence>129</sequence>
  <level>INFO</level>
  <class>com.kms.katalon.core.logging.KeywordLogger</class>
  <method>logMessage</method>
  <thread>1</thread>
  <message>Checking object</message>
  <nestedLevel>1</nestedLevel>
</record>
<record>
  <date>2017-12-05T12:19:45</date>
  <millis>1512465585973</millis>
  <sequence>130</sequence>
  <level>INFO</level>
  <class>com.kms.katalon.core.logging.KeywordLogger</class>
  <method>logMessage</method>
  <thread>1</thread>
  <message>Checking text</message>
  <nestedLevel>1</nestedLevel>
</record>
<record>
  <date>2017-12-05T12:19:45</date>
  <millis>1512465585975</millis>
  <sequence>131</sequence>
  <level>INFO</level>
  <class>com.kms.katalon.core.logging.KeywordLogger</class>
  <method>logMessage</method>
  <thread>1</thread>
  <message>Checking timeout</message>
  <nestedLevel>1</nestedLevel>
</record>
<record>
  <date>2017-12-05T12:19:45</date>
  <millis>1512465585979</millis>
  <sequence>132</sequence>
  <level>INFO</level>
  <class>com.kms.katalon.core.logging.KeywordLogger</class>
  <method>logMessage</method>
  <thread>1</thread>
  <message>Finding web element with id: &amp;apos;Object Repository/Request A meeting/Sign Up In Request Meeting/input_password&amp;apos; located by &amp;apos;By.xpath: //input[count(. | //*[@name = &amp;apos;password&amp;apos;]) = count(//*[@name = &amp;apos;password&amp;apos;])][count(. | //*[@type = &amp;apos;password&amp;apos;]) = count(//*[@type = &amp;apos;password&amp;apos;])]&amp;apos; in &amp;apos;30&amp;apos; second(s)</message>
  <nestedLevel>1</nestedLevel>
</record>
<record>
  <date>2017-12-05T12:19:46</date>
  <millis>1512465586017</millis>
  <sequence>133</sequence>
  <level>INFO</level>
  <class>com.kms.katalon.core.logging.KeywordLogger</class>
  <method>logMessage</method>
  <thread>1</thread>
  <message>Found 2 web elements with id: &amp;apos;Object Repository/Request A meeting/Sign Up In Request Meeting/input_password&amp;apos; located by &amp;apos;By.xpath: //input[count(. | //*[@name = &amp;apos;password&amp;apos;]) = count(//*[@name = &amp;apos;password&amp;apos;])][count(. | //*[@type = &amp;apos;password&amp;apos;]) = count(//*[@type = &amp;apos;password&amp;apos;])]&amp;apos; in &amp;apos;30&amp;apos; second(s)</message>
  <nestedLevel>1</nestedLevel>
</record>
<record>
  <date>2017-12-05T12:19:46</date>
  <millis>1512465586017</millis>
  <sequence>134</sequence>
  <level>INFO</level>
  <class>com.kms.katalon.core.logging.KeywordLogger</class>
  <method>logMessage</method>
  <thread>1</thread>
  <message>Clearing text of object &amp;apos;Object Repository/Request A meeting/Sign Up In Request Meeting/input_password&amp;apos;</message>
  <nestedLevel>1</nestedLevel>
</record>
<record>
  <date>2017-12-05T12:19:46</date>
  <millis>1512465586053</millis>
  <sequence>135</sequence>
  <level>INFO</level>
  <class>com.kms.katalon.core.logging.KeywordLogger</class>
  <method>logMessage</method>
  <thread>1</thread>
  <message>Checking timeout</message>
  <nestedLevel>1</nestedLevel>
</record>
<record>
  <date>2017-12-05T12:19:46</date>
  <millis>1512465586054</millis>
  <sequence>136</sequence>
  <level>INFO</level>
  <class>com.kms.katalon.core.logging.KeywordLogger</class>
  <method>logMessage</method>
  <thread>1</thread>
  <message>Finding web element with id: &amp;apos;Object Repository/Request A meeting/Sign Up In Request Meeting/input_password&amp;apos; located by &amp;apos;By.xpath: //input[count(. | //*[@name = &amp;apos;password&amp;apos;]) = count(//*[@name = &amp;apos;password&amp;apos;])][count(. | //*[@type = &amp;apos;password&amp;apos;]) = count(//*[@type = &amp;apos;password&amp;apos;])]&amp;apos; in &amp;apos;30&amp;apos; second(s)</message>
  <nestedLevel>1</nestedLevel>
</record>
<record>
  <date>2017-12-05T12:19:46</date>
  <millis>1512465586089</millis>
  <sequence>137</sequence>
  <level>INFO</level>
  <class>com.kms.katalon.core.logging.KeywordLogger</class>
  <method>logMessage</method>
  <thread>1</thread>
  <message>Found 2 web elements with id: &amp;apos;Object Repository/Request A meeting/Sign Up In Request Meeting/input_password&amp;apos; located by &amp;apos;By.xpath: //input[count(. | //*[@name = &amp;apos;password&amp;apos;]) = count(//*[@name = &amp;apos;password&amp;apos;])][count(. | //*[@type = &amp;apos;password&amp;apos;]) = count(//*[@type = &amp;apos;password&amp;apos;])]&amp;apos; in &amp;apos;30&amp;apos; second(s)</message>
  <nestedLevel>1</nestedLevel>
</record>
<record>
  <date>2017-12-05T12:19:46</date>
  <millis>1512465586090</millis>
  <sequence>138</sequence>
  <level>INFO</level>
  <class>com.kms.katalon.core.logging.KeywordLogger</class>
  <method>logMessage</method>
  <thread>1</thread>
  <message>Setting text of object &amp;apos;Object Repository/Request A meeting/Sign Up In Request Meeting/input_password&amp;apos; to value &amp;apos;desteg&amp;apos;</message>
  <nestedLevel>1</nestedLevel>
</record>
<record>
  <date>2017-12-05T12:19:46</date>
  <millis>1512465586244</millis>
  <sequence>139</sequence>
  <level>PASSED</level>
  <class>com.kms.katalon.core.logging.KeywordLogger</class>
  <method>logMessage</method>
  <thread>1</thread>
  <message>Text &amp;apos;desteg&amp;apos; is set on object &amp;apos;Object Repository/Request A meeting/Sign Up In Request Meeting/input_password&amp;apos;</message>
  <nestedLevel>1</nestedLevel>
</record>
<record>
  <date>2017-12-05T12:19:46</date>
  <millis>1512465586245</millis>
  <sequence>140</sequence>
  <level>END</level>
  <class>com.kms.katalon.core.logging.KeywordLogger</class>
  <method>endKeyword</method>
  <thread>1</thread>
  <message>End action : setText</message>
  <nestedLevel>1</nestedLevel>
</record>
<record>
  <date>2017-12-05T12:19:46</date>
  <millis>1512465586245</millis>
  <sequence>141</sequence>
  <level>START</level>
  <class>com.kms.katalon.core.logging.KeywordLogger</class>
  <method>startKeyword</method>
  <thread>1</thread>
  <message>Start action : setText</message>
  <nestedLevel>1</nestedLevel>
  <property name="startLine">37</property>
  <property name="stepIndex">8</property>
</record>
<record>
  <date>2017-12-05T12:19:46</date>
  <millis>1512465586246</millis>
  <sequence>142</sequence>
  <level>INFO</level>
  <class>com.kms.katalon.core.logging.KeywordLogger</class>
  <method>logMessage</method>
  <thread>1</thread>
  <message>Finding Test Object with id &amp;apos;Object Repository/Request A meeting/Sign Up In Request Meeting/input_password_confirmation&amp;apos;</message>
  <nestedLevel>1</nestedLevel>
</record>
<record>
  <date>2017-12-05T12:19:46</date>
  <millis>1512465586253</millis>
  <sequence>143</sequence>
  <level>INFO</level>
  <class>com.kms.katalon.core.logging.KeywordLogger</class>
  <method>logMessage</method>
  <thread>1</thread>
  <message>Checking object</message>
  <nestedLevel>1</nestedLevel>
</record>
<record>
  <date>2017-12-05T12:19:46</date>
  <millis>1512465586253</millis>
  <sequence>144</sequence>
  <level>INFO</level>
  <class>com.kms.katalon.core.logging.KeywordLogger</class>
  <method>logMessage</method>
  <thread>1</thread>
  <message>Checking text</message>
  <nestedLevel>1</nestedLevel>
</record>
<record>
  <date>2017-12-05T12:19:46</date>
  <millis>1512465586255</millis>
  <sequence>145</sequence>
  <level>INFO</level>
  <class>com.kms.katalon.core.logging.KeywordLogger</class>
  <method>logMessage</method>
  <thread>1</thread>
  <message>Checking timeout</message>
  <nestedLevel>1</nestedLevel>
</record>
<record>
  <date>2017-12-05T12:19:46</date>
  <millis>1512465586257</millis>
  <sequence>146</sequence>
  <level>INFO</level>
  <class>com.kms.katalon.core.logging.KeywordLogger</class>
  <method>logMessage</method>
  <thread>1</thread>
  <message>Finding web element with id: &amp;apos;Object Repository/Request A meeting/Sign Up In Request Meeting/input_password_confirmation&amp;apos; located by &amp;apos;By.xpath: //input[count(. | //*[@name = &amp;apos;password_confirmation&amp;apos;]) = count(//*[@name = &amp;apos;password_confirmation&amp;apos;])][count(. | //*[@type = &amp;apos;password&amp;apos;]) = count(//*[@type = &amp;apos;password&amp;apos;])]&amp;apos; in &amp;apos;30&amp;apos; second(s)</message>
  <nestedLevel>1</nestedLevel>
</record>
<record>
  <date>2017-12-05T12:19:46</date>
  <millis>1512465586309</millis>
  <sequence>147</sequence>
  <level>INFO</level>
  <class>com.kms.katalon.core.logging.KeywordLogger</class>
  <method>logMessage</method>
  <thread>1</thread>
  <message>Found 1 web elements with id: &amp;apos;Object Repository/Request A meeting/Sign Up In Request Meeting/input_password_confirmation&amp;apos; located by &amp;apos;By.xpath: //input[count(. | //*[@name = &amp;apos;password_confirmation&amp;apos;]) = count(//*[@name = &amp;apos;password_confirmation&amp;apos;])][count(. | //*[@type = &amp;apos;password&amp;apos;]) = count(//*[@type = &amp;apos;password&amp;apos;])]&amp;apos; in &amp;apos;30&amp;apos; second(s)</message>
  <nestedLevel>1</nestedLevel>
</record>
<record>
  <date>2017-12-05T12:19:46</date>
  <millis>1512465586310</millis>
  <sequence>148</sequence>
  <level>INFO</level>
  <class>com.kms.katalon.core.logging.KeywordLogger</class>
  <method>logMessage</method>
  <thread>1</thread>
  <message>Clearing text of object &amp;apos;Object Repository/Request A meeting/Sign Up In Request Meeting/input_password_confirmation&amp;apos;</message>
  <nestedLevel>1</nestedLevel>
</record>
<record>
  <date>2017-12-05T12:19:46</date>
  <millis>1512465586350</millis>
  <sequence>149</sequence>
  <level>INFO</level>
  <class>com.kms.katalon.core.logging.KeywordLogger</class>
  <method>logMessage</method>
  <thread>1</thread>
  <message>Checking timeout</message>
  <nestedLevel>1</nestedLevel>
</record>
<record>
  <date>2017-12-05T12:19:46</date>
  <millis>1512465586352</millis>
  <sequence>150</sequence>
  <level>INFO</level>
  <class>com.kms.katalon.core.logging.KeywordLogger</class>
  <method>logMessage</method>
  <thread>1</thread>
  <message>Finding web element with id: &amp;apos;Object Repository/Request A meeting/Sign Up In Request Meeting/input_password_confirmation&amp;apos; located by &amp;apos;By.xpath: //input[count(. | //*[@name = &amp;apos;password_confirmation&amp;apos;]) = count(//*[@name = &amp;apos;password_confirmation&amp;apos;])][count(. | //*[@type = &amp;apos;password&amp;apos;]) = count(//*[@type = &amp;apos;password&amp;apos;])]&amp;apos; in &amp;apos;30&amp;apos; second(s)</message>
  <nestedLevel>1</nestedLevel>
</record>
<record>
  <date>2017-12-05T12:19:46</date>
  <millis>1512465586403</millis>
  <sequence>151</sequence>
  <level>INFO</level>
  <class>com.kms.katalon.core.logging.KeywordLogger</class>
  <method>logMessage</method>
  <thread>1</thread>
  <message>Found 1 web elements with id: &amp;apos;Object Repository/Request A meeting/Sign Up In Request Meeting/input_password_confirmation&amp;apos; located by &amp;apos;By.xpath: //input[count(. | //*[@name = &amp;apos;password_confirmation&amp;apos;]) = count(//*[@name = &amp;apos;password_confirmation&amp;apos;])][count(. | //*[@type = &amp;apos;password&amp;apos;]) = count(//*[@type = &amp;apos;password&amp;apos;])]&amp;apos; in &amp;apos;30&amp;apos; second(s)</message>
  <nestedLevel>1</nestedLevel>
</record>
<record>
  <date>2017-12-05T12:19:46</date>
  <millis>1512465586405</millis>
  <sequence>152</sequence>
  <level>INFO</level>
  <class>com.kms.katalon.core.logging.KeywordLogger</class>
  <method>logMessage</method>
  <thread>1</thread>
  <message>Setting text of object &amp;apos;Object Repository/Request A meeting/Sign Up In Request Meeting/input_password_confirmation&amp;apos; to value &amp;apos;var_confirmPassword&amp;apos;</message>
  <nestedLevel>1</nestedLevel>
</record>
<record>
  <date>2017-12-05T12:19:46</date>
  <millis>1512465586707</millis>
  <sequence>153</sequence>
  <level>PASSED</level>
  <class>com.kms.katalon.core.logging.KeywordLogger</class>
  <method>logMessage</method>
  <thread>1</thread>
  <message>Text &amp;apos;var_confirmPassword&amp;apos; is set on object &amp;apos;Object Repository/Request A meeting/Sign Up In Request Meeting/input_password_confirmation&amp;apos;</message>
  <nestedLevel>1</nestedLevel>
</record>
<record>
  <date>2017-12-05T12:19:46</date>
  <millis>1512465586709</millis>
  <sequence>154</sequence>
  <level>END</level>
  <class>com.kms.katalon.core.logging.KeywordLogger</class>
  <method>endKeyword</method>
  <thread>1</thread>
  <message>End action : setText</message>
  <nestedLevel>1</nestedLevel>
</record>
<record>
  <date>2017-12-05T12:19:46</date>
  <millis>1512465586710</millis>
  <sequence>155</sequence>
  <level>START</level>
  <class>com.kms.katalon.core.logging.KeywordLogger</class>
  <method>startKeyword</method>
  <thread>1</thread>
  <message>Start action : click</message>
  <nestedLevel>1</nestedLevel>
  <property name="startLine">39</property>
  <property name="stepIndex">9</property>
</record>
<record>
  <date>2017-12-05T12:19:46</date>
  <millis>1512465586711</millis>
  <sequence>156</sequence>
  <level>INFO</level>
  <class>com.kms.katalon.core.logging.KeywordLogger</class>
  <method>logMessage</method>
  <thread>1</thread>
  <message>Finding Test Object with id &amp;apos;Object Repository/Request A meeting/Sign Up In Request Meeting/button_Sign Up&amp;apos;</message>
  <nestedLevel>1</nestedLevel>
</record>
<record>
  <date>2017-12-05T12:19:46</date>
  <millis>1512465586715</millis>
  <sequence>157</sequence>
  <level>INFO</level>
  <class>com.kms.katalon.core.logging.KeywordLogger</class>
  <method>logMessage</method>
  <thread>1</thread>
  <message>Checking object</message>
  <nestedLevel>1</nestedLevel>
</record>
<record>
  <date>2017-12-05T12:19:46</date>
  <millis>1512465586717</millis>
  <sequence>158</sequence>
  <level>INFO</level>
  <class>com.kms.katalon.core.logging.KeywordLogger</class>
  <method>logMessage</method>
  <thread>1</thread>
  <message>Checking timeout</message>
  <nestedLevel>1</nestedLevel>
</record>
<record>
  <date>2017-12-05T12:19:46</date>
  <millis>1512465586717</millis>
  <sequence>159</sequence>
  <level>INFO</level>
  <class>com.kms.katalon.core.logging.KeywordLogger</class>
  <method>logMessage</method>
  <thread>1</thread>
  <message>Finding web element with id: &amp;apos;Object Repository/Request A meeting/Sign Up In Request Meeting/button_Sign Up&amp;apos; located by &amp;apos;By.xpath: //button[count(. | //*[@id = &amp;apos;btnsignup&amp;apos;]) = count(//*[@id = &amp;apos;btnsignup&amp;apos;])][count(. | //*[contains(.,&amp;apos;Sign Up&amp;apos;)]) = count(//*[contains(.,&amp;apos;Sign Up&amp;apos;)])][count(. | //*[@type = &amp;apos;submit&amp;apos;]) = count(//*[@type = &amp;apos;submit&amp;apos;])]&amp;apos; in &amp;apos;30&amp;apos; second(s)</message>
  <nestedLevel>1</nestedLevel>
</record>
<record>
  <date>2017-12-05T12:19:46</date>
  <millis>1512465586751</millis>
  <sequence>160</sequence>
  <level>INFO</level>
  <class>com.kms.katalon.core.logging.KeywordLogger</class>
  <method>logMessage</method>
  <thread>1</thread>
  <message>Found 1 web elements with id: &amp;apos;Object Repository/Request A meeting/Sign Up In Request Meeting/button_Sign Up&amp;apos; located by &amp;apos;By.xpath: //button[count(. | //*[@id = &amp;apos;btnsignup&amp;apos;]) = count(//*[@id = &amp;apos;btnsignup&amp;apos;])][count(. | //*[contains(.,&amp;apos;Sign Up&amp;apos;)]) = count(//*[contains(.,&amp;apos;Sign Up&amp;apos;)])][count(. | //*[@type = &amp;apos;submit&amp;apos;]) = count(//*[@type = &amp;apos;submit&amp;apos;])]&amp;apos; in &amp;apos;30&amp;apos; second(s)</message>
  <nestedLevel>1</nestedLevel>
</record>
<record>
  <date>2017-12-05T12:19:46</date>
  <millis>1512465586751</millis>
  <sequence>161</sequence>
  <level>INFO</level>
  <class>com.kms.katalon.core.logging.KeywordLogger</class>
  <method>logMessage</method>
  <thread>1</thread>
  <message>Clicking on object: &amp;apos;Object Repository/Request A meeting/Sign Up In Request Meeting/button_Sign Up&amp;apos;</message>
  <nestedLevel>1</nestedLevel>
</record>
<record>
  <date>2017-12-05T12:19:46</date>
  <millis>1512465586832</millis>
  <sequence>162</sequence>
  <level>PASSED</level>
  <class>com.kms.katalon.core.logging.KeywordLogger</class>
  <method>logMessage</method>
  <thread>1</thread>
  <message>Object: &amp;apos;Object Repository/Request A meeting/Sign Up In Request Meeting/button_Sign Up&amp;apos; is clicked on</message>
  <nestedLevel>1</nestedLevel>
</record>
<record>
  <date>2017-12-05T12:19:46</date>
  <millis>1512465586832</millis>
  <sequence>163</sequence>
  <level>END</level>
  <class>com.kms.katalon.core.logging.KeywordLogger</class>
  <method>endKeyword</method>
  <thread>1</thread>
  <message>End action : click</message>
  <nestedLevel>1</nestedLevel>
</record>
<record>
  <date>2017-12-05T12:19:46</date>
  <millis>1512465586833</millis>
  <sequence>164</sequence>
  <level>START</level>
  <class>com.kms.katalon.core.logging.KeywordLogger</class>
  <method>startKeyword</method>
  <thread>1</thread>
  <message>Start action : delay</message>
  <nestedLevel>1</nestedLevel>
  <property name="startLine">41</property>
  <property name="stepIndex">10</property>
</record>
<record>
  <date>2017-12-05T12:19:46</date>
  <millis>1512465586833</millis>
  <sequence>165</sequence>
  <level>INFO</level>
  <class>com.kms.katalon.core.logging.KeywordLogger</class>
  <method>logMessage</method>
  <thread>1</thread>
  <message>Delaying browser in 2 second(s)</message>
  <nestedLevel>1</nestedLevel>
</record>
<record>
  <date>2017-12-05T12:19:48</date>
  <millis>1512465588834</millis>
  <sequence>166</sequence>
  <level>PASSED</level>
  <class>com.kms.katalon.core.logging.KeywordLogger</class>
  <method>logMessage</method>
  <thread>1</thread>
  <message>Delayed 2 second(s)</message>
  <nestedLevel>1</nestedLevel>
</record>
<record>
  <date>2017-12-05T12:19:48</date>
  <millis>1512465588837</millis>
  <sequence>167</sequence>
  <level>END</level>
  <class>com.kms.katalon.core.logging.KeywordLogger</class>
  <method>endKeyword</method>
  <thread>1</thread>
  <message>End action : delay</message>
  <nestedLevel>1</nestedLevel>
</record>
<record>
  <date>2017-12-05T12:19:48</date>
  <millis>1512465588838</millis>
  <sequence>168</sequence>
  <level>START</level>
  <class>com.kms.katalon.core.logging.KeywordLogger</class>
  <method>startKeyword</method>
  <thread>1</thread>
  <message>Start action : verifyElementVisible</message>
  <nestedLevel>1</nestedLevel>
  <property name="startLine">43</property>
  <property name="stepIndex">11</property>
</record>
<record>
  <date>2017-12-05T12:19:48</date>
  <millis>1512465588839</millis>
  <sequence>169</sequence>
  <level>INFO</level>
  <class>com.kms.katalon.core.logging.KeywordLogger</class>
  <method>logMessage</method>
  <thread>1</thread>
  <message>Finding Test Object with id &amp;apos;Object Repository/Request A meeting/Sign Up In Request Meeting/Verify Sign Up in Request Meeting/Request Sign up&amp;apos;</message>
  <nestedLevel>1</nestedLevel>
</record>
<record>
  <date>2017-12-05T12:19:48</date>
  <millis>1512465588877</millis>
  <sequence>170</sequence>
  <level>INFO</level>
  <class>com.kms.katalon.core.logging.KeywordLogger</class>
  <method>logMessage</method>
  <thread>1</thread>
  <message>Checking object</message>
  <nestedLevel>1</nestedLevel>
</record>
<record>
  <date>2017-12-05T12:19:48</date>
  <millis>1512465588878</millis>
  <sequence>171</sequence>
  <level>INFO</level>
  <class>com.kms.katalon.core.logging.KeywordLogger</class>
  <method>logMessage</method>
  <thread>1</thread>
  <message>Checking timeout</message>
  <nestedLevel>1</nestedLevel>
</record>
<record>
  <date>2017-12-05T12:19:48</date>
  <millis>1512465588879</millis>
  <sequence>172</sequence>
  <level>INFO</level>
  <class>com.kms.katalon.core.logging.KeywordLogger</class>
  <method>logMessage</method>
  <thread>1</thread>
  <message>Finding web element with id: &amp;apos;Object Repository/Request A meeting/Sign Up In Request Meeting/Verify Sign Up in Request Meeting/Request Sign up&amp;apos; located by &amp;apos;By.xpath: //div[count(. | //*[@class = &amp;apos;modal-body&amp;apos;]) = count(//*[@class = &amp;apos;modal-body&amp;apos;])][count(. | id(\&amp;quot;modal-meetingrequest\&amp;quot;)/div[@class=\&amp;quot;modal-dialog\&amp;quot;]/div[@class=\&amp;quot;modal-content\&amp;quot;]/div[@class=\&amp;quot;modal-body\&amp;quot;]) = count(id(\&amp;quot;modal-meetingrequest\&amp;quot;)/div[@class=\&amp;quot;modal-dialog\&amp;quot;]/div[@class=\&amp;quot;modal-content\&amp;quot;]/div[@class=\&amp;quot;modal-body\&amp;quot;])]&amp;apos; in &amp;apos;30&amp;apos; second(s)</message>
  <nestedLevel>1</nestedLevel>
</record>
<record>
  <date>2017-12-05T12:19:48</date>
  <millis>1512465588944</millis>
  <sequence>173</sequence>
  <level>INFO</level>
  <class>com.kms.katalon.core.logging.KeywordLogger</class>
  <method>logMessage</method>
  <thread>1</thread>
  <message>Found 1 web elements with id: &amp;apos;Object Repository/Request A meeting/Sign Up In Request Meeting/Verify Sign Up in Request Meeting/Request Sign up&amp;apos; located by &amp;apos;By.xpath: //div[count(. | //*[@class = &amp;apos;modal-body&amp;apos;]) = count(//*[@class = &amp;apos;modal-body&amp;apos;])][count(. | id(\&amp;quot;modal-meetingrequest\&amp;quot;)/div[@class=\&amp;quot;modal-dialog\&amp;quot;]/div[@class=\&amp;quot;modal-content\&amp;quot;]/div[@class=\&amp;quot;modal-body\&amp;quot;]) = count(id(\&amp;quot;modal-meetingrequest\&amp;quot;)/div[@class=\&amp;quot;modal-dialog\&amp;quot;]/div[@class=\&amp;quot;modal-content\&amp;quot;]/div[@class=\&amp;quot;modal-body\&amp;quot;])]&amp;apos; in &amp;apos;30&amp;apos; second(s)</message>
  <nestedLevel>1</nestedLevel>
</record>
<record>
  <date>2017-12-05T12:19:48</date>
  <millis>1512465588967</millis>
  <sequence>174</sequence>
  <level>PASSED</level>
  <class>com.kms.katalon.core.logging.KeywordLogger</class>
  <method>logMessage</method>
  <thread>1</thread>
  <message>Object &amp;apos;Object Repository/Request A meeting/Sign Up In Request Meeting/Verify Sign Up in Request Meeting/Request Sign up&amp;apos; is visible</message>
  <nestedLevel>1</nestedLevel>
</record>
<record>
  <date>2017-12-05T12:19:48</date>
  <millis>1512465588968</millis>
  <sequence>175</sequence>
  <level>END</level>
  <class>com.kms.katalon.core.logging.KeywordLogger</class>
  <method>endKeyword</method>
  <thread>1</thread>
  <message>End action : verifyElementVisible</message>
  <nestedLevel>1</nestedLevel>
</record>
<record>
  <date>2017-12-05T12:19:48</date>
  <millis>1512465588969</millis>
  <sequence>176</sequence>
  <level>START</level>
  <class>com.kms.katalon.core.logging.KeywordLogger</class>
  <method>startKeyword</method>
  <thread>1</thread>
  <message>Start action : delay</message>
  <nestedLevel>1</nestedLevel>
  <property name="startLine">45</property>
  <property name="stepIndex">12</property>
</record>
<record>
  <date>2017-12-05T12:19:48</date>
  <millis>1512465588969</millis>
  <sequence>177</sequence>
  <level>INFO</level>
  <class>com.kms.katalon.core.logging.KeywordLogger</class>
  <method>logMessage</method>
  <thread>1</thread>
  <message>Delaying browser in 3 second(s)</message>
  <nestedLevel>1</nestedLevel>
</record>
<record>
  <date>2017-12-05T12:19:51</date>
  <millis>1512465591970</millis>
  <sequence>178</sequence>
  <level>PASSED</level>
  <class>com.kms.katalon.core.logging.KeywordLogger</class>
  <method>logMessage</method>
  <thread>1</thread>
  <message>Delayed 3 second(s)</message>
  <nestedLevel>1</nestedLevel>
</record>
<record>
  <date>2017-12-05T12:19:51</date>
  <millis>1512465591971</millis>
  <sequence>179</sequence>
  <level>END</level>
  <class>com.kms.katalon.core.logging.KeywordLogger</class>
  <method>endKeyword</method>
  <thread>1</thread>
  <message>End action : delay</message>
  <nestedLevel>1</nestedLevel>
</record>
<record>
  <date>2017-12-05T12:19:51</date>
  <millis>1512465591973</millis>
  <sequence>180</sequence>
  <level>START</level>
  <class>com.kms.katalon.core.logging.KeywordLogger</class>
  <method>startKeyword</method>
  <thread>1</thread>
  <message>Start action : closeBrowser</message>
  <nestedLevel>1</nestedLevel>
  <property name="startLine">47</property>
  <property name="stepIndex">13</property>
</record>
<record>
  <date>2017-12-05T12:19:52</date>
  <millis>1512465592039</millis>
  <sequence>181</sequence>
  <level>INFO</level>
  <class>com.kms.katalon.core.logging.KeywordLogger</class>
  <method>logMessage</method>
  <thread>1</thread>
  <message>Closing browser</message>
  <nestedLevel>1</nestedLevel>
</record>
<record>
  <date>2017-12-05T12:19:52</date>
  <millis>1512465592765</millis>
  <sequence>182</sequence>
  <level>PASSED</level>
  <class>com.kms.katalon.core.logging.KeywordLogger</class>
  <method>logMessage</method>
  <thread>1</thread>
  <message>Browser is closed</message>
  <nestedLevel>1</nestedLevel>
</record>
<record>
  <date>2017-12-05T12:19:52</date>
  <millis>1512465592766</millis>
  <sequence>183</sequence>
  <level>END</level>
  <class>com.kms.katalon.core.logging.KeywordLogger</class>
  <method>endKeyword</method>
  <thread>1</thread>
  <message>End action : closeBrowser</message>
  <nestedLevel>1</nestedLevel>
</record>
<record>
  <date>2017-12-05T12:19:52</date>
  <millis>1512465592768</millis>
  <sequence>184</sequence>
  <level>PASSED</level>
  <class>com.kms.katalon.core.logging.KeywordLogger</class>
  <method>logMessage</method>
  <thread>1</thread>
  <message>Test Cases/Request A Meeting/Sign Up in Request Meeting</message>
  <nestedLevel>1</nestedLevel>
</record>
<record>
  <date>2017-12-05T12:19:52</date>
  <millis>1512465592769</millis>
  <sequence>185</sequence>
  <level>END</level>
  <class>com.kms.katalon.core.logging.KeywordLogger</class>
  <method>endTest</method>
  <thread>1</thread>
  <message>End Test Case : Test Cases/Request A Meeting/Sign Up in Request Meeting</message>
  <nestedLevel>0</nestedLevel>
</record>
<record>
  <date>2017-12-05T12:19:52</date>
  <millis>1512465592827</millis>
  <sequence>186</sequence>
  <level>END</level>
  <class>com.kms.katalon.core.logging.KeywordLogger</class>
  <method>endSuite</method>
  <thread>1</thread>
  <message>End Test Suite : Sign up</message>
  <nestedLevel>0</nestedLevel>
</record>
</log>
