<?xml version="1.0" encoding="UTF-8" standalone="no"?>
<!DOCTYPE log SYSTEM "logger.dtd">
<log>
<record>
  <date>2017-10-03T14:05:12</date>
  <millis>1507028712030</millis>
  <sequence>0</sequence>
  <level>START</level>
  <class>com.kms.katalon.core.logging.KeywordLogger</class>
  <method>startSuite</method>
  <thread>1</thread>
  <message>Start Test Suite : Sign Up</message>
  <nestedLevel>0</nestedLevel>
  <property name="name">Sign Up</property>
  <property name="description"></property>
  <property name="id">Test Suites/Sign Up/Sign Up</property>
</record>
<record>
  <date>2017-10-03T14:05:12</date>
  <millis>1507028712070</millis>
  <sequence>1</sequence>
  <level>RUN_DATA</level>
  <class>com.kms.katalon.core.logging.KeywordLogger</class>
  <method>logMessage</method>
  <thread>1</thread>
  <message>Logging run data &amp;apos;hostName&amp;apos; with value &amp;apos;ChweyaJnr - DESKTOP-QAVLP3L&amp;apos;</message>
  <nestedLevel>0</nestedLevel>
  <property name="hostName">ChweyaJnr - DESKTOP-QAVLP3L</property>
</record>
<record>
  <date>2017-10-03T14:05:12</date>
  <millis>1507028712072</millis>
  <sequence>2</sequence>
  <level>RUN_DATA</level>
  <class>com.kms.katalon.core.logging.KeywordLogger</class>
  <method>logMessage</method>
  <thread>1</thread>
  <message>Logging run data &amp;apos;os&amp;apos; with value &amp;apos;Windows 10 64bit&amp;apos;</message>
  <nestedLevel>0</nestedLevel>
  <property name="os">Windows 10 64bit</property>
</record>
<record>
  <date>2017-10-03T14:05:12</date>
  <millis>1507028712073</millis>
  <sequence>3</sequence>
  <level>RUN_DATA</level>
  <class>com.kms.katalon.core.logging.KeywordLogger</class>
  <method>logMessage</method>
  <thread>1</thread>
  <message>Logging run data &amp;apos;hostAddress&amp;apos; with value &amp;apos;192.168.56.1&amp;apos;</message>
  <nestedLevel>0</nestedLevel>
  <property name="hostAddress">192.168.56.1</property>
</record>
<record>
  <date>2017-10-03T14:05:12</date>
  <millis>1507028712074</millis>
  <sequence>4</sequence>
  <level>RUN_DATA</level>
  <class>com.kms.katalon.core.logging.KeywordLogger</class>
  <method>logMessage</method>
  <thread>1</thread>
  <message>Logging run data &amp;apos;katalonVersion&amp;apos; with value &amp;apos;4.8.0.2&amp;apos;</message>
  <nestedLevel>0</nestedLevel>
  <property name="katalonVersion">4.8.0.2</property>
</record>
<record>
  <date>2017-10-03T14:05:12</date>
  <millis>1507028712549</millis>
  <sequence>5</sequence>
  <level>START</level>
  <class>com.kms.katalon.core.logging.KeywordLogger</class>
  <method>startTest</method>
  <thread>1</thread>
  <message>Start Test Case : Test Cases/Sign Up</message>
  <nestedLevel>1</nestedLevel>
  <property name="name">Test Cases/Sign Up</property>
  <property name="description"></property>
  <property name="id">Test Cases/Sign Up</property>
  <property name="source">C:\\Users\\ChweyaJnr\\git\\VSMS-Test-AutomationTest Cases\\Sign Up.tc</property>
  <property name="isOptional">false</property>
</record>
<record>
  <date>2017-10-03T14:05:12</date>
  <millis>1507028712853</millis>
  <sequence>6</sequence>
  <level>INFO</level>
  <class>com.kms.katalon.core.logging.KeywordLogger</class>
  <method>logMessage</method>
  <thread>1</thread>
  <message>Evaluating variables for test case</message>
  <nestedLevel>1</nestedLevel>
</record>
<record>
  <date>2017-10-03T14:05:12</date>
  <millis>1507028712981</millis>
  <sequence>7</sequence>
  <level>INFO</level>
  <class>com.kms.katalon.core.logging.KeywordLogger</class>
  <method>logMessage</method>
  <thread>1</thread>
  <message>Variable &amp;apos;var_url&amp;apos; is set to https://sandbox.vsms.tezzasolutions.com/index</message>
  <nestedLevel>1</nestedLevel>
</record>
<record>
  <date>2017-10-03T14:05:12</date>
  <millis>1507028712983</millis>
  <sequence>8</sequence>
  <level>INFO</level>
  <class>com.kms.katalon.core.logging.KeywordLogger</class>
  <method>logMessage</method>
  <thread>1</thread>
  <message>Variable &amp;apos;var_tenantname&amp;apos; is set to Tezza Test</message>
  <nestedLevel>1</nestedLevel>
</record>
<record>
  <date>2017-10-03T14:05:12</date>
  <millis>1507028712985</millis>
  <sequence>9</sequence>
  <level>INFO</level>
  <class>com.kms.katalon.core.logging.KeywordLogger</class>
  <method>logMessage</method>
  <thread>1</thread>
  <message>Variable &amp;apos;var_firstname&amp;apos; is set to Chweya</message>
  <nestedLevel>1</nestedLevel>
</record>
<record>
  <date>2017-10-03T14:05:12</date>
  <millis>1507028712986</millis>
  <sequence>10</sequence>
  <level>INFO</level>
  <class>com.kms.katalon.core.logging.KeywordLogger</class>
  <method>logMessage</method>
  <thread>1</thread>
  <message>Variable &amp;apos;var_lastname&amp;apos; is set to Charles</message>
  <nestedLevel>1</nestedLevel>
</record>
<record>
  <date>2017-10-03T14:05:12</date>
  <millis>1507028712988</millis>
  <sequence>11</sequence>
  <level>INFO</level>
  <class>com.kms.katalon.core.logging.KeywordLogger</class>
  <method>logMessage</method>
  <thread>1</thread>
  <message>Variable &amp;apos;var_email&amp;apos; is set to charles.chweyaa@tezzasolutions.com</message>
  <nestedLevel>1</nestedLevel>
</record>
<record>
  <date>2017-10-03T14:05:12</date>
  <millis>1507028712990</millis>
  <sequence>12</sequence>
  <level>INFO</level>
  <class>com.kms.katalon.core.logging.KeywordLogger</class>
  <method>logMessage</method>
  <thread>1</thread>
  <message>Variable &amp;apos;var_phone&amp;apos; is set to 0725165219</message>
  <nestedLevel>1</nestedLevel>
</record>
<record>
  <date>2017-10-03T14:05:13</date>
  <millis>1507028713610</millis>
  <sequence>13</sequence>
  <level>START</level>
  <class>com.kms.katalon.core.logging.KeywordLogger</class>
  <method>startKeyword</method>
  <thread>1</thread>
  <message>Start action : openBrowser</message>
  <nestedLevel>1</nestedLevel>
  <property name="startLine">23</property>
  <property name="stepIndex">1</property>
</record>
<record>
  <date>2017-10-03T14:05:14</date>
  <millis>1507028714137</millis>
  <sequence>14</sequence>
  <level>INFO</level>
  <class>com.kms.katalon.core.logging.KeywordLogger</class>
  <method>logMessage</method>
  <thread>1</thread>
  <message>Opening browser</message>
  <nestedLevel>1</nestedLevel>
</record>
<record>
  <date>2017-10-03T14:05:14</date>
  <millis>1507028714171</millis>
  <sequence>15</sequence>
  <level>INFO</level>
  <class>com.kms.katalon.core.logging.KeywordLogger</class>
  <method>logMessage</method>
  <thread>1</thread>
  <message>Starting &amp;apos;Chrome&amp;apos; driver</message>
  <nestedLevel>1</nestedLevel>
</record>
<record>
  <date>2017-10-03T14:05:14</date>
  <millis>1507028714225</millis>
  <sequence>16</sequence>
  <level>INFO</level>
  <class>com.kms.katalon.core.logging.KeywordLogger</class>
  <method>logMessage</method>
  <thread>1</thread>
  <message>Action delay is set to 0 seconds</message>
  <nestedLevel>1</nestedLevel>
</record>
<record>
  <date>2017-10-03T14:05:17</date>
  <millis>1507028717492</millis>
  <sequence>17</sequence>
  <level>RUN_DATA</level>
  <class>com.kms.katalon.core.logging.KeywordLogger</class>
  <method>logMessage</method>
  <thread>1</thread>
  <message>Logging run data &amp;apos;sessionId&amp;apos; with value &amp;apos;edb54acd15d04b1b095cb68178f9b665&amp;apos;</message>
  <nestedLevel>1</nestedLevel>
  <property name="sessionId">edb54acd15d04b1b095cb68178f9b665</property>
</record>
<record>
  <date>2017-10-03T14:05:17</date>
  <millis>1507028717542</millis>
  <sequence>18</sequence>
  <level>RUN_DATA</level>
  <class>com.kms.katalon.core.logging.KeywordLogger</class>
  <method>logMessage</method>
  <thread>1</thread>
  <message>Logging run data &amp;apos;browser&amp;apos; with value &amp;apos;Chrome 61.0.3163.100&amp;apos;</message>
  <nestedLevel>1</nestedLevel>
  <property name="browser">Chrome 61.0.3163.100</property>
</record>
<record>
  <date>2017-10-03T14:05:17</date>
  <millis>1507028717543</millis>
  <sequence>19</sequence>
  <level>RUN_DATA</level>
  <class>com.kms.katalon.core.logging.KeywordLogger</class>
  <method>logMessage</method>
  <thread>1</thread>
  <message>Logging run data &amp;apos;platform&amp;apos; with value &amp;apos;Windows 10&amp;apos;</message>
  <nestedLevel>1</nestedLevel>
  <property name="platform">Windows 10</property>
</record>
<record>
  <date>2017-10-03T14:05:17</date>
  <millis>1507028717562</millis>
  <sequence>20</sequence>
  <level>RUN_DATA</level>
  <class>com.kms.katalon.core.logging.KeywordLogger</class>
  <method>logMessage</method>
  <thread>1</thread>
  <message>Logging run data &amp;apos;seleniumVersion&amp;apos; with value &amp;apos;2.53.0&amp;apos;</message>
  <nestedLevel>1</nestedLevel>
  <property name="seleniumVersion">2.53.0</property>
</record>
<record>
  <date>2017-10-03T14:05:17</date>
  <millis>1507028717563</millis>
  <sequence>21</sequence>
  <level>RUN_DATA</level>
  <class>com.kms.katalon.core.logging.KeywordLogger</class>
  <method>logMessage</method>
  <thread>1</thread>
  <message>Logging run data &amp;apos;proxyInformation&amp;apos; with value &amp;apos;ProxyInformation{proxyOption=NO_PROXY, proxyServerType=HTTP, password=, proxyServerAddress=, proxyServerPort=0}&amp;apos;</message>
  <nestedLevel>1</nestedLevel>
  <property name="proxyInformation">ProxyInformation{proxyOption=NO_PROXY, proxyServerType=HTTP, password=, proxyServerAddress=, proxyServerPort=0}</property>
</record>
<record>
  <date>2017-10-03T14:05:17</date>
  <millis>1507028717565</millis>
  <sequence>22</sequence>
  <level>PASSED</level>
  <class>com.kms.katalon.core.logging.KeywordLogger</class>
  <method>logMessage</method>
  <thread>1</thread>
  <message>Browser is opened with url: &amp;apos;&amp;apos;</message>
  <nestedLevel>1</nestedLevel>
</record>
<record>
  <date>2017-10-03T14:05:17</date>
  <millis>1507028717566</millis>
  <sequence>23</sequence>
  <level>END</level>
  <class>com.kms.katalon.core.logging.KeywordLogger</class>
  <method>endKeyword</method>
  <thread>1</thread>
  <message>End action : openBrowser</message>
  <nestedLevel>1</nestedLevel>
</record>
<record>
  <date>2017-10-03T14:05:17</date>
  <millis>1507028717567</millis>
  <sequence>24</sequence>
  <level>START</level>
  <class>com.kms.katalon.core.logging.KeywordLogger</class>
  <method>startKeyword</method>
  <thread>1</thread>
  <message>Start action : navigateToUrl</message>
  <nestedLevel>1</nestedLevel>
  <property name="startLine">25</property>
  <property name="stepIndex">2</property>
</record>
<record>
  <date>2017-10-03T14:05:17</date>
  <millis>1507028717607</millis>
  <sequence>25</sequence>
  <level>INFO</level>
  <class>com.kms.katalon.core.logging.KeywordLogger</class>
  <method>logMessage</method>
  <thread>1</thread>
  <message>Checking url</message>
  <nestedLevel>1</nestedLevel>
</record>
<record>
  <date>2017-10-03T14:05:17</date>
  <millis>1507028717609</millis>
  <sequence>26</sequence>
  <level>INFO</level>
  <class>com.kms.katalon.core.logging.KeywordLogger</class>
  <method>logMessage</method>
  <thread>1</thread>
  <message>Navigating to &amp;apos;https://sandbox.vsms.tezzasolutions.com/index&amp;apos;</message>
  <nestedLevel>1</nestedLevel>
</record>
<record>
  <date>2017-10-03T14:05:23</date>
  <millis>1507028723138</millis>
  <sequence>27</sequence>
  <level>PASSED</level>
  <class>com.kms.katalon.core.logging.KeywordLogger</class>
  <method>logMessage</method>
  <thread>1</thread>
  <message>Navigate to &amp;apos;https://sandbox.vsms.tezzasolutions.com/index&amp;apos; successfully</message>
  <nestedLevel>1</nestedLevel>
</record>
<record>
  <date>2017-10-03T14:05:23</date>
  <millis>1507028723139</millis>
  <sequence>28</sequence>
  <level>END</level>
  <class>com.kms.katalon.core.logging.KeywordLogger</class>
  <method>endKeyword</method>
  <thread>1</thread>
  <message>End action : navigateToUrl</message>
  <nestedLevel>1</nestedLevel>
</record>
<record>
  <date>2017-10-03T14:05:23</date>
  <millis>1507028723140</millis>
  <sequence>29</sequence>
  <level>START</level>
  <class>com.kms.katalon.core.logging.KeywordLogger</class>
  <method>startKeyword</method>
  <thread>1</thread>
  <message>Start action : click</message>
  <nestedLevel>1</nestedLevel>
  <property name="startLine">27</property>
  <property name="stepIndex">3</property>
</record>
<record>
  <date>2017-10-03T14:05:23</date>
  <millis>1507028723149</millis>
  <sequence>30</sequence>
  <level>INFO</level>
  <class>com.kms.katalon.core.logging.KeywordLogger</class>
  <method>logMessage</method>
  <thread>1</thread>
  <message>Finding Test Object with id &amp;apos;Object Repository/Sign Up/Page_VSMS Overview/a_Log in&amp;apos;</message>
  <nestedLevel>1</nestedLevel>
</record>
<record>
  <date>2017-10-03T14:05:23</date>
  <millis>1507028723197</millis>
  <sequence>31</sequence>
  <level>INFO</level>
  <class>com.kms.katalon.core.logging.KeywordLogger</class>
  <method>logMessage</method>
  <thread>1</thread>
  <message>Checking object</message>
  <nestedLevel>1</nestedLevel>
</record>
<record>
  <date>2017-10-03T14:05:23</date>
  <millis>1507028723198</millis>
  <sequence>32</sequence>
  <level>INFO</level>
  <class>com.kms.katalon.core.logging.KeywordLogger</class>
  <method>logMessage</method>
  <thread>1</thread>
  <message>Checking timeout</message>
  <nestedLevel>1</nestedLevel>
</record>
<record>
  <date>2017-10-03T14:05:23</date>
  <millis>1507028723209</millis>
  <sequence>33</sequence>
  <level>INFO</level>
  <class>com.kms.katalon.core.logging.KeywordLogger</class>
  <method>logMessage</method>
  <thread>1</thread>
  <message>Finding web element with id: &amp;apos;Object Repository/Sign Up/Page_VSMS Overview/a_Log in&amp;apos; located by &amp;apos;By.xpath: //a[count(. | //*[@href = &amp;apos;https://sandbox.vsms.tezzasolutions.com/login&amp;apos;]) = count(//*[@href = &amp;apos;https://sandbox.vsms.tezzasolutions.com/login&amp;apos;])][count(. | //*[contains(.,&amp;apos;Log in&amp;apos;)]) = count(//*[contains(.,&amp;apos;Log in&amp;apos;)])]&amp;apos; in &amp;apos;30&amp;apos; second(s)</message>
  <nestedLevel>1</nestedLevel>
</record>
<record>
  <date>2017-10-03T14:05:23</date>
  <millis>1507028723511</millis>
  <sequence>34</sequence>
  <level>INFO</level>
  <class>com.kms.katalon.core.logging.KeywordLogger</class>
  <method>logMessage</method>
  <thread>1</thread>
  <message>Found 1 web elements with id: &amp;apos;Object Repository/Sign Up/Page_VSMS Overview/a_Log in&amp;apos; located by &amp;apos;By.xpath: //a[count(. | //*[@href = &amp;apos;https://sandbox.vsms.tezzasolutions.com/login&amp;apos;]) = count(//*[@href = &amp;apos;https://sandbox.vsms.tezzasolutions.com/login&amp;apos;])][count(. | //*[contains(.,&amp;apos;Log in&amp;apos;)]) = count(//*[contains(.,&amp;apos;Log in&amp;apos;)])]&amp;apos; in &amp;apos;30&amp;apos; second(s)</message>
  <nestedLevel>1</nestedLevel>
</record>
<record>
  <date>2017-10-03T14:05:23</date>
  <millis>1507028723513</millis>
  <sequence>35</sequence>
  <level>INFO</level>
  <class>com.kms.katalon.core.logging.KeywordLogger</class>
  <method>logMessage</method>
  <thread>1</thread>
  <message>Clicking on object: &amp;apos;Object Repository/Sign Up/Page_VSMS Overview/a_Log in&amp;apos;</message>
  <nestedLevel>1</nestedLevel>
</record>
<record>
  <date>2017-10-03T14:05:25</date>
  <millis>1507028725492</millis>
  <sequence>36</sequence>
  <level>PASSED</level>
  <class>com.kms.katalon.core.logging.KeywordLogger</class>
  <method>logMessage</method>
  <thread>1</thread>
  <message>Object: &amp;apos;Object Repository/Sign Up/Page_VSMS Overview/a_Log in&amp;apos; is clicked on</message>
  <nestedLevel>1</nestedLevel>
</record>
<record>
  <date>2017-10-03T14:05:25</date>
  <millis>1507028725494</millis>
  <sequence>37</sequence>
  <level>END</level>
  <class>com.kms.katalon.core.logging.KeywordLogger</class>
  <method>endKeyword</method>
  <thread>1</thread>
  <message>End action : click</message>
  <nestedLevel>1</nestedLevel>
</record>
<record>
  <date>2017-10-03T14:05:25</date>
  <millis>1507028725495</millis>
  <sequence>38</sequence>
  <level>START</level>
  <class>com.kms.katalon.core.logging.KeywordLogger</class>
  <method>startKeyword</method>
  <thread>1</thread>
  <message>Start action : maximizeWindow</message>
  <nestedLevel>1</nestedLevel>
  <property name="startLine">29</property>
  <property name="stepIndex">4</property>
</record>
<record>
  <date>2017-10-03T14:05:25</date>
  <millis>1507028725519</millis>
  <sequence>39</sequence>
  <level>INFO</level>
  <class>com.kms.katalon.core.logging.KeywordLogger</class>
  <method>logMessage</method>
  <thread>1</thread>
  <message>Maximizing current window</message>
  <nestedLevel>1</nestedLevel>
</record>
<record>
  <date>2017-10-03T14:05:26</date>
  <millis>1507028726690</millis>
  <sequence>40</sequence>
  <level>PASSED</level>
  <class>com.kms.katalon.core.logging.KeywordLogger</class>
  <method>logMessage</method>
  <thread>1</thread>
  <message>Current window maximized</message>
  <nestedLevel>1</nestedLevel>
</record>
<record>
  <date>2017-10-03T14:05:26</date>
  <millis>1507028726691</millis>
  <sequence>41</sequence>
  <level>END</level>
  <class>com.kms.katalon.core.logging.KeywordLogger</class>
  <method>endKeyword</method>
  <thread>1</thread>
  <message>End action : maximizeWindow</message>
  <nestedLevel>1</nestedLevel>
</record>
<record>
  <date>2017-10-03T14:05:26</date>
  <millis>1507028726692</millis>
  <sequence>42</sequence>
  <level>START</level>
  <class>com.kms.katalon.core.logging.KeywordLogger</class>
  <method>startKeyword</method>
  <thread>1</thread>
  <message>Start action : click</message>
  <nestedLevel>1</nestedLevel>
  <property name="startLine">31</property>
  <property name="stepIndex">5</property>
</record>
<record>
  <date>2017-10-03T14:05:26</date>
  <millis>1507028726694</millis>
  <sequence>43</sequence>
  <level>INFO</level>
  <class>com.kms.katalon.core.logging.KeywordLogger</class>
  <method>logMessage</method>
  <thread>1</thread>
  <message>Finding Test Object with id &amp;apos;Object Repository/Sign Up/Page_Visitor Security Management Sy/a_Dont have an account&amp;apos;</message>
  <nestedLevel>1</nestedLevel>
</record>
<record>
  <date>2017-10-03T14:05:26</date>
  <millis>1507028726706</millis>
  <sequence>44</sequence>
  <level>INFO</level>
  <class>com.kms.katalon.core.logging.KeywordLogger</class>
  <method>logMessage</method>
  <thread>1</thread>
  <message>Checking object</message>
  <nestedLevel>1</nestedLevel>
</record>
<record>
  <date>2017-10-03T14:05:26</date>
  <millis>1507028726708</millis>
  <sequence>45</sequence>
  <level>INFO</level>
  <class>com.kms.katalon.core.logging.KeywordLogger</class>
  <method>logMessage</method>
  <thread>1</thread>
  <message>Checking timeout</message>
  <nestedLevel>1</nestedLevel>
</record>
<record>
  <date>2017-10-03T14:05:26</date>
  <millis>1507028726709</millis>
  <sequence>46</sequence>
  <level>INFO</level>
  <class>com.kms.katalon.core.logging.KeywordLogger</class>
  <method>logMessage</method>
  <thread>1</thread>
  <message>Finding web element with id: &amp;apos;Object Repository/Sign Up/Page_Visitor Security Management Sy/a_Dont have an account&amp;apos; located by &amp;apos;By.xpath: id(\&amp;quot;wrapper\&amp;quot;)/div[@class=\&amp;quot;container\&amp;quot;]/div[@class=\&amp;quot;row\&amp;quot;]/div[@class=\&amp;quot;col-md-8 col-md-offset-2 col-xs-10 col-xs-offset-1 col-sm-8 col-sm-offset-2 col-lg-8 col-lg-offset-2 lgin\&amp;quot;]/div[@class=\&amp;quot;login-panel panel panel-default\&amp;quot;]/div[@class=\&amp;quot;panel-body\&amp;quot;]/form[@class=\&amp;quot;form-horizontal\&amp;quot;]/fieldset[1]/a[@class=\&amp;quot;btn btn-link\&amp;quot;][count(. | //*[@href = &amp;apos;https://sandbox.vsms.tezzasolutions.com/pricing&amp;apos;]) = count(//*[@href = &amp;apos;https://sandbox.vsms.tezzasolutions.com/pricing&amp;apos;])]&amp;apos; in &amp;apos;30&amp;apos; second(s)</message>
  <nestedLevel>1</nestedLevel>
</record>
<record>
  <date>2017-10-03T14:05:26</date>
  <millis>1507028726771</millis>
  <sequence>47</sequence>
  <level>INFO</level>
  <class>com.kms.katalon.core.logging.KeywordLogger</class>
  <method>logMessage</method>
  <thread>1</thread>
  <message>Found 1 web elements with id: &amp;apos;Object Repository/Sign Up/Page_Visitor Security Management Sy/a_Dont have an account&amp;apos; located by &amp;apos;By.xpath: id(\&amp;quot;wrapper\&amp;quot;)/div[@class=\&amp;quot;container\&amp;quot;]/div[@class=\&amp;quot;row\&amp;quot;]/div[@class=\&amp;quot;col-md-8 col-md-offset-2 col-xs-10 col-xs-offset-1 col-sm-8 col-sm-offset-2 col-lg-8 col-lg-offset-2 lgin\&amp;quot;]/div[@class=\&amp;quot;login-panel panel panel-default\&amp;quot;]/div[@class=\&amp;quot;panel-body\&amp;quot;]/form[@class=\&amp;quot;form-horizontal\&amp;quot;]/fieldset[1]/a[@class=\&amp;quot;btn btn-link\&amp;quot;][count(. | //*[@href = &amp;apos;https://sandbox.vsms.tezzasolutions.com/pricing&amp;apos;]) = count(//*[@href = &amp;apos;https://sandbox.vsms.tezzasolutions.com/pricing&amp;apos;])]&amp;apos; in &amp;apos;30&amp;apos; second(s)</message>
  <nestedLevel>1</nestedLevel>
</record>
<record>
  <date>2017-10-03T14:05:26</date>
  <millis>1507028726773</millis>
  <sequence>48</sequence>
  <level>INFO</level>
  <class>com.kms.katalon.core.logging.KeywordLogger</class>
  <method>logMessage</method>
  <thread>1</thread>
  <message>Clicking on object: &amp;apos;Object Repository/Sign Up/Page_Visitor Security Management Sy/a_Dont have an account&amp;apos;</message>
  <nestedLevel>1</nestedLevel>
</record>
<record>
  <date>2017-10-03T14:05:27</date>
  <millis>1507028727652</millis>
  <sequence>49</sequence>
  <level>PASSED</level>
  <class>com.kms.katalon.core.logging.KeywordLogger</class>
  <method>logMessage</method>
  <thread>1</thread>
  <message>Object: &amp;apos;Object Repository/Sign Up/Page_Visitor Security Management Sy/a_Dont have an account&amp;apos; is clicked on</message>
  <nestedLevel>1</nestedLevel>
</record>
<record>
  <date>2017-10-03T14:05:27</date>
  <millis>1507028727653</millis>
  <sequence>50</sequence>
  <level>END</level>
  <class>com.kms.katalon.core.logging.KeywordLogger</class>
  <method>endKeyword</method>
  <thread>1</thread>
  <message>End action : click</message>
  <nestedLevel>1</nestedLevel>
</record>
<record>
  <date>2017-10-03T14:05:27</date>
  <millis>1507028727654</millis>
  <sequence>51</sequence>
  <level>START</level>
  <class>com.kms.katalon.core.logging.KeywordLogger</class>
  <method>startKeyword</method>
  <thread>1</thread>
  <message>Start action : click</message>
  <nestedLevel>1</nestedLevel>
  <property name="startLine">33</property>
  <property name="stepIndex">6</property>
</record>
<record>
  <date>2017-10-03T14:05:27</date>
  <millis>1507028727656</millis>
  <sequence>52</sequence>
  <level>INFO</level>
  <class>com.kms.katalon.core.logging.KeywordLogger</class>
  <method>logMessage</method>
  <thread>1</thread>
  <message>Finding Test Object with id &amp;apos;Object Repository/Sign Up/Page_VSMS Pricing/a_Subscribe&amp;apos;</message>
  <nestedLevel>1</nestedLevel>
</record>
<record>
  <date>2017-10-03T14:05:27</date>
  <millis>1507028727668</millis>
  <sequence>53</sequence>
  <level>INFO</level>
  <class>com.kms.katalon.core.logging.KeywordLogger</class>
  <method>logMessage</method>
  <thread>1</thread>
  <message>Checking object</message>
  <nestedLevel>1</nestedLevel>
</record>
<record>
  <date>2017-10-03T14:05:27</date>
  <millis>1507028727668</millis>
  <sequence>54</sequence>
  <level>INFO</level>
  <class>com.kms.katalon.core.logging.KeywordLogger</class>
  <method>logMessage</method>
  <thread>1</thread>
  <message>Checking timeout</message>
  <nestedLevel>1</nestedLevel>
</record>
<record>
  <date>2017-10-03T14:05:27</date>
  <millis>1507028727669</millis>
  <sequence>55</sequence>
  <level>INFO</level>
  <class>com.kms.katalon.core.logging.KeywordLogger</class>
  <method>logMessage</method>
  <thread>1</thread>
  <message>Finding web element with id: &amp;apos;Object Repository/Sign Up/Page_VSMS Pricing/a_Subscribe&amp;apos; located by &amp;apos;By.xpath: //a[count(. | //*[@href = &amp;apos;https://sandbox.vsms.tezzasolutions.com/signup?plan=tier2&amp;apos;]) = count(//*[@href = &amp;apos;https://sandbox.vsms.tezzasolutions.com/signup?plan=tier2&amp;apos;])][count(. | //*[contains(.,&amp;apos;Subscribe&amp;apos;)]) = count(//*[contains(.,&amp;apos;Subscribe&amp;apos;)])]&amp;apos; in &amp;apos;30&amp;apos; second(s)</message>
  <nestedLevel>1</nestedLevel>
</record>
<record>
  <date>2017-10-03T14:05:27</date>
  <millis>1507028727720</millis>
  <sequence>56</sequence>
  <level>INFO</level>
  <class>com.kms.katalon.core.logging.KeywordLogger</class>
  <method>logMessage</method>
  <thread>1</thread>
  <message>Found 1 web elements with id: &amp;apos;Object Repository/Sign Up/Page_VSMS Pricing/a_Subscribe&amp;apos; located by &amp;apos;By.xpath: //a[count(. | //*[@href = &amp;apos;https://sandbox.vsms.tezzasolutions.com/signup?plan=tier2&amp;apos;]) = count(//*[@href = &amp;apos;https://sandbox.vsms.tezzasolutions.com/signup?plan=tier2&amp;apos;])][count(. | //*[contains(.,&amp;apos;Subscribe&amp;apos;)]) = count(//*[contains(.,&amp;apos;Subscribe&amp;apos;)])]&amp;apos; in &amp;apos;30&amp;apos; second(s)</message>
  <nestedLevel>1</nestedLevel>
</record>
<record>
  <date>2017-10-03T14:05:27</date>
  <millis>1507028727721</millis>
  <sequence>57</sequence>
  <level>INFO</level>
  <class>com.kms.katalon.core.logging.KeywordLogger</class>
  <method>logMessage</method>
  <thread>1</thread>
  <message>Clicking on object: &amp;apos;Object Repository/Sign Up/Page_VSMS Pricing/a_Subscribe&amp;apos;</message>
  <nestedLevel>1</nestedLevel>
</record>
<record>
  <date>2017-10-03T14:05:33</date>
  <millis>1507028733476</millis>
  <sequence>58</sequence>
  <level>PASSED</level>
  <class>com.kms.katalon.core.logging.KeywordLogger</class>
  <method>logMessage</method>
  <thread>1</thread>
  <message>Object: &amp;apos;Object Repository/Sign Up/Page_VSMS Pricing/a_Subscribe&amp;apos; is clicked on</message>
  <nestedLevel>1</nestedLevel>
</record>
<record>
  <date>2017-10-03T14:05:33</date>
  <millis>1507028733477</millis>
  <sequence>59</sequence>
  <level>END</level>
  <class>com.kms.katalon.core.logging.KeywordLogger</class>
  <method>endKeyword</method>
  <thread>1</thread>
  <message>End action : click</message>
  <nestedLevel>1</nestedLevel>
</record>
<record>
  <date>2017-10-03T14:05:33</date>
  <millis>1507028733478</millis>
  <sequence>60</sequence>
  <level>START</level>
  <class>com.kms.katalon.core.logging.KeywordLogger</class>
  <method>startKeyword</method>
  <thread>1</thread>
  <message>Start action : setText</message>
  <nestedLevel>1</nestedLevel>
  <property name="startLine">35</property>
  <property name="stepIndex">7</property>
</record>
<record>
  <date>2017-10-03T14:05:33</date>
  <millis>1507028733479</millis>
  <sequence>61</sequence>
  <level>INFO</level>
  <class>com.kms.katalon.core.logging.KeywordLogger</class>
  <method>logMessage</method>
  <thread>1</thread>
  <message>Finding Test Object with id &amp;apos;Object Repository/Sign Up/Page_VSMS VSMS Sign Up/input_tenant_name&amp;apos;</message>
  <nestedLevel>1</nestedLevel>
</record>
<record>
  <date>2017-10-03T14:05:33</date>
  <millis>1507028733500</millis>
  <sequence>62</sequence>
  <level>INFO</level>
  <class>com.kms.katalon.core.logging.KeywordLogger</class>
  <method>logMessage</method>
  <thread>1</thread>
  <message>Checking object</message>
  <nestedLevel>1</nestedLevel>
</record>
<record>
  <date>2017-10-03T14:05:33</date>
  <millis>1507028733501</millis>
  <sequence>63</sequence>
  <level>INFO</level>
  <class>com.kms.katalon.core.logging.KeywordLogger</class>
  <method>logMessage</method>
  <thread>1</thread>
  <message>Checking text</message>
  <nestedLevel>1</nestedLevel>
</record>
<record>
  <date>2017-10-03T14:05:33</date>
  <millis>1507028733501</millis>
  <sequence>64</sequence>
  <level>INFO</level>
  <class>com.kms.katalon.core.logging.KeywordLogger</class>
  <method>logMessage</method>
  <thread>1</thread>
  <message>Checking timeout</message>
  <nestedLevel>1</nestedLevel>
</record>
<record>
  <date>2017-10-03T14:05:33</date>
  <millis>1507028733503</millis>
  <sequence>65</sequence>
  <level>INFO</level>
  <class>com.kms.katalon.core.logging.KeywordLogger</class>
  <method>logMessage</method>
  <thread>1</thread>
  <message>Finding web element with id: &amp;apos;Object Repository/Sign Up/Page_VSMS VSMS Sign Up/input_tenant_name&amp;apos; located by &amp;apos;By.xpath: //input[count(. | //*[@name = &amp;apos;tenant_name&amp;apos;]) = count(//*[@name = &amp;apos;tenant_name&amp;apos;])][count(. | //*[@placeholder = &amp;apos;Business Name&amp;apos;]) = count(//*[@placeholder = &amp;apos;Business Name&amp;apos;])][count(. | //*[@type = &amp;apos;text&amp;apos;]) = count(//*[@type = &amp;apos;text&amp;apos;])]&amp;apos; in &amp;apos;30&amp;apos; second(s)</message>
  <nestedLevel>1</nestedLevel>
</record>
<record>
  <date>2017-10-03T14:05:33</date>
  <millis>1507028733543</millis>
  <sequence>66</sequence>
  <level>INFO</level>
  <class>com.kms.katalon.core.logging.KeywordLogger</class>
  <method>logMessage</method>
  <thread>1</thread>
  <message>Found 1 web elements with id: &amp;apos;Object Repository/Sign Up/Page_VSMS VSMS Sign Up/input_tenant_name&amp;apos; located by &amp;apos;By.xpath: //input[count(. | //*[@name = &amp;apos;tenant_name&amp;apos;]) = count(//*[@name = &amp;apos;tenant_name&amp;apos;])][count(. | //*[@placeholder = &amp;apos;Business Name&amp;apos;]) = count(//*[@placeholder = &amp;apos;Business Name&amp;apos;])][count(. | //*[@type = &amp;apos;text&amp;apos;]) = count(//*[@type = &amp;apos;text&amp;apos;])]&amp;apos; in &amp;apos;30&amp;apos; second(s)</message>
  <nestedLevel>1</nestedLevel>
</record>
<record>
  <date>2017-10-03T14:05:33</date>
  <millis>1507028733544</millis>
  <sequence>67</sequence>
  <level>INFO</level>
  <class>com.kms.katalon.core.logging.KeywordLogger</class>
  <method>logMessage</method>
  <thread>1</thread>
  <message>Clearing text of object &amp;apos;Object Repository/Sign Up/Page_VSMS VSMS Sign Up/input_tenant_name&amp;apos;</message>
  <nestedLevel>1</nestedLevel>
</record>
<record>
  <date>2017-10-03T14:05:33</date>
  <millis>1507028733596</millis>
  <sequence>68</sequence>
  <level>INFO</level>
  <class>com.kms.katalon.core.logging.KeywordLogger</class>
  <method>logMessage</method>
  <thread>1</thread>
  <message>Checking timeout</message>
  <nestedLevel>1</nestedLevel>
</record>
<record>
  <date>2017-10-03T14:05:33</date>
  <millis>1507028733597</millis>
  <sequence>69</sequence>
  <level>INFO</level>
  <class>com.kms.katalon.core.logging.KeywordLogger</class>
  <method>logMessage</method>
  <thread>1</thread>
  <message>Finding web element with id: &amp;apos;Object Repository/Sign Up/Page_VSMS VSMS Sign Up/input_tenant_name&amp;apos; located by &amp;apos;By.xpath: //input[count(. | //*[@name = &amp;apos;tenant_name&amp;apos;]) = count(//*[@name = &amp;apos;tenant_name&amp;apos;])][count(. | //*[@placeholder = &amp;apos;Business Name&amp;apos;]) = count(//*[@placeholder = &amp;apos;Business Name&amp;apos;])][count(. | //*[@type = &amp;apos;text&amp;apos;]) = count(//*[@type = &amp;apos;text&amp;apos;])]&amp;apos; in &amp;apos;30&amp;apos; second(s)</message>
  <nestedLevel>1</nestedLevel>
</record>
<record>
  <date>2017-10-03T14:05:33</date>
  <millis>1507028733628</millis>
  <sequence>70</sequence>
  <level>INFO</level>
  <class>com.kms.katalon.core.logging.KeywordLogger</class>
  <method>logMessage</method>
  <thread>1</thread>
  <message>Found 1 web elements with id: &amp;apos;Object Repository/Sign Up/Page_VSMS VSMS Sign Up/input_tenant_name&amp;apos; located by &amp;apos;By.xpath: //input[count(. | //*[@name = &amp;apos;tenant_name&amp;apos;]) = count(//*[@name = &amp;apos;tenant_name&amp;apos;])][count(. | //*[@placeholder = &amp;apos;Business Name&amp;apos;]) = count(//*[@placeholder = &amp;apos;Business Name&amp;apos;])][count(. | //*[@type = &amp;apos;text&amp;apos;]) = count(//*[@type = &amp;apos;text&amp;apos;])]&amp;apos; in &amp;apos;30&amp;apos; second(s)</message>
  <nestedLevel>1</nestedLevel>
</record>
<record>
  <date>2017-10-03T14:05:33</date>
  <millis>1507028733630</millis>
  <sequence>71</sequence>
  <level>INFO</level>
  <class>com.kms.katalon.core.logging.KeywordLogger</class>
  <method>logMessage</method>
  <thread>1</thread>
  <message>Setting text of object &amp;apos;Object Repository/Sign Up/Page_VSMS VSMS Sign Up/input_tenant_name&amp;apos; to value &amp;apos;test&amp;apos;</message>
  <nestedLevel>1</nestedLevel>
</record>
<record>
  <date>2017-10-03T14:05:33</date>
  <millis>1507028733834</millis>
  <sequence>72</sequence>
  <level>PASSED</level>
  <class>com.kms.katalon.core.logging.KeywordLogger</class>
  <method>logMessage</method>
  <thread>1</thread>
  <message>Text &amp;apos;test&amp;apos; is set on object &amp;apos;Object Repository/Sign Up/Page_VSMS VSMS Sign Up/input_tenant_name&amp;apos;</message>
  <nestedLevel>1</nestedLevel>
</record>
<record>
  <date>2017-10-03T14:05:33</date>
  <millis>1507028733835</millis>
  <sequence>73</sequence>
  <level>END</level>
  <class>com.kms.katalon.core.logging.KeywordLogger</class>
  <method>endKeyword</method>
  <thread>1</thread>
  <message>End action : setText</message>
  <nestedLevel>1</nestedLevel>
</record>
<record>
  <date>2017-10-03T14:05:33</date>
  <millis>1507028733836</millis>
  <sequence>74</sequence>
  <level>START</level>
  <class>com.kms.katalon.core.logging.KeywordLogger</class>
  <method>startKeyword</method>
  <thread>1</thread>
  <message>Start action : setText</message>
  <nestedLevel>1</nestedLevel>
  <property name="startLine">37</property>
  <property name="stepIndex">8</property>
</record>
<record>
  <date>2017-10-03T14:05:33</date>
  <millis>1507028733838</millis>
  <sequence>75</sequence>
  <level>INFO</level>
  <class>com.kms.katalon.core.logging.KeywordLogger</class>
  <method>logMessage</method>
  <thread>1</thread>
  <message>Finding Test Object with id &amp;apos;Object Repository/Sign Up/Page_VSMS VSMS Sign Up/input_first_name&amp;apos;</message>
  <nestedLevel>1</nestedLevel>
</record>
<record>
  <date>2017-10-03T14:05:33</date>
  <millis>1507028733847</millis>
  <sequence>76</sequence>
  <level>INFO</level>
  <class>com.kms.katalon.core.logging.KeywordLogger</class>
  <method>logMessage</method>
  <thread>1</thread>
  <message>Checking object</message>
  <nestedLevel>1</nestedLevel>
</record>
<record>
  <date>2017-10-03T14:05:33</date>
  <millis>1507028733847</millis>
  <sequence>77</sequence>
  <level>INFO</level>
  <class>com.kms.katalon.core.logging.KeywordLogger</class>
  <method>logMessage</method>
  <thread>1</thread>
  <message>Checking text</message>
  <nestedLevel>1</nestedLevel>
</record>
<record>
  <date>2017-10-03T14:05:33</date>
  <millis>1507028733849</millis>
  <sequence>78</sequence>
  <level>INFO</level>
  <class>com.kms.katalon.core.logging.KeywordLogger</class>
  <method>logMessage</method>
  <thread>1</thread>
  <message>Checking timeout</message>
  <nestedLevel>1</nestedLevel>
</record>
<record>
  <date>2017-10-03T14:05:33</date>
  <millis>1507028733851</millis>
  <sequence>79</sequence>
  <level>INFO</level>
  <class>com.kms.katalon.core.logging.KeywordLogger</class>
  <method>logMessage</method>
  <thread>1</thread>
  <message>Finding web element with id: &amp;apos;Object Repository/Sign Up/Page_VSMS VSMS Sign Up/input_first_name&amp;apos; located by &amp;apos;By.xpath: //input[count(. | //*[@name = &amp;apos;first_name&amp;apos;]) = count(//*[@name = &amp;apos;first_name&amp;apos;])][count(. | //*[@id = &amp;apos;first_name&amp;apos;]) = count(//*[@id = &amp;apos;first_name&amp;apos;])][count(. | //*[@placeholder = &amp;apos;First Name&amp;apos;]) = count(//*[@placeholder = &amp;apos;First Name&amp;apos;])][count(. | //*[@type = &amp;apos;text&amp;apos;]) = count(//*[@type = &amp;apos;text&amp;apos;])]&amp;apos; in &amp;apos;30&amp;apos; second(s)</message>
  <nestedLevel>1</nestedLevel>
</record>
<record>
  <date>2017-10-03T14:05:33</date>
  <millis>1507028733907</millis>
  <sequence>80</sequence>
  <level>INFO</level>
  <class>com.kms.katalon.core.logging.KeywordLogger</class>
  <method>logMessage</method>
  <thread>1</thread>
  <message>Found 1 web elements with id: &amp;apos;Object Repository/Sign Up/Page_VSMS VSMS Sign Up/input_first_name&amp;apos; located by &amp;apos;By.xpath: //input[count(. | //*[@name = &amp;apos;first_name&amp;apos;]) = count(//*[@name = &amp;apos;first_name&amp;apos;])][count(. | //*[@id = &amp;apos;first_name&amp;apos;]) = count(//*[@id = &amp;apos;first_name&amp;apos;])][count(. | //*[@placeholder = &amp;apos;First Name&amp;apos;]) = count(//*[@placeholder = &amp;apos;First Name&amp;apos;])][count(. | //*[@type = &amp;apos;text&amp;apos;]) = count(//*[@type = &amp;apos;text&amp;apos;])]&amp;apos; in &amp;apos;30&amp;apos; second(s)</message>
  <nestedLevel>1</nestedLevel>
</record>
<record>
  <date>2017-10-03T14:05:33</date>
  <millis>1507028733908</millis>
  <sequence>81</sequence>
  <level>INFO</level>
  <class>com.kms.katalon.core.logging.KeywordLogger</class>
  <method>logMessage</method>
  <thread>1</thread>
  <message>Clearing text of object &amp;apos;Object Repository/Sign Up/Page_VSMS VSMS Sign Up/input_first_name&amp;apos;</message>
  <nestedLevel>1</nestedLevel>
</record>
<record>
  <date>2017-10-03T14:05:33</date>
  <millis>1507028733959</millis>
  <sequence>82</sequence>
  <level>INFO</level>
  <class>com.kms.katalon.core.logging.KeywordLogger</class>
  <method>logMessage</method>
  <thread>1</thread>
  <message>Checking timeout</message>
  <nestedLevel>1</nestedLevel>
</record>
<record>
  <date>2017-10-03T14:05:33</date>
  <millis>1507028733961</millis>
  <sequence>83</sequence>
  <level>INFO</level>
  <class>com.kms.katalon.core.logging.KeywordLogger</class>
  <method>logMessage</method>
  <thread>1</thread>
  <message>Finding web element with id: &amp;apos;Object Repository/Sign Up/Page_VSMS VSMS Sign Up/input_first_name&amp;apos; located by &amp;apos;By.xpath: //input[count(. | //*[@name = &amp;apos;first_name&amp;apos;]) = count(//*[@name = &amp;apos;first_name&amp;apos;])][count(. | //*[@id = &amp;apos;first_name&amp;apos;]) = count(//*[@id = &amp;apos;first_name&amp;apos;])][count(. | //*[@placeholder = &amp;apos;First Name&amp;apos;]) = count(//*[@placeholder = &amp;apos;First Name&amp;apos;])][count(. | //*[@type = &amp;apos;text&amp;apos;]) = count(//*[@type = &amp;apos;text&amp;apos;])]&amp;apos; in &amp;apos;30&amp;apos; second(s)</message>
  <nestedLevel>1</nestedLevel>
</record>
<record>
  <date>2017-10-03T14:05:33</date>
  <millis>1507028733992</millis>
  <sequence>84</sequence>
  <level>INFO</level>
  <class>com.kms.katalon.core.logging.KeywordLogger</class>
  <method>logMessage</method>
  <thread>1</thread>
  <message>Found 1 web elements with id: &amp;apos;Object Repository/Sign Up/Page_VSMS VSMS Sign Up/input_first_name&amp;apos; located by &amp;apos;By.xpath: //input[count(. | //*[@name = &amp;apos;first_name&amp;apos;]) = count(//*[@name = &amp;apos;first_name&amp;apos;])][count(. | //*[@id = &amp;apos;first_name&amp;apos;]) = count(//*[@id = &amp;apos;first_name&amp;apos;])][count(. | //*[@placeholder = &amp;apos;First Name&amp;apos;]) = count(//*[@placeholder = &amp;apos;First Name&amp;apos;])][count(. | //*[@type = &amp;apos;text&amp;apos;]) = count(//*[@type = &amp;apos;text&amp;apos;])]&amp;apos; in &amp;apos;30&amp;apos; second(s)</message>
  <nestedLevel>1</nestedLevel>
</record>
<record>
  <date>2017-10-03T14:05:33</date>
  <millis>1507028733993</millis>
  <sequence>85</sequence>
  <level>INFO</level>
  <class>com.kms.katalon.core.logging.KeywordLogger</class>
  <method>logMessage</method>
  <thread>1</thread>
  <message>Setting text of object &amp;apos;Object Repository/Sign Up/Page_VSMS VSMS Sign Up/input_first_name&amp;apos; to value &amp;apos;test&amp;apos;</message>
  <nestedLevel>1</nestedLevel>
</record>
<record>
  <date>2017-10-03T14:05:34</date>
  <millis>1507028734127</millis>
  <sequence>86</sequence>
  <level>PASSED</level>
  <class>com.kms.katalon.core.logging.KeywordLogger</class>
  <method>logMessage</method>
  <thread>1</thread>
  <message>Text &amp;apos;test&amp;apos; is set on object &amp;apos;Object Repository/Sign Up/Page_VSMS VSMS Sign Up/input_first_name&amp;apos;</message>
  <nestedLevel>1</nestedLevel>
</record>
<record>
  <date>2017-10-03T14:05:34</date>
  <millis>1507028734128</millis>
  <sequence>87</sequence>
  <level>END</level>
  <class>com.kms.katalon.core.logging.KeywordLogger</class>
  <method>endKeyword</method>
  <thread>1</thread>
  <message>End action : setText</message>
  <nestedLevel>1</nestedLevel>
</record>
<record>
  <date>2017-10-03T14:05:34</date>
  <millis>1507028734129</millis>
  <sequence>88</sequence>
  <level>START</level>
  <class>com.kms.katalon.core.logging.KeywordLogger</class>
  <method>startKeyword</method>
  <thread>1</thread>
  <message>Start action : setText</message>
  <nestedLevel>1</nestedLevel>
  <property name="startLine">39</property>
  <property name="stepIndex">9</property>
</record>
<record>
  <date>2017-10-03T14:05:34</date>
  <millis>1507028734129</millis>
  <sequence>89</sequence>
  <level>INFO</level>
  <class>com.kms.katalon.core.logging.KeywordLogger</class>
  <method>logMessage</method>
  <thread>1</thread>
  <message>Finding Test Object with id &amp;apos;Object Repository/Sign Up/Page_VSMS VSMS Sign Up/input_last_name&amp;apos;</message>
  <nestedLevel>1</nestedLevel>
</record>
<record>
  <date>2017-10-03T14:05:34</date>
  <millis>1507028734136</millis>
  <sequence>90</sequence>
  <level>INFO</level>
  <class>com.kms.katalon.core.logging.KeywordLogger</class>
  <method>logMessage</method>
  <thread>1</thread>
  <message>Checking object</message>
  <nestedLevel>1</nestedLevel>
</record>
<record>
  <date>2017-10-03T14:05:34</date>
  <millis>1507028734137</millis>
  <sequence>91</sequence>
  <level>INFO</level>
  <class>com.kms.katalon.core.logging.KeywordLogger</class>
  <method>logMessage</method>
  <thread>1</thread>
  <message>Checking text</message>
  <nestedLevel>1</nestedLevel>
</record>
<record>
  <date>2017-10-03T14:05:34</date>
  <millis>1507028734137</millis>
  <sequence>92</sequence>
  <level>INFO</level>
  <class>com.kms.katalon.core.logging.KeywordLogger</class>
  <method>logMessage</method>
  <thread>1</thread>
  <message>Checking timeout</message>
  <nestedLevel>1</nestedLevel>
</record>
<record>
  <date>2017-10-03T14:05:34</date>
  <millis>1507028734138</millis>
  <sequence>93</sequence>
  <level>INFO</level>
  <class>com.kms.katalon.core.logging.KeywordLogger</class>
  <method>logMessage</method>
  <thread>1</thread>
  <message>Finding web element with id: &amp;apos;Object Repository/Sign Up/Page_VSMS VSMS Sign Up/input_last_name&amp;apos; located by &amp;apos;By.xpath: //input[count(. | //*[@name = &amp;apos;last_name&amp;apos;]) = count(//*[@name = &amp;apos;last_name&amp;apos;])][count(. | //*[@id = &amp;apos;last_name&amp;apos;]) = count(//*[@id = &amp;apos;last_name&amp;apos;])][count(. | //*[@placeholder = &amp;apos;Last Name&amp;apos;]) = count(//*[@placeholder = &amp;apos;Last Name&amp;apos;])][count(. | //*[@type = &amp;apos;text&amp;apos;]) = count(//*[@type = &amp;apos;text&amp;apos;])]&amp;apos; in &amp;apos;30&amp;apos; second(s)</message>
  <nestedLevel>1</nestedLevel>
</record>
<record>
  <date>2017-10-03T14:05:34</date>
  <millis>1507028734182</millis>
  <sequence>94</sequence>
  <level>INFO</level>
  <class>com.kms.katalon.core.logging.KeywordLogger</class>
  <method>logMessage</method>
  <thread>1</thread>
  <message>Found 1 web elements with id: &amp;apos;Object Repository/Sign Up/Page_VSMS VSMS Sign Up/input_last_name&amp;apos; located by &amp;apos;By.xpath: //input[count(. | //*[@name = &amp;apos;last_name&amp;apos;]) = count(//*[@name = &amp;apos;last_name&amp;apos;])][count(. | //*[@id = &amp;apos;last_name&amp;apos;]) = count(//*[@id = &amp;apos;last_name&amp;apos;])][count(. | //*[@placeholder = &amp;apos;Last Name&amp;apos;]) = count(//*[@placeholder = &amp;apos;Last Name&amp;apos;])][count(. | //*[@type = &amp;apos;text&amp;apos;]) = count(//*[@type = &amp;apos;text&amp;apos;])]&amp;apos; in &amp;apos;30&amp;apos; second(s)</message>
  <nestedLevel>1</nestedLevel>
</record>
<record>
  <date>2017-10-03T14:05:34</date>
  <millis>1507028734184</millis>
  <sequence>95</sequence>
  <level>INFO</level>
  <class>com.kms.katalon.core.logging.KeywordLogger</class>
  <method>logMessage</method>
  <thread>1</thread>
  <message>Clearing text of object &amp;apos;Object Repository/Sign Up/Page_VSMS VSMS Sign Up/input_last_name&amp;apos;</message>
  <nestedLevel>1</nestedLevel>
</record>
<record>
  <date>2017-10-03T14:05:34</date>
  <millis>1507028734238</millis>
  <sequence>96</sequence>
  <level>INFO</level>
  <class>com.kms.katalon.core.logging.KeywordLogger</class>
  <method>logMessage</method>
  <thread>1</thread>
  <message>Checking timeout</message>
  <nestedLevel>1</nestedLevel>
</record>
<record>
  <date>2017-10-03T14:05:34</date>
  <millis>1507028734239</millis>
  <sequence>97</sequence>
  <level>INFO</level>
  <class>com.kms.katalon.core.logging.KeywordLogger</class>
  <method>logMessage</method>
  <thread>1</thread>
  <message>Finding web element with id: &amp;apos;Object Repository/Sign Up/Page_VSMS VSMS Sign Up/input_last_name&amp;apos; located by &amp;apos;By.xpath: //input[count(. | //*[@name = &amp;apos;last_name&amp;apos;]) = count(//*[@name = &amp;apos;last_name&amp;apos;])][count(. | //*[@id = &amp;apos;last_name&amp;apos;]) = count(//*[@id = &amp;apos;last_name&amp;apos;])][count(. | //*[@placeholder = &amp;apos;Last Name&amp;apos;]) = count(//*[@placeholder = &amp;apos;Last Name&amp;apos;])][count(. | //*[@type = &amp;apos;text&amp;apos;]) = count(//*[@type = &amp;apos;text&amp;apos;])]&amp;apos; in &amp;apos;30&amp;apos; second(s)</message>
  <nestedLevel>1</nestedLevel>
</record>
<record>
  <date>2017-10-03T14:05:34</date>
  <millis>1507028734265</millis>
  <sequence>98</sequence>
  <level>INFO</level>
  <class>com.kms.katalon.core.logging.KeywordLogger</class>
  <method>logMessage</method>
  <thread>1</thread>
  <message>Found 1 web elements with id: &amp;apos;Object Repository/Sign Up/Page_VSMS VSMS Sign Up/input_last_name&amp;apos; located by &amp;apos;By.xpath: //input[count(. | //*[@name = &amp;apos;last_name&amp;apos;]) = count(//*[@name = &amp;apos;last_name&amp;apos;])][count(. | //*[@id = &amp;apos;last_name&amp;apos;]) = count(//*[@id = &amp;apos;last_name&amp;apos;])][count(. | //*[@placeholder = &amp;apos;Last Name&amp;apos;]) = count(//*[@placeholder = &amp;apos;Last Name&amp;apos;])][count(. | //*[@type = &amp;apos;text&amp;apos;]) = count(//*[@type = &amp;apos;text&amp;apos;])]&amp;apos; in &amp;apos;30&amp;apos; second(s)</message>
  <nestedLevel>1</nestedLevel>
</record>
<record>
  <date>2017-10-03T14:05:34</date>
  <millis>1507028734266</millis>
  <sequence>99</sequence>
  <level>INFO</level>
  <class>com.kms.katalon.core.logging.KeywordLogger</class>
  <method>logMessage</method>
  <thread>1</thread>
  <message>Setting text of object &amp;apos;Object Repository/Sign Up/Page_VSMS VSMS Sign Up/input_last_name&amp;apos; to value &amp;apos;test&amp;apos;</message>
  <nestedLevel>1</nestedLevel>
</record>
<record>
  <date>2017-10-03T14:05:34</date>
  <millis>1507028734396</millis>
  <sequence>100</sequence>
  <level>PASSED</level>
  <class>com.kms.katalon.core.logging.KeywordLogger</class>
  <method>logMessage</method>
  <thread>1</thread>
  <message>Text &amp;apos;test&amp;apos; is set on object &amp;apos;Object Repository/Sign Up/Page_VSMS VSMS Sign Up/input_last_name&amp;apos;</message>
  <nestedLevel>1</nestedLevel>
</record>
<record>
  <date>2017-10-03T14:05:34</date>
  <millis>1507028734397</millis>
  <sequence>101</sequence>
  <level>END</level>
  <class>com.kms.katalon.core.logging.KeywordLogger</class>
  <method>endKeyword</method>
  <thread>1</thread>
  <message>End action : setText</message>
  <nestedLevel>1</nestedLevel>
</record>
<record>
  <date>2017-10-03T14:05:34</date>
  <millis>1507028734398</millis>
  <sequence>102</sequence>
  <level>START</level>
  <class>com.kms.katalon.core.logging.KeywordLogger</class>
  <method>startKeyword</method>
  <thread>1</thread>
  <message>Start action : setText</message>
  <nestedLevel>1</nestedLevel>
  <property name="startLine">41</property>
  <property name="stepIndex">10</property>
</record>
<record>
  <date>2017-10-03T14:05:34</date>
  <millis>1507028734399</millis>
  <sequence>103</sequence>
  <level>INFO</level>
  <class>com.kms.katalon.core.logging.KeywordLogger</class>
  <method>logMessage</method>
  <thread>1</thread>
  <message>Finding Test Object with id &amp;apos;Object Repository/Sign Up/Page_VSMS VSMS Sign Up/input_tenant_email&amp;apos;</message>
  <nestedLevel>1</nestedLevel>
</record>
<record>
  <date>2017-10-03T14:05:34</date>
  <millis>1507028734406</millis>
  <sequence>104</sequence>
  <level>INFO</level>
  <class>com.kms.katalon.core.logging.KeywordLogger</class>
  <method>logMessage</method>
  <thread>1</thread>
  <message>Checking object</message>
  <nestedLevel>1</nestedLevel>
</record>
<record>
  <date>2017-10-03T14:05:34</date>
  <millis>1507028734407</millis>
  <sequence>105</sequence>
  <level>INFO</level>
  <class>com.kms.katalon.core.logging.KeywordLogger</class>
  <method>logMessage</method>
  <thread>1</thread>
  <message>Checking text</message>
  <nestedLevel>1</nestedLevel>
</record>
<record>
  <date>2017-10-03T14:05:34</date>
  <millis>1507028734407</millis>
  <sequence>106</sequence>
  <level>INFO</level>
  <class>com.kms.katalon.core.logging.KeywordLogger</class>
  <method>logMessage</method>
  <thread>1</thread>
  <message>Checking timeout</message>
  <nestedLevel>1</nestedLevel>
</record>
<record>
  <date>2017-10-03T14:05:34</date>
  <millis>1507028734408</millis>
  <sequence>107</sequence>
  <level>INFO</level>
  <class>com.kms.katalon.core.logging.KeywordLogger</class>
  <method>logMessage</method>
  <thread>1</thread>
  <message>Finding web element with id: &amp;apos;Object Repository/Sign Up/Page_VSMS VSMS Sign Up/input_tenant_email&amp;apos; located by &amp;apos;By.xpath: //input[count(. | //*[@name = &amp;apos;tenant_email&amp;apos;]) = count(//*[@name = &amp;apos;tenant_email&amp;apos;])][count(. | //*[@id = &amp;apos;tenant_email&amp;apos;]) = count(//*[@id = &amp;apos;tenant_email&amp;apos;])][count(. | //*[@placeholder = &amp;apos;Email Address&amp;apos;]) = count(//*[@placeholder = &amp;apos;Email Address&amp;apos;])][count(. | //*[@type = &amp;apos;text&amp;apos;]) = count(//*[@type = &amp;apos;text&amp;apos;])]&amp;apos; in &amp;apos;30&amp;apos; second(s)</message>
  <nestedLevel>1</nestedLevel>
</record>
<record>
  <date>2017-10-03T14:05:34</date>
  <millis>1507028734461</millis>
  <sequence>108</sequence>
  <level>INFO</level>
  <class>com.kms.katalon.core.logging.KeywordLogger</class>
  <method>logMessage</method>
  <thread>1</thread>
  <message>Found 1 web elements with id: &amp;apos;Object Repository/Sign Up/Page_VSMS VSMS Sign Up/input_tenant_email&amp;apos; located by &amp;apos;By.xpath: //input[count(. | //*[@name = &amp;apos;tenant_email&amp;apos;]) = count(//*[@name = &amp;apos;tenant_email&amp;apos;])][count(. | //*[@id = &amp;apos;tenant_email&amp;apos;]) = count(//*[@id = &amp;apos;tenant_email&amp;apos;])][count(. | //*[@placeholder = &amp;apos;Email Address&amp;apos;]) = count(//*[@placeholder = &amp;apos;Email Address&amp;apos;])][count(. | //*[@type = &amp;apos;text&amp;apos;]) = count(//*[@type = &amp;apos;text&amp;apos;])]&amp;apos; in &amp;apos;30&amp;apos; second(s)</message>
  <nestedLevel>1</nestedLevel>
</record>
<record>
  <date>2017-10-03T14:05:34</date>
  <millis>1507028734462</millis>
  <sequence>109</sequence>
  <level>INFO</level>
  <class>com.kms.katalon.core.logging.KeywordLogger</class>
  <method>logMessage</method>
  <thread>1</thread>
  <message>Clearing text of object &amp;apos;Object Repository/Sign Up/Page_VSMS VSMS Sign Up/input_tenant_email&amp;apos;</message>
  <nestedLevel>1</nestedLevel>
</record>
<record>
  <date>2017-10-03T14:05:34</date>
  <millis>1507028734509</millis>
  <sequence>110</sequence>
  <level>INFO</level>
  <class>com.kms.katalon.core.logging.KeywordLogger</class>
  <method>logMessage</method>
  <thread>1</thread>
  <message>Checking timeout</message>
  <nestedLevel>1</nestedLevel>
</record>
<record>
  <date>2017-10-03T14:05:34</date>
  <millis>1507028734510</millis>
  <sequence>111</sequence>
  <level>INFO</level>
  <class>com.kms.katalon.core.logging.KeywordLogger</class>
  <method>logMessage</method>
  <thread>1</thread>
  <message>Finding web element with id: &amp;apos;Object Repository/Sign Up/Page_VSMS VSMS Sign Up/input_tenant_email&amp;apos; located by &amp;apos;By.xpath: //input[count(. | //*[@name = &amp;apos;tenant_email&amp;apos;]) = count(//*[@name = &amp;apos;tenant_email&amp;apos;])][count(. | //*[@id = &amp;apos;tenant_email&amp;apos;]) = count(//*[@id = &amp;apos;tenant_email&amp;apos;])][count(. | //*[@placeholder = &amp;apos;Email Address&amp;apos;]) = count(//*[@placeholder = &amp;apos;Email Address&amp;apos;])][count(. | //*[@type = &amp;apos;text&amp;apos;]) = count(//*[@type = &amp;apos;text&amp;apos;])]&amp;apos; in &amp;apos;30&amp;apos; second(s)</message>
  <nestedLevel>1</nestedLevel>
</record>
<record>
  <date>2017-10-03T14:05:34</date>
  <millis>1507028734538</millis>
  <sequence>112</sequence>
  <level>INFO</level>
  <class>com.kms.katalon.core.logging.KeywordLogger</class>
  <method>logMessage</method>
  <thread>1</thread>
  <message>Found 1 web elements with id: &amp;apos;Object Repository/Sign Up/Page_VSMS VSMS Sign Up/input_tenant_email&amp;apos; located by &amp;apos;By.xpath: //input[count(. | //*[@name = &amp;apos;tenant_email&amp;apos;]) = count(//*[@name = &amp;apos;tenant_email&amp;apos;])][count(. | //*[@id = &amp;apos;tenant_email&amp;apos;]) = count(//*[@id = &amp;apos;tenant_email&amp;apos;])][count(. | //*[@placeholder = &amp;apos;Email Address&amp;apos;]) = count(//*[@placeholder = &amp;apos;Email Address&amp;apos;])][count(. | //*[@type = &amp;apos;text&amp;apos;]) = count(//*[@type = &amp;apos;text&amp;apos;])]&amp;apos; in &amp;apos;30&amp;apos; second(s)</message>
  <nestedLevel>1</nestedLevel>
</record>
<record>
  <date>2017-10-03T14:05:34</date>
  <millis>1507028734539</millis>
  <sequence>113</sequence>
  <level>INFO</level>
  <class>com.kms.katalon.core.logging.KeywordLogger</class>
  <method>logMessage</method>
  <thread>1</thread>
  <message>Setting text of object &amp;apos;Object Repository/Sign Up/Page_VSMS VSMS Sign Up/input_tenant_email&amp;apos; to value &amp;apos;test&amp;apos;</message>
  <nestedLevel>1</nestedLevel>
</record>
<record>
  <date>2017-10-03T14:05:34</date>
  <millis>1507028734747</millis>
  <sequence>114</sequence>
  <level>PASSED</level>
  <class>com.kms.katalon.core.logging.KeywordLogger</class>
  <method>logMessage</method>
  <thread>1</thread>
  <message>Text &amp;apos;test&amp;apos; is set on object &amp;apos;Object Repository/Sign Up/Page_VSMS VSMS Sign Up/input_tenant_email&amp;apos;</message>
  <nestedLevel>1</nestedLevel>
</record>
<record>
  <date>2017-10-03T14:05:34</date>
  <millis>1507028734748</millis>
  <sequence>115</sequence>
  <level>END</level>
  <class>com.kms.katalon.core.logging.KeywordLogger</class>
  <method>endKeyword</method>
  <thread>1</thread>
  <message>End action : setText</message>
  <nestedLevel>1</nestedLevel>
</record>
<record>
  <date>2017-10-03T14:05:34</date>
  <millis>1507028734749</millis>
  <sequence>116</sequence>
  <level>START</level>
  <class>com.kms.katalon.core.logging.KeywordLogger</class>
  <method>startKeyword</method>
  <thread>1</thread>
  <message>Start action : setText</message>
  <nestedLevel>1</nestedLevel>
  <property name="startLine">43</property>
  <property name="stepIndex">11</property>
</record>
<record>
  <date>2017-10-03T14:05:34</date>
  <millis>1507028734749</millis>
  <sequence>117</sequence>
  <level>INFO</level>
  <class>com.kms.katalon.core.logging.KeywordLogger</class>
  <method>logMessage</method>
  <thread>1</thread>
  <message>Finding Test Object with id &amp;apos;Object Repository/Sign Up/Page_VSMS VSMS Sign Up/input_tenant_phone&amp;apos;</message>
  <nestedLevel>1</nestedLevel>
</record>
<record>
  <date>2017-10-03T14:05:34</date>
  <millis>1507028734756</millis>
  <sequence>118</sequence>
  <level>INFO</level>
  <class>com.kms.katalon.core.logging.KeywordLogger</class>
  <method>logMessage</method>
  <thread>1</thread>
  <message>Checking object</message>
  <nestedLevel>1</nestedLevel>
</record>
<record>
  <date>2017-10-03T14:05:34</date>
  <millis>1507028734757</millis>
  <sequence>119</sequence>
  <level>INFO</level>
  <class>com.kms.katalon.core.logging.KeywordLogger</class>
  <method>logMessage</method>
  <thread>1</thread>
  <message>Checking text</message>
  <nestedLevel>1</nestedLevel>
</record>
<record>
  <date>2017-10-03T14:05:34</date>
  <millis>1507028734757</millis>
  <sequence>120</sequence>
  <level>INFO</level>
  <class>com.kms.katalon.core.logging.KeywordLogger</class>
  <method>logMessage</method>
  <thread>1</thread>
  <message>Checking timeout</message>
  <nestedLevel>1</nestedLevel>
</record>
<record>
  <date>2017-10-03T14:05:34</date>
  <millis>1507028734759</millis>
  <sequence>121</sequence>
  <level>INFO</level>
  <class>com.kms.katalon.core.logging.KeywordLogger</class>
  <method>logMessage</method>
  <thread>1</thread>
  <message>Finding web element with id: &amp;apos;Object Repository/Sign Up/Page_VSMS VSMS Sign Up/input_tenant_phone&amp;apos; located by &amp;apos;By.xpath: //input[count(. | //*[@name = &amp;apos;tenant_phone&amp;apos;]) = count(//*[@name = &amp;apos;tenant_phone&amp;apos;])][count(. | //*[@id = &amp;apos;tenant_phone&amp;apos;]) = count(//*[@id = &amp;apos;tenant_phone&amp;apos;])][count(. | //*[@placeholder = &amp;apos;Telephone Number&amp;apos;]) = count(//*[@placeholder = &amp;apos;Telephone Number&amp;apos;])][count(. | //*[@type = &amp;apos;number&amp;apos;]) = count(//*[@type = &amp;apos;number&amp;apos;])]&amp;apos; in &amp;apos;30&amp;apos; second(s)</message>
  <nestedLevel>1</nestedLevel>
</record>
<record>
  <date>2017-10-03T14:05:34</date>
  <millis>1507028734800</millis>
  <sequence>122</sequence>
  <level>INFO</level>
  <class>com.kms.katalon.core.logging.KeywordLogger</class>
  <method>logMessage</method>
  <thread>1</thread>
  <message>Found 1 web elements with id: &amp;apos;Object Repository/Sign Up/Page_VSMS VSMS Sign Up/input_tenant_phone&amp;apos; located by &amp;apos;By.xpath: //input[count(. | //*[@name = &amp;apos;tenant_phone&amp;apos;]) = count(//*[@name = &amp;apos;tenant_phone&amp;apos;])][count(. | //*[@id = &amp;apos;tenant_phone&amp;apos;]) = count(//*[@id = &amp;apos;tenant_phone&amp;apos;])][count(. | //*[@placeholder = &amp;apos;Telephone Number&amp;apos;]) = count(//*[@placeholder = &amp;apos;Telephone Number&amp;apos;])][count(. | //*[@type = &amp;apos;number&amp;apos;]) = count(//*[@type = &amp;apos;number&amp;apos;])]&amp;apos; in &amp;apos;30&amp;apos; second(s)</message>
  <nestedLevel>1</nestedLevel>
</record>
<record>
  <date>2017-10-03T14:05:34</date>
  <millis>1507028734800</millis>
  <sequence>123</sequence>
  <level>INFO</level>
  <class>com.kms.katalon.core.logging.KeywordLogger</class>
  <method>logMessage</method>
  <thread>1</thread>
  <message>Clearing text of object &amp;apos;Object Repository/Sign Up/Page_VSMS VSMS Sign Up/input_tenant_phone&amp;apos;</message>
  <nestedLevel>1</nestedLevel>
</record>
<record>
  <date>2017-10-03T14:05:34</date>
  <millis>1507028734846</millis>
  <sequence>124</sequence>
  <level>INFO</level>
  <class>com.kms.katalon.core.logging.KeywordLogger</class>
  <method>logMessage</method>
  <thread>1</thread>
  <message>Checking timeout</message>
  <nestedLevel>1</nestedLevel>
</record>
<record>
  <date>2017-10-03T14:05:34</date>
  <millis>1507028734847</millis>
  <sequence>125</sequence>
  <level>INFO</level>
  <class>com.kms.katalon.core.logging.KeywordLogger</class>
  <method>logMessage</method>
  <thread>1</thread>
  <message>Finding web element with id: &amp;apos;Object Repository/Sign Up/Page_VSMS VSMS Sign Up/input_tenant_phone&amp;apos; located by &amp;apos;By.xpath: //input[count(. | //*[@name = &amp;apos;tenant_phone&amp;apos;]) = count(//*[@name = &amp;apos;tenant_phone&amp;apos;])][count(. | //*[@id = &amp;apos;tenant_phone&amp;apos;]) = count(//*[@id = &amp;apos;tenant_phone&amp;apos;])][count(. | //*[@placeholder = &amp;apos;Telephone Number&amp;apos;]) = count(//*[@placeholder = &amp;apos;Telephone Number&amp;apos;])][count(. | //*[@type = &amp;apos;number&amp;apos;]) = count(//*[@type = &amp;apos;number&amp;apos;])]&amp;apos; in &amp;apos;30&amp;apos; second(s)</message>
  <nestedLevel>1</nestedLevel>
</record>
<record>
  <date>2017-10-03T14:05:34</date>
  <millis>1507028734881</millis>
  <sequence>126</sequence>
  <level>INFO</level>
  <class>com.kms.katalon.core.logging.KeywordLogger</class>
  <method>logMessage</method>
  <thread>1</thread>
  <message>Found 1 web elements with id: &amp;apos;Object Repository/Sign Up/Page_VSMS VSMS Sign Up/input_tenant_phone&amp;apos; located by &amp;apos;By.xpath: //input[count(. | //*[@name = &amp;apos;tenant_phone&amp;apos;]) = count(//*[@name = &amp;apos;tenant_phone&amp;apos;])][count(. | //*[@id = &amp;apos;tenant_phone&amp;apos;]) = count(//*[@id = &amp;apos;tenant_phone&amp;apos;])][count(. | //*[@placeholder = &amp;apos;Telephone Number&amp;apos;]) = count(//*[@placeholder = &amp;apos;Telephone Number&amp;apos;])][count(. | //*[@type = &amp;apos;number&amp;apos;]) = count(//*[@type = &amp;apos;number&amp;apos;])]&amp;apos; in &amp;apos;30&amp;apos; second(s)</message>
  <nestedLevel>1</nestedLevel>
</record>
<record>
  <date>2017-10-03T14:05:34</date>
  <millis>1507028734882</millis>
  <sequence>127</sequence>
  <level>INFO</level>
  <class>com.kms.katalon.core.logging.KeywordLogger</class>
  <method>logMessage</method>
  <thread>1</thread>
  <message>Setting text of object &amp;apos;Object Repository/Sign Up/Page_VSMS VSMS Sign Up/input_tenant_phone&amp;apos; to value &amp;apos;0725165218&amp;apos;</message>
  <nestedLevel>1</nestedLevel>
</record>
<record>
  <date>2017-10-03T14:05:35</date>
  <millis>1507028735096</millis>
  <sequence>128</sequence>
  <level>PASSED</level>
  <class>com.kms.katalon.core.logging.KeywordLogger</class>
  <method>logMessage</method>
  <thread>1</thread>
  <message>Text &amp;apos;0725165218&amp;apos; is set on object &amp;apos;Object Repository/Sign Up/Page_VSMS VSMS Sign Up/input_tenant_phone&amp;apos;</message>
  <nestedLevel>1</nestedLevel>
</record>
<record>
  <date>2017-10-03T14:05:35</date>
  <millis>1507028735098</millis>
  <sequence>129</sequence>
  <level>END</level>
  <class>com.kms.katalon.core.logging.KeywordLogger</class>
  <method>endKeyword</method>
  <thread>1</thread>
  <message>End action : setText</message>
  <nestedLevel>1</nestedLevel>
</record>
<record>
  <date>2017-10-03T14:05:35</date>
  <millis>1507028735098</millis>
  <sequence>130</sequence>
  <level>START</level>
  <class>com.kms.katalon.core.logging.KeywordLogger</class>
  <method>startKeyword</method>
  <thread>1</thread>
  <message>Start action : delay</message>
  <nestedLevel>1</nestedLevel>
  <property name="startLine">45</property>
  <property name="stepIndex">12</property>
</record>
<record>
  <date>2017-10-03T14:05:35</date>
  <millis>1507028735125</millis>
  <sequence>131</sequence>
  <level>INFO</level>
  <class>com.kms.katalon.core.logging.KeywordLogger</class>
  <method>logMessage</method>
  <thread>1</thread>
  <message>Delaying browser in 5 second(s)</message>
  <nestedLevel>1</nestedLevel>
</record>
<record>
  <date>2017-10-03T14:05:40</date>
  <millis>1507028740126</millis>
  <sequence>132</sequence>
  <level>PASSED</level>
  <class>com.kms.katalon.core.logging.KeywordLogger</class>
  <method>logMessage</method>
  <thread>1</thread>
  <message>Delayed 5 second(s)</message>
  <nestedLevel>1</nestedLevel>
</record>
<record>
  <date>2017-10-03T14:05:40</date>
  <millis>1507028740130</millis>
  <sequence>133</sequence>
  <level>END</level>
  <class>com.kms.katalon.core.logging.KeywordLogger</class>
  <method>endKeyword</method>
  <thread>1</thread>
  <message>End action : delay</message>
  <nestedLevel>1</nestedLevel>
</record>
<record>
  <date>2017-10-03T14:05:40</date>
  <millis>1507028740132</millis>
  <sequence>134</sequence>
  <level>START</level>
  <class>com.kms.katalon.core.logging.KeywordLogger</class>
  <method>startKeyword</method>
  <thread>1</thread>
  <message>Start action : click</message>
  <nestedLevel>1</nestedLevel>
  <property name="startLine">47</property>
  <property name="stepIndex">13</property>
</record>
<record>
  <date>2017-10-03T14:05:40</date>
  <millis>1507028740133</millis>
  <sequence>135</sequence>
  <level>INFO</level>
  <class>com.kms.katalon.core.logging.KeywordLogger</class>
  <method>logMessage</method>
  <thread>1</thread>
  <message>Finding Test Object with id &amp;apos;Object Repository/Sign Up/Page_VSMS VSMS Sign Up/b&amp;apos;</message>
  <nestedLevel>1</nestedLevel>
</record>
<record>
  <date>2017-10-03T14:05:40</date>
  <millis>1507028740150</millis>
  <sequence>136</sequence>
  <level>INFO</level>
  <class>com.kms.katalon.core.logging.KeywordLogger</class>
  <method>logMessage</method>
  <thread>1</thread>
  <message>Checking object</message>
  <nestedLevel>1</nestedLevel>
</record>
<record>
  <date>2017-10-03T14:05:40</date>
  <millis>1507028740151</millis>
  <sequence>137</sequence>
  <level>INFO</level>
  <class>com.kms.katalon.core.logging.KeywordLogger</class>
  <method>logMessage</method>
  <thread>1</thread>
  <message>Checking timeout</message>
  <nestedLevel>1</nestedLevel>
</record>
<record>
  <date>2017-10-03T14:05:40</date>
  <millis>1507028740152</millis>
  <sequence>138</sequence>
  <level>INFO</level>
  <class>com.kms.katalon.core.logging.KeywordLogger</class>
  <method>logMessage</method>
  <thread>1</thread>
  <message>Finding web element with id: &amp;apos;Object Repository/Sign Up/Page_VSMS VSMS Sign Up/b&amp;apos; located by &amp;apos;By.xpath: //b[count(. | //*[@id=&amp;apos;signup-form&amp;apos;]/div[7]/div/span/span[1]/span/span[2]/b) = count(//*[@id=&amp;apos;signup-form&amp;apos;]/div[7]/div/span/span[1]/span/span[2]/b)]&amp;apos; in &amp;apos;30&amp;apos; second(s)</message>
  <nestedLevel>1</nestedLevel>
</record>
<record>
  <date>2017-10-03T14:05:40</date>
  <millis>1507028740198</millis>
  <sequence>139</sequence>
  <level>INFO</level>
  <class>com.kms.katalon.core.logging.KeywordLogger</class>
  <method>logMessage</method>
  <thread>1</thread>
  <message>Found 1 web elements with id: &amp;apos;Object Repository/Sign Up/Page_VSMS VSMS Sign Up/b&amp;apos; located by &amp;apos;By.xpath: //b[count(. | //*[@id=&amp;apos;signup-form&amp;apos;]/div[7]/div/span/span[1]/span/span[2]/b) = count(//*[@id=&amp;apos;signup-form&amp;apos;]/div[7]/div/span/span[1]/span/span[2]/b)]&amp;apos; in &amp;apos;30&amp;apos; second(s)</message>
  <nestedLevel>1</nestedLevel>
</record>
<record>
  <date>2017-10-03T14:05:40</date>
  <millis>1507028740198</millis>
  <sequence>140</sequence>
  <level>INFO</level>
  <class>com.kms.katalon.core.logging.KeywordLogger</class>
  <method>logMessage</method>
  <thread>1</thread>
  <message>Clicking on object: &amp;apos;Object Repository/Sign Up/Page_VSMS VSMS Sign Up/b&amp;apos;</message>
  <nestedLevel>1</nestedLevel>
</record>
<record>
  <date>2017-10-03T14:05:40</date>
  <millis>1507028740401</millis>
  <sequence>141</sequence>
  <level>PASSED</level>
  <class>com.kms.katalon.core.logging.KeywordLogger</class>
  <method>logMessage</method>
  <thread>1</thread>
  <message>Object: &amp;apos;Object Repository/Sign Up/Page_VSMS VSMS Sign Up/b&amp;apos; is clicked on</message>
  <nestedLevel>1</nestedLevel>
</record>
<record>
  <date>2017-10-03T14:05:40</date>
  <millis>1507028740402</millis>
  <sequence>142</sequence>
  <level>END</level>
  <class>com.kms.katalon.core.logging.KeywordLogger</class>
  <method>endKeyword</method>
  <thread>1</thread>
  <message>End action : click</message>
  <nestedLevel>1</nestedLevel>
</record>
<record>
  <date>2017-10-03T14:05:40</date>
  <millis>1507028740403</millis>
  <sequence>143</sequence>
  <level>START</level>
  <class>com.kms.katalon.core.logging.KeywordLogger</class>
  <method>startKeyword</method>
  <thread>1</thread>
  <message>Start action : setText</message>
  <nestedLevel>1</nestedLevel>
  <property name="startLine">49</property>
  <property name="stepIndex">14</property>
</record>
<record>
  <date>2017-10-03T14:05:40</date>
  <millis>1507028740404</millis>
  <sequence>144</sequence>
  <level>INFO</level>
  <class>com.kms.katalon.core.logging.KeywordLogger</class>
  <method>logMessage</method>
  <thread>1</thread>
  <message>Finding Test Object with id &amp;apos;Object Repository/Sign Up/Page_VSMS VSMS Sign Up/Timezone Input&amp;apos;</message>
  <nestedLevel>1</nestedLevel>
</record>
<record>
  <date>2017-10-03T14:05:40</date>
  <millis>1507028740410</millis>
  <sequence>145</sequence>
  <level>INFO</level>
  <class>com.kms.katalon.core.logging.KeywordLogger</class>
  <method>logMessage</method>
  <thread>1</thread>
  <message>Checking object</message>
  <nestedLevel>1</nestedLevel>
</record>
<record>
  <date>2017-10-03T14:05:40</date>
  <millis>1507028740411</millis>
  <sequence>146</sequence>
  <level>INFO</level>
  <class>com.kms.katalon.core.logging.KeywordLogger</class>
  <method>logMessage</method>
  <thread>1</thread>
  <message>Checking text</message>
  <nestedLevel>1</nestedLevel>
</record>
<record>
  <date>2017-10-03T14:05:40</date>
  <millis>1507028740412</millis>
  <sequence>147</sequence>
  <level>INFO</level>
  <class>com.kms.katalon.core.logging.KeywordLogger</class>
  <method>logMessage</method>
  <thread>1</thread>
  <message>Checking timeout</message>
  <nestedLevel>1</nestedLevel>
</record>
<record>
  <date>2017-10-03T14:05:40</date>
  <millis>1507028740412</millis>
  <sequence>148</sequence>
  <level>INFO</level>
  <class>com.kms.katalon.core.logging.KeywordLogger</class>
  <method>logMessage</method>
  <thread>1</thread>
  <message>Finding web element with id: &amp;apos;Object Repository/Sign Up/Page_VSMS VSMS Sign Up/Timezone Input&amp;apos; located by &amp;apos;By.xpath: html/body/span/span/span[1]/input&amp;apos; in &amp;apos;30&amp;apos; second(s)</message>
  <nestedLevel>1</nestedLevel>
</record>
<record>
  <date>2017-10-03T14:05:40</date>
  <millis>1507028740498</millis>
  <sequence>149</sequence>
  <level>INFO</level>
  <class>com.kms.katalon.core.logging.KeywordLogger</class>
  <method>logMessage</method>
  <thread>1</thread>
  <message>Found 1 web elements with id: &amp;apos;Object Repository/Sign Up/Page_VSMS VSMS Sign Up/Timezone Input&amp;apos; located by &amp;apos;By.xpath: html/body/span/span/span[1]/input&amp;apos; in &amp;apos;30&amp;apos; second(s)</message>
  <nestedLevel>1</nestedLevel>
</record>
<record>
  <date>2017-10-03T14:05:40</date>
  <millis>1507028740499</millis>
  <sequence>150</sequence>
  <level>INFO</level>
  <class>com.kms.katalon.core.logging.KeywordLogger</class>
  <method>logMessage</method>
  <thread>1</thread>
  <message>Clearing text of object &amp;apos;Object Repository/Sign Up/Page_VSMS VSMS Sign Up/Timezone Input&amp;apos;</message>
  <nestedLevel>1</nestedLevel>
</record>
<record>
  <date>2017-10-03T14:05:40</date>
  <millis>1507028740551</millis>
  <sequence>151</sequence>
  <level>INFO</level>
  <class>com.kms.katalon.core.logging.KeywordLogger</class>
  <method>logMessage</method>
  <thread>1</thread>
  <message>Checking timeout</message>
  <nestedLevel>1</nestedLevel>
</record>
<record>
  <date>2017-10-03T14:05:40</date>
  <millis>1507028740552</millis>
  <sequence>152</sequence>
  <level>INFO</level>
  <class>com.kms.katalon.core.logging.KeywordLogger</class>
  <method>logMessage</method>
  <thread>1</thread>
  <message>Finding web element with id: &amp;apos;Object Repository/Sign Up/Page_VSMS VSMS Sign Up/Timezone Input&amp;apos; located by &amp;apos;By.xpath: html/body/span/span/span[1]/input&amp;apos; in &amp;apos;30&amp;apos; second(s)</message>
  <nestedLevel>1</nestedLevel>
</record>
<record>
  <date>2017-10-03T14:05:40</date>
  <millis>1507028740574</millis>
  <sequence>153</sequence>
  <level>INFO</level>
  <class>com.kms.katalon.core.logging.KeywordLogger</class>
  <method>logMessage</method>
  <thread>1</thread>
  <message>Found 1 web elements with id: &amp;apos;Object Repository/Sign Up/Page_VSMS VSMS Sign Up/Timezone Input&amp;apos; located by &amp;apos;By.xpath: html/body/span/span/span[1]/input&amp;apos; in &amp;apos;30&amp;apos; second(s)</message>
  <nestedLevel>1</nestedLevel>
</record>
<record>
  <date>2017-10-03T14:05:40</date>
  <millis>1507028740576</millis>
  <sequence>154</sequence>
  <level>INFO</level>
  <class>com.kms.katalon.core.logging.KeywordLogger</class>
  <method>logMessage</method>
  <thread>1</thread>
  <message>Setting text of object &amp;apos;Object Repository/Sign Up/Page_VSMS VSMS Sign Up/Timezone Input&amp;apos; to value &amp;apos;Africa/Nairobi - (UTC+03:00) Nairobi&amp;apos;</message>
  <nestedLevel>1</nestedLevel>
</record>
<record>
  <date>2017-10-03T14:05:41</date>
  <millis>1507028741259</millis>
  <sequence>155</sequence>
  <level>PASSED</level>
  <class>com.kms.katalon.core.logging.KeywordLogger</class>
  <method>logMessage</method>
  <thread>1</thread>
  <message>Text &amp;apos;Africa/Nairobi - (UTC+03:00) Nairobi&amp;apos; is set on object &amp;apos;Object Repository/Sign Up/Page_VSMS VSMS Sign Up/Timezone Input&amp;apos;</message>
  <nestedLevel>1</nestedLevel>
</record>
<record>
  <date>2017-10-03T14:05:41</date>
  <millis>1507028741260</millis>
  <sequence>156</sequence>
  <level>END</level>
  <class>com.kms.katalon.core.logging.KeywordLogger</class>
  <method>endKeyword</method>
  <thread>1</thread>
  <message>End action : setText</message>
  <nestedLevel>1</nestedLevel>
</record>
<record>
  <date>2017-10-03T14:05:41</date>
  <millis>1507028741260</millis>
  <sequence>157</sequence>
  <level>START</level>
  <class>com.kms.katalon.core.logging.KeywordLogger</class>
  <method>startKeyword</method>
  <thread>1</thread>
  <message>Start action : selectOptionByValue</message>
  <nestedLevel>1</nestedLevel>
  <property name="startLine">51</property>
  <property name="stepIndex">15</property>
</record>
<record>
  <date>2017-10-03T14:05:41</date>
  <millis>1507028741261</millis>
  <sequence>158</sequence>
  <level>INFO</level>
  <class>com.kms.katalon.core.logging.KeywordLogger</class>
  <method>logMessage</method>
  <thread>1</thread>
  <message>Finding Test Object with id &amp;apos;Object Repository/Sign Up/Page_VSMS VSMS Sign Up/select_currency&amp;apos;</message>
  <nestedLevel>1</nestedLevel>
</record>
<record>
  <date>2017-10-03T14:05:41</date>
  <millis>1507028741292</millis>
  <sequence>159</sequence>
  <level>INFO</level>
  <class>com.kms.katalon.core.logging.KeywordLogger</class>
  <method>logMessage</method>
  <thread>1</thread>
  <message>Checking object</message>
  <nestedLevel>1</nestedLevel>
</record>
<record>
  <date>2017-10-03T14:05:41</date>
  <millis>1507028741292</millis>
  <sequence>160</sequence>
  <level>INFO</level>
  <class>com.kms.katalon.core.logging.KeywordLogger</class>
  <method>logMessage</method>
  <thread>1</thread>
  <message>Checking value parameter</message>
  <nestedLevel>1</nestedLevel>
</record>
<record>
  <date>2017-10-03T14:05:41</date>
  <millis>1507028741293</millis>
  <sequence>161</sequence>
  <level>INFO</level>
  <class>com.kms.katalon.core.logging.KeywordLogger</class>
  <method>logMessage</method>
  <thread>1</thread>
  <message>Checking timeout</message>
  <nestedLevel>1</nestedLevel>
</record>
<record>
  <date>2017-10-03T14:05:41</date>
  <millis>1507028741296</millis>
  <sequence>162</sequence>
  <level>INFO</level>
  <class>com.kms.katalon.core.logging.KeywordLogger</class>
  <method>logMessage</method>
  <thread>1</thread>
  <message>Finding web element with id: &amp;apos;Object Repository/Sign Up/Page_VSMS VSMS Sign Up/select_currency&amp;apos; located by &amp;apos;By.xpath: //select[count(. | //*[@name = &amp;apos;currency&amp;apos;]) = count(//*[@name = &amp;apos;currency&amp;apos;])][count(. | //*[@id = &amp;apos;currency&amp;apos;]) = count(//*[@id = &amp;apos;currency&amp;apos;])]&amp;apos; in &amp;apos;30&amp;apos; second(s)</message>
  <nestedLevel>1</nestedLevel>
</record>
<record>
  <date>2017-10-03T14:05:41</date>
  <millis>1507028741366</millis>
  <sequence>163</sequence>
  <level>INFO</level>
  <class>com.kms.katalon.core.logging.KeywordLogger</class>
  <method>logMessage</method>
  <thread>1</thread>
  <message>Found 1 web elements with id: &amp;apos;Object Repository/Sign Up/Page_VSMS VSMS Sign Up/select_currency&amp;apos; located by &amp;apos;By.xpath: //select[count(. | //*[@name = &amp;apos;currency&amp;apos;]) = count(//*[@name = &amp;apos;currency&amp;apos;])][count(. | //*[@id = &amp;apos;currency&amp;apos;]) = count(//*[@id = &amp;apos;currency&amp;apos;])]&amp;apos; in &amp;apos;30&amp;apos; second(s)</message>
  <nestedLevel>1</nestedLevel>
</record>
<record>
  <date>2017-10-03T14:05:41</date>
  <millis>1507028741429</millis>
  <sequence>164</sequence>
  <level>INFO</level>
  <class>com.kms.katalon.core.logging.KeywordLogger</class>
  <method>logMessage</method>
  <thread>1</thread>
  <message>Selecting options on object &amp;apos;Object Repository/Sign Up/Page_VSMS VSMS Sign Up/select_currency&amp;apos; with value &amp;apos;KES&amp;apos; using regular expression</message>
  <nestedLevel>1</nestedLevel>
</record>
<record>
  <date>2017-10-03T14:05:41</date>
  <millis>1507028741676</millis>
  <sequence>165</sequence>
  <level>INFO</level>
  <class>com.kms.katalon.core.logging.KeywordLogger</class>
  <method>logMessage</method>
  <thread>1</thread>
  <message>Option at index &amp;apos;1&amp;apos; with value &amp;apos;KES&amp;apos; is selected  using regular expression</message>
  <nestedLevel>1</nestedLevel>
</record>
<record>
  <date>2017-10-03T14:05:41</date>
  <millis>1507028741707</millis>
  <sequence>166</sequence>
  <level>PASSED</level>
  <class>com.kms.katalon.core.logging.KeywordLogger</class>
  <method>logMessage</method>
  <thread>1</thread>
  <message>All options with value &amp;apos;KES&amp;apos; are selected in object &amp;apos;Object Repository/Sign Up/Page_VSMS VSMS Sign Up/select_currency&amp;apos;  using regular expression</message>
  <nestedLevel>1</nestedLevel>
</record>
<record>
  <date>2017-10-03T14:05:41</date>
  <millis>1507028741708</millis>
  <sequence>167</sequence>
  <level>END</level>
  <class>com.kms.katalon.core.logging.KeywordLogger</class>
  <method>endKeyword</method>
  <thread>1</thread>
  <message>End action : selectOptionByValue</message>
  <nestedLevel>1</nestedLevel>
</record>
<record>
  <date>2017-10-03T14:05:41</date>
  <millis>1507028741709</millis>
  <sequence>168</sequence>
  <level>START</level>
  <class>com.kms.katalon.core.logging.KeywordLogger</class>
  <method>startKeyword</method>
  <thread>1</thread>
  <message>Start action : click</message>
  <nestedLevel>1</nestedLevel>
  <property name="startLine">53</property>
  <property name="stepIndex">16</property>
</record>
<record>
  <date>2017-10-03T14:05:41</date>
  <millis>1507028741710</millis>
  <sequence>169</sequence>
  <level>INFO</level>
  <class>com.kms.katalon.core.logging.KeywordLogger</class>
  <method>logMessage</method>
  <thread>1</thread>
  <message>Finding Test Object with id &amp;apos;Object Repository/Sign Up/Page_VSMS VSMS Sign Up/input_terms&amp;apos;</message>
  <nestedLevel>1</nestedLevel>
</record>
<record>
  <date>2017-10-03T14:05:41</date>
  <millis>1507028741716</millis>
  <sequence>170</sequence>
  <level>INFO</level>
  <class>com.kms.katalon.core.logging.KeywordLogger</class>
  <method>logMessage</method>
  <thread>1</thread>
  <message>Checking object</message>
  <nestedLevel>1</nestedLevel>
</record>
<record>
  <date>2017-10-03T14:05:41</date>
  <millis>1507028741717</millis>
  <sequence>171</sequence>
  <level>INFO</level>
  <class>com.kms.katalon.core.logging.KeywordLogger</class>
  <method>logMessage</method>
  <thread>1</thread>
  <message>Checking timeout</message>
  <nestedLevel>1</nestedLevel>
</record>
<record>
  <date>2017-10-03T14:05:41</date>
  <millis>1507028741718</millis>
  <sequence>172</sequence>
  <level>INFO</level>
  <class>com.kms.katalon.core.logging.KeywordLogger</class>
  <method>logMessage</method>
  <thread>1</thread>
  <message>Finding web element with id: &amp;apos;Object Repository/Sign Up/Page_VSMS VSMS Sign Up/input_terms&amp;apos; located by &amp;apos;By.xpath: //input[count(. | //*[@name = &amp;apos;terms&amp;apos;]) = count(//*[@name = &amp;apos;terms&amp;apos;])][count(. | //*[@id = &amp;apos;terms&amp;apos;]) = count(//*[@id = &amp;apos;terms&amp;apos;])][count(. | //*[@type = &amp;apos;checkbox&amp;apos;]) = count(//*[@type = &amp;apos;checkbox&amp;apos;])]&amp;apos; in &amp;apos;30&amp;apos; second(s)</message>
  <nestedLevel>1</nestedLevel>
</record>
<record>
  <date>2017-10-03T14:05:41</date>
  <millis>1507028741775</millis>
  <sequence>173</sequence>
  <level>INFO</level>
  <class>com.kms.katalon.core.logging.KeywordLogger</class>
  <method>logMessage</method>
  <thread>1</thread>
  <message>Found 1 web elements with id: &amp;apos;Object Repository/Sign Up/Page_VSMS VSMS Sign Up/input_terms&amp;apos; located by &amp;apos;By.xpath: //input[count(. | //*[@name = &amp;apos;terms&amp;apos;]) = count(//*[@name = &amp;apos;terms&amp;apos;])][count(. | //*[@id = &amp;apos;terms&amp;apos;]) = count(//*[@id = &amp;apos;terms&amp;apos;])][count(. | //*[@type = &amp;apos;checkbox&amp;apos;]) = count(//*[@type = &amp;apos;checkbox&amp;apos;])]&amp;apos; in &amp;apos;30&amp;apos; second(s)</message>
  <nestedLevel>1</nestedLevel>
</record>
<record>
  <date>2017-10-03T14:05:41</date>
  <millis>1507028741775</millis>
  <sequence>174</sequence>
  <level>INFO</level>
  <class>com.kms.katalon.core.logging.KeywordLogger</class>
  <method>logMessage</method>
  <thread>1</thread>
  <message>Clicking on object: &amp;apos;Object Repository/Sign Up/Page_VSMS VSMS Sign Up/input_terms&amp;apos;</message>
  <nestedLevel>1</nestedLevel>
</record>
<record>
  <date>2017-10-03T14:05:41</date>
  <millis>1507028741956</millis>
  <sequence>175</sequence>
  <level>PASSED</level>
  <class>com.kms.katalon.core.logging.KeywordLogger</class>
  <method>logMessage</method>
  <thread>1</thread>
  <message>Object: &amp;apos;Object Repository/Sign Up/Page_VSMS VSMS Sign Up/input_terms&amp;apos; is clicked on</message>
  <nestedLevel>1</nestedLevel>
</record>
<record>
  <date>2017-10-03T14:05:41</date>
  <millis>1507028741957</millis>
  <sequence>176</sequence>
  <level>END</level>
  <class>com.kms.katalon.core.logging.KeywordLogger</class>
  <method>endKeyword</method>
  <thread>1</thread>
  <message>End action : click</message>
  <nestedLevel>1</nestedLevel>
</record>
<record>
  <date>2017-10-03T14:05:41</date>
  <millis>1507028741957</millis>
  <sequence>177</sequence>
  <level>START</level>
  <class>com.kms.katalon.core.logging.KeywordLogger</class>
  <method>startKeyword</method>
  <thread>1</thread>
  <message>Start action : click</message>
  <nestedLevel>1</nestedLevel>
  <property name="startLine">55</property>
  <property name="stepIndex">17</property>
</record>
<record>
  <date>2017-10-03T14:05:41</date>
  <millis>1507028741959</millis>
  <sequence>178</sequence>
  <level>NOT_RUN</level>
  <class>com.kms.katalon.core.logging.KeywordLogger</class>
  <method>logMessage</method>
  <thread>1</thread>
  <message>NOT_RUN: click</message>
  <nestedLevel>1</nestedLevel>
</record>
<record>
  <date>2017-10-03T14:05:41</date>
  <millis>1507028741960</millis>
  <sequence>179</sequence>
  <level>END</level>
  <class>com.kms.katalon.core.logging.KeywordLogger</class>
  <method>endKeyword</method>
  <thread>1</thread>
  <message>End action : click</message>
  <nestedLevel>1</nestedLevel>
</record>
<record>
  <date>2017-10-03T14:05:41</date>
  <millis>1507028741960</millis>
  <sequence>180</sequence>
  <level>START</level>
  <class>com.kms.katalon.core.logging.KeywordLogger</class>
  <method>startKeyword</method>
  <thread>1</thread>
  <message>Start action : delay</message>
  <nestedLevel>1</nestedLevel>
  <property name="startLine">57</property>
  <property name="stepIndex">18</property>
</record>
<record>
  <date>2017-10-03T14:05:41</date>
  <millis>1507028741961</millis>
  <sequence>181</sequence>
  <level>INFO</level>
  <class>com.kms.katalon.core.logging.KeywordLogger</class>
  <method>logMessage</method>
  <thread>1</thread>
  <message>Delaying browser in 6 second(s)</message>
  <nestedLevel>1</nestedLevel>
</record>
<record>
  <date>2017-10-03T14:05:47</date>
  <millis>1507028747962</millis>
  <sequence>182</sequence>
  <level>PASSED</level>
  <class>com.kms.katalon.core.logging.KeywordLogger</class>
  <method>logMessage</method>
  <thread>1</thread>
  <message>Delayed 6 second(s)</message>
  <nestedLevel>1</nestedLevel>
</record>
<record>
  <date>2017-10-03T14:05:47</date>
  <millis>1507028747964</millis>
  <sequence>183</sequence>
  <level>END</level>
  <class>com.kms.katalon.core.logging.KeywordLogger</class>
  <method>endKeyword</method>
  <thread>1</thread>
  <message>End action : delay</message>
  <nestedLevel>1</nestedLevel>
</record>
<record>
  <date>2017-10-03T14:05:47</date>
  <millis>1507028747966</millis>
  <sequence>184</sequence>
  <level>START</level>
  <class>com.kms.katalon.core.logging.KeywordLogger</class>
  <method>startKeyword</method>
  <thread>1</thread>
  <message>Start action : closeBrowser</message>
  <nestedLevel>1</nestedLevel>
  <property name="startLine">59</property>
  <property name="stepIndex">19</property>
</record>
<record>
  <date>2017-10-03T14:05:48</date>
  <millis>1507028748014</millis>
  <sequence>185</sequence>
  <level>INFO</level>
  <class>com.kms.katalon.core.logging.KeywordLogger</class>
  <method>logMessage</method>
  <thread>1</thread>
  <message>Closing browser</message>
  <nestedLevel>1</nestedLevel>
</record>
<record>
  <date>2017-10-03T14:05:49</date>
  <millis>1507028749416</millis>
  <sequence>186</sequence>
  <level>PASSED</level>
  <class>com.kms.katalon.core.logging.KeywordLogger</class>
  <method>logMessage</method>
  <thread>1</thread>
  <message>Browser is closed</message>
  <nestedLevel>1</nestedLevel>
</record>
<record>
  <date>2017-10-03T14:05:49</date>
  <millis>1507028749417</millis>
  <sequence>187</sequence>
  <level>END</level>
  <class>com.kms.katalon.core.logging.KeywordLogger</class>
  <method>endKeyword</method>
  <thread>1</thread>
  <message>End action : closeBrowser</message>
  <nestedLevel>1</nestedLevel>
</record>
<record>
  <date>2017-10-03T14:05:49</date>
  <millis>1507028749417</millis>
  <sequence>188</sequence>
  <level>PASSED</level>
  <class>com.kms.katalon.core.logging.KeywordLogger</class>
  <method>logMessage</method>
  <thread>1</thread>
  <message>Test Cases/Sign Up</message>
  <nestedLevel>1</nestedLevel>
</record>
<record>
  <date>2017-10-03T14:05:49</date>
  <millis>1507028749418</millis>
  <sequence>189</sequence>
  <level>END</level>
  <class>com.kms.katalon.core.logging.KeywordLogger</class>
  <method>endTest</method>
  <thread>1</thread>
  <message>End Test Case : Test Cases/Sign Up</message>
  <nestedLevel>0</nestedLevel>
</record>
<record>
  <date>2017-10-03T14:05:49</date>
  <millis>1507028749451</millis>
  <sequence>190</sequence>
  <level>END</level>
  <class>com.kms.katalon.core.logging.KeywordLogger</class>
  <method>endSuite</method>
  <thread>1</thread>
  <message>End Test Suite : Sign Up</message>
  <nestedLevel>0</nestedLevel>
</record>
</log>
