<?xml version="1.0" encoding="UTF-8" standalone="no"?>
<!DOCTYPE log SYSTEM "logger.dtd">
<log>
<record>
  <date>2017-10-03T17:47:10</date>
  <millis>1507042030457</millis>
  <sequence>0</sequence>
  <level>START</level>
  <class>com.kms.katalon.core.logging.KeywordLogger</class>
  <method>startSuite</method>
  <thread>1</thread>
  <message>Start Test Suite : Sign Up</message>
  <nestedLevel>0</nestedLevel>
  <property name="name">Sign Up</property>
  <property name="description"></property>
  <property name="id">Test Suites/Sign Up/Sign Up</property>
</record>
<record>
  <date>2017-10-03T17:47:10</date>
  <millis>1507042030495</millis>
  <sequence>1</sequence>
  <level>RUN_DATA</level>
  <class>com.kms.katalon.core.logging.KeywordLogger</class>
  <method>logMessage</method>
  <thread>1</thread>
  <message>Logging run data &amp;apos;hostName&amp;apos; with value &amp;apos;ChweyaJnr - DESKTOP-QAVLP3L&amp;apos;</message>
  <nestedLevel>0</nestedLevel>
  <property name="hostName">ChweyaJnr - DESKTOP-QAVLP3L</property>
</record>
<record>
  <date>2017-10-03T17:47:10</date>
  <millis>1507042030497</millis>
  <sequence>2</sequence>
  <level>RUN_DATA</level>
  <class>com.kms.katalon.core.logging.KeywordLogger</class>
  <method>logMessage</method>
  <thread>1</thread>
  <message>Logging run data &amp;apos;os&amp;apos; with value &amp;apos;Windows 10 64bit&amp;apos;</message>
  <nestedLevel>0</nestedLevel>
  <property name="os">Windows 10 64bit</property>
</record>
<record>
  <date>2017-10-03T17:47:10</date>
  <millis>1507042030498</millis>
  <sequence>3</sequence>
  <level>RUN_DATA</level>
  <class>com.kms.katalon.core.logging.KeywordLogger</class>
  <method>logMessage</method>
  <thread>1</thread>
  <message>Logging run data &amp;apos;hostAddress&amp;apos; with value &amp;apos;192.168.56.1&amp;apos;</message>
  <nestedLevel>0</nestedLevel>
  <property name="hostAddress">192.168.56.1</property>
</record>
<record>
  <date>2017-10-03T17:47:10</date>
  <millis>1507042030500</millis>
  <sequence>4</sequence>
  <level>RUN_DATA</level>
  <class>com.kms.katalon.core.logging.KeywordLogger</class>
  <method>logMessage</method>
  <thread>1</thread>
  <message>Logging run data &amp;apos;katalonVersion&amp;apos; with value &amp;apos;4.8.0.2&amp;apos;</message>
  <nestedLevel>0</nestedLevel>
  <property name="katalonVersion">4.8.0.2</property>
</record>
<record>
  <date>2017-10-03T17:47:10</date>
  <millis>1507042030963</millis>
  <sequence>5</sequence>
  <level>START</level>
  <class>com.kms.katalon.core.logging.KeywordLogger</class>
  <method>startTest</method>
  <thread>1</thread>
  <message>Start Test Case : Test Cases/Sign Up</message>
  <nestedLevel>1</nestedLevel>
  <property name="name">Test Cases/Sign Up</property>
  <property name="description"></property>
  <property name="id">Test Cases/Sign Up</property>
  <property name="source">C:\\Users\\ChweyaJnr\\git\\VSMS-Test-AutomationTest Cases\\Sign Up.tc</property>
  <property name="isOptional">false</property>
</record>
<record>
  <date>2017-10-03T17:47:11</date>
  <millis>1507042031256</millis>
  <sequence>6</sequence>
  <level>INFO</level>
  <class>com.kms.katalon.core.logging.KeywordLogger</class>
  <method>logMessage</method>
  <thread>1</thread>
  <message>Evaluating variables for test case</message>
  <nestedLevel>1</nestedLevel>
</record>
<record>
  <date>2017-10-03T17:47:11</date>
  <millis>1507042031378</millis>
  <sequence>7</sequence>
  <level>INFO</level>
  <class>com.kms.katalon.core.logging.KeywordLogger</class>
  <method>logMessage</method>
  <thread>1</thread>
  <message>Variable &amp;apos;var_url&amp;apos; is set to https://sandbox.vsms.tezzasolutions.com/index</message>
  <nestedLevel>1</nestedLevel>
</record>
<record>
  <date>2017-10-03T17:47:11</date>
  <millis>1507042031380</millis>
  <sequence>8</sequence>
  <level>INFO</level>
  <class>com.kms.katalon.core.logging.KeywordLogger</class>
  <method>logMessage</method>
  <thread>1</thread>
  <message>Variable &amp;apos;var_tenantname&amp;apos; is set to Tezza Test</message>
  <nestedLevel>1</nestedLevel>
</record>
<record>
  <date>2017-10-03T17:47:11</date>
  <millis>1507042031382</millis>
  <sequence>9</sequence>
  <level>INFO</level>
  <class>com.kms.katalon.core.logging.KeywordLogger</class>
  <method>logMessage</method>
  <thread>1</thread>
  <message>Variable &amp;apos;var_firstname&amp;apos; is set to Chweya</message>
  <nestedLevel>1</nestedLevel>
</record>
<record>
  <date>2017-10-03T17:47:11</date>
  <millis>1507042031384</millis>
  <sequence>10</sequence>
  <level>INFO</level>
  <class>com.kms.katalon.core.logging.KeywordLogger</class>
  <method>logMessage</method>
  <thread>1</thread>
  <message>Variable &amp;apos;var_lastname&amp;apos; is set to Charles</message>
  <nestedLevel>1</nestedLevel>
</record>
<record>
  <date>2017-10-03T17:47:11</date>
  <millis>1507042031386</millis>
  <sequence>11</sequence>
  <level>INFO</level>
  <class>com.kms.katalon.core.logging.KeywordLogger</class>
  <method>logMessage</method>
  <thread>1</thread>
  <message>Variable &amp;apos;var_email&amp;apos; is set to charles.chweyaa@tezzasolutions.com</message>
  <nestedLevel>1</nestedLevel>
</record>
<record>
  <date>2017-10-03T17:47:11</date>
  <millis>1507042031388</millis>
  <sequence>12</sequence>
  <level>INFO</level>
  <class>com.kms.katalon.core.logging.KeywordLogger</class>
  <method>logMessage</method>
  <thread>1</thread>
  <message>Variable &amp;apos;var_phone&amp;apos; is set to 0725165219</message>
  <nestedLevel>1</nestedLevel>
</record>
<record>
  <date>2017-10-03T17:47:11</date>
  <millis>1507042031390</millis>
  <sequence>13</sequence>
  <level>INFO</level>
  <class>com.kms.katalon.core.logging.KeywordLogger</class>
  <method>logMessage</method>
  <thread>1</thread>
  <message>Variable &amp;apos;var_timezone&amp;apos; is set to Africa/Nairobi - (UTC+03:00) Nairobi</message>
  <nestedLevel>1</nestedLevel>
</record>
<record>
  <date>2017-10-03T17:47:12</date>
  <millis>1507042032101</millis>
  <sequence>14</sequence>
  <level>START</level>
  <class>com.kms.katalon.core.logging.KeywordLogger</class>
  <method>startKeyword</method>
  <thread>1</thread>
  <message>Start action : openBrowser</message>
  <nestedLevel>1</nestedLevel>
  <property name="startLine">23</property>
  <property name="stepIndex">1</property>
</record>
<record>
  <date>2017-10-03T17:47:12</date>
  <millis>1507042032634</millis>
  <sequence>15</sequence>
  <level>INFO</level>
  <class>com.kms.katalon.core.logging.KeywordLogger</class>
  <method>logMessage</method>
  <thread>1</thread>
  <message>Opening browser</message>
  <nestedLevel>1</nestedLevel>
</record>
<record>
  <date>2017-10-03T17:47:12</date>
  <millis>1507042032655</millis>
  <sequence>16</sequence>
  <level>INFO</level>
  <class>com.kms.katalon.core.logging.KeywordLogger</class>
  <method>logMessage</method>
  <thread>1</thread>
  <message>Starting &amp;apos;Firefox&amp;apos; driver</message>
  <nestedLevel>1</nestedLevel>
</record>
<record>
  <date>2017-10-03T17:47:12</date>
  <millis>1507042032869</millis>
  <sequence>17</sequence>
  <level>INFO</level>
  <class>com.kms.katalon.core.logging.KeywordLogger</class>
  <method>logMessage</method>
  <thread>1</thread>
  <message>Action delay is set to 0 seconds</message>
  <nestedLevel>1</nestedLevel>
</record>
<record>
  <date>2017-10-03T17:47:21</date>
  <millis>1507042041293</millis>
  <sequence>18</sequence>
  <level>RUN_DATA</level>
  <class>com.kms.katalon.core.logging.KeywordLogger</class>
  <method>logMessage</method>
  <thread>1</thread>
  <message>Logging run data &amp;apos;sessionId&amp;apos; with value &amp;apos;b00f7ffe-299c-485f-9fcb-fd207c1169a1&amp;apos;</message>
  <nestedLevel>1</nestedLevel>
  <property name="sessionId">b00f7ffe-299c-485f-9fcb-fd207c1169a1</property>
</record>
<record>
  <date>2017-10-03T17:47:21</date>
  <millis>1507042041327</millis>
  <sequence>19</sequence>
  <level>RUN_DATA</level>
  <class>com.kms.katalon.core.logging.KeywordLogger</class>
  <method>logMessage</method>
  <thread>1</thread>
  <message>Logging run data &amp;apos;browser&amp;apos; with value &amp;apos;Firefox 39.0&amp;apos;</message>
  <nestedLevel>1</nestedLevel>
  <property name="browser">Firefox 39.0</property>
</record>
<record>
  <date>2017-10-03T17:47:21</date>
  <millis>1507042041328</millis>
  <sequence>20</sequence>
  <level>RUN_DATA</level>
  <class>com.kms.katalon.core.logging.KeywordLogger</class>
  <method>logMessage</method>
  <thread>1</thread>
  <message>Logging run data &amp;apos;platform&amp;apos; with value &amp;apos;Windows 10&amp;apos;</message>
  <nestedLevel>1</nestedLevel>
  <property name="platform">Windows 10</property>
</record>
<record>
  <date>2017-10-03T17:47:21</date>
  <millis>1507042041332</millis>
  <sequence>21</sequence>
  <level>RUN_DATA</level>
  <class>com.kms.katalon.core.logging.KeywordLogger</class>
  <method>logMessage</method>
  <thread>1</thread>
  <message>Logging run data &amp;apos;seleniumVersion&amp;apos; with value &amp;apos;2.53.0&amp;apos;</message>
  <nestedLevel>1</nestedLevel>
  <property name="seleniumVersion">2.53.0</property>
</record>
<record>
  <date>2017-10-03T17:47:21</date>
  <millis>1507042041333</millis>
  <sequence>22</sequence>
  <level>RUN_DATA</level>
  <class>com.kms.katalon.core.logging.KeywordLogger</class>
  <method>logMessage</method>
  <thread>1</thread>
  <message>Logging run data &amp;apos;proxyInformation&amp;apos; with value &amp;apos;ProxyInformation{proxyOption=NO_PROXY, proxyServerType=HTTP, password=, proxyServerAddress=, proxyServerPort=0}&amp;apos;</message>
  <nestedLevel>1</nestedLevel>
  <property name="proxyInformation">ProxyInformation{proxyOption=NO_PROXY, proxyServerType=HTTP, password=, proxyServerAddress=, proxyServerPort=0}</property>
</record>
<record>
  <date>2017-10-03T17:47:21</date>
  <millis>1507042041334</millis>
  <sequence>23</sequence>
  <level>PASSED</level>
  <class>com.kms.katalon.core.logging.KeywordLogger</class>
  <method>logMessage</method>
  <thread>1</thread>
  <message>Browser is opened with url: &amp;apos;&amp;apos;</message>
  <nestedLevel>1</nestedLevel>
</record>
<record>
  <date>2017-10-03T17:47:21</date>
  <millis>1507042041336</millis>
  <sequence>24</sequence>
  <level>END</level>
  <class>com.kms.katalon.core.logging.KeywordLogger</class>
  <method>endKeyword</method>
  <thread>1</thread>
  <message>End action : openBrowser</message>
  <nestedLevel>1</nestedLevel>
</record>
<record>
  <date>2017-10-03T17:47:21</date>
  <millis>1507042041337</millis>
  <sequence>25</sequence>
  <level>START</level>
  <class>com.kms.katalon.core.logging.KeywordLogger</class>
  <method>startKeyword</method>
  <thread>1</thread>
  <message>Start action : navigateToUrl</message>
  <nestedLevel>1</nestedLevel>
  <property name="startLine">25</property>
  <property name="stepIndex">2</property>
</record>
<record>
  <date>2017-10-03T17:47:21</date>
  <millis>1507042041850</millis>
  <sequence>26</sequence>
  <level>INFO</level>
  <class>com.kms.katalon.core.logging.KeywordLogger</class>
  <method>logMessage</method>
  <thread>1</thread>
  <message>Checking url</message>
  <nestedLevel>1</nestedLevel>
</record>
<record>
  <date>2017-10-03T17:47:21</date>
  <millis>1507042041882</millis>
  <sequence>27</sequence>
  <level>INFO</level>
  <class>com.kms.katalon.core.logging.KeywordLogger</class>
  <method>logMessage</method>
  <thread>1</thread>
  <message>Navigating to &amp;apos;https://sandbox.vsms.tezzasolutions.com/index&amp;apos;</message>
  <nestedLevel>1</nestedLevel>
</record>
<record>
  <date>2017-10-03T17:47:33</date>
  <millis>1507042053484</millis>
  <sequence>28</sequence>
  <level>PASSED</level>
  <class>com.kms.katalon.core.logging.KeywordLogger</class>
  <method>logMessage</method>
  <thread>1</thread>
  <message>Navigate to &amp;apos;https://sandbox.vsms.tezzasolutions.com/index&amp;apos; successfully</message>
  <nestedLevel>1</nestedLevel>
</record>
<record>
  <date>2017-10-03T17:47:33</date>
  <millis>1507042053485</millis>
  <sequence>29</sequence>
  <level>END</level>
  <class>com.kms.katalon.core.logging.KeywordLogger</class>
  <method>endKeyword</method>
  <thread>1</thread>
  <message>End action : navigateToUrl</message>
  <nestedLevel>1</nestedLevel>
</record>
<record>
  <date>2017-10-03T17:47:33</date>
  <millis>1507042053486</millis>
  <sequence>30</sequence>
  <level>START</level>
  <class>com.kms.katalon.core.logging.KeywordLogger</class>
  <method>startKeyword</method>
  <thread>1</thread>
  <message>Start action : click</message>
  <nestedLevel>1</nestedLevel>
  <property name="startLine">27</property>
  <property name="stepIndex">3</property>
</record>
<record>
  <date>2017-10-03T17:47:33</date>
  <millis>1507042053493</millis>
  <sequence>31</sequence>
  <level>INFO</level>
  <class>com.kms.katalon.core.logging.KeywordLogger</class>
  <method>logMessage</method>
  <thread>1</thread>
  <message>Finding Test Object with id &amp;apos;Object Repository/Sign Up/Page_VSMS Overview/a_Log in&amp;apos;</message>
  <nestedLevel>1</nestedLevel>
</record>
<record>
  <date>2017-10-03T17:47:33</date>
  <millis>1507042053533</millis>
  <sequence>32</sequence>
  <level>INFO</level>
  <class>com.kms.katalon.core.logging.KeywordLogger</class>
  <method>logMessage</method>
  <thread>1</thread>
  <message>Checking object</message>
  <nestedLevel>1</nestedLevel>
</record>
<record>
  <date>2017-10-03T17:47:33</date>
  <millis>1507042053534</millis>
  <sequence>33</sequence>
  <level>INFO</level>
  <class>com.kms.katalon.core.logging.KeywordLogger</class>
  <method>logMessage</method>
  <thread>1</thread>
  <message>Checking timeout</message>
  <nestedLevel>1</nestedLevel>
</record>
<record>
  <date>2017-10-03T17:47:33</date>
  <millis>1507042053544</millis>
  <sequence>34</sequence>
  <level>INFO</level>
  <class>com.kms.katalon.core.logging.KeywordLogger</class>
  <method>logMessage</method>
  <thread>1</thread>
  <message>Finding web element with id: &amp;apos;Object Repository/Sign Up/Page_VSMS Overview/a_Log in&amp;apos; located by &amp;apos;By.xpath: //a[count(. | //*[@href = &amp;apos;https://sandbox.vsms.tezzasolutions.com/login&amp;apos;]) = count(//*[@href = &amp;apos;https://sandbox.vsms.tezzasolutions.com/login&amp;apos;])][count(. | //*[contains(.,&amp;apos;Log in&amp;apos;)]) = count(//*[contains(.,&amp;apos;Log in&amp;apos;)])]&amp;apos; in &amp;apos;30&amp;apos; second(s)</message>
  <nestedLevel>1</nestedLevel>
</record>
<record>
  <date>2017-10-03T17:47:33</date>
  <millis>1507042053698</millis>
  <sequence>35</sequence>
  <level>INFO</level>
  <class>com.kms.katalon.core.logging.KeywordLogger</class>
  <method>logMessage</method>
  <thread>1</thread>
  <message>Found 1 web elements with id: &amp;apos;Object Repository/Sign Up/Page_VSMS Overview/a_Log in&amp;apos; located by &amp;apos;By.xpath: //a[count(. | //*[@href = &amp;apos;https://sandbox.vsms.tezzasolutions.com/login&amp;apos;]) = count(//*[@href = &amp;apos;https://sandbox.vsms.tezzasolutions.com/login&amp;apos;])][count(. | //*[contains(.,&amp;apos;Log in&amp;apos;)]) = count(//*[contains(.,&amp;apos;Log in&amp;apos;)])]&amp;apos; in &amp;apos;30&amp;apos; second(s)</message>
  <nestedLevel>1</nestedLevel>
</record>
<record>
  <date>2017-10-03T17:47:33</date>
  <millis>1507042053700</millis>
  <sequence>36</sequence>
  <level>INFO</level>
  <class>com.kms.katalon.core.logging.KeywordLogger</class>
  <method>logMessage</method>
  <thread>1</thread>
  <message>Clicking on object: &amp;apos;Object Repository/Sign Up/Page_VSMS Overview/a_Log in&amp;apos;</message>
  <nestedLevel>1</nestedLevel>
</record>
<record>
  <date>2017-10-03T17:47:33</date>
  <millis>1507042053864</millis>
  <sequence>37</sequence>
  <level>PASSED</level>
  <class>com.kms.katalon.core.logging.KeywordLogger</class>
  <method>logMessage</method>
  <thread>1</thread>
  <message>Object: &amp;apos;Object Repository/Sign Up/Page_VSMS Overview/a_Log in&amp;apos; is clicked on</message>
  <nestedLevel>1</nestedLevel>
</record>
<record>
  <date>2017-10-03T17:47:33</date>
  <millis>1507042053865</millis>
  <sequence>38</sequence>
  <level>END</level>
  <class>com.kms.katalon.core.logging.KeywordLogger</class>
  <method>endKeyword</method>
  <thread>1</thread>
  <message>End action : click</message>
  <nestedLevel>1</nestedLevel>
</record>
<record>
  <date>2017-10-03T17:47:33</date>
  <millis>1507042053866</millis>
  <sequence>39</sequence>
  <level>START</level>
  <class>com.kms.katalon.core.logging.KeywordLogger</class>
  <method>startKeyword</method>
  <thread>1</thread>
  <message>Start action : maximizeWindow</message>
  <nestedLevel>1</nestedLevel>
  <property name="startLine">29</property>
  <property name="stepIndex">4</property>
</record>
<record>
  <date>2017-10-03T17:47:33</date>
  <millis>1507042053891</millis>
  <sequence>40</sequence>
  <level>INFO</level>
  <class>com.kms.katalon.core.logging.KeywordLogger</class>
  <method>logMessage</method>
  <thread>1</thread>
  <message>Maximizing current window</message>
  <nestedLevel>1</nestedLevel>
</record>
<record>
  <date>2017-10-03T17:47:36</date>
  <millis>1507042056475</millis>
  <sequence>41</sequence>
  <level>PASSED</level>
  <class>com.kms.katalon.core.logging.KeywordLogger</class>
  <method>logMessage</method>
  <thread>1</thread>
  <message>Current window maximized</message>
  <nestedLevel>1</nestedLevel>
</record>
<record>
  <date>2017-10-03T17:47:36</date>
  <millis>1507042056475</millis>
  <sequence>42</sequence>
  <level>END</level>
  <class>com.kms.katalon.core.logging.KeywordLogger</class>
  <method>endKeyword</method>
  <thread>1</thread>
  <message>End action : maximizeWindow</message>
  <nestedLevel>1</nestedLevel>
</record>
<record>
  <date>2017-10-03T17:47:36</date>
  <millis>1507042056476</millis>
  <sequence>43</sequence>
  <level>START</level>
  <class>com.kms.katalon.core.logging.KeywordLogger</class>
  <method>startKeyword</method>
  <thread>1</thread>
  <message>Start action : click</message>
  <nestedLevel>1</nestedLevel>
  <property name="startLine">31</property>
  <property name="stepIndex">5</property>
</record>
<record>
  <date>2017-10-03T17:47:36</date>
  <millis>1507042056477</millis>
  <sequence>44</sequence>
  <level>INFO</level>
  <class>com.kms.katalon.core.logging.KeywordLogger</class>
  <method>logMessage</method>
  <thread>1</thread>
  <message>Finding Test Object with id &amp;apos;Object Repository/Sign Up/Page_Visitor Security Management Sy/a_Dont have an account&amp;apos;</message>
  <nestedLevel>1</nestedLevel>
</record>
<record>
  <date>2017-10-03T17:47:36</date>
  <millis>1507042056486</millis>
  <sequence>45</sequence>
  <level>INFO</level>
  <class>com.kms.katalon.core.logging.KeywordLogger</class>
  <method>logMessage</method>
  <thread>1</thread>
  <message>Checking object</message>
  <nestedLevel>1</nestedLevel>
</record>
<record>
  <date>2017-10-03T17:47:36</date>
  <millis>1507042056487</millis>
  <sequence>46</sequence>
  <level>INFO</level>
  <class>com.kms.katalon.core.logging.KeywordLogger</class>
  <method>logMessage</method>
  <thread>1</thread>
  <message>Checking timeout</message>
  <nestedLevel>1</nestedLevel>
</record>
<record>
  <date>2017-10-03T17:47:36</date>
  <millis>1507042056489</millis>
  <sequence>47</sequence>
  <level>INFO</level>
  <class>com.kms.katalon.core.logging.KeywordLogger</class>
  <method>logMessage</method>
  <thread>1</thread>
  <message>Finding web element with id: &amp;apos;Object Repository/Sign Up/Page_Visitor Security Management Sy/a_Dont have an account&amp;apos; located by &amp;apos;By.xpath: id(\&amp;quot;wrapper\&amp;quot;)/div[@class=\&amp;quot;container\&amp;quot;]/div[@class=\&amp;quot;row\&amp;quot;]/div[@class=\&amp;quot;col-md-8 col-md-offset-2 col-xs-10 col-xs-offset-1 col-sm-8 col-sm-offset-2 col-lg-8 col-lg-offset-2 lgin\&amp;quot;]/div[@class=\&amp;quot;login-panel panel panel-default\&amp;quot;]/div[@class=\&amp;quot;panel-body\&amp;quot;]/form[@class=\&amp;quot;form-horizontal\&amp;quot;]/fieldset[1]/a[@class=\&amp;quot;btn btn-link\&amp;quot;][count(. | //*[@href = &amp;apos;https://sandbox.vsms.tezzasolutions.com/pricing&amp;apos;]) = count(//*[@href = &amp;apos;https://sandbox.vsms.tezzasolutions.com/pricing&amp;apos;])]&amp;apos; in &amp;apos;30&amp;apos; second(s)</message>
  <nestedLevel>1</nestedLevel>
</record>
<record>
  <date>2017-10-03T17:47:36</date>
  <millis>1507042056511</millis>
  <sequence>48</sequence>
  <level>INFO</level>
  <class>com.kms.katalon.core.logging.KeywordLogger</class>
  <method>logMessage</method>
  <thread>1</thread>
  <message>Found 1 web elements with id: &amp;apos;Object Repository/Sign Up/Page_Visitor Security Management Sy/a_Dont have an account&amp;apos; located by &amp;apos;By.xpath: id(\&amp;quot;wrapper\&amp;quot;)/div[@class=\&amp;quot;container\&amp;quot;]/div[@class=\&amp;quot;row\&amp;quot;]/div[@class=\&amp;quot;col-md-8 col-md-offset-2 col-xs-10 col-xs-offset-1 col-sm-8 col-sm-offset-2 col-lg-8 col-lg-offset-2 lgin\&amp;quot;]/div[@class=\&amp;quot;login-panel panel panel-default\&amp;quot;]/div[@class=\&amp;quot;panel-body\&amp;quot;]/form[@class=\&amp;quot;form-horizontal\&amp;quot;]/fieldset[1]/a[@class=\&amp;quot;btn btn-link\&amp;quot;][count(. | //*[@href = &amp;apos;https://sandbox.vsms.tezzasolutions.com/pricing&amp;apos;]) = count(//*[@href = &amp;apos;https://sandbox.vsms.tezzasolutions.com/pricing&amp;apos;])]&amp;apos; in &amp;apos;30&amp;apos; second(s)</message>
  <nestedLevel>1</nestedLevel>
</record>
<record>
  <date>2017-10-03T17:47:36</date>
  <millis>1507042056513</millis>
  <sequence>49</sequence>
  <level>INFO</level>
  <class>com.kms.katalon.core.logging.KeywordLogger</class>
  <method>logMessage</method>
  <thread>1</thread>
  <message>Clicking on object: &amp;apos;Object Repository/Sign Up/Page_Visitor Security Management Sy/a_Dont have an account&amp;apos;</message>
  <nestedLevel>1</nestedLevel>
</record>
<record>
  <date>2017-10-03T17:47:36</date>
  <millis>1507042056657</millis>
  <sequence>50</sequence>
  <level>PASSED</level>
  <class>com.kms.katalon.core.logging.KeywordLogger</class>
  <method>logMessage</method>
  <thread>1</thread>
  <message>Object: &amp;apos;Object Repository/Sign Up/Page_Visitor Security Management Sy/a_Dont have an account&amp;apos; is clicked on</message>
  <nestedLevel>1</nestedLevel>
</record>
<record>
  <date>2017-10-03T17:47:36</date>
  <millis>1507042056658</millis>
  <sequence>51</sequence>
  <level>END</level>
  <class>com.kms.katalon.core.logging.KeywordLogger</class>
  <method>endKeyword</method>
  <thread>1</thread>
  <message>End action : click</message>
  <nestedLevel>1</nestedLevel>
</record>
<record>
  <date>2017-10-03T17:47:36</date>
  <millis>1507042056659</millis>
  <sequence>52</sequence>
  <level>START</level>
  <class>com.kms.katalon.core.logging.KeywordLogger</class>
  <method>startKeyword</method>
  <thread>1</thread>
  <message>Start action : click</message>
  <nestedLevel>1</nestedLevel>
  <property name="startLine">33</property>
  <property name="stepIndex">6</property>
</record>
<record>
  <date>2017-10-03T17:47:36</date>
  <millis>1507042056660</millis>
  <sequence>53</sequence>
  <level>INFO</level>
  <class>com.kms.katalon.core.logging.KeywordLogger</class>
  <method>logMessage</method>
  <thread>1</thread>
  <message>Finding Test Object with id &amp;apos;Object Repository/Sign Up/Page_VSMS Pricing/a_Subscribe&amp;apos;</message>
  <nestedLevel>1</nestedLevel>
</record>
<record>
  <date>2017-10-03T17:47:36</date>
  <millis>1507042056668</millis>
  <sequence>54</sequence>
  <level>INFO</level>
  <class>com.kms.katalon.core.logging.KeywordLogger</class>
  <method>logMessage</method>
  <thread>1</thread>
  <message>Checking object</message>
  <nestedLevel>1</nestedLevel>
</record>
<record>
  <date>2017-10-03T17:47:36</date>
  <millis>1507042056669</millis>
  <sequence>55</sequence>
  <level>INFO</level>
  <class>com.kms.katalon.core.logging.KeywordLogger</class>
  <method>logMessage</method>
  <thread>1</thread>
  <message>Checking timeout</message>
  <nestedLevel>1</nestedLevel>
</record>
<record>
  <date>2017-10-03T17:47:36</date>
  <millis>1507042056670</millis>
  <sequence>56</sequence>
  <level>INFO</level>
  <class>com.kms.katalon.core.logging.KeywordLogger</class>
  <method>logMessage</method>
  <thread>1</thread>
  <message>Finding web element with id: &amp;apos;Object Repository/Sign Up/Page_VSMS Pricing/a_Subscribe&amp;apos; located by &amp;apos;By.xpath: //a[count(. | //*[@href = &amp;apos;https://sandbox.vsms.tezzasolutions.com/signup?plan=tier2&amp;apos;]) = count(//*[@href = &amp;apos;https://sandbox.vsms.tezzasolutions.com/signup?plan=tier2&amp;apos;])][count(. | //*[contains(.,&amp;apos;Subscribe&amp;apos;)]) = count(//*[contains(.,&amp;apos;Subscribe&amp;apos;)])]&amp;apos; in &amp;apos;30&amp;apos; second(s)</message>
  <nestedLevel>1</nestedLevel>
</record>
<record>
  <date>2017-10-03T17:47:37</date>
  <millis>1507042057968</millis>
  <sequence>57</sequence>
  <level>INFO</level>
  <class>com.kms.katalon.core.logging.KeywordLogger</class>
  <method>logMessage</method>
  <thread>1</thread>
  <message>Found 1 web elements with id: &amp;apos;Object Repository/Sign Up/Page_VSMS Pricing/a_Subscribe&amp;apos; located by &amp;apos;By.xpath: //a[count(. | //*[@href = &amp;apos;https://sandbox.vsms.tezzasolutions.com/signup?plan=tier2&amp;apos;]) = count(//*[@href = &amp;apos;https://sandbox.vsms.tezzasolutions.com/signup?plan=tier2&amp;apos;])][count(. | //*[contains(.,&amp;apos;Subscribe&amp;apos;)]) = count(//*[contains(.,&amp;apos;Subscribe&amp;apos;)])]&amp;apos; in &amp;apos;30&amp;apos; second(s)</message>
  <nestedLevel>1</nestedLevel>
</record>
<record>
  <date>2017-10-03T17:47:37</date>
  <millis>1507042057969</millis>
  <sequence>58</sequence>
  <level>INFO</level>
  <class>com.kms.katalon.core.logging.KeywordLogger</class>
  <method>logMessage</method>
  <thread>1</thread>
  <message>Clicking on object: &amp;apos;Object Repository/Sign Up/Page_VSMS Pricing/a_Subscribe&amp;apos;</message>
  <nestedLevel>1</nestedLevel>
</record>
<record>
  <date>2017-10-03T17:47:44</date>
  <millis>1507042064281</millis>
  <sequence>59</sequence>
  <level>PASSED</level>
  <class>com.kms.katalon.core.logging.KeywordLogger</class>
  <method>logMessage</method>
  <thread>1</thread>
  <message>Object: &amp;apos;Object Repository/Sign Up/Page_VSMS Pricing/a_Subscribe&amp;apos; is clicked on</message>
  <nestedLevel>1</nestedLevel>
</record>
<record>
  <date>2017-10-03T17:47:44</date>
  <millis>1507042064282</millis>
  <sequence>60</sequence>
  <level>END</level>
  <class>com.kms.katalon.core.logging.KeywordLogger</class>
  <method>endKeyword</method>
  <thread>1</thread>
  <message>End action : click</message>
  <nestedLevel>1</nestedLevel>
</record>
<record>
  <date>2017-10-03T17:47:44</date>
  <millis>1507042064283</millis>
  <sequence>61</sequence>
  <level>START</level>
  <class>com.kms.katalon.core.logging.KeywordLogger</class>
  <method>startKeyword</method>
  <thread>1</thread>
  <message>Start action : setText</message>
  <nestedLevel>1</nestedLevel>
  <property name="startLine">35</property>
  <property name="stepIndex">7</property>
</record>
<record>
  <date>2017-10-03T17:47:44</date>
  <millis>1507042064284</millis>
  <sequence>62</sequence>
  <level>INFO</level>
  <class>com.kms.katalon.core.logging.KeywordLogger</class>
  <method>logMessage</method>
  <thread>1</thread>
  <message>Finding Test Object with id &amp;apos;Object Repository/Sign Up/Page_VSMS VSMS Sign Up/input_tenant_name&amp;apos;</message>
  <nestedLevel>1</nestedLevel>
</record>
<record>
  <date>2017-10-03T17:47:44</date>
  <millis>1507042064308</millis>
  <sequence>63</sequence>
  <level>INFO</level>
  <class>com.kms.katalon.core.logging.KeywordLogger</class>
  <method>logMessage</method>
  <thread>1</thread>
  <message>Checking object</message>
  <nestedLevel>1</nestedLevel>
</record>
<record>
  <date>2017-10-03T17:47:44</date>
  <millis>1507042064309</millis>
  <sequence>64</sequence>
  <level>INFO</level>
  <class>com.kms.katalon.core.logging.KeywordLogger</class>
  <method>logMessage</method>
  <thread>1</thread>
  <message>Checking text</message>
  <nestedLevel>1</nestedLevel>
</record>
<record>
  <date>2017-10-03T17:47:44</date>
  <millis>1507042064310</millis>
  <sequence>65</sequence>
  <level>INFO</level>
  <class>com.kms.katalon.core.logging.KeywordLogger</class>
  <method>logMessage</method>
  <thread>1</thread>
  <message>Checking timeout</message>
  <nestedLevel>1</nestedLevel>
</record>
<record>
  <date>2017-10-03T17:47:44</date>
  <millis>1507042064311</millis>
  <sequence>66</sequence>
  <level>INFO</level>
  <class>com.kms.katalon.core.logging.KeywordLogger</class>
  <method>logMessage</method>
  <thread>1</thread>
  <message>Finding web element with id: &amp;apos;Object Repository/Sign Up/Page_VSMS VSMS Sign Up/input_tenant_name&amp;apos; located by &amp;apos;By.xpath: //input[count(. | //*[@name = &amp;apos;tenant_name&amp;apos;]) = count(//*[@name = &amp;apos;tenant_name&amp;apos;])][count(. | //*[@placeholder = &amp;apos;Business Name&amp;apos;]) = count(//*[@placeholder = &amp;apos;Business Name&amp;apos;])][count(. | //*[@type = &amp;apos;text&amp;apos;]) = count(//*[@type = &amp;apos;text&amp;apos;])]&amp;apos; in &amp;apos;30&amp;apos; second(s)</message>
  <nestedLevel>1</nestedLevel>
</record>
<record>
  <date>2017-10-03T17:47:44</date>
  <millis>1507042064354</millis>
  <sequence>67</sequence>
  <level>INFO</level>
  <class>com.kms.katalon.core.logging.KeywordLogger</class>
  <method>logMessage</method>
  <thread>1</thread>
  <message>Found 1 web elements with id: &amp;apos;Object Repository/Sign Up/Page_VSMS VSMS Sign Up/input_tenant_name&amp;apos; located by &amp;apos;By.xpath: //input[count(. | //*[@name = &amp;apos;tenant_name&amp;apos;]) = count(//*[@name = &amp;apos;tenant_name&amp;apos;])][count(. | //*[@placeholder = &amp;apos;Business Name&amp;apos;]) = count(//*[@placeholder = &amp;apos;Business Name&amp;apos;])][count(. | //*[@type = &amp;apos;text&amp;apos;]) = count(//*[@type = &amp;apos;text&amp;apos;])]&amp;apos; in &amp;apos;30&amp;apos; second(s)</message>
  <nestedLevel>1</nestedLevel>
</record>
<record>
  <date>2017-10-03T17:47:44</date>
  <millis>1507042064355</millis>
  <sequence>68</sequence>
  <level>INFO</level>
  <class>com.kms.katalon.core.logging.KeywordLogger</class>
  <method>logMessage</method>
  <thread>1</thread>
  <message>Clearing text of object &amp;apos;Object Repository/Sign Up/Page_VSMS VSMS Sign Up/input_tenant_name&amp;apos;</message>
  <nestedLevel>1</nestedLevel>
</record>
<record>
  <date>2017-10-03T17:47:44</date>
  <millis>1507042064419</millis>
  <sequence>69</sequence>
  <level>INFO</level>
  <class>com.kms.katalon.core.logging.KeywordLogger</class>
  <method>logMessage</method>
  <thread>1</thread>
  <message>Checking timeout</message>
  <nestedLevel>1</nestedLevel>
</record>
<record>
  <date>2017-10-03T17:47:44</date>
  <millis>1507042064422</millis>
  <sequence>70</sequence>
  <level>INFO</level>
  <class>com.kms.katalon.core.logging.KeywordLogger</class>
  <method>logMessage</method>
  <thread>1</thread>
  <message>Finding web element with id: &amp;apos;Object Repository/Sign Up/Page_VSMS VSMS Sign Up/input_tenant_name&amp;apos; located by &amp;apos;By.xpath: //input[count(. | //*[@name = &amp;apos;tenant_name&amp;apos;]) = count(//*[@name = &amp;apos;tenant_name&amp;apos;])][count(. | //*[@placeholder = &amp;apos;Business Name&amp;apos;]) = count(//*[@placeholder = &amp;apos;Business Name&amp;apos;])][count(. | //*[@type = &amp;apos;text&amp;apos;]) = count(//*[@type = &amp;apos;text&amp;apos;])]&amp;apos; in &amp;apos;30&amp;apos; second(s)</message>
  <nestedLevel>1</nestedLevel>
</record>
<record>
  <date>2017-10-03T17:47:44</date>
  <millis>1507042064543</millis>
  <sequence>71</sequence>
  <level>INFO</level>
  <class>com.kms.katalon.core.logging.KeywordLogger</class>
  <method>logMessage</method>
  <thread>1</thread>
  <message>Found 1 web elements with id: &amp;apos;Object Repository/Sign Up/Page_VSMS VSMS Sign Up/input_tenant_name&amp;apos; located by &amp;apos;By.xpath: //input[count(. | //*[@name = &amp;apos;tenant_name&amp;apos;]) = count(//*[@name = &amp;apos;tenant_name&amp;apos;])][count(. | //*[@placeholder = &amp;apos;Business Name&amp;apos;]) = count(//*[@placeholder = &amp;apos;Business Name&amp;apos;])][count(. | //*[@type = &amp;apos;text&amp;apos;]) = count(//*[@type = &amp;apos;text&amp;apos;])]&amp;apos; in &amp;apos;30&amp;apos; second(s)</message>
  <nestedLevel>1</nestedLevel>
</record>
<record>
  <date>2017-10-03T17:47:44</date>
  <millis>1507042064544</millis>
  <sequence>72</sequence>
  <level>INFO</level>
  <class>com.kms.katalon.core.logging.KeywordLogger</class>
  <method>logMessage</method>
  <thread>1</thread>
  <message>Setting text of object &amp;apos;Object Repository/Sign Up/Page_VSMS VSMS Sign Up/input_tenant_name&amp;apos; to value &amp;apos;Tezza Test&amp;apos;</message>
  <nestedLevel>1</nestedLevel>
</record>
<record>
  <date>2017-10-03T17:47:44</date>
  <millis>1507042064688</millis>
  <sequence>73</sequence>
  <level>PASSED</level>
  <class>com.kms.katalon.core.logging.KeywordLogger</class>
  <method>logMessage</method>
  <thread>1</thread>
  <message>Text &amp;apos;Tezza Test&amp;apos; is set on object &amp;apos;Object Repository/Sign Up/Page_VSMS VSMS Sign Up/input_tenant_name&amp;apos;</message>
  <nestedLevel>1</nestedLevel>
</record>
<record>
  <date>2017-10-03T17:47:44</date>
  <millis>1507042064690</millis>
  <sequence>74</sequence>
  <level>END</level>
  <class>com.kms.katalon.core.logging.KeywordLogger</class>
  <method>endKeyword</method>
  <thread>1</thread>
  <message>End action : setText</message>
  <nestedLevel>1</nestedLevel>
</record>
<record>
  <date>2017-10-03T17:47:44</date>
  <millis>1507042064690</millis>
  <sequence>75</sequence>
  <level>START</level>
  <class>com.kms.katalon.core.logging.KeywordLogger</class>
  <method>startKeyword</method>
  <thread>1</thread>
  <message>Start action : setText</message>
  <nestedLevel>1</nestedLevel>
  <property name="startLine">37</property>
  <property name="stepIndex">8</property>
</record>
<record>
  <date>2017-10-03T17:47:44</date>
  <millis>1507042064691</millis>
  <sequence>76</sequence>
  <level>INFO</level>
  <class>com.kms.katalon.core.logging.KeywordLogger</class>
  <method>logMessage</method>
  <thread>1</thread>
  <message>Finding Test Object with id &amp;apos;Object Repository/Sign Up/Page_VSMS VSMS Sign Up/input_first_name&amp;apos;</message>
  <nestedLevel>1</nestedLevel>
</record>
<record>
  <date>2017-10-03T17:47:44</date>
  <millis>1507042064698</millis>
  <sequence>77</sequence>
  <level>INFO</level>
  <class>com.kms.katalon.core.logging.KeywordLogger</class>
  <method>logMessage</method>
  <thread>1</thread>
  <message>Checking object</message>
  <nestedLevel>1</nestedLevel>
</record>
<record>
  <date>2017-10-03T17:47:44</date>
  <millis>1507042064700</millis>
  <sequence>78</sequence>
  <level>INFO</level>
  <class>com.kms.katalon.core.logging.KeywordLogger</class>
  <method>logMessage</method>
  <thread>1</thread>
  <message>Checking text</message>
  <nestedLevel>1</nestedLevel>
</record>
<record>
  <date>2017-10-03T17:47:44</date>
  <millis>1507042064703</millis>
  <sequence>79</sequence>
  <level>INFO</level>
  <class>com.kms.katalon.core.logging.KeywordLogger</class>
  <method>logMessage</method>
  <thread>1</thread>
  <message>Checking timeout</message>
  <nestedLevel>1</nestedLevel>
</record>
<record>
  <date>2017-10-03T17:47:44</date>
  <millis>1507042064708</millis>
  <sequence>80</sequence>
  <level>INFO</level>
  <class>com.kms.katalon.core.logging.KeywordLogger</class>
  <method>logMessage</method>
  <thread>1</thread>
  <message>Finding web element with id: &amp;apos;Object Repository/Sign Up/Page_VSMS VSMS Sign Up/input_first_name&amp;apos; located by &amp;apos;By.xpath: //input[count(. | //*[@name = &amp;apos;first_name&amp;apos;]) = count(//*[@name = &amp;apos;first_name&amp;apos;])][count(. | //*[@id = &amp;apos;first_name&amp;apos;]) = count(//*[@id = &amp;apos;first_name&amp;apos;])][count(. | //*[@placeholder = &amp;apos;First Name&amp;apos;]) = count(//*[@placeholder = &amp;apos;First Name&amp;apos;])][count(. | //*[@type = &amp;apos;text&amp;apos;]) = count(//*[@type = &amp;apos;text&amp;apos;])]&amp;apos; in &amp;apos;30&amp;apos; second(s)</message>
  <nestedLevel>1</nestedLevel>
</record>
<record>
  <date>2017-10-03T17:47:44</date>
  <millis>1507042064749</millis>
  <sequence>81</sequence>
  <level>INFO</level>
  <class>com.kms.katalon.core.logging.KeywordLogger</class>
  <method>logMessage</method>
  <thread>1</thread>
  <message>Found 1 web elements with id: &amp;apos;Object Repository/Sign Up/Page_VSMS VSMS Sign Up/input_first_name&amp;apos; located by &amp;apos;By.xpath: //input[count(. | //*[@name = &amp;apos;first_name&amp;apos;]) = count(//*[@name = &amp;apos;first_name&amp;apos;])][count(. | //*[@id = &amp;apos;first_name&amp;apos;]) = count(//*[@id = &amp;apos;first_name&amp;apos;])][count(. | //*[@placeholder = &amp;apos;First Name&amp;apos;]) = count(//*[@placeholder = &amp;apos;First Name&amp;apos;])][count(. | //*[@type = &amp;apos;text&amp;apos;]) = count(//*[@type = &amp;apos;text&amp;apos;])]&amp;apos; in &amp;apos;30&amp;apos; second(s)</message>
  <nestedLevel>1</nestedLevel>
</record>
<record>
  <date>2017-10-03T17:47:44</date>
  <millis>1507042064750</millis>
  <sequence>82</sequence>
  <level>INFO</level>
  <class>com.kms.katalon.core.logging.KeywordLogger</class>
  <method>logMessage</method>
  <thread>1</thread>
  <message>Clearing text of object &amp;apos;Object Repository/Sign Up/Page_VSMS VSMS Sign Up/input_first_name&amp;apos;</message>
  <nestedLevel>1</nestedLevel>
</record>
<record>
  <date>2017-10-03T17:47:44</date>
  <millis>1507042064793</millis>
  <sequence>83</sequence>
  <level>INFO</level>
  <class>com.kms.katalon.core.logging.KeywordLogger</class>
  <method>logMessage</method>
  <thread>1</thread>
  <message>Checking timeout</message>
  <nestedLevel>1</nestedLevel>
</record>
<record>
  <date>2017-10-03T17:47:44</date>
  <millis>1507042064794</millis>
  <sequence>84</sequence>
  <level>INFO</level>
  <class>com.kms.katalon.core.logging.KeywordLogger</class>
  <method>logMessage</method>
  <thread>1</thread>
  <message>Finding web element with id: &amp;apos;Object Repository/Sign Up/Page_VSMS VSMS Sign Up/input_first_name&amp;apos; located by &amp;apos;By.xpath: //input[count(. | //*[@name = &amp;apos;first_name&amp;apos;]) = count(//*[@name = &amp;apos;first_name&amp;apos;])][count(. | //*[@id = &amp;apos;first_name&amp;apos;]) = count(//*[@id = &amp;apos;first_name&amp;apos;])][count(. | //*[@placeholder = &amp;apos;First Name&amp;apos;]) = count(//*[@placeholder = &amp;apos;First Name&amp;apos;])][count(. | //*[@type = &amp;apos;text&amp;apos;]) = count(//*[@type = &amp;apos;text&amp;apos;])]&amp;apos; in &amp;apos;30&amp;apos; second(s)</message>
  <nestedLevel>1</nestedLevel>
</record>
<record>
  <date>2017-10-03T17:47:44</date>
  <millis>1507042064954</millis>
  <sequence>85</sequence>
  <level>INFO</level>
  <class>com.kms.katalon.core.logging.KeywordLogger</class>
  <method>logMessage</method>
  <thread>1</thread>
  <message>Found 1 web elements with id: &amp;apos;Object Repository/Sign Up/Page_VSMS VSMS Sign Up/input_first_name&amp;apos; located by &amp;apos;By.xpath: //input[count(. | //*[@name = &amp;apos;first_name&amp;apos;]) = count(//*[@name = &amp;apos;first_name&amp;apos;])][count(. | //*[@id = &amp;apos;first_name&amp;apos;]) = count(//*[@id = &amp;apos;first_name&amp;apos;])][count(. | //*[@placeholder = &amp;apos;First Name&amp;apos;]) = count(//*[@placeholder = &amp;apos;First Name&amp;apos;])][count(. | //*[@type = &amp;apos;text&amp;apos;]) = count(//*[@type = &amp;apos;text&amp;apos;])]&amp;apos; in &amp;apos;30&amp;apos; second(s)</message>
  <nestedLevel>1</nestedLevel>
</record>
<record>
  <date>2017-10-03T17:47:44</date>
  <millis>1507042064955</millis>
  <sequence>86</sequence>
  <level>INFO</level>
  <class>com.kms.katalon.core.logging.KeywordLogger</class>
  <method>logMessage</method>
  <thread>1</thread>
  <message>Setting text of object &amp;apos;Object Repository/Sign Up/Page_VSMS VSMS Sign Up/input_first_name&amp;apos; to value &amp;apos;Chweya&amp;apos;</message>
  <nestedLevel>1</nestedLevel>
</record>
<record>
  <date>2017-10-03T17:47:45</date>
  <millis>1507042065059</millis>
  <sequence>87</sequence>
  <level>PASSED</level>
  <class>com.kms.katalon.core.logging.KeywordLogger</class>
  <method>logMessage</method>
  <thread>1</thread>
  <message>Text &amp;apos;Chweya&amp;apos; is set on object &amp;apos;Object Repository/Sign Up/Page_VSMS VSMS Sign Up/input_first_name&amp;apos;</message>
  <nestedLevel>1</nestedLevel>
</record>
<record>
  <date>2017-10-03T17:47:45</date>
  <millis>1507042065060</millis>
  <sequence>88</sequence>
  <level>END</level>
  <class>com.kms.katalon.core.logging.KeywordLogger</class>
  <method>endKeyword</method>
  <thread>1</thread>
  <message>End action : setText</message>
  <nestedLevel>1</nestedLevel>
</record>
<record>
  <date>2017-10-03T17:47:45</date>
  <millis>1507042065061</millis>
  <sequence>89</sequence>
  <level>START</level>
  <class>com.kms.katalon.core.logging.KeywordLogger</class>
  <method>startKeyword</method>
  <thread>1</thread>
  <message>Start action : setText</message>
  <nestedLevel>1</nestedLevel>
  <property name="startLine">39</property>
  <property name="stepIndex">9</property>
</record>
<record>
  <date>2017-10-03T17:47:45</date>
  <millis>1507042065063</millis>
  <sequence>90</sequence>
  <level>INFO</level>
  <class>com.kms.katalon.core.logging.KeywordLogger</class>
  <method>logMessage</method>
  <thread>1</thread>
  <message>Finding Test Object with id &amp;apos;Object Repository/Sign Up/Page_VSMS VSMS Sign Up/input_last_name&amp;apos;</message>
  <nestedLevel>1</nestedLevel>
</record>
<record>
  <date>2017-10-03T17:47:45</date>
  <millis>1507042065102</millis>
  <sequence>91</sequence>
  <level>INFO</level>
  <class>com.kms.katalon.core.logging.KeywordLogger</class>
  <method>logMessage</method>
  <thread>1</thread>
  <message>Checking object</message>
  <nestedLevel>1</nestedLevel>
</record>
<record>
  <date>2017-10-03T17:47:45</date>
  <millis>1507042065103</millis>
  <sequence>92</sequence>
  <level>INFO</level>
  <class>com.kms.katalon.core.logging.KeywordLogger</class>
  <method>logMessage</method>
  <thread>1</thread>
  <message>Checking text</message>
  <nestedLevel>1</nestedLevel>
</record>
<record>
  <date>2017-10-03T17:47:45</date>
  <millis>1507042065103</millis>
  <sequence>93</sequence>
  <level>INFO</level>
  <class>com.kms.katalon.core.logging.KeywordLogger</class>
  <method>logMessage</method>
  <thread>1</thread>
  <message>Checking timeout</message>
  <nestedLevel>1</nestedLevel>
</record>
<record>
  <date>2017-10-03T17:47:45</date>
  <millis>1507042065105</millis>
  <sequence>94</sequence>
  <level>INFO</level>
  <class>com.kms.katalon.core.logging.KeywordLogger</class>
  <method>logMessage</method>
  <thread>1</thread>
  <message>Finding web element with id: &amp;apos;Object Repository/Sign Up/Page_VSMS VSMS Sign Up/input_last_name&amp;apos; located by &amp;apos;By.xpath: //input[count(. | //*[@name = &amp;apos;last_name&amp;apos;]) = count(//*[@name = &amp;apos;last_name&amp;apos;])][count(. | //*[@id = &amp;apos;last_name&amp;apos;]) = count(//*[@id = &amp;apos;last_name&amp;apos;])][count(. | //*[@placeholder = &amp;apos;Last Name&amp;apos;]) = count(//*[@placeholder = &amp;apos;Last Name&amp;apos;])][count(. | //*[@type = &amp;apos;text&amp;apos;]) = count(//*[@type = &amp;apos;text&amp;apos;])]&amp;apos; in &amp;apos;30&amp;apos; second(s)</message>
  <nestedLevel>1</nestedLevel>
</record>
<record>
  <date>2017-10-03T17:47:45</date>
  <millis>1507042065144</millis>
  <sequence>95</sequence>
  <level>INFO</level>
  <class>com.kms.katalon.core.logging.KeywordLogger</class>
  <method>logMessage</method>
  <thread>1</thread>
  <message>Found 1 web elements with id: &amp;apos;Object Repository/Sign Up/Page_VSMS VSMS Sign Up/input_last_name&amp;apos; located by &amp;apos;By.xpath: //input[count(. | //*[@name = &amp;apos;last_name&amp;apos;]) = count(//*[@name = &amp;apos;last_name&amp;apos;])][count(. | //*[@id = &amp;apos;last_name&amp;apos;]) = count(//*[@id = &amp;apos;last_name&amp;apos;])][count(. | //*[@placeholder = &amp;apos;Last Name&amp;apos;]) = count(//*[@placeholder = &amp;apos;Last Name&amp;apos;])][count(. | //*[@type = &amp;apos;text&amp;apos;]) = count(//*[@type = &amp;apos;text&amp;apos;])]&amp;apos; in &amp;apos;30&amp;apos; second(s)</message>
  <nestedLevel>1</nestedLevel>
</record>
<record>
  <date>2017-10-03T17:47:45</date>
  <millis>1507042065145</millis>
  <sequence>96</sequence>
  <level>INFO</level>
  <class>com.kms.katalon.core.logging.KeywordLogger</class>
  <method>logMessage</method>
  <thread>1</thread>
  <message>Clearing text of object &amp;apos;Object Repository/Sign Up/Page_VSMS VSMS Sign Up/input_last_name&amp;apos;</message>
  <nestedLevel>1</nestedLevel>
</record>
<record>
  <date>2017-10-03T17:47:45</date>
  <millis>1507042065322</millis>
  <sequence>97</sequence>
  <level>INFO</level>
  <class>com.kms.katalon.core.logging.KeywordLogger</class>
  <method>logMessage</method>
  <thread>1</thread>
  <message>Checking timeout</message>
  <nestedLevel>1</nestedLevel>
</record>
<record>
  <date>2017-10-03T17:47:45</date>
  <millis>1507042065323</millis>
  <sequence>98</sequence>
  <level>INFO</level>
  <class>com.kms.katalon.core.logging.KeywordLogger</class>
  <method>logMessage</method>
  <thread>1</thread>
  <message>Finding web element with id: &amp;apos;Object Repository/Sign Up/Page_VSMS VSMS Sign Up/input_last_name&amp;apos; located by &amp;apos;By.xpath: //input[count(. | //*[@name = &amp;apos;last_name&amp;apos;]) = count(//*[@name = &amp;apos;last_name&amp;apos;])][count(. | //*[@id = &amp;apos;last_name&amp;apos;]) = count(//*[@id = &amp;apos;last_name&amp;apos;])][count(. | //*[@placeholder = &amp;apos;Last Name&amp;apos;]) = count(//*[@placeholder = &amp;apos;Last Name&amp;apos;])][count(. | //*[@type = &amp;apos;text&amp;apos;]) = count(//*[@type = &amp;apos;text&amp;apos;])]&amp;apos; in &amp;apos;30&amp;apos; second(s)</message>
  <nestedLevel>1</nestedLevel>
</record>
<record>
  <date>2017-10-03T17:47:45</date>
  <millis>1507042065632</millis>
  <sequence>99</sequence>
  <level>INFO</level>
  <class>com.kms.katalon.core.logging.KeywordLogger</class>
  <method>logMessage</method>
  <thread>1</thread>
  <message>Found 1 web elements with id: &amp;apos;Object Repository/Sign Up/Page_VSMS VSMS Sign Up/input_last_name&amp;apos; located by &amp;apos;By.xpath: //input[count(. | //*[@name = &amp;apos;last_name&amp;apos;]) = count(//*[@name = &amp;apos;last_name&amp;apos;])][count(. | //*[@id = &amp;apos;last_name&amp;apos;]) = count(//*[@id = &amp;apos;last_name&amp;apos;])][count(. | //*[@placeholder = &amp;apos;Last Name&amp;apos;]) = count(//*[@placeholder = &amp;apos;Last Name&amp;apos;])][count(. | //*[@type = &amp;apos;text&amp;apos;]) = count(//*[@type = &amp;apos;text&amp;apos;])]&amp;apos; in &amp;apos;30&amp;apos; second(s)</message>
  <nestedLevel>1</nestedLevel>
</record>
<record>
  <date>2017-10-03T17:47:45</date>
  <millis>1507042065632</millis>
  <sequence>100</sequence>
  <level>INFO</level>
  <class>com.kms.katalon.core.logging.KeywordLogger</class>
  <method>logMessage</method>
  <thread>1</thread>
  <message>Setting text of object &amp;apos;Object Repository/Sign Up/Page_VSMS VSMS Sign Up/input_last_name&amp;apos; to value &amp;apos;Charles&amp;apos;</message>
  <nestedLevel>1</nestedLevel>
</record>
<record>
  <date>2017-10-03T17:47:45</date>
  <millis>1507042065819</millis>
  <sequence>101</sequence>
  <level>PASSED</level>
  <class>com.kms.katalon.core.logging.KeywordLogger</class>
  <method>logMessage</method>
  <thread>1</thread>
  <message>Text &amp;apos;Charles&amp;apos; is set on object &amp;apos;Object Repository/Sign Up/Page_VSMS VSMS Sign Up/input_last_name&amp;apos;</message>
  <nestedLevel>1</nestedLevel>
</record>
<record>
  <date>2017-10-03T17:47:45</date>
  <millis>1507042065820</millis>
  <sequence>102</sequence>
  <level>END</level>
  <class>com.kms.katalon.core.logging.KeywordLogger</class>
  <method>endKeyword</method>
  <thread>1</thread>
  <message>End action : setText</message>
  <nestedLevel>1</nestedLevel>
</record>
<record>
  <date>2017-10-03T17:47:45</date>
  <millis>1507042065820</millis>
  <sequence>103</sequence>
  <level>START</level>
  <class>com.kms.katalon.core.logging.KeywordLogger</class>
  <method>startKeyword</method>
  <thread>1</thread>
  <message>Start action : setText</message>
  <nestedLevel>1</nestedLevel>
  <property name="startLine">41</property>
  <property name="stepIndex">10</property>
</record>
<record>
  <date>2017-10-03T17:47:45</date>
  <millis>1507042065822</millis>
  <sequence>104</sequence>
  <level>INFO</level>
  <class>com.kms.katalon.core.logging.KeywordLogger</class>
  <method>logMessage</method>
  <thread>1</thread>
  <message>Finding Test Object with id &amp;apos;Object Repository/Sign Up/Page_VSMS VSMS Sign Up/input_tenant_email&amp;apos;</message>
  <nestedLevel>1</nestedLevel>
</record>
<record>
  <date>2017-10-03T17:47:45</date>
  <millis>1507042065828</millis>
  <sequence>105</sequence>
  <level>INFO</level>
  <class>com.kms.katalon.core.logging.KeywordLogger</class>
  <method>logMessage</method>
  <thread>1</thread>
  <message>Checking object</message>
  <nestedLevel>1</nestedLevel>
</record>
<record>
  <date>2017-10-03T17:47:45</date>
  <millis>1507042065828</millis>
  <sequence>106</sequence>
  <level>INFO</level>
  <class>com.kms.katalon.core.logging.KeywordLogger</class>
  <method>logMessage</method>
  <thread>1</thread>
  <message>Checking text</message>
  <nestedLevel>1</nestedLevel>
</record>
<record>
  <date>2017-10-03T17:47:45</date>
  <millis>1507042065829</millis>
  <sequence>107</sequence>
  <level>INFO</level>
  <class>com.kms.katalon.core.logging.KeywordLogger</class>
  <method>logMessage</method>
  <thread>1</thread>
  <message>Checking timeout</message>
  <nestedLevel>1</nestedLevel>
</record>
<record>
  <date>2017-10-03T17:47:45</date>
  <millis>1507042065830</millis>
  <sequence>108</sequence>
  <level>INFO</level>
  <class>com.kms.katalon.core.logging.KeywordLogger</class>
  <method>logMessage</method>
  <thread>1</thread>
  <message>Finding web element with id: &amp;apos;Object Repository/Sign Up/Page_VSMS VSMS Sign Up/input_tenant_email&amp;apos; located by &amp;apos;By.xpath: //input[count(. | //*[@name = &amp;apos;tenant_email&amp;apos;]) = count(//*[@name = &amp;apos;tenant_email&amp;apos;])][count(. | //*[@id = &amp;apos;tenant_email&amp;apos;]) = count(//*[@id = &amp;apos;tenant_email&amp;apos;])][count(. | //*[@placeholder = &amp;apos;Email Address&amp;apos;]) = count(//*[@placeholder = &amp;apos;Email Address&amp;apos;])][count(. | //*[@type = &amp;apos;text&amp;apos;]) = count(//*[@type = &amp;apos;text&amp;apos;])]&amp;apos; in &amp;apos;30&amp;apos; second(s)</message>
  <nestedLevel>1</nestedLevel>
</record>
<record>
  <date>2017-10-03T17:47:45</date>
  <millis>1507042065861</millis>
  <sequence>109</sequence>
  <level>INFO</level>
  <class>com.kms.katalon.core.logging.KeywordLogger</class>
  <method>logMessage</method>
  <thread>1</thread>
  <message>Found 1 web elements with id: &amp;apos;Object Repository/Sign Up/Page_VSMS VSMS Sign Up/input_tenant_email&amp;apos; located by &amp;apos;By.xpath: //input[count(. | //*[@name = &amp;apos;tenant_email&amp;apos;]) = count(//*[@name = &amp;apos;tenant_email&amp;apos;])][count(. | //*[@id = &amp;apos;tenant_email&amp;apos;]) = count(//*[@id = &amp;apos;tenant_email&amp;apos;])][count(. | //*[@placeholder = &amp;apos;Email Address&amp;apos;]) = count(//*[@placeholder = &amp;apos;Email Address&amp;apos;])][count(. | //*[@type = &amp;apos;text&amp;apos;]) = count(//*[@type = &amp;apos;text&amp;apos;])]&amp;apos; in &amp;apos;30&amp;apos; second(s)</message>
  <nestedLevel>1</nestedLevel>
</record>
<record>
  <date>2017-10-03T17:47:45</date>
  <millis>1507042065862</millis>
  <sequence>110</sequence>
  <level>INFO</level>
  <class>com.kms.katalon.core.logging.KeywordLogger</class>
  <method>logMessage</method>
  <thread>1</thread>
  <message>Clearing text of object &amp;apos;Object Repository/Sign Up/Page_VSMS VSMS Sign Up/input_tenant_email&amp;apos;</message>
  <nestedLevel>1</nestedLevel>
</record>
<record>
  <date>2017-10-03T17:47:45</date>
  <millis>1507042065904</millis>
  <sequence>111</sequence>
  <level>INFO</level>
  <class>com.kms.katalon.core.logging.KeywordLogger</class>
  <method>logMessage</method>
  <thread>1</thread>
  <message>Checking timeout</message>
  <nestedLevel>1</nestedLevel>
</record>
<record>
  <date>2017-10-03T17:47:45</date>
  <millis>1507042065905</millis>
  <sequence>112</sequence>
  <level>INFO</level>
  <class>com.kms.katalon.core.logging.KeywordLogger</class>
  <method>logMessage</method>
  <thread>1</thread>
  <message>Finding web element with id: &amp;apos;Object Repository/Sign Up/Page_VSMS VSMS Sign Up/input_tenant_email&amp;apos; located by &amp;apos;By.xpath: //input[count(. | //*[@name = &amp;apos;tenant_email&amp;apos;]) = count(//*[@name = &amp;apos;tenant_email&amp;apos;])][count(. | //*[@id = &amp;apos;tenant_email&amp;apos;]) = count(//*[@id = &amp;apos;tenant_email&amp;apos;])][count(. | //*[@placeholder = &amp;apos;Email Address&amp;apos;]) = count(//*[@placeholder = &amp;apos;Email Address&amp;apos;])][count(. | //*[@type = &amp;apos;text&amp;apos;]) = count(//*[@type = &amp;apos;text&amp;apos;])]&amp;apos; in &amp;apos;30&amp;apos; second(s)</message>
  <nestedLevel>1</nestedLevel>
</record>
<record>
  <date>2017-10-03T17:47:45</date>
  <millis>1507042065957</millis>
  <sequence>113</sequence>
  <level>INFO</level>
  <class>com.kms.katalon.core.logging.KeywordLogger</class>
  <method>logMessage</method>
  <thread>1</thread>
  <message>Found 1 web elements with id: &amp;apos;Object Repository/Sign Up/Page_VSMS VSMS Sign Up/input_tenant_email&amp;apos; located by &amp;apos;By.xpath: //input[count(. | //*[@name = &amp;apos;tenant_email&amp;apos;]) = count(//*[@name = &amp;apos;tenant_email&amp;apos;])][count(. | //*[@id = &amp;apos;tenant_email&amp;apos;]) = count(//*[@id = &amp;apos;tenant_email&amp;apos;])][count(. | //*[@placeholder = &amp;apos;Email Address&amp;apos;]) = count(//*[@placeholder = &amp;apos;Email Address&amp;apos;])][count(. | //*[@type = &amp;apos;text&amp;apos;]) = count(//*[@type = &amp;apos;text&amp;apos;])]&amp;apos; in &amp;apos;30&amp;apos; second(s)</message>
  <nestedLevel>1</nestedLevel>
</record>
<record>
  <date>2017-10-03T17:47:45</date>
  <millis>1507042065958</millis>
  <sequence>114</sequence>
  <level>INFO</level>
  <class>com.kms.katalon.core.logging.KeywordLogger</class>
  <method>logMessage</method>
  <thread>1</thread>
  <message>Setting text of object &amp;apos;Object Repository/Sign Up/Page_VSMS VSMS Sign Up/input_tenant_email&amp;apos; to value &amp;apos;charles.chweyaa@tezzasolutions.com&amp;apos;</message>
  <nestedLevel>1</nestedLevel>
</record>
<record>
  <date>2017-10-03T17:47:46</date>
  <millis>1507042066144</millis>
  <sequence>115</sequence>
  <level>PASSED</level>
  <class>com.kms.katalon.core.logging.KeywordLogger</class>
  <method>logMessage</method>
  <thread>1</thread>
  <message>Text &amp;apos;charles.chweyaa@tezzasolutions.com&amp;apos; is set on object &amp;apos;Object Repository/Sign Up/Page_VSMS VSMS Sign Up/input_tenant_email&amp;apos;</message>
  <nestedLevel>1</nestedLevel>
</record>
<record>
  <date>2017-10-03T17:47:46</date>
  <millis>1507042066145</millis>
  <sequence>116</sequence>
  <level>END</level>
  <class>com.kms.katalon.core.logging.KeywordLogger</class>
  <method>endKeyword</method>
  <thread>1</thread>
  <message>End action : setText</message>
  <nestedLevel>1</nestedLevel>
</record>
<record>
  <date>2017-10-03T17:47:46</date>
  <millis>1507042066146</millis>
  <sequence>117</sequence>
  <level>START</level>
  <class>com.kms.katalon.core.logging.KeywordLogger</class>
  <method>startKeyword</method>
  <thread>1</thread>
  <message>Start action : setText</message>
  <nestedLevel>1</nestedLevel>
  <property name="startLine">43</property>
  <property name="stepIndex">11</property>
</record>
<record>
  <date>2017-10-03T17:47:46</date>
  <millis>1507042066147</millis>
  <sequence>118</sequence>
  <level>INFO</level>
  <class>com.kms.katalon.core.logging.KeywordLogger</class>
  <method>logMessage</method>
  <thread>1</thread>
  <message>Finding Test Object with id &amp;apos;Object Repository/Sign Up/Page_VSMS VSMS Sign Up/input_tenant_phone&amp;apos;</message>
  <nestedLevel>1</nestedLevel>
</record>
<record>
  <date>2017-10-03T17:47:46</date>
  <millis>1507042066154</millis>
  <sequence>119</sequence>
  <level>INFO</level>
  <class>com.kms.katalon.core.logging.KeywordLogger</class>
  <method>logMessage</method>
  <thread>1</thread>
  <message>Checking object</message>
  <nestedLevel>1</nestedLevel>
</record>
<record>
  <date>2017-10-03T17:47:46</date>
  <millis>1507042066155</millis>
  <sequence>120</sequence>
  <level>INFO</level>
  <class>com.kms.katalon.core.logging.KeywordLogger</class>
  <method>logMessage</method>
  <thread>1</thread>
  <message>Checking text</message>
  <nestedLevel>1</nestedLevel>
</record>
<record>
  <date>2017-10-03T17:47:46</date>
  <millis>1507042066156</millis>
  <sequence>121</sequence>
  <level>INFO</level>
  <class>com.kms.katalon.core.logging.KeywordLogger</class>
  <method>logMessage</method>
  <thread>1</thread>
  <message>Checking timeout</message>
  <nestedLevel>1</nestedLevel>
</record>
<record>
  <date>2017-10-03T17:47:46</date>
  <millis>1507042066157</millis>
  <sequence>122</sequence>
  <level>INFO</level>
  <class>com.kms.katalon.core.logging.KeywordLogger</class>
  <method>logMessage</method>
  <thread>1</thread>
  <message>Finding web element with id: &amp;apos;Object Repository/Sign Up/Page_VSMS VSMS Sign Up/input_tenant_phone&amp;apos; located by &amp;apos;By.xpath: //input[count(. | //*[@name = &amp;apos;tenant_phone&amp;apos;]) = count(//*[@name = &amp;apos;tenant_phone&amp;apos;])][count(. | //*[@id = &amp;apos;tenant_phone&amp;apos;]) = count(//*[@id = &amp;apos;tenant_phone&amp;apos;])][count(. | //*[@placeholder = &amp;apos;Telephone Number&amp;apos;]) = count(//*[@placeholder = &amp;apos;Telephone Number&amp;apos;])][count(. | //*[@type = &amp;apos;number&amp;apos;]) = count(//*[@type = &amp;apos;number&amp;apos;])]&amp;apos; in &amp;apos;30&amp;apos; second(s)</message>
  <nestedLevel>1</nestedLevel>
</record>
<record>
  <date>2017-10-03T17:47:46</date>
  <millis>1507042066190</millis>
  <sequence>123</sequence>
  <level>INFO</level>
  <class>com.kms.katalon.core.logging.KeywordLogger</class>
  <method>logMessage</method>
  <thread>1</thread>
  <message>Found 1 web elements with id: &amp;apos;Object Repository/Sign Up/Page_VSMS VSMS Sign Up/input_tenant_phone&amp;apos; located by &amp;apos;By.xpath: //input[count(. | //*[@name = &amp;apos;tenant_phone&amp;apos;]) = count(//*[@name = &amp;apos;tenant_phone&amp;apos;])][count(. | //*[@id = &amp;apos;tenant_phone&amp;apos;]) = count(//*[@id = &amp;apos;tenant_phone&amp;apos;])][count(. | //*[@placeholder = &amp;apos;Telephone Number&amp;apos;]) = count(//*[@placeholder = &amp;apos;Telephone Number&amp;apos;])][count(. | //*[@type = &amp;apos;number&amp;apos;]) = count(//*[@type = &amp;apos;number&amp;apos;])]&amp;apos; in &amp;apos;30&amp;apos; second(s)</message>
  <nestedLevel>1</nestedLevel>
</record>
<record>
  <date>2017-10-03T17:47:46</date>
  <millis>1507042066191</millis>
  <sequence>124</sequence>
  <level>INFO</level>
  <class>com.kms.katalon.core.logging.KeywordLogger</class>
  <method>logMessage</method>
  <thread>1</thread>
  <message>Clearing text of object &amp;apos;Object Repository/Sign Up/Page_VSMS VSMS Sign Up/input_tenant_phone&amp;apos;</message>
  <nestedLevel>1</nestedLevel>
</record>
<record>
  <date>2017-10-03T17:47:46</date>
  <millis>1507042066372</millis>
  <sequence>125</sequence>
  <level>INFO</level>
  <class>com.kms.katalon.core.logging.KeywordLogger</class>
  <method>logMessage</method>
  <thread>1</thread>
  <message>Checking timeout</message>
  <nestedLevel>1</nestedLevel>
</record>
<record>
  <date>2017-10-03T17:47:46</date>
  <millis>1507042066375</millis>
  <sequence>126</sequence>
  <level>INFO</level>
  <class>com.kms.katalon.core.logging.KeywordLogger</class>
  <method>logMessage</method>
  <thread>1</thread>
  <message>Finding web element with id: &amp;apos;Object Repository/Sign Up/Page_VSMS VSMS Sign Up/input_tenant_phone&amp;apos; located by &amp;apos;By.xpath: //input[count(. | //*[@name = &amp;apos;tenant_phone&amp;apos;]) = count(//*[@name = &amp;apos;tenant_phone&amp;apos;])][count(. | //*[@id = &amp;apos;tenant_phone&amp;apos;]) = count(//*[@id = &amp;apos;tenant_phone&amp;apos;])][count(. | //*[@placeholder = &amp;apos;Telephone Number&amp;apos;]) = count(//*[@placeholder = &amp;apos;Telephone Number&amp;apos;])][count(. | //*[@type = &amp;apos;number&amp;apos;]) = count(//*[@type = &amp;apos;number&amp;apos;])]&amp;apos; in &amp;apos;30&amp;apos; second(s)</message>
  <nestedLevel>1</nestedLevel>
</record>
<record>
  <date>2017-10-03T17:47:46</date>
  <millis>1507042066487</millis>
  <sequence>127</sequence>
  <level>INFO</level>
  <class>com.kms.katalon.core.logging.KeywordLogger</class>
  <method>logMessage</method>
  <thread>1</thread>
  <message>Found 1 web elements with id: &amp;apos;Object Repository/Sign Up/Page_VSMS VSMS Sign Up/input_tenant_phone&amp;apos; located by &amp;apos;By.xpath: //input[count(. | //*[@name = &amp;apos;tenant_phone&amp;apos;]) = count(//*[@name = &amp;apos;tenant_phone&amp;apos;])][count(. | //*[@id = &amp;apos;tenant_phone&amp;apos;]) = count(//*[@id = &amp;apos;tenant_phone&amp;apos;])][count(. | //*[@placeholder = &amp;apos;Telephone Number&amp;apos;]) = count(//*[@placeholder = &amp;apos;Telephone Number&amp;apos;])][count(. | //*[@type = &amp;apos;number&amp;apos;]) = count(//*[@type = &amp;apos;number&amp;apos;])]&amp;apos; in &amp;apos;30&amp;apos; second(s)</message>
  <nestedLevel>1</nestedLevel>
</record>
<record>
  <date>2017-10-03T17:47:46</date>
  <millis>1507042066489</millis>
  <sequence>128</sequence>
  <level>INFO</level>
  <class>com.kms.katalon.core.logging.KeywordLogger</class>
  <method>logMessage</method>
  <thread>1</thread>
  <message>Setting text of object &amp;apos;Object Repository/Sign Up/Page_VSMS VSMS Sign Up/input_tenant_phone&amp;apos; to value &amp;apos;0725165219&amp;apos;</message>
  <nestedLevel>1</nestedLevel>
</record>
<record>
  <date>2017-10-03T17:47:46</date>
  <millis>1507042066600</millis>
  <sequence>129</sequence>
  <level>PASSED</level>
  <class>com.kms.katalon.core.logging.KeywordLogger</class>
  <method>logMessage</method>
  <thread>1</thread>
  <message>Text &amp;apos;0725165219&amp;apos; is set on object &amp;apos;Object Repository/Sign Up/Page_VSMS VSMS Sign Up/input_tenant_phone&amp;apos;</message>
  <nestedLevel>1</nestedLevel>
</record>
<record>
  <date>2017-10-03T17:47:46</date>
  <millis>1507042066601</millis>
  <sequence>130</sequence>
  <level>END</level>
  <class>com.kms.katalon.core.logging.KeywordLogger</class>
  <method>endKeyword</method>
  <thread>1</thread>
  <message>End action : setText</message>
  <nestedLevel>1</nestedLevel>
</record>
<record>
  <date>2017-10-03T17:47:46</date>
  <millis>1507042066602</millis>
  <sequence>131</sequence>
  <level>START</level>
  <class>com.kms.katalon.core.logging.KeywordLogger</class>
  <method>startKeyword</method>
  <thread>1</thread>
  <message>Start action : delay</message>
  <nestedLevel>1</nestedLevel>
  <property name="startLine">45</property>
  <property name="stepIndex">12</property>
</record>
<record>
  <date>2017-10-03T17:47:46</date>
  <millis>1507042066640</millis>
  <sequence>132</sequence>
  <level>INFO</level>
  <class>com.kms.katalon.core.logging.KeywordLogger</class>
  <method>logMessage</method>
  <thread>1</thread>
  <message>Delaying browser in 10 second(s)</message>
  <nestedLevel>1</nestedLevel>
</record>
<record>
  <date>2017-10-03T17:47:56</date>
  <millis>1507042076641</millis>
  <sequence>133</sequence>
  <level>PASSED</level>
  <class>com.kms.katalon.core.logging.KeywordLogger</class>
  <method>logMessage</method>
  <thread>1</thread>
  <message>Delayed 10 second(s)</message>
  <nestedLevel>1</nestedLevel>
</record>
<record>
  <date>2017-10-03T17:47:56</date>
  <millis>1507042076643</millis>
  <sequence>134</sequence>
  <level>END</level>
  <class>com.kms.katalon.core.logging.KeywordLogger</class>
  <method>endKeyword</method>
  <thread>1</thread>
  <message>End action : delay</message>
  <nestedLevel>1</nestedLevel>
</record>
<record>
  <date>2017-10-03T17:47:56</date>
  <millis>1507042076644</millis>
  <sequence>135</sequence>
  <level>START</level>
  <class>com.kms.katalon.core.logging.KeywordLogger</class>
  <method>startKeyword</method>
  <thread>1</thread>
  <message>Start action : click</message>
  <nestedLevel>1</nestedLevel>
  <property name="startLine">47</property>
  <property name="stepIndex">13</property>
</record>
<record>
  <date>2017-10-03T17:47:56</date>
  <millis>1507042076646</millis>
  <sequence>136</sequence>
  <level>INFO</level>
  <class>com.kms.katalon.core.logging.KeywordLogger</class>
  <method>logMessage</method>
  <thread>1</thread>
  <message>Finding Test Object with id &amp;apos;Object Repository/Sign Up/Page_VSMS VSMS Sign Up/Page_VSMS VSMS Sign Up/span_select2-selection__arrow&amp;apos;</message>
  <nestedLevel>1</nestedLevel>
</record>
<record>
  <date>2017-10-03T17:47:56</date>
  <millis>1507042076654</millis>
  <sequence>137</sequence>
  <level>INFO</level>
  <class>com.kms.katalon.core.logging.KeywordLogger</class>
  <method>logMessage</method>
  <thread>1</thread>
  <message>Checking object</message>
  <nestedLevel>1</nestedLevel>
</record>
<record>
  <date>2017-10-03T17:47:56</date>
  <millis>1507042076655</millis>
  <sequence>138</sequence>
  <level>INFO</level>
  <class>com.kms.katalon.core.logging.KeywordLogger</class>
  <method>logMessage</method>
  <thread>1</thread>
  <message>Checking timeout</message>
  <nestedLevel>1</nestedLevel>
</record>
<record>
  <date>2017-10-03T17:47:56</date>
  <millis>1507042076657</millis>
  <sequence>139</sequence>
  <level>INFO</level>
  <class>com.kms.katalon.core.logging.KeywordLogger</class>
  <method>logMessage</method>
  <thread>1</thread>
  <message>Finding web element with id: &amp;apos;Object Repository/Sign Up/Page_VSMS VSMS Sign Up/Page_VSMS VSMS Sign Up/span_select2-selection__arrow&amp;apos; located by &amp;apos;By.xpath: //span[count(. | id(\&amp;quot;signup-form\&amp;quot;)/div[@class=\&amp;quot;form-group\&amp;quot;]/div[@class=\&amp;quot;col-md-9\&amp;quot;]/span[@class=\&amp;quot;select2 select2-container select2-container--bootstrap\&amp;quot;]/span[@class=\&amp;quot;selection\&amp;quot;]/span[@class=\&amp;quot;select2-selection select2-selection--single\&amp;quot;]/span[@class=\&amp;quot;select2-selection__arrow\&amp;quot;]) = count(id(\&amp;quot;signup-form\&amp;quot;)/div[@class=\&amp;quot;form-group\&amp;quot;]/div[@class=\&amp;quot;col-md-9\&amp;quot;]/span[@class=\&amp;quot;select2 select2-container select2-container--bootstrap\&amp;quot;]/span[@class=\&amp;quot;selection\&amp;quot;]/span[@class=\&amp;quot;select2-selection select2-selection--single\&amp;quot;]/span[@class=\&amp;quot;select2-selection__arrow\&amp;quot;])]&amp;apos; in &amp;apos;30&amp;apos; second(s)</message>
  <nestedLevel>1</nestedLevel>
</record>
<record>
  <date>2017-10-03T17:48:29</date>
  <millis>1507042109625</millis>
  <sequence>140</sequence>
  <level>FAILED</level>
  <class>com.kms.katalon.core.logging.KeywordLogger</class>
  <method>logMessage</method>
  <thread>1</thread>
  <message>Unable to click on object &amp;apos;Object Repository/Sign Up/Page_VSMS VSMS Sign Up/Page_VSMS VSMS Sign Up/span_select2-selection__arrow&amp;apos; (Root cause: com.kms.katalon.core.webui.exception.WebElementNotFoundException: Web element with id: &amp;apos;Object Repository/Sign Up/Page_VSMS VSMS Sign Up/Page_VSMS VSMS Sign Up/span_select2-selection__arrow&amp;apos; located by &amp;apos;By.xpath: //span[count(. | id(\&amp;quot;signup-form\&amp;quot;)/div[@class=\&amp;quot;form-group\&amp;quot;]/div[@class=\&amp;quot;col-md-9\&amp;quot;]/span[@class=\&amp;quot;select2 select2-container select2-container--bootstrap\&amp;quot;]/span[@class=\&amp;quot;selection\&amp;quot;]/span[@class=\&amp;quot;select2-selection select2-selection--single\&amp;quot;]/span[@class=\&amp;quot;select2-selection__arrow\&amp;quot;]) = count(id(\&amp;quot;signup-form\&amp;quot;)/div[@class=\&amp;quot;form-group\&amp;quot;]/div[@class=\&amp;quot;col-md-9\&amp;quot;]/span[@class=\&amp;quot;select2 select2-container select2-container--bootstrap\&amp;quot;]/span[@class=\&amp;quot;selection\&amp;quot;]/span[@class=\&amp;quot;select2-selection select2-selection--single\&amp;quot;]/span[@class=\&amp;quot;select2-selection__arrow\&amp;quot;])]&amp;apos; not found)</message>
  <nestedLevel>1</nestedLevel>
  <property name="attachment">1507042109132.png</property>
</record>
<record>
  <date>2017-10-03T17:48:29</date>
  <millis>1507042109627</millis>
  <sequence>141</sequence>
  <level>END</level>
  <class>com.kms.katalon.core.logging.KeywordLogger</class>
  <method>endKeyword</method>
  <thread>1</thread>
  <message>End action : click</message>
  <nestedLevel>1</nestedLevel>
</record>
<record>
  <date>2017-10-03T17:48:29</date>
  <millis>1507042109628</millis>
  <sequence>142</sequence>
  <logger>com.kms.katalon.core.logging.KeywordLogger</logger>
  <level>FAILED</level>
  <class>com.kms.katalon.core.logging.KeywordLogger</class>
  <method>logMessage</method>
  <thread>1</thread>
  <message>Test Cases/Sign Up FAILED because (of) Unable to click on object &amp;apos;Object Repository/Sign Up/Page_VSMS VSMS Sign Up/Page_VSMS VSMS Sign Up/span_select2-selection__arrow&amp;apos; (Root cause: com.kms.katalon.core.webui.exception.WebElementNotFoundException: Web element with id: &amp;apos;Object Repository/Sign Up/Page_VSMS VSMS Sign Up/Page_VSMS VSMS Sign Up/span_select2-selection__arrow&amp;apos; located by &amp;apos;By.xpath: //span[count(. | id(\&amp;quot;signup-form\&amp;quot;)/div[@class=\&amp;quot;form-group\&amp;quot;]/div[@class=\&amp;quot;col-md-9\&amp;quot;]/span[@class=\&amp;quot;select2 select2-container select2-container--bootstrap\&amp;quot;]/span[@class=\&amp;quot;selection\&amp;quot;]/span[@class=\&amp;quot;select2-selection select2-selection--single\&amp;quot;]/span[@class=\&amp;quot;select2-selection__arrow\&amp;quot;]) = count(id(\&amp;quot;signup-form\&amp;quot;)/div[@class=\&amp;quot;form-group\&amp;quot;]/div[@class=\&amp;quot;col-md-9\&amp;quot;]/span[@class=\&amp;quot;select2 select2-container select2-container--bootstrap\&amp;quot;]/span[@class=\&amp;quot;selection\&amp;quot;]/span[@class=\&amp;quot;select2-selection select2-selection--single\&amp;quot;]/span[@class=\&amp;quot;select2-selection__arrow\&amp;quot;])]&amp;apos; not found)</message>
  <exception>
    <message>com.kms.katalon.core.exception.StepFailedException: Unable to click on object 'Object Repository/Sign Up/Page_VSMS VSMS Sign Up/Page_VSMS VSMS Sign Up/span_select2-selection__arrow' (Root cause: com.kms.katalon.core.webui.exception.WebElementNotFoundException: Web element with id: 'Object Repository/Sign Up/Page_VSMS VSMS Sign Up/Page_VSMS VSMS Sign Up/span_select2-selection__arrow' located by 'By.xpath: //span[count(. | id("signup-form")/div[@class="form-group"]/div[@class="col-md-9"]/span[@class="select2 select2-container select2-container--bootstrap"]/span[@class="selection"]/span[@class="select2-selection select2-selection--single"]/span[@class="select2-selection__arrow"]) = count(id("signup-form")/div[@class="form-group"]/div[@class="col-md-9"]/span[@class="select2 select2-container select2-container--bootstrap"]/span[@class="selection"]/span[@class="select2-selection select2-selection--single"]/span[@class="select2-selection__arrow"])]' not found)</message>
    <frame>
      <class>com.kms.katalon.core.keyword.internal.KeywordMain</class>
      <method>stepFailed</method>
      <line>36</line>
    </frame>
    <frame>
      <class>com.kms.katalon.core.webui.keyword.internal.WebUIKeywordMain</class>
      <method>stepFailed</method>
      <line>49</line>
    </frame>
    <frame>
      <class>com.kms.katalon.core.webui.keyword.internal.WebUIKeywordMain</class>
      <method>runKeyword</method>
      <line>27</line>
    </frame>
    <frame>
      <class>com.kms.katalon.core.webui.keyword.builtin.ClickKeyword</class>
      <method>click</method>
      <line>86</line>
    </frame>
    <frame>
      <class>com.kms.katalon.core.webui.keyword.builtin.ClickKeyword</class>
      <method>execute</method>
      <line>67</line>
    </frame>
    <frame>
      <class>com.kms.katalon.core.keyword.internal.KeywordExecutor</class>
      <method>executeKeywordForPlatform</method>
      <line>53</line>
    </frame>
    <frame>
      <class>com.kms.katalon.core.webui.keyword.WebUiBuiltInKeywords</class>
      <method>click</method>
      <line>616</line>
    </frame>
    <frame>
      <class>com.kms.katalon.core.webui.keyword.WebUiBuiltInKeywords$click$1</class>
      <method>call</method>
    </frame>
    <frame>
      <class>org.codehaus.groovy.runtime.callsite.CallSiteArray</class>
      <method>defaultCall</method>
      <line>48</line>
    </frame>
    <frame>
      <class>org.codehaus.groovy.runtime.callsite.AbstractCallSite</class>
      <method>call</method>
      <line>113</line>
    </frame>
    <frame>
      <class>org.codehaus.groovy.runtime.callsite.AbstractCallSite</class>
      <method>call</method>
      <line>125</line>
    </frame>
    <frame>
      <class>Script1507024283452</class>
      <method>run</method>
      <line>47</line>
    </frame>
    <frame>
      <class>com.kms.katalon.core.main.ScriptEngine</class>
      <method>run</method>
      <line>180</line>
    </frame>
    <frame>
      <class>com.kms.katalon.core.main.ScriptEngine</class>
      <method>runScriptAsRawText</method>
      <line>106</line>
    </frame>
    <frame>
      <class>com.kms.katalon.core.main.TestCaseExecutor</class>
      <method>runScript</method>
      <line>213</line>
    </frame>
    <frame>
      <class>com.kms.katalon.core.main.TestCaseExecutor</class>
      <method>doExecute</method>
      <line>204</line>
    </frame>
    <frame>
      <class>com.kms.katalon.core.main.TestCaseExecutor</class>
      <method>processExecutionPhase</method>
      <line>183</line>
    </frame>
    <frame>
      <class>com.kms.katalon.core.main.TestCaseExecutor</class>
      <method>accessMainPhase</method>
      <line>175</line>
    </frame>
    <frame>
      <class>com.kms.katalon.core.main.TestCaseExecutor</class>
      <method>execute</method>
      <line>158</line>
    </frame>
    <frame>
      <class>com.kms.katalon.core.main.TestCaseMain</class>
      <method>runTestCase</method>
      <line>102</line>
    </frame>
    <frame>
      <class>com.kms.katalon.core.main.TestCaseMain$runTestCase$0</class>
      <method>call</method>
    </frame>
    <frame>
      <class>org.codehaus.groovy.runtime.callsite.CallSiteArray</class>
      <method>defaultCall</method>
      <line>48</line>
    </frame>
    <frame>
      <class>org.codehaus.groovy.runtime.callsite.AbstractCallSite</class>
      <method>call</method>
      <line>113</line>
    </frame>
    <frame>
      <class>org.codehaus.groovy.runtime.callsite.AbstractCallSite</class>
      <method>call</method>
      <line>141</line>
    </frame>
    <frame>
      <class>TempTestSuite1507042027872</class>
      <method>runTestCase_0</method>
      <line>18</line>
    </frame>
    <frame>
      <class>sun.reflect.NativeMethodAccessorImpl</class>
      <method>invoke0</method>
    </frame>
    <frame>
      <class>sun.reflect.NativeMethodAccessorImpl</class>
      <method>invoke</method>
      <line>62</line>
    </frame>
    <frame>
      <class>sun.reflect.DelegatingMethodAccessorImpl</class>
      <method>invoke</method>
      <line>43</line>
    </frame>
    <frame>
      <class>java.lang.reflect.Method</class>
      <method>invoke</method>
      <line>498</line>
    </frame>
    <frame>
      <class>org.codehaus.groovy.reflection.CachedMethod</class>
      <method>invoke</method>
      <line>93</line>
    </frame>
    <frame>
      <class>groovy.lang.MetaMethod</class>
      <method>doMethodInvoke</method>
      <line>325</line>
    </frame>
    <frame>
      <class>org.codehaus.groovy.runtime.metaclass.ClosureMetaClass</class>
      <method>invokeMethod</method>
      <line>384</line>
    </frame>
    <frame>
      <class>org.codehaus.groovy.runtime.ScriptBytecodeAdapter</class>
      <method>invokeMethodOnCurrentN</method>
      <line>82</line>
    </frame>
    <frame>
      <class>org.codehaus.groovy.runtime.ScriptBytecodeAdapter</class>
      <method>invokeMethodOnCurrent0</method>
      <line>113</line>
    </frame>
    <frame>
      <class>TempTestSuite1507042027872$_run_closure1</class>
      <method>doCall</method>
      <line>45</line>
    </frame>
    <frame>
      <class>sun.reflect.NativeMethodAccessorImpl</class>
      <method>invoke0</method>
    </frame>
    <frame>
      <class>sun.reflect.NativeMethodAccessorImpl</class>
      <method>invoke</method>
      <line>62</line>
    </frame>
    <frame>
      <class>sun.reflect.DelegatingMethodAccessorImpl</class>
      <method>invoke</method>
      <line>43</line>
    </frame>
    <frame>
      <class>java.lang.reflect.Method</class>
      <method>invoke</method>
      <line>498</line>
    </frame>
    <frame>
      <class>org.codehaus.groovy.reflection.CachedMethod</class>
      <method>invoke</method>
      <line>93</line>
    </frame>
    <frame>
      <class>groovy.lang.MetaMethod</class>
      <method>doMethodInvoke</method>
      <line>325</line>
    </frame>
    <frame>
      <class>org.codehaus.groovy.runtime.metaclass.ClosureMetaClass</class>
      <method>invokeMethod</method>
      <line>294</line>
    </frame>
    <frame>
      <class>groovy.lang.MetaClassImpl</class>
      <method>invokeMethod</method>
      <line>1024</line>
    </frame>
    <frame>
      <class>groovy.lang.Closure</class>
      <method>call</method>
      <line>414</line>
    </frame>
    <frame>
      <class>groovy.lang.Closure</class>
      <method>call</method>
      <line>430</line>
    </frame>
    <frame>
      <class>org.codehaus.groovy.runtime.DefaultGroovyMethods</class>
      <method>each</method>
      <line>2030</line>
    </frame>
    <frame>
      <class>org.codehaus.groovy.runtime.DefaultGroovyMethods</class>
      <method>each</method>
      <line>2015</line>
    </frame>
    <frame>
      <class>org.codehaus.groovy.runtime.DefaultGroovyMethods</class>
      <method>each</method>
      <line>2056</line>
    </frame>
    <frame>
      <class>org.codehaus.groovy.runtime.dgm$162</class>
      <method>invoke</method>
    </frame>
    <frame>
      <class>org.codehaus.groovy.runtime.callsite.PojoMetaMethodSite$PojoMetaMethodSiteNoUnwrapNoCoerce</class>
      <method>invoke</method>
      <line>274</line>
    </frame>
    <frame>
      <class>org.codehaus.groovy.runtime.callsite.PojoMetaMethodSite</class>
      <method>call</method>
      <line>56</line>
    </frame>
    <frame>
      <class>org.codehaus.groovy.runtime.callsite.CallSiteArray</class>
      <method>defaultCall</method>
      <line>48</line>
    </frame>
    <frame>
      <class>org.codehaus.groovy.runtime.callsite.AbstractCallSite</class>
      <method>call</method>
      <line>113</line>
    </frame>
    <frame>
      <class>org.codehaus.groovy.runtime.callsite.AbstractCallSite</class>
      <method>call</method>
      <line>125</line>
    </frame>
    <frame>
      <class>TempTestSuite1507042027872</class>
      <method>run</method>
      <line>44</line>
    </frame>
    <frame>
      <class>groovy.lang.GroovyShell</class>
      <method>runScriptOrMainOrTestOrRunnable</method>
      <line>263</line>
    </frame>
    <frame>
      <class>groovy.lang.GroovyShell</class>
      <method>run</method>
      <line>518</line>
    </frame>
    <frame>
      <class>groovy.lang.GroovyShell</class>
      <method>run</method>
      <line>507</line>
    </frame>
    <frame>
      <class>groovy.ui.GroovyMain</class>
      <method>processOnce</method>
      <line>653</line>
    </frame>
    <frame>
      <class>groovy.ui.GroovyMain</class>
      <method>run</method>
      <line>384</line>
    </frame>
    <frame>
      <class>groovy.ui.GroovyMain</class>
      <method>process</method>
      <line>370</line>
    </frame>
    <frame>
      <class>groovy.ui.GroovyMain</class>
      <method>processArgs</method>
      <line>129</line>
    </frame>
    <frame>
      <class>groovy.ui.GroovyMain</class>
      <method>main</method>
      <line>109</line>
    </frame>
    <frame>
      <class>sun.reflect.NativeMethodAccessorImpl</class>
      <method>invoke0</method>
    </frame>
    <frame>
      <class>sun.reflect.NativeMethodAccessorImpl</class>
      <method>invoke</method>
      <line>62</line>
    </frame>
    <frame>
      <class>sun.reflect.DelegatingMethodAccessorImpl</class>
      <method>invoke</method>
      <line>43</line>
    </frame>
    <frame>
      <class>java.lang.reflect.Method</class>
      <method>invoke</method>
      <line>498</line>
    </frame>
    <frame>
      <class>org.codehaus.groovy.tools.GroovyStarter</class>
      <method>rootLoader</method>
      <line>109</line>
    </frame>
    <frame>
      <class>org.codehaus.groovy.tools.GroovyStarter</class>
      <method>main</method>
      <line>131</line>
    </frame>
  </exception>
  <nestedLevel>0</nestedLevel>
</record>
<record>
  <date>2017-10-03T17:48:29</date>
  <millis>1507042109631</millis>
  <sequence>143</sequence>
  <level>END</level>
  <class>com.kms.katalon.core.logging.KeywordLogger</class>
  <method>endTest</method>
  <thread>1</thread>
  <message>End Test Case : Test Cases/Sign Up</message>
  <nestedLevel>0</nestedLevel>
</record>
<record>
  <date>2017-10-03T17:48:30</date>
  <millis>1507042110413</millis>
  <sequence>144</sequence>
  <level>END</level>
  <class>com.kms.katalon.core.logging.KeywordLogger</class>
  <method>endSuite</method>
  <thread>1</thread>
  <message>End Test Suite : Sign Up</message>
  <nestedLevel>0</nestedLevel>
</record>
</log>
